#
# There is insufficient memory for the Java Runtime Environment to continue.
# Native memory allocation (malloc) failed to allocate 1661296 bytes for Chunk::new
# Possible reasons:
#   The system is out of physical RAM or swap space
#   The process is running with CompressedOops enabled, and the Java Heap may be blocking the growth of the native heap
# Possible solutions:
#   Reduce memory load on the system
#   Increase physical memory or swap space
#   Check if swap backing store is full
#   Decrease Java heap size (-Xmx/-Xms)
#   Decrease number of Java threads
#   Decrease Java thread stack sizes (-Xss)
#   Set larger code cache with -XX:ReservedCodeCacheSize=
#   JVM is running with Unscaled Compressed Oops mode in which the Java heap is
#     placed in the first 4GB address space. The Java Heap base address is the
#     maximum limit for the native heap growth. Please use -XX:HeapBaseMinAddress
#     to set the Java Heap base and to place the Java Heap above 4GB virtual address.
# This output file may be truncated or incomplete.
#
#  Out of Memory Error (src/hotspot/share/memory/arena.cpp:197), pid=21096, tid=3748
#
# JRE version: OpenJDK Runtime Environment (11.0.15) (build 11.0.15+0-b2043.56-9505619)
# Java VM: OpenJDK 64-Bit Server VM (11.0.15+0-b2043.56-9505619, mixed mode, tiered, compressed oops, g1 gc, windows-amd64)
# No core dump will be written. Minidumps are not enabled by default on client versions of Windows
#

---------------  S U M M A R Y ------------

Command Line: --add-opens=java.base/java.util=ALL-UNNAMED --add-opens=java.base/java.lang=ALL-UNNAMED --add-opens=java.base/java.lang.invoke=ALL-UNNAMED --add-opens=java.base/java.util=ALL-UNNAMED --add-opens=java.prefs/java.util.prefs=ALL-UNNAMED --add-opens=java.prefs/java.util.prefs=ALL-UNNAMED --add-opens=java.base/java.nio.charset=ALL-UNNAMED --add-opens=java.base/java.net=ALL-UNNAMED --add-opens=java.base/java.util.concurrent.atomic=ALL-UNNAMED -Xmx2048m -Dfile.encoding=UTF-8 -Duser.country=US -Duser.language=en -Duser.variant org.gradle.launcher.daemon.bootstrap.GradleDaemon 7.5

Host: Intel(R) Core(TM) i7-7820HQ CPU @ 2.90GHz, 8 cores, 15G,  Windows 10 , 64 bit Build 19041 (10.0.19041.3393)
Time: Wed Oct 11 16:05:40 2023 Pakistan Standard Time elapsed time: 2505.584667 seconds (0d 0h 41m 45s)

---------------  T H R E A D  ---------------

Current thread (0x0000028471f74800):  JavaThread "C2 CompilerThread2" daemon [_thread_in_native, id=3748, stack(0x000000ac64300000,0x000000ac64400000)]


Current CompileTask:
C2:2505584 20870       4       com.android.tools.r8.internal.Pn::a (1167 bytes)

Stack: [0x000000ac64300000,0x000000ac64400000]
Native frames: (J=compiled Java code, j=interpreted, Vv=VM code, C=native code)
V  [jvm.dll+0x64135a]
V  [jvm.dll+0x7d39f9]
V  [jvm.dll+0x7d51b9]
V  [jvm.dll+0x7d58a3]
V  [jvm.dll+0x2691c5]
V  [jvm.dll+0xc1a5c]
V  [jvm.dll+0xc200c]
V  [jvm.dll+0x3774a7]
V  [jvm.dll+0x342495]
V  [jvm.dll+0x34186a]
V  [jvm.dll+0x2214bd]
V  [jvm.dll+0x220498]
V  [jvm.dll+0x19e851]
V  [jvm.dll+0x230479]
V  [jvm.dll+0x22e5ef]
V  [jvm.dll+0x794de1]
V  [jvm.dll+0x78dc24]
V  [jvm.dll+0x6400f6]
C  [ucrtbase.dll+0x21bb2]
C  [KERNEL32.DLL+0x17344]
C  [ntdll.dll+0x526b1]


---------------  P R O C E S S  ---------------

Threads class SMR info:
_java_thread_list=0x00000284717a5180, length=71, elements={
0x00000284546a0800, 0x000002846f3b6000, 0x000002846f3b7000, 0x000002846f415000,
0x000002846f416000, 0x000002846f418000, 0x000002846f41b000, 0x000002846f421800,
0x000002846f42a800, 0x000002846f584800, 0x0000028471ee0000, 0x000002846f898800,
0x000002847104e800, 0x0000028471ca0800, 0x0000028471ca1000, 0x0000028471c9b800,
0x0000028471c9e000, 0x0000028471c9e800, 0x0000028471c9f800, 0x0000028472811800,
0x0000028472814000, 0x0000028470b15000, 0x000002847144d800, 0x0000028471452000,
0x0000028472815000, 0x0000028472816000, 0x000002847281e000, 0x0000028471446000,
0x0000028471451800, 0x000002847144c800, 0x0000028471453000, 0x000002847144e000,
0x0000028471447800, 0x0000028471446800, 0x000002847144a000, 0x0000028471448800,
0x000002847144f000, 0x0000028471450800, 0x000002847144f800, 0x000002847144b000,
0x000002847144b800, 0x0000028471f78000, 0x0000028471454000, 0x0000028471f74800,
0x0000028471454800, 0x0000028470b11000, 0x0000028470b10800, 0x0000028470b12000,
0x0000028470b12800, 0x0000028470b13800, 0x0000028470b0e000, 0x0000028470b14800,
0x0000028470b0e800, 0x0000028470b0f800, 0x0000028470b17800, 0x0000028470b18800,
0x0000028470b17000, 0x0000028470b1b800, 0x0000028470b19800, 0x0000028470b16000,
0x0000028470b1c800, 0x0000028470b1b000, 0x0000028470b1a000, 0x000002847280f000,
0x0000028472810000, 0x0000028472816800, 0x0000028472811000, 0x0000028472817800,
0x0000028472813800, 0x0000028472812800, 0x0000028472819000
}

Java Threads: ( => current thread )
  0x00000284546a0800 JavaThread "main" [_thread_blocked, id=12100, stack(0x000000ac61500000,0x000000ac61600000)]
  0x000002846f3b6000 JavaThread "Reference Handler" daemon [_thread_blocked, id=8968, stack(0x000000ac61c00000,0x000000ac61d00000)]
  0x000002846f3b7000 JavaThread "Finalizer" daemon [_thread_blocked, id=9416, stack(0x000000ac61d00000,0x000000ac61e00000)]
  0x000002846f415000 JavaThread "Signal Dispatcher" daemon [_thread_blocked, id=18708, stack(0x000000ac61e00000,0x000000ac61f00000)]
  0x000002846f416000 JavaThread "Attach Listener" daemon [_thread_blocked, id=14468, stack(0x000000ac61f00000,0x000000ac62000000)]
  0x000002846f418000 JavaThread "Service Thread" daemon [_thread_blocked, id=17528, stack(0x000000ac62000000,0x000000ac62100000)]
  0x000002846f41b000 JavaThread "C2 CompilerThread0" daemon [_thread_in_native, id=6512, stack(0x000000ac62100000,0x000000ac62200000)]
  0x000002846f421800 JavaThread "C1 CompilerThread0" daemon [_thread_blocked, id=8572, stack(0x000000ac62200000,0x000000ac62300000)]
  0x000002846f42a800 JavaThread "Sweeper thread" daemon [_thread_blocked, id=5096, stack(0x000000ac62300000,0x000000ac62400000)]
  0x000002846f584800 JavaThread "Common-Cleaner" daemon [_thread_blocked, id=7056, stack(0x000000ac62400000,0x000000ac62500000)]
  0x0000028471ee0000 JavaThread "Daemon health stats" [_thread_blocked, id=1520, stack(0x000000ac62d00000,0x000000ac62e00000)]
  0x000002846f898800 JavaThread "Incoming local TCP Connector on port 61900" [_thread_in_native, id=16288, stack(0x000000ac62600000,0x000000ac62700000)]
  0x000002847104e800 JavaThread "Daemon periodic checks" [_thread_blocked, id=14452, stack(0x000000ac62700000,0x000000ac62800000)]
  0x0000028471ca0800 JavaThread "Cache worker for journal cache (C:\Users\MAQS\.gradle\caches\journal-1)" [_thread_blocked, id=18788, stack(0x000000ac63600000,0x000000ac63700000)]
  0x0000028471ca1000 JavaThread "File lock request listener" [_thread_in_native, id=1788, stack(0x000000ac63700000,0x000000ac63800000)]
  0x0000028471c9b800 JavaThread "Cache worker for file hash cache (C:\Users\MAQS\.gradle\caches\7.5\fileHashes)" [_thread_blocked, id=9252, stack(0x000000ac63b00000,0x000000ac63c00000)]
  0x0000028471c9e000 JavaThread "Cache worker for file content cache (C:\Users\MAQS\.gradle\caches\7.5\fileContent)" [_thread_blocked, id=19776, stack(0x000000ac63e00000,0x000000ac63f00000)]
  0x0000028471c9e800 JavaThread "File watcher server" daemon [_thread_in_native, id=6896, stack(0x000000ac64000000,0x000000ac64100000)]
  0x0000028471c9f800 JavaThread "File watcher consumer" daemon [_thread_blocked, id=10312, stack(0x000000ac64100000,0x000000ac64200000)]
  0x0000028472811800 JavaThread "Cache worker for execution history cache (C:\Users\MAQS\.gradle\caches\7.5\executionHistory)" [_thread_blocked, id=20128, stack(0x000000ac64400000,0x000000ac64500000)]
  0x0000028472814000 JavaThread "Memory manager" [_thread_blocked, id=14664, stack(0x000000ac64600000,0x000000ac64700000)]
  0x0000028470b15000 JavaThread "Cache worker for Java compile cache (C:\Users\MAQS\.gradle\caches\7.5\javaCompile)" [_thread_blocked, id=9824, stack(0x000000ac65100000,0x000000ac65200000)]
  0x000002847144d800 JavaThread "ForkJoinPool.commonPool-worker-11" daemon [_thread_blocked, id=12400, stack(0x000000ac66600000,0x000000ac66700000)]
  0x0000028471452000 JavaThread "ForkJoinPool.commonPool-worker-13" daemon [_thread_blocked, id=21080, stack(0x000000ac66800000,0x000000ac66900000)]
  0x0000028472815000 JavaThread "Daemon Thread 4" [_thread_blocked, id=20272, stack(0x000000ac61200000,0x000000ac61300000)]
  0x0000028472816000 JavaThread "Daemon worker Thread 4" [_thread_blocked, id=7112, stack(0x000000ac62e00000,0x000000ac62f00000)]
  0x000002847281e000 JavaThread "included builds" [_thread_blocked, id=20560, stack(0x000000ac64700000,0x000000ac64800000)]
  0x0000028471446000 JavaThread "ForkJoinPool.commonPool-worker-1" daemon [_thread_blocked, id=9940, stack(0x000000ac66200000,0x000000ac66300000)]
  0x0000028471451800 JavaThread "ForkJoinPool.commonPool-worker-7" daemon [_thread_blocked, id=6876, stack(0x000000ac66300000,0x000000ac66400000)]
  0x000002847144c800 JavaThread "ForkJoinPool.commonPool-worker-5" daemon [_thread_blocked, id=3716, stack(0x000000ac66400000,0x000000ac66500000)]
  0x0000028471453000 JavaThread "ForkJoinPool.commonPool-worker-3" daemon [_thread_blocked, id=13396, stack(0x000000ac66500000,0x000000ac66600000)]
  0x000002847144e000 JavaThread "ForkJoinPool.commonPool-worker-9" daemon [_thread_blocked, id=20920, stack(0x000000ac66700000,0x000000ac66800000)]
  0x0000028471447800 JavaThread "Handler for socket connection from /127.0.0.1:61900 to /127.0.0.1:49233" [_thread_in_native, id=10212, stack(0x000000ac61300000,0x000000ac61400000)]
  0x0000028471446800 JavaThread "Cancel handler" [_thread_blocked, id=21372, stack(0x000000ac61400000,0x000000ac61500000)]
  0x000002847144a000 JavaThread "Asynchronous log dispatcher for DefaultDaemonConnection: socket connection from /127.0.0.1:61900 to /127.0.0.1:49233" [_thread_blocked, id=8112, stack(0x000000ac62f00000,0x000000ac63000000)]
  0x0000028471448800 JavaThread "Stdin handler" [_thread_blocked, id=11320, stack(0x000000ac63000000,0x000000ac63100000)]
  0x000002847144f000 JavaThread "Daemon client event forwarder" [_thread_blocked, id=16096, stack(0x000000ac63100000,0x000000ac63200000)]
  0x0000028471450800 JavaThread "Cache worker for file hash cache (E:\Upwork Project\pocket-wallpaper-2023\PocketWallpaperAndroid\.gradle\7.5\fileHashes)" [_thread_blocked, id=12312, stack(0x000000ac63200000,0x000000ac63300000)]
  0x000002847144f800 JavaThread "Cache worker for checksums cache (E:\Upwork Project\pocket-wallpaper-2023\PocketWallpaperAndroid\.gradle\7.5\checksums)" [_thread_blocked, id=13848, stack(0x000000ac63300000,0x000000ac63400000)]
  0x000002847144b000 JavaThread "Cache worker for cache directory md-rule (C:\Users\MAQS\.gradle\caches\7.5\md-rule)" [_thread_blocked, id=19392, stack(0x000000ac63400000,0x000000ac63500000)]
  0x000002847144b800 JavaThread "Cache worker for cache directory md-supplier (C:\Users\MAQS\.gradle\caches\7.5\md-supplier)" [_thread_blocked, id=17732, stack(0x000000ac63500000,0x000000ac63600000)]
  0x0000028471f78000 JavaThread "C2 CompilerThread1" daemon [_thread_in_native, id=2120, stack(0x000000ac63d00000,0x000000ac63e00000)]
  0x0000028471454000 JavaThread "Cache worker for Build Output Cleanup Cache (E:\Upwork Project\pocket-wallpaper-2023\PocketWallpaperAndroid\.gradle\buildOutputCleanup)" [_thread_blocked, id=21148, stack(0x000000ac64200000,0x000000ac64300000)]
=>0x0000028471f74800 JavaThread "C2 CompilerThread2" daemon [_thread_in_native, id=3748, stack(0x000000ac64300000,0x000000ac64400000)]
  0x0000028471454800 JavaThread "build event listener" [_thread_blocked, id=17252, stack(0x000000ac64500000,0x000000ac64600000)]
  0x0000028470b11000 JavaThread "included builds" [_thread_blocked, id=1312, stack(0x000000ac64800000,0x000000ac64900000)]
  0x0000028470b10800 JavaThread "Execution worker" [_thread_blocked, id=12752, stack(0x000000ac64900000,0x000000ac64a00000)]
  0x0000028470b12000 JavaThread "Execution worker Thread 2" [_thread_blocked, id=8308, stack(0x000000ac64a00000,0x000000ac64b00000)]
  0x0000028470b12800 JavaThread "Execution worker Thread 3" [_thread_blocked, id=8700, stack(0x000000ac64b00000,0x000000ac64c00000)]
  0x0000028470b13800 JavaThread "Execution worker Thread 4" [_thread_blocked, id=20328, stack(0x000000ac64c00000,0x000000ac64d00000)]
  0x0000028470b0e000 JavaThread "Execution worker Thread 5" [_thread_blocked, id=15548, stack(0x000000ac64d00000,0x000000ac64e00000)]
  0x0000028470b14800 JavaThread "Execution worker Thread 6" [_thread_blocked, id=9000, stack(0x000000ac64e00000,0x000000ac64f00000)]
  0x0000028470b0e800 JavaThread "Execution worker Thread 7" [_thread_blocked, id=6084, stack(0x000000ac64f00000,0x000000ac65000000)]
  0x0000028470b0f800 JavaThread "Cache worker for execution history cache (E:\Upwork Project\pocket-wallpaper-2023\PocketWallpaperAndroid\.gradle\7.5\executionHistory)" [_thread_blocked, id=19876, stack(0x000000ac65000000,0x000000ac65100000)]
  0x0000028470b17800 JavaThread "Build operations" [_thread_blocked, id=3952, stack(0x000000ac65200000,0x000000ac65300000)]
  0x0000028470b18800 JavaThread "Build operations Thread 2" [_thread_blocked, id=1432, stack(0x000000ac65300000,0x000000ac65400000)]
  0x0000028470b17000 JavaThread "Build operations Thread 3" [_thread_blocked, id=15848, stack(0x000000ac65400000,0x000000ac65500000)]
  0x0000028470b1b800 JavaThread "Build operations Thread 4" [_thread_blocked, id=17108, stack(0x000000ac65500000,0x000000ac65600000)]
  0x0000028470b19800 JavaThread "Build operations Thread 5" [_thread_blocked, id=12864, stack(0x000000ac65600000,0x000000ac65700000)]
  0x0000028470b16000 JavaThread "Build operations Thread 6" [_thread_blocked, id=696, stack(0x000000ac65700000,0x000000ac65800000)]
  0x0000028470b1c800 JavaThread "Build operations Thread 7" [_thread_blocked, id=15100, stack(0x000000ac65800000,0x000000ac65900000)]
  0x0000028470b1b000 JavaThread "Build operations Thread 8" [_thread_blocked, id=19476, stack(0x000000ac65900000,0x000000ac65a00000)]
  0x0000028470b1a000 JavaThread "WorkerExecutor Queue" [_thread_blocked, id=17232, stack(0x000000ac65a00000,0x000000ac65b00000)]
  0x000002847280f000 JavaThread "WorkerExecutor Queue Thread 2" [_thread_blocked, id=7868, stack(0x000000ac65b00000,0x000000ac65c00000)]
  0x0000028472810000 JavaThread "WorkerExecutor Queue Thread 3" [_thread_blocked, id=15928, stack(0x000000ac65c00000,0x000000ac65d00000)]
  0x0000028472816800 JavaThread "WorkerExecutor Queue Thread 4" [_thread_blocked, id=3332, stack(0x000000ac65d00000,0x000000ac65e00000)]
  0x0000028472811000 JavaThread "WorkerExecutor Queue Thread 5" [_thread_blocked, id=3908, stack(0x000000ac65e00000,0x000000ac65f00000)]
  0x0000028472817800 JavaThread "WorkerExecutor Queue Thread 6" [_thread_blocked, id=13360, stack(0x000000ac65f00000,0x000000ac66000000)]
  0x0000028472813800 JavaThread "WorkerExecutor Queue Thread 7" [_thread_blocked, id=12152, stack(0x000000ac66000000,0x000000ac66100000)]
  0x0000028472812800 JavaThread "WorkerExecutor Queue Thread 8" [_thread_blocked, id=4764, stack(0x000000ac66100000,0x000000ac66200000)]
  0x0000028472819000 JavaThread "WorkerExecutor Queue Thread 9" [_thread_in_Java, id=656, stack(0x000000ac66900000,0x000000ac66a00000)]

Other Threads:
  0x000002846f3b2800 VMThread "VM Thread" [stack: 0x000000ac61b00000,0x000000ac61c00000] [id=14416]
  0x000002846f5aa800 WatcherThread [stack: 0x000000ac62500000,0x000000ac62600000] [id=21296]
  0x00000284546bb000 GCTaskThread "GC Thread#0" [stack: 0x000000ac61600000,0x000000ac61700000] [id=9872]
  0x0000028470534800 GCTaskThread "GC Thread#1" [stack: 0x000000ac62800000,0x000000ac62900000] [id=18972]
  0x000002847053d800 GCTaskThread "GC Thread#2" [stack: 0x000000ac62900000,0x000000ac62a00000] [id=14776]
  0x000002847043c000 GCTaskThread "GC Thread#3" [stack: 0x000000ac62a00000,0x000000ac62b00000] [id=15152]
  0x000002847043d000 GCTaskThread "GC Thread#4" [stack: 0x000000ac62b00000,0x000000ac62c00000] [id=14624]
  0x00000284707ad000 GCTaskThread "GC Thread#5" [stack: 0x000000ac62c00000,0x000000ac62d00000] [id=11364]
  0x000002847167c800 GCTaskThread "GC Thread#6" [stack: 0x000000ac63800000,0x000000ac63900000] [id=20156]
  0x0000028471304800 GCTaskThread "GC Thread#7" [stack: 0x000000ac63900000,0x000000ac63a00000] [id=5768]
  0x00000284546eb000 ConcurrentGCThread "G1 Main Marker" [stack: 0x000000ac61700000,0x000000ac61800000] [id=4688]
  0x00000284546ed800 ConcurrentGCThread "G1 Conc#0" [stack: 0x000000ac61800000,0x000000ac61900000] [id=10084]
  0x00000284707a8800 ConcurrentGCThread "G1 Conc#1" [stack: 0x000000ac63a00000,0x000000ac63b00000] [id=19184]
  0x000002845477e000 ConcurrentGCThread "G1 Refine#0" [stack: 0x000000ac61900000,0x000000ac61a00000] [id=13160]
  0x0000028477228800 ConcurrentGCThread "G1 Refine#1" [stack: 0x000000ac63c00000,0x000000ac63d00000] [id=6328]
  0x0000028478336800 ConcurrentGCThread "G1 Refine#2" [stack: 0x000000ac63f00000,0x000000ac64000000] [id=6232]
  0x000002846e9fe800 ConcurrentGCThread "G1 Young RemSet Sampling" [stack: 0x000000ac61a00000,0x000000ac61b00000] [id=17384]

Threads with active compile tasks:
C2 CompilerThread0  2505615 21225   !   4       com.sun.crypto.provider.PKCS12PBECipherCore::derive (501 bytes)
C2 CompilerThread1  2505615 20706 %     4       org.gradle.api.internal.tasks.compile.incremental.deps.ClassSetAnalysisData::reduceToTypesAffecting @ 116 (578 bytes)
C2 CompilerThread2  2505615 20870       4       com.android.tools.r8.internal.Pn::a (1167 bytes)

VM state:not at safepoint (normal execution)

VM Mutex/Monitor currently owned by a thread: None

Heap address: 0x0000000080000000, size: 2048 MB, Compressed Oops mode: 32-bit
Narrow klass base: 0x0000000000000000, Narrow klass shift: 3
Compressed class space size: 1073741824 Address: 0x0000000100000000

Heap:
 garbage-first heap   total 272384K, used 169193K [0x0000000080000000, 0x0000000100000000)
  region size 1024K, 39 young (39936K), 5 survivors (5120K)
 Metaspace       used 105377K, capacity 108696K, committed 110160K, reserved 1144832K
  class space    used 12970K, capacity 14205K, committed 14848K, reserved 1048576K
Heap Regions: E=young(eden), S=young(survivor), O=old, HS=humongous(starts), HC=humongous(continues), CS=collection set, F=free, A=archive, TAMS=top-at-mark-start (previous, next)
|   0|0x0000000080000000, 0x0000000080100000, 0x0000000080100000|100%| O|  |TAMS 0x0000000080100000, 0x0000000080000000| Untracked 
|   1|0x0000000080100000, 0x0000000080200000, 0x0000000080200000|100%| O|  |TAMS 0x0000000080200000, 0x0000000080100000| Untracked 
|   2|0x0000000080200000, 0x0000000080300000, 0x0000000080300000|100%| O|  |TAMS 0x0000000080300000, 0x0000000080200000| Complete 
|   3|0x0000000080300000, 0x0000000080400000, 0x0000000080400000|100%|HS|  |TAMS 0x0000000080400000, 0x0000000080300000| Complete 
|   4|0x0000000080400000, 0x0000000080500000, 0x0000000080500000|100%|HC|  |TAMS 0x0000000080500000, 0x0000000080400000| Complete 
|   5|0x0000000080500000, 0x0000000080600000, 0x0000000080600000|100%|HC|  |TAMS 0x0000000080600000, 0x0000000080500000| Complete 
|   6|0x0000000080600000, 0x0000000080700000, 0x0000000080700000|100%| O|  |TAMS 0x0000000080700000, 0x0000000080600000| Untracked 
|   7|0x0000000080700000, 0x0000000080800000, 0x0000000080800000|100%| O|  |TAMS 0x0000000080800000, 0x0000000080700000| Untracked 
|   8|0x0000000080800000, 0x0000000080900000, 0x0000000080900000|100%| O|  |TAMS 0x0000000080900000, 0x0000000080800000| Untracked 
|   9|0x0000000080900000, 0x0000000080a00000, 0x0000000080a00000|100%| O|  |TAMS 0x0000000080a00000, 0x0000000080900000| Untracked 
|  10|0x0000000080a00000, 0x0000000080b00000, 0x0000000080b00000|100%| O|  |TAMS 0x0000000080b00000, 0x0000000080a00000| Untracked 
|  11|0x0000000080b00000, 0x0000000080c00000, 0x0000000080c00000|100%| O|  |TAMS 0x0000000080c00000, 0x0000000080b00000| Untracked 
|  12|0x0000000080c00000, 0x0000000080d00000, 0x0000000080d00000|100%| O|  |TAMS 0x0000000080d00000, 0x0000000080c00000| Untracked 
|  13|0x0000000080d00000, 0x0000000080e00000, 0x0000000080e00000|100%| O|  |TAMS 0x0000000080e00000, 0x0000000080d00000| Untracked 
|  14|0x0000000080e00000, 0x0000000080f00000, 0x0000000080f00000|100%| O|  |TAMS 0x0000000080f00000, 0x0000000080e00000| Untracked 
|  15|0x0000000080f00000, 0x0000000081000000, 0x0000000081000000|100%| O|  |TAMS 0x0000000081000000, 0x0000000080f00000| Untracked 
|  16|0x0000000081000000, 0x0000000081100000, 0x0000000081100000|100%| O|  |TAMS 0x0000000081100000, 0x0000000081000000| Complete 
|  17|0x0000000081100000, 0x0000000081200000, 0x0000000081200000|100%|HS|  |TAMS 0x0000000081200000, 0x0000000081100000| Complete 
|  18|0x0000000081200000, 0x0000000081300000, 0x0000000081300000|100%|HS|  |TAMS 0x0000000081300000, 0x0000000081200000| Complete 
|  19|0x0000000081300000, 0x0000000081400000, 0x0000000081400000|100%| O|  |TAMS 0x0000000081400000, 0x0000000081300000| Complete 
|  20|0x0000000081400000, 0x0000000081500000, 0x0000000081500000|100%| O|  |TAMS 0x0000000081500000, 0x0000000081400000| Complete 
|  21|0x0000000081500000, 0x0000000081600000, 0x0000000081600000|100%| O|  |TAMS 0x0000000081600000, 0x0000000081500000| Complete 
|  22|0x0000000081600000, 0x0000000081700000, 0x0000000081700000|100%| O|  |TAMS 0x0000000081700000, 0x0000000081600000| Untracked 
|  23|0x0000000081700000, 0x0000000081800000, 0x0000000081800000|100%| O|  |TAMS 0x0000000081800000, 0x0000000081700000| Complete 
|  24|0x0000000081800000, 0x0000000081900000, 0x0000000081900000|100%| O|  |TAMS 0x0000000081900000, 0x0000000081800000| Untracked 
|  25|0x0000000081900000, 0x0000000081a00000, 0x0000000081a00000|100%| O|  |TAMS 0x0000000081a00000, 0x0000000081900000| Untracked 
|  26|0x0000000081a00000, 0x0000000081b00000, 0x0000000081b00000|100%| O|  |TAMS 0x0000000081b00000, 0x0000000081a00000| Untracked 
|  27|0x0000000081b00000, 0x0000000081c00000, 0x0000000081c00000|100%| O|  |TAMS 0x0000000081c00000, 0x0000000081b00000| Complete 
|  28|0x0000000081c00000, 0x0000000081d00000, 0x0000000081d00000|100%| O|  |TAMS 0x0000000081d00000, 0x0000000081c00000| Complete 
|  29|0x0000000081d00000, 0x0000000081e00000, 0x0000000081e00000|100%| O|  |TAMS 0x0000000081e00000, 0x0000000081d00000| Complete 
|  30|0x0000000081e00000, 0x0000000081f00000, 0x0000000081f00000|100%| O|  |TAMS 0x0000000081f00000, 0x0000000081e00000| Complete 
|  31|0x0000000081f00000, 0x0000000082000000, 0x0000000082000000|100%| O|  |TAMS 0x0000000082000000, 0x0000000081f00000| Untracked 
|  32|0x0000000082000000, 0x0000000082100000, 0x0000000082100000|100%| O|  |TAMS 0x0000000082100000, 0x0000000082000000| Untracked 
|  33|0x0000000082100000, 0x0000000082200000, 0x0000000082200000|100%| O|  |TAMS 0x0000000082200000, 0x0000000082100000| Untracked 
|  34|0x0000000082200000, 0x0000000082300000, 0x0000000082300000|100%| O|  |TAMS 0x0000000082300000, 0x0000000082200000| Complete 
|  35|0x0000000082300000, 0x0000000082400000, 0x0000000082400000|100%| O|  |TAMS 0x0000000082400000, 0x0000000082300000| Untracked 
|  36|0x0000000082400000, 0x0000000082500000, 0x0000000082500000|100%| O|  |TAMS 0x0000000082500000, 0x0000000082400000| Complete 
|  37|0x0000000082500000, 0x0000000082600000, 0x0000000082600000|100%| O|  |TAMS 0x0000000082600000, 0x0000000082500000| Complete 
|  38|0x0000000082600000, 0x0000000082700000, 0x0000000082700000|100%| O|  |TAMS 0x0000000082700000, 0x0000000082600000| Complete 
|  39|0x0000000082700000, 0x00000000827cc200, 0x0000000082800000| 79%| O|  |TAMS 0x00000000827cc200, 0x0000000082700000| Untracked 
|  40|0x0000000082800000, 0x0000000082900000, 0x0000000082900000|100%| O|  |TAMS 0x0000000082900000, 0x0000000082800000| Untracked 
|  41|0x0000000082900000, 0x0000000082a00000, 0x0000000082a00000|100%| O|  |TAMS 0x0000000082a00000, 0x0000000082900000| Complete 
|  42|0x0000000082a00000, 0x0000000082a00000, 0x0000000082b00000|  0%| F|  |TAMS 0x0000000082a00000, 0x0000000082a00000| Untracked 
|  43|0x0000000082b00000, 0x0000000082c00000, 0x0000000082c00000|100%| O|  |TAMS 0x0000000082c00000, 0x0000000082b00000| Untracked 
|  44|0x0000000082c00000, 0x0000000082d00000, 0x0000000082d00000|100%| O|  |TAMS 0x0000000082d00000, 0x0000000082c00000| Complete 
|  45|0x0000000082d00000, 0x0000000082e00000, 0x0000000082e00000|100%| O|  |TAMS 0x0000000082e00000, 0x0000000082d00000| Untracked 
|  46|0x0000000082e00000, 0x0000000082e00000, 0x0000000082f00000|  0%| F|  |TAMS 0x0000000082e00000, 0x0000000082e00000| Untracked 
|  47|0x0000000082f00000, 0x0000000083000000, 0x0000000083000000|100%| O|  |TAMS 0x0000000083000000, 0x0000000082f00000| Complete 
|  48|0x0000000083000000, 0x0000000083100000, 0x0000000083100000|100%| O|  |TAMS 0x0000000083100000, 0x0000000083000000| Untracked 
|  49|0x0000000083100000, 0x0000000083200000, 0x0000000083200000|100%| O|  |TAMS 0x0000000083200000, 0x0000000083100000| Complete 
|  50|0x0000000083200000, 0x0000000083300000, 0x0000000083300000|100%| O|  |TAMS 0x0000000083300000, 0x0000000083200000| Complete 
|  51|0x0000000083300000, 0x0000000083400000, 0x0000000083400000|100%| O|  |TAMS 0x0000000083400000, 0x0000000083300000| Untracked 
|  52|0x0000000083400000, 0x0000000083400000, 0x0000000083500000|  0%| F|  |TAMS 0x0000000083400000, 0x0000000083400000| Untracked 
|  53|0x0000000083500000, 0x0000000083500000, 0x0000000083600000|  0%| F|  |TAMS 0x0000000083500000, 0x0000000083500000| Untracked 
|  54|0x0000000083600000, 0x0000000083600000, 0x0000000083700000|  0%| F|  |TAMS 0x0000000083600000, 0x0000000083600000| Untracked 
|  55|0x0000000083700000, 0x0000000083700000, 0x0000000083800000|  0%| F|  |TAMS 0x0000000083700000, 0x0000000083700000| Untracked 
|  56|0x0000000083800000, 0x0000000083800000, 0x0000000083900000|  0%| F|  |TAMS 0x0000000083800000, 0x0000000083800000| Untracked 
|  57|0x0000000083900000, 0x0000000083a00000, 0x0000000083a00000|100%| O|  |TAMS 0x0000000083a00000, 0x0000000083900000| Complete 
|  58|0x0000000083a00000, 0x0000000083b00000, 0x0000000083b00000|100%| O|  |TAMS 0x0000000083b00000, 0x0000000083a00000| Complete 
|  59|0x0000000083b00000, 0x0000000083b00000, 0x0000000083c00000|  0%| F|  |TAMS 0x0000000083b00000, 0x0000000083b00000| Untracked 
|  60|0x0000000083c00000, 0x0000000083d00000, 0x0000000083d00000|100%| O|  |TAMS 0x0000000083d00000, 0x0000000083c00000| Complete 
|  61|0x0000000083d00000, 0x0000000083e00000, 0x0000000083e00000|100%|HS|  |TAMS 0x0000000083e00000, 0x0000000083d00000| Complete 
|  62|0x0000000083e00000, 0x0000000083f00000, 0x0000000083f00000|100%|HC|  |TAMS 0x0000000083f00000, 0x0000000083e00000| Complete 
|  63|0x0000000083f00000, 0x0000000084000000, 0x0000000084000000|100%| O|  |TAMS 0x0000000084000000, 0x0000000083f00000| Complete 
|  64|0x0000000084000000, 0x0000000084100000, 0x0000000084100000|100%| O|  |TAMS 0x0000000084100000, 0x0000000084000000| Complete 
|  65|0x0000000084100000, 0x0000000084100000, 0x0000000084200000|  0%| F|  |TAMS 0x0000000084100000, 0x0000000084100000| Untracked 
|  66|0x0000000084200000, 0x0000000084300000, 0x0000000084300000|100%| O|  |TAMS 0x0000000084300000, 0x0000000084200000| Complete 
|  67|0x0000000084300000, 0x0000000084400000, 0x0000000084400000|100%| O|  |TAMS 0x0000000084400000, 0x0000000084300000| Complete 
|  68|0x0000000084400000, 0x0000000084500000, 0x0000000084500000|100%| O|  |TAMS 0x0000000084500000, 0x0000000084400000| Untracked 
|  69|0x0000000084500000, 0x0000000084600000, 0x0000000084600000|100%| O|  |TAMS 0x0000000084600000, 0x0000000084500000| Untracked 
|  70|0x0000000084600000, 0x0000000084700000, 0x0000000084700000|100%| O|  |TAMS 0x0000000084700000, 0x0000000084600000| Complete 
|  71|0x0000000084700000, 0x0000000084700000, 0x0000000084800000|  0%| F|  |TAMS 0x0000000084700000, 0x0000000084700000| Untracked 
|  72|0x0000000084800000, 0x0000000084800000, 0x0000000084900000|  0%| F|  |TAMS 0x0000000084800000, 0x0000000084800000| Untracked 
|  73|0x0000000084900000, 0x0000000084a00000, 0x0000000084a00000|100%| O|  |TAMS 0x0000000084a00000, 0x0000000084900000| Complete 
|  74|0x0000000084a00000, 0x0000000084b00000, 0x0000000084b00000|100%| O|  |TAMS 0x0000000084b00000, 0x0000000084a00000| Untracked 
|  75|0x0000000084b00000, 0x0000000084b00000, 0x0000000084c00000|  0%| F|  |TAMS 0x0000000084b00000, 0x0000000084b00000| Untracked 
|  76|0x0000000084c00000, 0x0000000084d00000, 0x0000000084d00000|100%| O|  |TAMS 0x0000000084d00000, 0x0000000084c00000| Complete 
|  77|0x0000000084d00000, 0x0000000084e00000, 0x0000000084e00000|100%| O|  |TAMS 0x0000000084e00000, 0x0000000084d00000| Complete 
|  78|0x0000000084e00000, 0x0000000084f00000, 0x0000000084f00000|100%| O|  |TAMS 0x0000000084f00000, 0x0000000084e00000| Complete 
|  79|0x0000000084f00000, 0x0000000085000000, 0x0000000085000000|100%| O|  |TAMS 0x0000000085000000, 0x0000000084f00000| Complete 
|  80|0x0000000085000000, 0x0000000085000000, 0x0000000085100000|  0%| F|  |TAMS 0x0000000085000000, 0x0000000085000000| Untracked 
|  81|0x0000000085100000, 0x0000000085200000, 0x0000000085200000|100%| O|  |TAMS 0x0000000085200000, 0x0000000085100000| Complete 
|  82|0x0000000085200000, 0x0000000085300000, 0x0000000085300000|100%| O|  |TAMS 0x0000000085300000, 0x0000000085200000| Complete 
|  83|0x0000000085300000, 0x0000000085400000, 0x0000000085400000|100%| O|  |TAMS 0x0000000085400000, 0x0000000085300000| Complete 
|  84|0x0000000085400000, 0x0000000085500000, 0x0000000085500000|100%| O|  |TAMS 0x0000000085500000, 0x0000000085400000| Complete 
|  85|0x0000000085500000, 0x0000000085500000, 0x0000000085600000|  0%| F|  |TAMS 0x0000000085500000, 0x0000000085500000| Untracked 
|  86|0x0000000085600000, 0x0000000085700000, 0x0000000085700000|100%|HS|  |TAMS 0x0000000085700000, 0x0000000085600000| Complete 
|  87|0x0000000085700000, 0x0000000085800000, 0x0000000085800000|100%|HC|  |TAMS 0x0000000085800000, 0x0000000085700000| Complete 
|  88|0x0000000085800000, 0x0000000085800000, 0x0000000085900000|  0%| F|  |TAMS 0x0000000085800000, 0x0000000085800000| Untracked 
|  89|0x0000000085900000, 0x0000000085a00000, 0x0000000085a00000|100%| O|  |TAMS 0x0000000085a00000, 0x0000000085900000| Complete 
|  90|0x0000000085a00000, 0x0000000085b00000, 0x0000000085b00000|100%| O|  |TAMS 0x0000000085b00000, 0x0000000085a00000| Complete 
|  91|0x0000000085b00000, 0x0000000085c00000, 0x0000000085c00000|100%| O|  |TAMS 0x0000000085c00000, 0x0000000085b00000| Untracked 
|  92|0x0000000085c00000, 0x0000000085d00000, 0x0000000085d00000|100%| O|  |TAMS 0x0000000085d00000, 0x0000000085c00000| Complete 
|  93|0x0000000085d00000, 0x0000000085e00000, 0x0000000085e00000|100%| O|  |TAMS 0x0000000085e00000, 0x0000000085d00000| Complete 
|  94|0x0000000085e00000, 0x0000000085f00000, 0x0000000085f00000|100%| O|  |TAMS 0x0000000085f00000, 0x0000000085e00000| Untracked 
|  95|0x0000000085f00000, 0x0000000086000000, 0x0000000086000000|100%| O|  |TAMS 0x0000000086000000, 0x0000000085f00000| Complete 
|  96|0x0000000086000000, 0x0000000086100000, 0x0000000086100000|100%| O|  |TAMS 0x0000000086100000, 0x0000000086000000| Complete 
|  97|0x0000000086100000, 0x0000000086100000, 0x0000000086200000|  0%| F|  |TAMS 0x0000000086100000, 0x0000000086100000| Untracked 
|  98|0x0000000086200000, 0x0000000086300000, 0x0000000086300000|100%| O|  |TAMS 0x0000000086300000, 0x0000000086200000| Untracked 
|  99|0x0000000086300000, 0x0000000086400000, 0x0000000086400000|100%| O|  |TAMS 0x0000000086400000, 0x0000000086300000| Complete 
| 100|0x0000000086400000, 0x0000000086400000, 0x0000000086500000|  0%| F|  |TAMS 0x0000000086400000, 0x0000000086400000| Untracked 
| 101|0x0000000086500000, 0x0000000086600000, 0x0000000086600000|100%| O|  |TAMS 0x0000000086600000, 0x0000000086500000| Complete 
| 102|0x0000000086600000, 0x0000000086700000, 0x0000000086700000|100%| O|  |TAMS 0x0000000086700000, 0x0000000086600000| Untracked 
| 103|0x0000000086700000, 0x0000000086800000, 0x0000000086800000|100%| O|  |TAMS 0x0000000086800000, 0x0000000086700000| Untracked 
| 104|0x0000000086800000, 0x0000000086900000, 0x0000000086900000|100%| O|  |TAMS 0x0000000086900000, 0x0000000086800000| Complete 
| 105|0x0000000086900000, 0x0000000086a00000, 0x0000000086a00000|100%| O|  |TAMS 0x0000000086a00000, 0x0000000086900000| Complete 
| 106|0x0000000086a00000, 0x0000000086b00000, 0x0000000086b00000|100%| O|  |TAMS 0x0000000086b00000, 0x0000000086a00000| Untracked 
| 107|0x0000000086b00000, 0x0000000086c00000, 0x0000000086c00000|100%| O|  |TAMS 0x0000000086c00000, 0x0000000086b00000| Untracked 
| 108|0x0000000086c00000, 0x0000000086c00000, 0x0000000086d00000|  0%| F|  |TAMS 0x0000000086c00000, 0x0000000086c00000| Untracked 
| 109|0x0000000086d00000, 0x0000000086d00000, 0x0000000086e00000|  0%| F|  |TAMS 0x0000000086d00000, 0x0000000086d00000| Untracked 
| 110|0x0000000086e00000, 0x0000000086e00000, 0x0000000086f00000|  0%| F|  |TAMS 0x0000000086e00000, 0x0000000086e00000| Untracked 
| 111|0x0000000086f00000, 0x0000000086f00000, 0x0000000087000000|  0%| F|  |TAMS 0x0000000086f00000, 0x0000000086f00000| Untracked 
| 112|0x0000000087000000, 0x0000000087000000, 0x0000000087100000|  0%| F|  |TAMS 0x0000000087000000, 0x0000000087000000| Untracked 
| 113|0x0000000087100000, 0x0000000087100000, 0x0000000087200000|  0%| F|  |TAMS 0x0000000087100000, 0x0000000087100000| Untracked 
| 114|0x0000000087200000, 0x0000000087300000, 0x0000000087300000|100%| O|  |TAMS 0x0000000087300000, 0x0000000087200000| Complete 
| 115|0x0000000087300000, 0x0000000087400000, 0x0000000087400000|100%| O|  |TAMS 0x0000000087400000, 0x0000000087300000| Complete 
| 116|0x0000000087400000, 0x0000000087500000, 0x0000000087500000|100%| O|  |TAMS 0x0000000087500000, 0x0000000087400000| Untracked 
| 117|0x0000000087500000, 0x0000000087600000, 0x0000000087600000|100%| O|  |TAMS 0x0000000087600000, 0x0000000087500000| Untracked 
| 118|0x0000000087600000, 0x0000000087700000, 0x0000000087700000|100%| O|  |TAMS 0x0000000087700000, 0x0000000087600000| Complete 
| 119|0x0000000087700000, 0x0000000087800000, 0x0000000087800000|100%| O|  |TAMS 0x0000000087800000, 0x0000000087700000| Complete 
| 120|0x0000000087800000, 0x0000000087900000, 0x0000000087900000|100%| O|  |TAMS 0x0000000087900000, 0x0000000087800000| Complete 
| 121|0x0000000087900000, 0x0000000087900000, 0x0000000087a00000|  0%| F|  |TAMS 0x0000000087900000, 0x0000000087900000| Untracked 
| 122|0x0000000087a00000, 0x0000000087a00000, 0x0000000087b00000|  0%| F|  |TAMS 0x0000000087a00000, 0x0000000087a00000| Untracked 
| 123|0x0000000087b00000, 0x0000000087b00000, 0x0000000087c00000|  0%| F|  |TAMS 0x0000000087b00000, 0x0000000087b00000| Untracked 
| 124|0x0000000087c00000, 0x0000000087c00000, 0x0000000087d00000|  0%| F|  |TAMS 0x0000000087c00000, 0x0000000087c00000| Untracked 
| 125|0x0000000087d00000, 0x0000000087e00000, 0x0000000087e00000|100%| O|  |TAMS 0x0000000087e00000, 0x0000000087d00000| Complete 
| 126|0x0000000087e00000, 0x0000000087e00000, 0x0000000087f00000|  0%| F|  |TAMS 0x0000000087e00000, 0x0000000087e00000| Untracked 
| 127|0x0000000087f00000, 0x0000000088000000, 0x0000000088000000|100%| O|  |TAMS 0x0000000088000000, 0x0000000087f00000| Untracked 
| 128|0x0000000088000000, 0x0000000088100000, 0x0000000088100000|100%| O|  |TAMS 0x0000000088100000, 0x0000000088000000| Complete 
| 129|0x0000000088100000, 0x0000000088200000, 0x0000000088200000|100%| O|  |TAMS 0x0000000088200000, 0x0000000088100000| Complete 
| 130|0x0000000088200000, 0x0000000088300000, 0x0000000088300000|100%| O|  |TAMS 0x0000000088300000, 0x0000000088200000| Untracked 
| 131|0x0000000088300000, 0x0000000088400000, 0x0000000088400000|100%| O|  |TAMS 0x0000000088400000, 0x0000000088300000| Complete 
| 132|0x0000000088400000, 0x0000000088500000, 0x0000000088500000|100%| O|  |TAMS 0x0000000088500000, 0x0000000088400000| Complete 
| 133|0x0000000088500000, 0x0000000088600000, 0x0000000088600000|100%| O|  |TAMS 0x0000000088600000, 0x0000000088500000| Complete 
| 134|0x0000000088600000, 0x0000000088700000, 0x0000000088700000|100%| O|  |TAMS 0x0000000088700000, 0x0000000088600000| Complete 
| 135|0x0000000088700000, 0x0000000088800000, 0x0000000088800000|100%| O|  |TAMS 0x0000000088800000, 0x0000000088700000| Untracked 
| 136|0x0000000088800000, 0x0000000088900000, 0x0000000088900000|100%| O|  |TAMS 0x0000000088900000, 0x0000000088800000| Complete 
| 137|0x0000000088900000, 0x0000000088a00000, 0x0000000088a00000|100%| O|  |TAMS 0x0000000088a00000, 0x0000000088900000| Complete 
| 138|0x0000000088a00000, 0x0000000088b00000, 0x0000000088b00000|100%| O|  |TAMS 0x0000000088b00000, 0x0000000088a00000| Complete 
| 139|0x0000000088b00000, 0x0000000088c00000, 0x0000000088c00000|100%| O|  |TAMS 0x0000000088c00000, 0x0000000088b00000| Untracked 
| 140|0x0000000088c00000, 0x0000000088d00000, 0x0000000088d00000|100%| O|  |TAMS 0x0000000088d00000, 0x0000000088c00000| Untracked 
| 141|0x0000000088d00000, 0x0000000088e00000, 0x0000000088e00000|100%| O|  |TAMS 0x0000000088e00000, 0x0000000088d00000| Untracked 
| 142|0x0000000088e00000, 0x0000000088f00000, 0x0000000088f00000|100%| O|  |TAMS 0x0000000088f00000, 0x0000000088e00000| Complete 
| 143|0x0000000088f00000, 0x0000000089000000, 0x0000000089000000|100%| O|  |TAMS 0x0000000089000000, 0x0000000088f00000| Untracked 
| 144|0x0000000089000000, 0x0000000089100000, 0x0000000089100000|100%| O|  |TAMS 0x0000000089100000, 0x0000000089000000| Untracked 
| 145|0x0000000089100000, 0x0000000089200000, 0x0000000089200000|100%| O|  |TAMS 0x0000000089200000, 0x0000000089100000| Complete 
| 146|0x0000000089200000, 0x0000000089300000, 0x0000000089300000|100%| O|  |TAMS 0x0000000089300000, 0x0000000089200000| Complete 
| 147|0x0000000089300000, 0x0000000089400000, 0x0000000089400000|100%| O|  |TAMS 0x0000000089400000, 0x0000000089300000| Complete 
| 148|0x0000000089400000, 0x0000000089500000, 0x0000000089500000|100%| O|  |TAMS 0x0000000089500000, 0x0000000089400000| Untracked 
| 149|0x0000000089500000, 0x0000000089600000, 0x0000000089600000|100%| O|  |TAMS 0x0000000089600000, 0x0000000089500000| Untracked 
| 150|0x0000000089600000, 0x0000000089700000, 0x0000000089700000|100%| O|  |TAMS 0x0000000089700000, 0x0000000089600000| Untracked 
| 151|0x0000000089700000, 0x0000000089800000, 0x0000000089800000|100%| O|  |TAMS 0x0000000089800000, 0x0000000089700000| Complete 
| 152|0x0000000089800000, 0x0000000089900000, 0x0000000089900000|100%| O|  |TAMS 0x0000000089900000, 0x0000000089800000| Complete 
| 153|0x0000000089900000, 0x0000000089a00000, 0x0000000089a00000|100%| O|  |TAMS 0x0000000089a00000, 0x0000000089900000| Complete 
| 154|0x0000000089a00000, 0x0000000089b00000, 0x0000000089b00000|100%| O|  |TAMS 0x0000000089b00000, 0x0000000089a00000| Complete 
| 155|0x0000000089b00000, 0x0000000089c00000, 0x0000000089c00000|100%| O|  |TAMS 0x0000000089c00000, 0x0000000089b00000| Complete 
| 156|0x0000000089c00000, 0x0000000089d00000, 0x0000000089d00000|100%| O|  |TAMS 0x0000000089d00000, 0x0000000089c00000| Complete 
| 157|0x0000000089d00000, 0x0000000089d00000, 0x0000000089e00000|  0%| F|  |TAMS 0x0000000089d00000, 0x0000000089d00000| Untracked 
| 158|0x0000000089e00000, 0x0000000089e00000, 0x0000000089f00000|  0%| F|  |TAMS 0x0000000089e00000, 0x0000000089e00000| Untracked 
| 159|0x0000000089f00000, 0x0000000089f00000, 0x000000008a000000|  0%| F|  |TAMS 0x0000000089f00000, 0x0000000089f00000| Untracked 
| 160|0x000000008a000000, 0x000000008a000000, 0x000000008a100000|  0%| F|  |TAMS 0x000000008a000000, 0x000000008a000000| Untracked 
| 161|0x000000008a100000, 0x000000008a100000, 0x000000008a200000|  0%| F|  |TAMS 0x000000008a100000, 0x000000008a100000| Untracked 
| 162|0x000000008a200000, 0x000000008a200000, 0x000000008a300000|  0%| F|  |TAMS 0x000000008a200000, 0x000000008a200000| Untracked 
| 163|0x000000008a300000, 0x000000008a300000, 0x000000008a400000|  0%| F|  |TAMS 0x000000008a300000, 0x000000008a300000| Untracked 
| 164|0x000000008a400000, 0x000000008a400000, 0x000000008a500000|  0%| F|  |TAMS 0x000000008a400000, 0x000000008a400000| Untracked 
| 165|0x000000008a500000, 0x000000008a500000, 0x000000008a600000|  0%| F|  |TAMS 0x000000008a500000, 0x000000008a500000| Untracked 
| 166|0x000000008a600000, 0x000000008a600000, 0x000000008a700000|  0%| F|  |TAMS 0x000000008a600000, 0x000000008a600000| Untracked 
| 167|0x000000008a700000, 0x000000008a700000, 0x000000008a800000|  0%| F|  |TAMS 0x000000008a700000, 0x000000008a700000| Untracked 
| 168|0x000000008a800000, 0x000000008a800000, 0x000000008a900000|  0%| F|  |TAMS 0x000000008a800000, 0x000000008a800000| Untracked 
| 169|0x000000008a900000, 0x000000008a900000, 0x000000008aa00000|  0%| F|  |TAMS 0x000000008a900000, 0x000000008a900000| Untracked 
| 170|0x000000008aa00000, 0x000000008aa00000, 0x000000008ab00000|  0%| F|  |TAMS 0x000000008aa00000, 0x000000008aa00000| Untracked 
| 171|0x000000008ab00000, 0x000000008ab00000, 0x000000008ac00000|  0%| F|  |TAMS 0x000000008ab00000, 0x000000008ab00000| Untracked 
| 172|0x000000008ac00000, 0x000000008ac00000, 0x000000008ad00000|  0%| F|  |TAMS 0x000000008ac00000, 0x000000008ac00000| Untracked 
| 173|0x000000008ad00000, 0x000000008ad00000, 0x000000008ae00000|  0%| F|  |TAMS 0x000000008ad00000, 0x000000008ad00000| Untracked 
| 174|0x000000008ae00000, 0x000000008ae00000, 0x000000008af00000|  0%| F|  |TAMS 0x000000008ae00000, 0x000000008ae00000| Untracked 
| 175|0x000000008af00000, 0x000000008af00000, 0x000000008b000000|  0%| F|  |TAMS 0x000000008af00000, 0x000000008af00000| Untracked 
| 176|0x000000008b000000, 0x000000008b000000, 0x000000008b100000|  0%| F|  |TAMS 0x000000008b000000, 0x000000008b000000| Untracked 
| 177|0x000000008b100000, 0x000000008b100000, 0x000000008b200000|  0%| F|  |TAMS 0x000000008b100000, 0x000000008b100000| Untracked 
| 178|0x000000008b200000, 0x000000008b200000, 0x000000008b300000|  0%| F|  |TAMS 0x000000008b200000, 0x000000008b200000| Untracked 
| 179|0x000000008b300000, 0x000000008b300000, 0x000000008b400000|  0%| F|  |TAMS 0x000000008b300000, 0x000000008b300000| Untracked 
| 180|0x000000008b400000, 0x000000008b400000, 0x000000008b500000|  0%| F|  |TAMS 0x000000008b400000, 0x000000008b400000| Untracked 
| 181|0x000000008b500000, 0x000000008b500000, 0x000000008b600000|  0%| F|  |TAMS 0x000000008b500000, 0x000000008b500000| Untracked 
| 182|0x000000008b600000, 0x000000008b600000, 0x000000008b700000|  0%| F|  |TAMS 0x000000008b600000, 0x000000008b600000| Untracked 
| 183|0x000000008b700000, 0x000000008b76e280, 0x000000008b800000| 43%| S|CS|TAMS 0x000000008b700000, 0x000000008b700000| Complete 
| 184|0x000000008b800000, 0x000000008b900000, 0x000000008b900000|100%| S|CS|TAMS 0x000000008b800000, 0x000000008b800000| Complete 
| 185|0x000000008b900000, 0x000000008ba00000, 0x000000008ba00000|100%| S|CS|TAMS 0x000000008b900000, 0x000000008b900000| Complete 
| 186|0x000000008ba00000, 0x000000008bb00000, 0x000000008bb00000|100%| S|CS|TAMS 0x000000008ba00000, 0x000000008ba00000| Complete 
| 187|0x000000008bb00000, 0x000000008bc00000, 0x000000008bc00000|100%| S|CS|TAMS 0x000000008bb00000, 0x000000008bb00000| Complete 
| 188|0x000000008bc00000, 0x000000008bc00000, 0x000000008bd00000|  0%| F|  |TAMS 0x000000008bc00000, 0x000000008bc00000| Untracked 
| 189|0x000000008bd00000, 0x000000008bd00000, 0x000000008be00000|  0%| F|  |TAMS 0x000000008bd00000, 0x000000008bd00000| Untracked 
| 190|0x000000008be00000, 0x000000008be00000, 0x000000008bf00000|  0%| F|  |TAMS 0x000000008be00000, 0x000000008be00000| Untracked 
| 191|0x000000008bf00000, 0x000000008bf00000, 0x000000008c000000|  0%| F|  |TAMS 0x000000008bf00000, 0x000000008bf00000| Untracked 
| 192|0x000000008c000000, 0x000000008c000000, 0x000000008c100000|  0%| F|  |TAMS 0x000000008c000000, 0x000000008c000000| Untracked 
| 193|0x000000008c100000, 0x000000008c100000, 0x000000008c200000|  0%| F|  |TAMS 0x000000008c100000, 0x000000008c100000| Untracked 
| 194|0x000000008c200000, 0x000000008c200000, 0x000000008c300000|  0%| F|  |TAMS 0x000000008c200000, 0x000000008c200000| Untracked 
| 195|0x000000008c300000, 0x000000008c300000, 0x000000008c400000|  0%| F|  |TAMS 0x000000008c300000, 0x000000008c300000| Untracked 
| 196|0x000000008c400000, 0x000000008c400000, 0x000000008c500000|  0%| F|  |TAMS 0x000000008c400000, 0x000000008c400000| Untracked 
| 197|0x000000008c500000, 0x000000008c500000, 0x000000008c600000|  0%| F|  |TAMS 0x000000008c500000, 0x000000008c500000| Untracked 
| 198|0x000000008c600000, 0x000000008c600000, 0x000000008c700000|  0%| F|  |TAMS 0x000000008c600000, 0x000000008c600000| Untracked 
| 199|0x000000008c700000, 0x000000008c700000, 0x000000008c800000|  0%| F|  |TAMS 0x000000008c700000, 0x000000008c700000| Untracked 
| 200|0x000000008c800000, 0x000000008c800000, 0x000000008c900000|  0%| F|  |TAMS 0x000000008c800000, 0x000000008c800000| Untracked 
| 201|0x000000008c900000, 0x000000008c900000, 0x000000008ca00000|  0%| F|  |TAMS 0x000000008c900000, 0x000000008c900000| Untracked 
| 202|0x000000008ca00000, 0x000000008ca00000, 0x000000008cb00000|  0%| F|  |TAMS 0x000000008ca00000, 0x000000008ca00000| Untracked 
| 203|0x000000008cb00000, 0x000000008cb00000, 0x000000008cc00000|  0%| F|  |TAMS 0x000000008cb00000, 0x000000008cb00000| Untracked 
| 204|0x000000008cc00000, 0x000000008cc00000, 0x000000008cd00000|  0%| F|  |TAMS 0x000000008cc00000, 0x000000008cc00000| Untracked 
| 205|0x000000008cd00000, 0x000000008cd00000, 0x000000008ce00000|  0%| F|  |TAMS 0x000000008cd00000, 0x000000008cd00000| Untracked 
| 206|0x000000008ce00000, 0x000000008ce00000, 0x000000008cf00000|  0%| F|  |TAMS 0x000000008ce00000, 0x000000008ce00000| Untracked 
| 207|0x000000008cf00000, 0x000000008cf00000, 0x000000008d000000|  0%| F|  |TAMS 0x000000008cf00000, 0x000000008cf00000| Untracked 
| 208|0x000000008d000000, 0x000000008d000000, 0x000000008d100000|  0%| F|  |TAMS 0x000000008d000000, 0x000000008d000000| Untracked 
| 209|0x000000008d100000, 0x000000008d100000, 0x000000008d200000|  0%| F|  |TAMS 0x000000008d100000, 0x000000008d100000| Untracked 
| 210|0x000000008d200000, 0x000000008d200000, 0x000000008d300000|  0%| F|  |TAMS 0x000000008d200000, 0x000000008d200000| Untracked 
| 211|0x000000008d300000, 0x000000008d300000, 0x000000008d400000|  0%| F|  |TAMS 0x000000008d300000, 0x000000008d300000| Untracked 
| 212|0x000000008d400000, 0x000000008d400000, 0x000000008d500000|  0%| F|  |TAMS 0x000000008d400000, 0x000000008d400000| Untracked 
| 213|0x000000008d500000, 0x000000008d500000, 0x000000008d600000|  0%| F|  |TAMS 0x000000008d500000, 0x000000008d500000| Untracked 
| 214|0x000000008d600000, 0x000000008d600000, 0x000000008d700000|  0%| F|  |TAMS 0x000000008d600000, 0x000000008d600000| Untracked 
| 215|0x000000008d700000, 0x000000008d700000, 0x000000008d800000|  0%| F|  |TAMS 0x000000008d700000, 0x000000008d700000| Untracked 
| 216|0x000000008d800000, 0x000000008d800000, 0x000000008d900000|  0%| F|  |TAMS 0x000000008d800000, 0x000000008d800000| Untracked 
| 217|0x000000008d900000, 0x000000008d900000, 0x000000008da00000|  0%| F|  |TAMS 0x000000008d900000, 0x000000008d900000| Untracked 
| 218|0x000000008da00000, 0x000000008da00000, 0x000000008db00000|  0%| F|  |TAMS 0x000000008da00000, 0x000000008da00000| Untracked 
| 219|0x000000008db00000, 0x000000008db00000, 0x000000008dc00000|  0%| F|  |TAMS 0x000000008db00000, 0x000000008db00000| Untracked 
| 220|0x000000008dc00000, 0x000000008dc00000, 0x000000008dd00000|  0%| F|  |TAMS 0x000000008dc00000, 0x000000008dc00000| Untracked 
| 221|0x000000008dd00000, 0x000000008dd00000, 0x000000008de00000|  0%| F|  |TAMS 0x000000008dd00000, 0x000000008dd00000| Untracked 
| 222|0x000000008de00000, 0x000000008de00000, 0x000000008df00000|  0%| F|  |TAMS 0x000000008de00000, 0x000000008de00000| Untracked 
| 223|0x000000008df00000, 0x000000008df00000, 0x000000008e000000|  0%| F|  |TAMS 0x000000008df00000, 0x000000008df00000| Untracked 
| 224|0x000000008e000000, 0x000000008e000000, 0x000000008e100000|  0%| F|  |TAMS 0x000000008e000000, 0x000000008e000000| Untracked 
| 225|0x000000008e100000, 0x000000008e100000, 0x000000008e200000|  0%| F|  |TAMS 0x000000008e100000, 0x000000008e100000| Untracked 
| 226|0x000000008e200000, 0x000000008e200000, 0x000000008e300000|  0%| F|  |TAMS 0x000000008e200000, 0x000000008e200000| Untracked 
| 227|0x000000008e300000, 0x000000008e300000, 0x000000008e400000|  0%| F|  |TAMS 0x000000008e300000, 0x000000008e300000| Untracked 
| 228|0x000000008e400000, 0x000000008e400000, 0x000000008e500000|  0%| F|  |TAMS 0x000000008e400000, 0x000000008e400000| Untracked 
| 229|0x000000008e500000, 0x000000008e500000, 0x000000008e600000|  0%| F|  |TAMS 0x000000008e500000, 0x000000008e500000| Untracked 
| 230|0x000000008e600000, 0x000000008e600000, 0x000000008e700000|  0%| F|  |TAMS 0x000000008e600000, 0x000000008e600000| Untracked 
| 231|0x000000008e700000, 0x000000008e731cc0, 0x000000008e800000| 19%| E|  |TAMS 0x000000008e700000, 0x000000008e700000| Complete 
| 232|0x000000008e800000, 0x000000008e900000, 0x000000008e900000|100%| E|CS|TAMS 0x000000008e800000, 0x000000008e800000| Complete 
| 233|0x000000008e900000, 0x000000008ea00000, 0x000000008ea00000|100%| E|CS|TAMS 0x000000008e900000, 0x000000008e900000| Complete 
| 234|0x000000008ea00000, 0x000000008eb00000, 0x000000008eb00000|100%| E|CS|TAMS 0x000000008ea00000, 0x000000008ea00000| Complete 
| 235|0x000000008eb00000, 0x000000008ec00000, 0x000000008ec00000|100%| E|CS|TAMS 0x000000008eb00000, 0x000000008eb00000| Complete 
| 236|0x000000008ec00000, 0x000000008ed00000, 0x000000008ed00000|100%| E|CS|TAMS 0x000000008ec00000, 0x000000008ec00000| Complete 
| 237|0x000000008ed00000, 0x000000008ee00000, 0x000000008ee00000|100%| E|CS|TAMS 0x000000008ed00000, 0x000000008ed00000| Complete 
| 238|0x000000008ee00000, 0x000000008ef00000, 0x000000008ef00000|100%| E|CS|TAMS 0x000000008ee00000, 0x000000008ee00000| Complete 
| 239|0x000000008ef00000, 0x000000008f000000, 0x000000008f000000|100%| E|CS|TAMS 0x000000008ef00000, 0x000000008ef00000| Complete 
| 240|0x000000008f000000, 0x000000008f100000, 0x000000008f100000|100%| E|CS|TAMS 0x000000008f000000, 0x000000008f000000| Complete 
| 241|0x000000008f100000, 0x000000008f200000, 0x000000008f200000|100%| E|CS|TAMS 0x000000008f100000, 0x000000008f100000| Complete 
| 242|0x000000008f200000, 0x000000008f300000, 0x000000008f300000|100%| E|CS|TAMS 0x000000008f200000, 0x000000008f200000| Complete 
| 243|0x000000008f300000, 0x000000008f400000, 0x000000008f400000|100%| E|CS|TAMS 0x000000008f300000, 0x000000008f300000| Complete 
| 244|0x000000008f400000, 0x000000008f500000, 0x000000008f500000|100%| E|CS|TAMS 0x000000008f400000, 0x000000008f400000| Complete 
| 245|0x000000008f500000, 0x000000008f600000, 0x000000008f600000|100%| E|CS|TAMS 0x000000008f500000, 0x000000008f500000| Complete 
| 246|0x000000008f600000, 0x000000008f700000, 0x000000008f700000|100%| E|CS|TAMS 0x000000008f600000, 0x000000008f600000| Complete 
| 247|0x000000008f700000, 0x000000008f800000, 0x000000008f800000|100%| E|CS|TAMS 0x000000008f700000, 0x000000008f700000| Complete 
| 248|0x000000008f800000, 0x000000008f900000, 0x000000008f900000|100%| E|  |TAMS 0x000000008f800000, 0x000000008f800000| Complete 
| 249|0x000000008f900000, 0x000000008fa00000, 0x000000008fa00000|100%| E|CS|TAMS 0x000000008f900000, 0x000000008f900000| Complete 
| 250|0x000000008fa00000, 0x000000008fb00000, 0x000000008fb00000|100%| E|CS|TAMS 0x000000008fa00000, 0x000000008fa00000| Complete 
| 251|0x000000008fb00000, 0x000000008fc00000, 0x000000008fc00000|100%| E|CS|TAMS 0x000000008fb00000, 0x000000008fb00000| Complete 
| 252|0x000000008fc00000, 0x000000008fd00000, 0x000000008fd00000|100%| E|CS|TAMS 0x000000008fc00000, 0x000000008fc00000| Complete 
| 253|0x000000008fd00000, 0x000000008fe00000, 0x000000008fe00000|100%| E|CS|TAMS 0x000000008fd00000, 0x000000008fd00000| Complete 
| 254|0x000000008fe00000, 0x000000008ff00000, 0x000000008ff00000|100%| E|CS|TAMS 0x000000008fe00000, 0x000000008fe00000| Complete 
| 255|0x000000008ff00000, 0x0000000090000000, 0x0000000090000000|100%| E|CS|TAMS 0x000000008ff00000, 0x000000008ff00000| Complete 
| 256|0x0000000090000000, 0x0000000090100000, 0x0000000090100000|100%| E|CS|TAMS 0x0000000090000000, 0x0000000090000000| Complete 
| 257|0x0000000090100000, 0x0000000090200000, 0x0000000090200000|100%| E|CS|TAMS 0x0000000090100000, 0x0000000090100000| Complete 
| 258|0x0000000090200000, 0x0000000090300000, 0x0000000090300000|100%| E|CS|TAMS 0x0000000090200000, 0x0000000090200000| Complete 
| 259|0x0000000090300000, 0x0000000090400000, 0x0000000090400000|100%| E|CS|TAMS 0x0000000090300000, 0x0000000090300000| Complete 
| 260|0x0000000090400000, 0x0000000090500000, 0x0000000090500000|100%| E|CS|TAMS 0x0000000090400000, 0x0000000090400000| Complete 
| 261|0x0000000090500000, 0x0000000090600000, 0x0000000090600000|100%| E|CS|TAMS 0x0000000090500000, 0x0000000090500000| Complete 
| 262|0x0000000090600000, 0x0000000090700000, 0x0000000090700000|100%| E|CS|TAMS 0x0000000090600000, 0x0000000090600000| Complete 
| 263|0x0000000090700000, 0x0000000090800000, 0x0000000090800000|100%| E|CS|TAMS 0x0000000090700000, 0x0000000090700000| Complete 
| 264|0x0000000090800000, 0x0000000090900000, 0x0000000090900000|100%| E|CS|TAMS 0x0000000090800000, 0x0000000090800000| Complete 
| 265|0x0000000090900000, 0x0000000090a00000, 0x0000000090a00000|100%| E|CS|TAMS 0x0000000090900000, 0x0000000090900000| Complete 

Card table byte_map: [0x0000028467900000,0x0000028467d00000] _byte_map_base: 0x0000028467500000

Marking Bits (Prev, Next): (CMBitMap*) 0x00000284546e22d0, (CMBitMap*) 0x00000284546e2298
 Prev Bits: [0x000002846a100000, 0x000002846c100000)
 Next Bits: [0x0000028468100000, 0x000002846a100000)

Polling page: 0x0000028452610000

Metaspace:

Usage:
  Non-class:     92.28 MB capacity,    90.24 MB ( 98%) used,     1.64 MB (  2%) free+waste,   407.06 KB ( <1%) overhead. 
      Class:     13.87 MB capacity,    12.67 MB ( 91%) used,     1.03 MB (  7%) free+waste,   177.69 KB (  1%) overhead. 
       Both:    106.15 MB capacity,   102.91 MB ( 97%) used,     2.67 MB (  3%) free+waste,   584.75 KB ( <1%) overhead. 

Virtual space:
  Non-class space:       94.00 MB reserved,      93.08 MB (>99%) committed 
      Class space:        1.00 GB reserved,      14.50 MB (  1%) committed 
             Both:        1.09 GB reserved,     107.58 MB ( 10%) committed 

Chunk freelists:
   Non-Class:  693.00 KB
       Class:  579.00 KB
        Both:  1.24 MB

MaxMetaspaceSize: 17179869184.00 GB
CompressedClassSpaceSize: 1.00 GB
Initial GC threshold: 20.80 MB
Current GC threshold: 178.88 MB
CDS: off

CodeHeap 'non-profiled nmethods': size=120000Kb used=14323Kb max_used=14323Kb free=105676Kb
 bounds [0x000002845fca0000, 0x0000028460aa0000, 0x00000284671d0000]
CodeHeap 'profiled nmethods': size=120000Kb used=41356Kb max_used=41356Kb free=78643Kb
 bounds [0x0000028458770000, 0x000002845afe0000, 0x000002845fca0000]
CodeHeap 'non-nmethods': size=5760Kb used=1723Kb max_used=1791Kb free=4036Kb
 bounds [0x00000284581d0000, 0x0000028458440000, 0x0000028458770000]
 total_blobs=19741 nmethods=18949 adapters=701
 compilation: enabled
              stopped_count=0, restarted_count=0
 full_count=0

Compilation events (20 events):
Event: 2505.574 Thread 0x000002846f41b000 nmethod 21210 0x0000028460a98410 code [0x0000028460a985a0, 0x0000028460a98638]
Event: 2505.574 Thread 0x000002846f41b000 21211       4       com.sun.org.apache.xerces.internal.impl.XMLEntityScanner::normalizeNewlines (498 bytes)
Event: 2505.576 Thread 0x000002846f421800 nmethod 21206 0x000002845afd1f90 code [0x000002845afd2c60, 0x000002845afdc8e8]
Event: 2505.576 Thread 0x000002846f421800 21207       3       org.gradle.internal.snapshot.RootTrackingFileSystemSnapshotHierarchyVisitor::enterDirectory (28 bytes)
Event: 2505.577 Thread 0x000002846f421800 nmethod 21207 0x000002845934e590 code [0x000002845934e740, 0x000002845934e968]
Event: 2505.577 Thread 0x000002846f421800 21208   !   3       org.gradle.internal.execution.history.impl.FileSystemSnapshotSerializer$1::enterDirectory (33 bytes)
Event: 2505.577 Thread 0x000002846f421800 nmethod 21208 0x000002845934d910 code [0x000002845934db20, 0x000002845934e1e8]
Event: 2505.578 Thread 0x000002846f421800 21212       3       com.google.gson.internal.$Gson$Types::getRawType (157 bytes)
Event: 2505.579 Thread 0x000002846f421800 nmethod 21212 0x000002845891d910 code [0x000002845891dd00, 0x000002845891fa68]
Event: 2505.580 Thread 0x000002846f421800 21213       1       com.android.build.gradle.tasks.PackageAndroidArtifact$SplitterParams_Decorated::getModelIdentityDisplayName (5 bytes)
Event: 2505.580 Thread 0x000002846f421800 nmethod 21213 0x0000028460a98710 code [0x0000028460a988c0, 0x0000028460a98978]
Event: 2505.580 Thread 0x000002846f421800 21214  s    3       java.io.File::writeObject (12 bytes)
Event: 2505.581 Thread 0x000002846f421800 nmethod 21214 0x000002845934d190 code [0x000002845934d360, 0x000002845934d7b8]
Event: 2505.581 Thread 0x000002846f421800 21215       1       org.gradle.workers.internal.IsolatedParametersActionExecutionSpec::getDisplayName (5 bytes)
Event: 2505.581 Thread 0x000002846f421800 nmethod 21215 0x0000028460a98a10 code [0x0000028460a98bc0, 0x0000028460a98c78]
Event: 2505.581 Thread 0x000002846f421800 21216       1       org.gradle.internal.work.DefaultConditionalExecutionQueue::access$400 (5 bytes)
Event: 2505.581 Thread 0x000002846f421800 nmethod 21216 0x0000028460a98d10 code [0x0000028460a98ec0, 0x0000028460a98f58]
Event: 2505.581 Thread 0x000002846f421800 21217       1       org.gradle.internal.work.DefaultConditionalExecutionQueue::access$500 (5 bytes)
Event: 2505.581 Thread 0x000002846f421800 nmethod 21217 0x0000028460a99010 code [0x0000028460a991c0, 0x0000028460a99258]
Event: 2505.582 Thread 0x000002846f421800 21219   !   3       com.google.gson.Gson::getAdapter (258 bytes)

GC Heap History (20 events):
Event: 2452.591 GC heap before
{Heap before GC invocations=42 (full 0):
 garbage-first heap   total 272384K, used 211677K [0x0000000080000000, 0x0000000100000000)
  region size 1024K, 95 young (97280K), 6 survivors (6144K)
 Metaspace       used 103835K, capacity 107226K, committed 108880K, reserved 1142784K
  class space    used 12962K, capacity 14198K, committed 14848K, reserved 1048576K
}
Event: 2452.610 GC heap after
{Heap after GC invocations=43 (full 0):
 garbage-first heap   total 272384K, used 140197K [0x0000000080000000, 0x0000000100000000)
  region size 1024K, 12 young (12288K), 12 survivors (12288K)
 Metaspace       used 103835K, capacity 107226K, committed 108880K, reserved 1142784K
  class space    used 12962K, capacity 14198K, committed 14848K, reserved 1048576K
}
Event: 2452.615 GC heap before
{Heap before GC invocations=43 (full 0):
 garbage-first heap   total 272384K, used 141221K [0x0000000080000000, 0x0000000100000000)
  region size 1024K, 13 young (13312K), 12 survivors (12288K)
 Metaspace       used 103835K, capacity 107226K, committed 108880K, reserved 1142784K
  class space    used 12962K, capacity 14198K, committed 14848K, reserved 1048576K
}
Event: 2452.638 GC heap after
{Heap after GC invocations=44 (full 0):
 garbage-first heap   total 272384K, used 131878K [0x0000000080000000, 0x0000000100000000)
  region size 1024K, 2 young (2048K), 2 survivors (2048K)
 Metaspace       used 103835K, capacity 107226K, committed 108880K, reserved 1142784K
  class space    used 12962K, capacity 14198K, committed 14848K, reserved 1048576K
}
Event: 2453.164 GC heap before
{Heap before GC invocations=44 (full 0):
 garbage-first heap   total 272384K, used 211750K [0x0000000080000000, 0x0000000100000000)
  region size 1024K, 80 young (81920K), 2 survivors (2048K)
 Metaspace       used 104029K, capacity 107381K, committed 108880K, reserved 1142784K
  class space    used 12964K, capacity 14201K, committed 14848K, reserved 1048576K
}
Event: 2453.174 GC heap after
{Heap after GC invocations=45 (full 0):
 garbage-first heap   total 272384K, used 134323K [0x0000000080000000, 0x0000000100000000)
  region size 1024K, 4 young (4096K), 4 survivors (4096K)
 Metaspace       used 104029K, capacity 107381K, committed 108880K, reserved 1142784K
  class space    used 12964K, capacity 14201K, committed 14848K, reserved 1048576K
}
Event: 2502.727 GC heap before
{Heap before GC invocations=46 (full 0):
 garbage-first heap   total 272384K, used 262323K [0x0000000080000000, 0x0000000100000000)
  region size 1024K, 84 young (86016K), 4 survivors (4096K)
 Metaspace       used 104663K, capacity 108082K, committed 109648K, reserved 1144832K
  class space    used 12967K, capacity 14202K, committed 14848K, reserved 1048576K
}
Event: 2502.734 GC heap after
{Heap after GC invocations=47 (full 0):
 garbage-first heap   total 272384K, used 136788K [0x0000000080000000, 0x0000000100000000)
  region size 1024K, 7 young (7168K), 7 survivors (7168K)
 Metaspace       used 104663K, capacity 108082K, committed 109648K, reserved 1144832K
  class space    used 12967K, capacity 14202K, committed 14848K, reserved 1048576K
}
Event: 2502.766 GC heap before
{Heap before GC invocations=47 (full 0):
 garbage-first heap   total 272384K, used 142932K [0x0000000080000000, 0x0000000100000000)
  region size 1024K, 13 young (13312K), 7 survivors (7168K)
 Metaspace       used 104663K, capacity 108082K, committed 109648K, reserved 1144832K
  class space    used 12967K, capacity 14202K, committed 14848K, reserved 1048576K
}
Event: 2502.781 GC heap after
{Heap after GC invocations=48 (full 0):
 garbage-first heap   total 272384K, used 128072K [0x0000000080000000, 0x0000000100000000)
  region size 1024K, 2 young (2048K), 2 survivors (2048K)
 Metaspace       used 104663K, capacity 108082K, committed 109648K, reserved 1144832K
  class space    used 12967K, capacity 14202K, committed 14848K, reserved 1048576K
}
Event: 2503.269 GC heap before
{Heap before GC invocations=48 (full 0):
 garbage-first heap   total 272384K, used 192584K [0x0000000080000000, 0x0000000100000000)
  region size 1024K, 67 young (68608K), 2 survivors (2048K)
 Metaspace       used 104755K, capacity 108098K, committed 109648K, reserved 1144832K
  class space    used 12969K, capacity 14205K, committed 14848K, reserved 1048576K
}
Event: 2503.299 GC heap after
{Heap after GC invocations=49 (full 0):
 garbage-first heap   total 272384K, used 135135K [0x0000000080000000, 0x0000000100000000)
  region size 1024K, 9 young (9216K), 9 survivors (9216K)
 Metaspace       used 104755K, capacity 108098K, committed 109648K, reserved 1144832K
  class space    used 12969K, capacity 14205K, committed 14848K, reserved 1048576K
}
Event: 2504.303 GC heap before
{Heap before GC invocations=50 (full 0):
 garbage-first heap   total 272384K, used 216031K [0x0000000080000000, 0x0000000100000000)
  region size 1024K, 89 young (91136K), 9 survivors (9216K)
 Metaspace       used 104774K, capacity 108089K, committed 109648K, reserved 1144832K
  class space    used 12968K, capacity 14203K, committed 14848K, reserved 1048576K
}
Event: 2504.322 GC heap after
{Heap after GC invocations=51 (full 0):
 garbage-first heap   total 272384K, used 152643K [0x0000000080000000, 0x0000000100000000)
  region size 1024K, 12 young (12288K), 12 survivors (12288K)
 Metaspace       used 104774K, capacity 108089K, committed 109648K, reserved 1144832K
  class space    used 12968K, capacity 14203K, committed 14848K, reserved 1048576K
}
Event: 2504.330 GC heap before
{Heap before GC invocations=51 (full 0):
 garbage-first heap   total 272384K, used 153667K [0x0000000080000000, 0x0000000100000000)
  region size 1024K, 13 young (13312K), 12 survivors (12288K)
 Metaspace       used 104774K, capacity 108089K, committed 109648K, reserved 1144832K
  class space    used 12968K, capacity 14203K, committed 14848K, reserved 1048576K
}
Event: 2504.349 GC heap after
{Heap after GC invocations=52 (full 0):
 garbage-first heap   total 272384K, used 134312K [0x0000000080000000, 0x0000000100000000)
  region size 1024K, 2 young (2048K), 2 survivors (2048K)
 Metaspace       used 104774K, capacity 108089K, committed 109648K, reserved 1144832K
  class space    used 12968K, capacity 14203K, committed 14848K, reserved 1048576K
}
Event: 2504.469 GC heap before
{Heap before GC invocations=52 (full 0):
 garbage-first heap   total 272384K, used 145576K [0x0000000080000000, 0x0000000100000000)
  region size 1024K, 13 young (13312K), 2 survivors (2048K)
 Metaspace       used 104784K, capacity 108089K, committed 109648K, reserved 1144832K
  class space    used 12968K, capacity 14203K, committed 14848K, reserved 1048576K
}
Event: 2504.479 GC heap after
{Heap after GC invocations=53 (full 0):
 garbage-first heap   total 272384K, used 135695K [0x0000000080000000, 0x0000000100000000)
  region size 1024K, 2 young (2048K), 2 survivors (2048K)
 Metaspace       used 104784K, capacity 108089K, committed 109648K, reserved 1144832K
  class space    used 12968K, capacity 14203K, committed 14848K, reserved 1048576K
}
Event: 2505.128 GC heap before
{Heap before GC invocations=53 (full 0):
 garbage-first heap   total 272384K, used 213519K [0x0000000080000000, 0x0000000100000000)
  region size 1024K, 78 young (79872K), 2 survivors (2048K)
 Metaspace       used 105121K, capacity 108488K, committed 109904K, reserved 1144832K
  class space    used 12969K, capacity 14204K, committed 14848K, reserved 1048576K
}
Event: 2505.139 GC heap after
{Heap after GC invocations=54 (full 0):
 garbage-first heap   total 272384K, used 138473K [0x0000000080000000, 0x0000000100000000)
  region size 1024K, 5 young (5120K), 5 survivors (5120K)
 Metaspace       used 105121K, capacity 108488K, committed 109904K, reserved 1144832K
  class space    used 12969K, capacity 14204K, committed 14848K, reserved 1048576K
}

Deoptimization events (20 events):
Event: 2504.407 Thread 0x0000028470b14800 DEOPT PACKING pc=0x0000028460978a6c sp=0x000000ac64ef6660
Event: 2504.407 Thread 0x0000028470b14800 DEOPT UNPACKING pc=0x000002845821a1af sp=0x000000ac64ef6600 mode 2
Event: 2504.494 Thread 0x0000028470b14800 DEOPT PACKING pc=0x000002845a1b9b8e sp=0x000000ac64ef8050
Event: 2504.494 Thread 0x0000028470b14800 DEOPT UNPACKING pc=0x000002845821a95e sp=0x000000ac64ef7538 mode 0
Event: 2504.498 Thread 0x0000028470b14800 DEOPT PACKING pc=0x000002845a289e24 sp=0x000000ac64ef91a0
Event: 2504.498 Thread 0x0000028470b14800 DEOPT UNPACKING pc=0x000002845821a95e sp=0x000000ac64ef8638 mode 0
Event: 2504.510 Thread 0x0000028470b14800 DEOPT PACKING pc=0x0000028458806db4 sp=0x000000ac64ef9390
Event: 2504.510 Thread 0x0000028470b14800 DEOPT UNPACKING pc=0x000002845821a95e sp=0x000000ac64ef88e0 mode 0
Event: 2504.657 Thread 0x0000028470b14800 DEOPT PACKING pc=0x000002845a1cc4f6 sp=0x000000ac64ef93a0
Event: 2504.657 Thread 0x0000028470b14800 DEOPT UNPACKING pc=0x000002845821a95e sp=0x000000ac64ef8818 mode 0
Event: 2504.873 Thread 0x0000028470b14800 DEOPT PACKING pc=0x000002845a31d25e sp=0x000000ac64efa430
Event: 2504.873 Thread 0x0000028470b14800 DEOPT UNPACKING pc=0x000002845821a95e sp=0x000000ac64ef9988 mode 0
Event: 2505.139 Thread 0x0000028472816800 Uncommon trap: trap_request=0xffffffbe fr.pc=0x000002846098d938 relative=0x00000000000007f8
Event: 2505.139 Thread 0x0000028472816800 Uncommon trap: reason=profile_predicate action=maybe_recompile pc=0x000002846098d938 method=com.android.tools.r8.ir.regalloc.b.a(Lcom/android/tools/r8/internal/Xq;Lcom/android/tools/r8/ir/regalloc/a;)Z @ 146 c2
Event: 2505.139 Thread 0x0000028472816800 DEOPT PACKING pc=0x000002846098d938 sp=0x000000ac65dfbe70
Event: 2505.139 Thread 0x0000028472816800 DEOPT UNPACKING pc=0x000002845821a1af sp=0x000000ac65dfbe18 mode 2
Event: 2505.448 Thread 0x0000028472816800 DEOPT PACKING pc=0x000002845aa7f822 sp=0x000000ac65dfd630
Event: 2505.448 Thread 0x0000028472816800 DEOPT UNPACKING pc=0x000002845821a95e sp=0x000000ac65dfcae8 mode 0
Event: 2505.515 Thread 0x0000028472813800 DEOPT PACKING pc=0x0000028459c61942 sp=0x000000ac660fd130
Event: 2505.515 Thread 0x0000028472813800 DEOPT UNPACKING pc=0x000002845821a95e sp=0x000000ac660fc588 mode 0

Classes redefined (0 events):
No events

Internal exceptions (20 events):
Event: 2504.518 Thread 0x0000028470b14800 Exception <a 'sun/nio/fs/WindowsException'{0x000000009042e758}> (0x000000009042e758) thrown at [src/hotspot/share/prims/jni.cpp, line 617]
Event: 2504.587 Thread 0x0000028470b14800 Exception <a 'sun/nio/fs/WindowsException'{0x000000008f9619b0}> (0x000000008f9619b0) thrown at [src/hotspot/share/prims/jni.cpp, line 617]
Event: 2504.587 Thread 0x0000028470b14800 Exception <a 'sun/nio/fs/WindowsException'{0x000000008f961b68}> (0x000000008f961b68) thrown at [src/hotspot/share/prims/jni.cpp, line 617]
Event: 2504.608 Thread 0x0000028470b14800 Exception <a 'sun/nio/fs/WindowsException'{0x000000008f6571d8}> (0x000000008f6571d8) thrown at [src/hotspot/share/prims/jni.cpp, line 617]
Event: 2504.671 Thread 0x0000028470b14800 Exception <a 'sun/nio/fs/WindowsException'{0x000000008ebac290}> (0x000000008ebac290) thrown at [src/hotspot/share/prims/jni.cpp, line 617]
Event: 2504.672 Thread 0x0000028470b14800 Exception <a 'sun/nio/fs/WindowsException'{0x000000008ebb63e8}> (0x000000008ebb63e8) thrown at [src/hotspot/share/prims/jni.cpp, line 617]
Event: 2504.673 Thread 0x0000028470b14800 Exception <a 'sun/nio/fs/WindowsException'{0x000000008ebbed90}> (0x000000008ebbed90) thrown at [src/hotspot/share/prims/jni.cpp, line 617]
Event: 2504.675 Thread 0x0000028470b14800 Exception <a 'sun/nio/fs/WindowsException'{0x000000008ebc8788}> (0x000000008ebc8788) thrown at [src/hotspot/share/prims/jni.cpp, line 617]
Event: 2504.677 Thread 0x0000028470b14800 Exception <a 'sun/nio/fs/WindowsException'{0x000000008ebd3138}> (0x000000008ebd3138) thrown at [src/hotspot/share/prims/jni.cpp, line 617]
Event: 2504.684 Thread 0x0000028470b14800 Exception <a 'sun/nio/fs/WindowsException'{0x000000008ea37e78}> (0x000000008ea37e78) thrown at [src/hotspot/share/prims/jni.cpp, line 617]
Event: 2504.698 Thread 0x0000028470b14800 Exception <a 'sun/nio/fs/WindowsException'{0x000000008e8cd198}> (0x000000008e8cd198) thrown at [src/hotspot/share/prims/jni.cpp, line 617]
Event: 2504.698 Thread 0x0000028470b14800 Exception <a 'sun/nio/fs/WindowsException'{0x000000008e8cd338}> (0x000000008e8cd338) thrown at [src/hotspot/share/prims/jni.cpp, line 617]
Event: 2504.750 Thread 0x0000028470b14800 Exception <a 'sun/nio/fs/WindowsException'{0x000000008de573d8}> (0x000000008de573d8) thrown at [src/hotspot/share/prims/jni.cpp, line 617]
Event: 2505.029 Thread 0x0000028470b1a000 Exception <a 'sun/nio/fs/WindowsException'{0x000000008c3eae68}> (0x000000008c3eae68) thrown at [src/hotspot/share/prims/jni.cpp, line 617]
Event: 2505.031 Thread 0x0000028472816800 Exception <a 'sun/nio/fs/WindowsException'{0x000000008c2487c0}> (0x000000008c2487c0) thrown at [src/hotspot/share/prims/jni.cpp, line 617]
Event: 2505.090 Thread 0x0000028470b1a000 Exception <a 'sun/nio/fs/WindowsException'{0x000000008bd719f0}> (0x000000008bd719f0) thrown at [src/hotspot/share/prims/jni.cpp, line 617]
Event: 2505.457 Thread 0x0000028472816800 Exception <a 'sun/nio/fs/WindowsException'{0x000000008fefb698}> (0x000000008fefb698) thrown at [src/hotspot/share/prims/jni.cpp, line 617]
Event: 2505.459 Thread 0x0000028472816800 Exception <a 'sun/nio/fs/WindowsException'{0x000000008fd45320}> (0x000000008fd45320) thrown at [src/hotspot/share/prims/jni.cpp, line 617]
Event: 2505.496 Thread 0x0000028472813800 Exception <a 'sun/nio/fs/WindowsException'{0x000000008f866520}> (0x000000008f866520) thrown at [src/hotspot/share/prims/jni.cpp, line 617]
Event: 2505.567 Thread 0x0000028472813800 Exception <a 'sun/nio/fs/WindowsException'{0x000000008ec71998}> (0x000000008ec71998) thrown at [src/hotspot/share/prims/jni.cpp, line 617]

Events (20 events):
Event: 2505.020 Thread 0x0000028472817800 Thread added: 0x0000028472817800
Event: 2505.021 Thread 0x0000028472813800 Thread added: 0x0000028472813800
Event: 2505.021 Thread 0x0000028472812800 Thread added: 0x0000028472812800
Event: 2505.021 Thread 0x0000028472819000 Thread added: 0x0000028472819000
Event: 2505.024 Executing VM operation: RevokeBias
Event: 2505.025 Executing VM operation: RevokeBias done
Event: 2505.032 Executing VM operation: RevokeBias
Event: 2505.033 Executing VM operation: RevokeBias done
Event: 2505.063 Executing VM operation: ICBufferFull
Event: 2505.063 Executing VM operation: ICBufferFull done
Event: 2505.068 Executing VM operation: RevokeBias
Event: 2505.069 Executing VM operation: RevokeBias done
Event: 2505.097 Executing VM operation: ICBufferFull
Event: 2505.097 Executing VM operation: ICBufferFull done
Event: 2505.128 Executing VM operation: G1CollectForAllocation
Event: 2505.139 Executing VM operation: G1CollectForAllocation done
Event: 2505.317 Executing VM operation: CGC_Operation
Event: 2505.333 Executing VM operation: CGC_Operation done
Event: 2505.432 Executing VM operation: CGC_Operation
Event: 2505.432 Executing VM operation: CGC_Operation done


Dynamic libraries:
0x00007ff691b40000 - 0x00007ff691b4a000 	C:\Program Files\Android\Android Studio\jbr\bin\java.exe
0x00007ffe607f0000 - 0x00007ffe609e8000 	C:\Windows\SYSTEM32\ntdll.dll
0x00007ffe60160000 - 0x00007ffe6021d000 	C:\Windows\System32\KERNEL32.DLL
0x00007ffe5e490000 - 0x00007ffe5e786000 	C:\Windows\System32\KERNELBASE.dll
0x00007ffe5e040000 - 0x00007ffe5e140000 	C:\Windows\System32\ucrtbase.dll
0x00007ffe52960000 - 0x00007ffe52977000 	C:\Program Files\Android\Android Studio\jbr\bin\jli.dll
0x00007ffe49180000 - 0x00007ffe4919b000 	C:\Program Files\Android\Android Studio\jbr\bin\VCRUNTIME140.dll
0x00007ffe5f0c0000 - 0x00007ffe5f25e000 	C:\Windows\System32\USER32.dll
0x00007ffe5e340000 - 0x00007ffe5e362000 	C:\Windows\System32\win32u.dll
0x00007ffe422f0000 - 0x00007ffe4258a000 	C:\Windows\WinSxS\amd64_microsoft.windows.common-controls_6595b64144ccf1df_6.0.19041.1110_none_60b5254171f9507e\COMCTL32.dll
0x00007ffe5ea10000 - 0x00007ffe5ea3c000 	C:\Windows\System32\GDI32.dll
0x00007ffe5ee30000 - 0x00007ffe5eece000 	C:\Windows\System32\msvcrt.dll
0x00007ffe5e370000 - 0x00007ffe5e48a000 	C:\Windows\System32\gdi32full.dll
0x00007ffe5e2a0000 - 0x00007ffe5e33d000 	C:\Windows\System32\msvcp_win.dll
0x00007ffe5f2e0000 - 0x00007ffe5f310000 	C:\Windows\System32\IMM32.DLL
0x00007ffe53090000 - 0x00007ffe5309c000 	C:\Program Files\Android\Android Studio\jbr\bin\vcruntime140_1.dll
0x00007ffe425f0000 - 0x00007ffe4267d000 	C:\Program Files\Android\Android Studio\jbr\bin\msvcp140.dll
0x00007ffe1ad20000 - 0x00007ffe1b8dc000 	C:\Program Files\Android\Android Studio\jbr\bin\server\jvm.dll
0x00007ffe5f510000 - 0x00007ffe5f5be000 	C:\Windows\System32\ADVAPI32.dll
0x00007ffe5ed80000 - 0x00007ffe5ee1c000 	C:\Windows\System32\sechost.dll
0x00007ffe5ec50000 - 0x00007ffe5ed76000 	C:\Windows\System32\RPCRT4.dll
0x00007ffe5e950000 - 0x00007ffe5e958000 	C:\Windows\System32\PSAPI.DLL
0x00007ffe56950000 - 0x00007ffe56959000 	C:\Windows\SYSTEM32\WSOCK32.dll
0x00007ffe48720000 - 0x00007ffe48747000 	C:\Windows\SYSTEM32\WINMM.dll
0x00007ffe53c90000 - 0x00007ffe53c9a000 	C:\Windows\SYSTEM32\VERSION.dll
0x00007ffe5f3c0000 - 0x00007ffe5f42b000 	C:\Windows\System32\WS2_32.dll
0x00007ffe5c6f0000 - 0x00007ffe5c702000 	C:\Windows\SYSTEM32\kernel.appcore.dll
0x00007ffe56850000 - 0x00007ffe56860000 	C:\Program Files\Android\Android Studio\jbr\bin\verify.dll
0x00007ffe58740000 - 0x00007ffe58924000 	C:\Windows\SYSTEM32\DBGHELP.DLL
0x00007ffe45ba0000 - 0x00007ffe45bd4000 	C:\Windows\SYSTEM32\dbgcore.DLL
0x00007ffe5ded0000 - 0x00007ffe5df52000 	C:\Windows\System32\bcryptPrimitives.dll
0x00007ffe53a80000 - 0x00007ffe53aa8000 	C:\Program Files\Android\Android Studio\jbr\bin\java.dll
0x00007ffe55d40000 - 0x00007ffe55d4a000 	C:\Program Files\Android\Android Studio\jbr\bin\jimage.dll
0x00007ffe55810000 - 0x00007ffe55828000 	C:\Program Files\Android\Android Studio\jbr\bin\zip.dll
0x00007ffe5f5c0000 - 0x00007ffe5fd05000 	C:\Windows\System32\SHELL32.dll
0x00007ffe5bf40000 - 0x00007ffe5c6db000 	C:\Windows\SYSTEM32\windows.storage.dll
0x00007ffe5fe00000 - 0x00007ffe60154000 	C:\Windows\System32\combase.dll
0x00007ffe5d910000 - 0x00007ffe5d93e000 	C:\Windows\SYSTEM32\Wldp.dll
0x00007ffe5e960000 - 0x00007ffe5ea0d000 	C:\Windows\System32\SHCORE.dll
0x00007ffe5f060000 - 0x00007ffe5f0b5000 	C:\Windows\System32\shlwapi.dll
0x00007ffe5de00000 - 0x00007ffe5de25000 	C:\Windows\SYSTEM32\profapi.dll
0x00007ffe54fc0000 - 0x00007ffe54fd9000 	C:\Program Files\Android\Android Studio\jbr\bin\net.dll
0x00007ffe51030000 - 0x00007ffe5113a000 	C:\Windows\SYSTEM32\WINHTTP.dll
0x00007ffe5d670000 - 0x00007ffe5d6da000 	C:\Windows\system32\mswsock.dll
0x00007ffe54d60000 - 0x00007ffe54d73000 	C:\Program Files\Android\Android Studio\jbr\bin\nio.dll
0x00007ffe49400000 - 0x00007ffe49427000 	C:\Users\MAQS\.gradle\native\e1d6ef7f7dcc3fd88c89a11ec53ec762bb8ba0a96d01ffa2cd45eb1d1d8dd5c5\windows-amd64\native-platform.dll
0x00007ffe22990000 - 0x00007ffe22ad4000 	C:\Users\MAQS\.gradle\native\0d407fdbe67a94daf76414ababcb853783967236a71b16ec16e742cd7a986fd3\windows-amd64\native-platform-file-events.dll
0x00007ffe55200000 - 0x00007ffe5520a000 	C:\Program Files\Android\Android Studio\jbr\bin\management.dll
0x00007ffe55090000 - 0x00007ffe5509b000 	C:\Program Files\Android\Android Studio\jbr\bin\management_ext.dll
0x00007ffe5d870000 - 0x00007ffe5d888000 	C:\Windows\SYSTEM32\CRYPTSP.dll
0x00007ffe5cf10000 - 0x00007ffe5cf44000 	C:\Windows\system32\rsaenh.dll
0x00007ffe5e010000 - 0x00007ffe5e037000 	C:\Windows\System32\bcrypt.dll
0x00007ffe5ddc0000 - 0x00007ffe5ddee000 	C:\Windows\SYSTEM32\USERENV.dll
0x00007ffe5d860000 - 0x00007ffe5d86c000 	C:\Windows\SYSTEM32\CRYPTBASE.dll
0x00007ffe5d2f0000 - 0x00007ffe5d32b000 	C:\Windows\SYSTEM32\IPHLPAPI.DLL
0x00007ffe5e850000 - 0x00007ffe5e858000 	C:\Windows\System32\NSI.dll
0x00007ffe51fe0000 - 0x00007ffe51ff7000 	C:\Windows\SYSTEM32\dhcpcsvc6.DLL
0x00007ffe528a0000 - 0x00007ffe528bd000 	C:\Windows\SYSTEM32\dhcpcsvc.DLL
0x00007ffe5d330000 - 0x00007ffe5d3fa000 	C:\Windows\SYSTEM32\DNSAPI.dll
0x00007ffe53a00000 - 0x00007ffe53a27000 	C:\Program Files\Android\Android Studio\jbr\bin\sunec.dll

dbghelp: loaded successfully - version: 4.0.5 - missing functions: none
symbol engine: initialized successfully - sym options: 0x614 - pdb path: .;C:\Program Files\Android\Android Studio\jbr\bin;C:\Windows\SYSTEM32;C:\Windows\WinSxS\amd64_microsoft.windows.common-controls_6595b64144ccf1df_6.0.19041.1110_none_60b5254171f9507e;C:\Program Files\Android\Android Studio\jbr\bin\server;C:\Users\MAQS\.gradle\native\e1d6ef7f7dcc3fd88c89a11ec53ec762bb8ba0a96d01ffa2cd45eb1d1d8dd5c5\windows-amd64;C:\Users\MAQS\.gradle\native\0d407fdbe67a94daf76414ababcb853783967236a71b16ec16e742cd7a986fd3\windows-amd64

VM Arguments:
jvm_args: --add-opens=java.base/java.util=ALL-UNNAMED --add-opens=java.base/java.lang=ALL-UNNAMED --add-opens=java.base/java.lang.invoke=ALL-UNNAMED --add-opens=java.base/java.util=ALL-UNNAMED --add-opens=java.prefs/java.util.prefs=ALL-UNNAMED --add-opens=java.prefs/java.util.prefs=ALL-UNNAMED --add-opens=java.base/java.nio.charset=ALL-UNNAMED --add-opens=java.base/java.net=ALL-UNNAMED --add-opens=java.base/java.util.concurrent.atomic=ALL-UNNAMED -Xmx2048m -Dfile.encoding=UTF-8 -Duser.country=US -Duser.language=en -Duser.variant 
java_command: org.gradle.launcher.daemon.bootstrap.GradleDaemon 7.5
java_class_path (initial): C:\Users\MAQS\.gradle\wrapper\dists\gradle-7.5-bin\f1w0cc9nuo0eivz97x2xlu9sv\gradle-7.5\lib\gradle-launcher-7.5.jar
Launcher Type: SUN_STANDARD

[Global flags]
     intx CICompilerCount                          = 4                                         {product} {ergonomic}
     uint ConcGCThreads                            = 2                                         {product} {ergonomic}
     uint G1ConcRefinementThreads                  = 8                                         {product} {ergonomic}
   size_t G1HeapRegionSize                         = 1048576                                   {product} {ergonomic}
    uintx GCDrainStackTargetSize                   = 64                                        {product} {ergonomic}
   size_t InitialHeapSize                          = 268435456                                 {product} {ergonomic}
   size_t MarkStackSize                            = 4194304                                   {product} {ergonomic}
   size_t MaxHeapSize                              = 2147483648                                {product} {command line}
   size_t MaxNewSize                               = 1287651328                                {product} {ergonomic}
   size_t MinHeapDeltaBytes                        = 1048576                                   {product} {ergonomic}
    uintx NonNMethodCodeHeapSize                   = 5836300                                {pd product} {ergonomic}
    uintx NonProfiledCodeHeapSize                  = 122910970                              {pd product} {ergonomic}
    uintx ProfiledCodeHeapSize                     = 122910970                              {pd product} {ergonomic}
    uintx ReservedCodeCacheSize                    = 251658240                              {pd product} {ergonomic}
     bool SegmentedCodeCache                       = true                                      {product} {ergonomic}
     bool UseCompressedClassPointers               = true                                 {lp64_product} {ergonomic}
     bool UseCompressedOops                        = true                                 {lp64_product} {ergonomic}
     bool UseG1GC                                  = true                                      {product} {ergonomic}
     bool UseLargePagesIndividualAllocation        = false                                  {pd product} {ergonomic}

Logging:
Log output configuration:
 #0: stdout all=warning uptime,level,tags
 #1: stderr all=off uptime,level,tags

Environment Variables:
PATH=E:\jdk-20.0.1;C:\Windows;C:\Windows\System32\Wbem;C:\Windows\System32\WindowsPowerShell\v1.0\;C:\Windows\System32\OpenSSH\;C:\Program Files\Git\cmd;C:\Users\MAQS\AppData\Local\Microsoft\WindowsApps;
USERNAME=MAQS
OS=Windows_NT
PROCESSOR_IDENTIFIER=Intel64 Family 6 Model 158 Stepping 9, GenuineIntel



---------------  S Y S T E M  ---------------

OS: Windows 10 , 64 bit Build 19041 (10.0.19041.3393)
OS uptime: 13 days 22:58 hours

CPU:total 8 (initial active 8) (4 cores per cpu, 2 threads per core) family 6 model 158 stepping 9 microcode 0xb4, cmov, cx8, fxsr, mmx, sse, sse2, sse3, ssse3, sse4.1, sse4.2, popcnt, avx, avx2, aes, clmul, erms, rtm, 3dnowpref, lzcnt, ht, tsc, tscinvbit, bmi1, bmi2, adx, fma

Memory: 4k page, system-wide physical 16263M (4101M free)
TotalPageFile size 18311M (AvailPageFile size 5M)
current process WorkingSet (physical memory assigned to process): 622M, peak: 624M
current process commit charge ("private bytes"): 659M, peak: 661M

vm_info: OpenJDK 64-Bit Server VM (11.0.15+0-b2043.56-9505619) for windows-amd64 JRE (11.0.15+0-b2043.56-9505619), built on Jan 19 2023 02:48:00 by "builduser" with unknown MS VC++:1929

END.
