#
# There is insufficient memory for the Java Runtime Environment to continue.
# Native memory allocation (malloc) failed to allocate 1197936 bytes for Chunk::new
# Possible reasons:
#   The system is out of physical RAM or swap space
#   The process is running with CompressedOops enabled, and the Java Heap may be blocking the growth of the native heap
# Possible solutions:
#   Reduce memory load on the system
#   Increase physical memory or swap space
#   Check if swap backing store is full
#   Decrease Java heap size (-Xmx/-Xms)
#   Decrease number of Java threads
#   Decrease Java thread stack sizes (-Xss)
#   Set larger code cache with -XX:ReservedCodeCacheSize=
#   JVM is running with Unscaled Compressed Oops mode in which the Java heap is
#     placed in the first 4GB address space. The Java Heap base address is the
#     maximum limit for the native heap growth. Please use -XX:HeapBaseMinAddress
#     to set the Java Heap base and to place the Java Heap above 4GB virtual address.
# This output file may be truncated or incomplete.
#
#  Out of Memory Error (src/hotspot/share/memory/arena.cpp:197), pid=16976, tid=17524
#
# JRE version: OpenJDK Runtime Environment (11.0.15) (build 11.0.15+0-b2043.56-9505619)
# Java VM: OpenJDK 64-Bit Server VM (11.0.15+0-b2043.56-9505619, mixed mode, tiered, compressed oops, g1 gc, windows-amd64)
# No core dump will be written. Minidumps are not enabled by default on client versions of Windows
#

---------------  S U M M A R Y ------------

Command Line: --add-opens=java.base/java.util=ALL-UNNAMED --add-opens=java.base/java.lang=ALL-UNNAMED --add-opens=java.base/java.lang.invoke=ALL-UNNAMED --add-opens=java.base/java.util=ALL-UNNAMED --add-opens=java.prefs/java.util.prefs=ALL-UNNAMED --add-opens=java.prefs/java.util.prefs=ALL-UNNAMED --add-opens=java.base/java.nio.charset=ALL-UNNAMED --add-opens=java.base/java.net=ALL-UNNAMED --add-opens=java.base/java.util.concurrent.atomic=ALL-UNNAMED -Xmx2048m -Dfile.encoding=UTF-8 -Duser.country=US -Duser.language=en -Duser.variant org.gradle.launcher.daemon.bootstrap.GradleDaemon 7.5

Host: Intel(R) Core(TM) i7-7820HQ CPU @ 2.90GHz, 8 cores, 15G,  Windows 10 , 64 bit Build 19041 (10.0.19041.3393)
Time: Wed Oct 11 16:07:51 2023 Pakistan Standard Time elapsed time: 20.096222 seconds (0d 0h 0m 20s)

---------------  T H R E A D  ---------------

Current thread (0x00000238158cd000):  JavaThread "C2 CompilerThread0" daemon [_thread_in_native, id=17524, stack(0x000000a56df00000,0x000000a56e000000)]


Current CompileTask:
C2:  20096 13398       4       org.gradle.internal.instantiation.generator.AbstractClassGenerator::inspectType (560 bytes)

Stack: [0x000000a56df00000,0x000000a56e000000]
Native frames: (J=compiled Java code, j=interpreted, Vv=VM code, C=native code)
V  [jvm.dll+0x64135a]
V  [jvm.dll+0x7d39f9]
V  [jvm.dll+0x7d51b9]
V  [jvm.dll+0x7d58a3]
V  [jvm.dll+0x2691c5]
V  [jvm.dll+0xc1a5c]
V  [jvm.dll+0xc200c]
V  [jvm.dll+0x2da2c2]
V  [jvm.dll+0x54cad9]
V  [jvm.dll+0x22a011]
V  [jvm.dll+0x223809]
V  [jvm.dll+0x220384]
V  [jvm.dll+0x19e851]
V  [jvm.dll+0x230479]
V  [jvm.dll+0x22e5ef]
V  [jvm.dll+0x794de1]
V  [jvm.dll+0x78dc24]
V  [jvm.dll+0x6400f6]
C  [ucrtbase.dll+0x21bb2]
C  [KERNEL32.DLL+0x17344]
C  [ntdll.dll+0x526b1]


---------------  P R O C E S S  ---------------

Threads class SMR info:
_java_thread_list=0x000002381bca04e0, length=142, elements={
0x000002387aa44800, 0x000002381585c800, 0x000002381585e000, 0x00000238158be800,
0x00000238158c0800, 0x00000238158c1800, 0x00000238158cd000, 0x00000238158d3800,
0x00000238158dd000, 0x0000023815a47000, 0x0000023817fbe800, 0x00000238167a6800,
0x000002381627c000, 0x0000023817b1b800, 0x0000023818465000, 0x0000023817c13000,
0x000002381732a800, 0x000002381802e800, 0x0000023818453800, 0x0000023817050800,
0x0000023818662800, 0x0000023818389800, 0x000002381838a800, 0x000002381838b000,
0x0000023818387000, 0x0000023818385800, 0x0000023818388000, 0x000002381838c000,
0x0000023818386000, 0x0000023818388800, 0x0000023819203800, 0x00000238191fd800,
0x0000023816ad3000, 0x0000023819200000, 0x0000023819202800, 0x0000023819201000,
0x0000023819204000, 0x00000238191fe800, 0x0000023819205000, 0x00000238191ff800,
0x0000023819207800, 0x000002381920a800, 0x000002381920b800, 0x0000023819208800,
0x0000023819206000, 0x0000023819209000, 0x0000023819206800, 0x000002381920a000,
0x000002381920c800, 0x000002381df3c800, 0x000002381df3e000, 0x000002381df41800,
0x000002381df42800, 0x000002381df3d800, 0x000002381df43000, 0x000002381df40000,
0x000002381df3f000, 0x000002381df40800, 0x000002381ded6800, 0x000002381ded8000,
0x000002381deda800, 0x000002381ded7000, 0x000002381ded9800, 0x000002381dedc000,
0x000002381ded9000, 0x000002381dee0000, 0x000002381dedd000, 0x000002381dede800,
0x000002381dedf800, 0x000002381dee1000, 0x000002381dedd800, 0x000002381dedb800,
0x000002381dee2000, 0x000002381dee2800, 0x000002381dee3800, 0x000002381dee5000,
0x000002381dee4800, 0x0000023819235800, 0x0000023819232000, 0x0000023819233800,
0x000002381922f800, 0x0000023819234800, 0x0000023819236000, 0x0000023819230800,
0x0000023819237000, 0x0000023819233000, 0x0000023819231800, 0x0000023819239800,
0x000002381923a800, 0x0000023819238800, 0x000002381923b000, 0x0000023819238000,
0x000002381923c000, 0x000002381923c800, 0x000002381923d800, 0x000002381923e800,
0x0000023819243000, 0x0000023819243800, 0x0000023819241800, 0x0000023819240800,
0x0000023819242000, 0x000002381923f800, 0x0000023819245800, 0x000002381924a800,
0x0000023819244800, 0x000002381924b000, 0x000002381924c000, 0x0000023819246000,
0x000002381924c800, 0x0000023819248800, 0x0000023819249800, 0x0000023819247000,
0x000002381924d800, 0x0000023819248000, 0x000002381924e800, 0x0000023818dba800,
0x0000023818db7000, 0x0000023818dbb000, 0x0000023818dbc800, 0x0000023818dbd800,
0x0000023818dbc000, 0x0000023818db8000, 0x0000023818db8800, 0x0000023818dbf000,
0x0000023818dbe800, 0x0000023818db9800, 0x0000023818dc5000, 0x0000023818dc4000,
0x0000023818dc2800, 0x0000023818dc1000, 0x0000023818dc1800, 0x0000023818dc0000,
0x0000023818dc3800, 0x0000023818dc5800, 0x000002381dc0b000, 0x000002381dc09800,
0x000002381dc06000, 0x000002381dc0a800, 0x000002381dc07000, 0x000002381dc0c000,
0x000002381dc08800, 0x000002381dc08000
}

Java Threads: ( => current thread )
  0x000002387aa44800 JavaThread "main" [_thread_blocked, id=18552, stack(0x000000a56d300000,0x000000a56d400000)]
  0x000002381585c800 JavaThread "Reference Handler" daemon [_thread_blocked, id=19064, stack(0x000000a56da00000,0x000000a56db00000)]
  0x000002381585e000 JavaThread "Finalizer" daemon [_thread_blocked, id=21188, stack(0x000000a56db00000,0x000000a56dc00000)]
  0x00000238158be800 JavaThread "Signal Dispatcher" daemon [_thread_blocked, id=14656, stack(0x000000a56dc00000,0x000000a56dd00000)]
  0x00000238158c0800 JavaThread "Attach Listener" daemon [_thread_blocked, id=5920, stack(0x000000a56dd00000,0x000000a56de00000)]
  0x00000238158c1800 JavaThread "Service Thread" daemon [_thread_blocked, id=17140, stack(0x000000a56de00000,0x000000a56df00000)]
=>0x00000238158cd000 JavaThread "C2 CompilerThread0" daemon [_thread_in_native, id=17524, stack(0x000000a56df00000,0x000000a56e000000)]
  0x00000238158d3800 JavaThread "C1 CompilerThread0" daemon [_thread_in_native, id=19840, stack(0x000000a56e000000,0x000000a56e100000)]
  0x00000238158dd000 JavaThread "Sweeper thread" daemon [_thread_blocked, id=10028, stack(0x000000a56e100000,0x000000a56e200000)]
  0x0000023815a47000 JavaThread "Common-Cleaner" daemon [_thread_blocked, id=8956, stack(0x000000a56e200000,0x000000a56e300000)]
  0x0000023817fbe800 JavaThread "Daemon health stats" [_thread_blocked, id=6644, stack(0x000000a56eb00000,0x000000a56ec00000)]
  0x00000238167a6800 JavaThread "Incoming local TCP Connector on port 49404" [_thread_in_native, id=13472, stack(0x000000a56e400000,0x000000a56e500000)]
  0x000002381627c000 JavaThread "Daemon periodic checks" [_thread_blocked, id=10128, stack(0x000000a56e500000,0x000000a56e600000)]
  0x0000023817b1b800 JavaThread "Daemon" [_thread_blocked, id=3652, stack(0x000000a56ec00000,0x000000a56ed00000)]
  0x0000023818465000 JavaThread "Handler for socket connection from /127.0.0.1:49404 to /127.0.0.1:49405" [_thread_in_native, id=8848, stack(0x000000a56ed00000,0x000000a56ee00000)]
  0x0000023817c13000 JavaThread "Cancel handler" [_thread_blocked, id=15796, stack(0x000000a56ee00000,0x000000a56ef00000)]
  0x000002381732a800 JavaThread "Daemon worker" [_thread_blocked, id=3472, stack(0x000000a56ef00000,0x000000a56f000000)]
  0x000002381802e800 JavaThread "C2 CompilerThread1" daemon [_thread_blocked, id=10652, stack(0x000000a56f000000,0x000000a56f100000)]
  0x0000023818453800 JavaThread "Asynchronous log dispatcher for DefaultDaemonConnection: socket connection from /127.0.0.1:49404 to /127.0.0.1:49405" [_thread_blocked, id=13196, stack(0x000000a56f100000,0x000000a56f200000)]
  0x0000023817050800 JavaThread "Stdin handler" [_thread_blocked, id=2184, stack(0x000000a56f200000,0x000000a56f300000)]
  0x0000023818662800 JavaThread "Daemon client event forwarder" [_thread_blocked, id=19492, stack(0x000000a56f300000,0x000000a56f400000)]
  0x0000023818389800 JavaThread "Cache worker for journal cache (C:\Users\MAQS\.gradle\caches\journal-1)" [_thread_blocked, id=14676, stack(0x000000a56f400000,0x000000a56f500000)]
  0x000002381838a800 JavaThread "File lock request listener" [_thread_in_native, id=15344, stack(0x000000a56f500000,0x000000a56f600000)]
  0x000002381838b000 JavaThread "Cache worker for file hash cache (C:\Users\MAQS\.gradle\caches\7.5\fileHashes)" [_thread_blocked, id=10468, stack(0x000000a56f900000,0x000000a56fa00000)]
  0x0000023818387000 JavaThread "Cache worker for file hash cache (E:\Upwork Project\pocket-wallpaper-2023\PocketWallpaperAndroid\.gradle\7.5\fileHashes)" [_thread_blocked, id=11580, stack(0x000000a56fa00000,0x000000a56fb00000)]
  0x0000023818385800 JavaThread "Cache worker for file content cache (C:\Users\MAQS\.gradle\caches\7.5\fileContent)" [_thread_blocked, id=12524, stack(0x000000a56fc00000,0x000000a56fd00000)]
  0x0000023818388000 JavaThread "Cache worker for checksums cache (E:\Upwork Project\pocket-wallpaper-2023\PocketWallpaperAndroid\.gradle\7.5\checksums)" [_thread_blocked, id=1108, stack(0x000000a56fd00000,0x000000a56fe00000)]
  0x000002381838c000 JavaThread "File watcher server" daemon [_thread_in_native, id=16960, stack(0x000000a56fb00000,0x000000a56fc00000)]
  0x0000023818386000 JavaThread "File watcher consumer" daemon [_thread_blocked, id=18144, stack(0x000000a56fe00000,0x000000a56ff00000)]
  0x0000023818388800 JavaThread "Cache worker for cache directory md-rule (C:\Users\MAQS\.gradle\caches\7.5\md-rule)" [_thread_blocked, id=16696, stack(0x000000a56ff00000,0x000000a570000000)]
  0x0000023819203800 JavaThread "Cache worker for cache directory md-supplier (C:\Users\MAQS\.gradle\caches\7.5\md-supplier)" [_thread_blocked, id=6096, stack(0x000000a570000000,0x000000a570100000)]
  0x00000238191fd800 JavaThread "Cache worker for execution history cache (C:\Users\MAQS\.gradle\caches\7.5\executionHistory)" [_thread_blocked, id=11648, stack(0x000000a570100000,0x000000a570200000)]
  0x0000023816ad3000 JavaThread "C2 CompilerThread2" daemon [_thread_blocked, id=17856, stack(0x000000a570200000,0x000000a570300000)]
  0x0000023819200000 JavaThread "Cache worker for Build Output Cleanup Cache (E:\Upwork Project\pocket-wallpaper-2023\PocketWallpaperAndroid\.gradle\buildOutputCleanup)" [_thread_blocked, id=6104, stack(0x000000a570300000,0x000000a570400000)]
  0x0000023819202800 JavaThread "Memory manager" [_thread_blocked, id=20496, stack(0x000000a570600000,0x000000a570700000)]
  0x0000023819201000 JavaThread "build event listener" [_thread_blocked, id=920, stack(0x000000a570700000,0x000000a570800000)]
  0x0000023819204000 JavaThread "included builds" [_thread_blocked, id=9988, stack(0x000000a570800000,0x000000a570900000)]
  0x00000238191fe800 JavaThread "Execution worker" [_thread_blocked, id=9384, stack(0x000000a570900000,0x000000a570a00000)]
  0x0000023819205000 JavaThread "Execution worker Thread 2" [_thread_blocked, id=11860, stack(0x000000a570a00000,0x000000a570b00000)]
  0x00000238191ff800 JavaThread "Execution worker Thread 3" [_thread_blocked, id=8656, stack(0x000000a570b00000,0x000000a570c00000)]
  0x0000023819207800 JavaThread "Execution worker Thread 4" [_thread_blocked, id=15364, stack(0x000000a570c00000,0x000000a570d00000)]
  0x000002381920a800 JavaThread "Execution worker Thread 5" [_thread_blocked, id=18528, stack(0x000000a570d00000,0x000000a570e00000)]
  0x000002381920b800 JavaThread "Execution worker Thread 6" [_thread_blocked, id=6676, stack(0x000000a570e00000,0x000000a570f00000)]
  0x0000023819208800 JavaThread "Execution worker Thread 7" [_thread_blocked, id=16432, stack(0x000000a570f00000,0x000000a571000000)]
  0x0000023819206000 JavaThread "Cache worker for execution history cache (E:\Upwork Project\pocket-wallpaper-2023\PocketWallpaperAndroid\.gradle\7.5\executionHistory)" [_thread_blocked, id=17272, stack(0x000000a571000000,0x000000a571100000)]
  0x0000023819209000 JavaThread "Unconstrained build operations" [_thread_blocked, id=13380, stack(0x000000a571100000,0x000000a571200000)]
  0x0000023819206800 JavaThread "Unconstrained build operations Thread 2" [_thread_blocked, id=18164, stack(0x000000a571200000,0x000000a571300000)]
  0x000002381920a000 JavaThread "Unconstrained build operations Thread 3" [_thread_blocked, id=17240, stack(0x000000a571300000,0x000000a571400000)]
  0x000002381920c800 JavaThread "Unconstrained build operations Thread 4" [_thread_blocked, id=11484, stack(0x000000a571400000,0x000000a571500000)]
  0x000002381df3c800 JavaThread "Unconstrained build operations Thread 5" [_thread_blocked, id=7096, stack(0x000000a571500000,0x000000a571600000)]
  0x000002381df3e000 JavaThread "Unconstrained build operations Thread 6" [_thread_blocked, id=7236, stack(0x000000a571600000,0x000000a571700000)]
  0x000002381df41800 JavaThread "Unconstrained build operations Thread 7" [_thread_blocked, id=2452, stack(0x000000a571700000,0x000000a571800000)]
  0x000002381df42800 JavaThread "Unconstrained build operations Thread 8" [_thread_blocked, id=6108, stack(0x000000a571800000,0x000000a571900000)]
  0x000002381df3d800 JavaThread "Unconstrained build operations Thread 9" [_thread_blocked, id=7188, stack(0x000000a571900000,0x000000a571a00000)]
  0x000002381df43000 JavaThread "Unconstrained build operations Thread 10" [_thread_blocked, id=20900, stack(0x000000a571a00000,0x000000a571b00000)]
  0x000002381df40000 JavaThread "Unconstrained build operations Thread 11" [_thread_blocked, id=15700, stack(0x000000a571b00000,0x000000a571c00000)]
  0x000002381df3f000 JavaThread "Unconstrained build operations Thread 12" [_thread_blocked, id=14132, stack(0x000000a571c00000,0x000000a571d00000)]
  0x000002381df40800 JavaThread "Unconstrained build operations Thread 13" [_thread_blocked, id=14036, stack(0x000000a571d00000,0x000000a571e00000)]
  0x000002381ded6800 JavaThread "Unconstrained build operations Thread 14" [_thread_blocked, id=13348, stack(0x000000a571e00000,0x000000a571f00000)]
  0x000002381ded8000 JavaThread "Unconstrained build operations Thread 15" [_thread_blocked, id=16408, stack(0x000000a571f00000,0x000000a572000000)]
  0x000002381deda800 JavaThread "Unconstrained build operations Thread 16" [_thread_blocked, id=15704, stack(0x000000a572000000,0x000000a572100000)]
  0x000002381ded7000 JavaThread "Unconstrained build operations Thread 17" [_thread_blocked, id=19092, stack(0x000000a572100000,0x000000a572200000)]
  0x000002381ded9800 JavaThread "Unconstrained build operations Thread 18" [_thread_blocked, id=17728, stack(0x000000a572200000,0x000000a572300000)]
  0x000002381dedc000 JavaThread "Unconstrained build operations Thread 19" [_thread_blocked, id=7444, stack(0x000000a572300000,0x000000a572400000)]
  0x000002381ded9000 JavaThread "Unconstrained build operations Thread 20" [_thread_blocked, id=19156, stack(0x000000a572400000,0x000000a572500000)]
  0x000002381dee0000 JavaThread "Unconstrained build operations Thread 21" [_thread_blocked, id=18644, stack(0x000000a572500000,0x000000a572600000)]
  0x000002381dedd000 JavaThread "Unconstrained build operations Thread 22" [_thread_blocked, id=18472, stack(0x000000a572600000,0x000000a572700000)]
  0x000002381dede800 JavaThread "Unconstrained build operations Thread 23" [_thread_blocked, id=12860, stack(0x000000a572700000,0x000000a572800000)]
  0x000002381dedf800 JavaThread "Unconstrained build operations Thread 25" [_thread_blocked, id=17220, stack(0x000000a572800000,0x000000a572900000)]
  0x000002381dee1000 JavaThread "Unconstrained build operations Thread 24" [_thread_blocked, id=10308, stack(0x000000a572900000,0x000000a572a00000)]
  0x000002381dedd800 JavaThread "Unconstrained build operations Thread 26" [_thread_blocked, id=4648, stack(0x000000a572a00000,0x000000a572b00000)]
  0x000002381dedb800 JavaThread "Unconstrained build operations Thread 27" [_thread_blocked, id=284, stack(0x000000a572b00000,0x000000a572c00000)]
  0x000002381dee2000 JavaThread "Unconstrained build operations Thread 28" [_thread_blocked, id=3360, stack(0x000000a572c00000,0x000000a572d00000)]
  0x000002381dee2800 JavaThread "Unconstrained build operations Thread 29" [_thread_blocked, id=13744, stack(0x000000a572d00000,0x000000a572e00000)]
  0x000002381dee3800 JavaThread "Unconstrained build operations Thread 30" [_thread_blocked, id=12992, stack(0x000000a572e00000,0x000000a572f00000)]
  0x000002381dee5000 JavaThread "Unconstrained build operations Thread 31" [_thread_blocked, id=12876, stack(0x000000a572f00000,0x000000a573000000)]
  0x000002381dee4800 JavaThread "Unconstrained build operations Thread 34" [_thread_blocked, id=13112, stack(0x000000a573000000,0x000000a573100000)]
  0x0000023819235800 JavaThread "Unconstrained build operations Thread 33" [_thread_blocked, id=18108, stack(0x000000a573100000,0x000000a573200000)]
  0x0000023819232000 JavaThread "Unconstrained build operations Thread 32" [_thread_blocked, id=9236, stack(0x000000a573200000,0x000000a573300000)]
  0x0000023819233800 JavaThread "Unconstrained build operations Thread 35" [_thread_blocked, id=8736, stack(0x000000a573300000,0x000000a573400000)]
  0x000002381922f800 JavaThread "Unconstrained build operations Thread 36" [_thread_blocked, id=9180, stack(0x000000a573400000,0x000000a573500000)]
  0x0000023819234800 JavaThread "Unconstrained build operations Thread 37" [_thread_blocked, id=15416, stack(0x000000a573500000,0x000000a573600000)]
  0x0000023819236000 JavaThread "Unconstrained build operations Thread 38" [_thread_blocked, id=16724, stack(0x000000a573600000,0x000000a573700000)]
  0x0000023819230800 JavaThread "Unconstrained build operations Thread 39" [_thread_blocked, id=3968, stack(0x000000a573700000,0x000000a573800000)]
  0x0000023819237000 JavaThread "Unconstrained build operations Thread 40" [_thread_blocked, id=11940, stack(0x000000a573800000,0x000000a573900000)]
  0x0000023819233000 JavaThread "Unconstrained build operations Thread 41" [_thread_blocked, id=21392, stack(0x000000a573900000,0x000000a573a00000)]
  0x0000023819231800 JavaThread "Unconstrained build operations Thread 42" [_thread_blocked, id=868, stack(0x000000a573a00000,0x000000a573b00000)]
  0x0000023819239800 JavaThread "Unconstrained build operations Thread 43" [_thread_blocked, id=1296, stack(0x000000a573b00000,0x000000a573c00000)]
  0x000002381923a800 JavaThread "Unconstrained build operations Thread 44" [_thread_blocked, id=1564, stack(0x000000a573c00000,0x000000a573d00000)]
  0x0000023819238800 JavaThread "Unconstrained build operations Thread 45" [_thread_blocked, id=6384, stack(0x000000a573d00000,0x000000a573e00000)]
  0x000002381923b000 JavaThread "Unconstrained build operations Thread 47" [_thread_blocked, id=21168, stack(0x000000a573e00000,0x000000a573f00000)]
  0x0000023819238000 JavaThread "Unconstrained build operations Thread 46" [_thread_blocked, id=7124, stack(0x000000a573f00000,0x000000a574000000)]
  0x000002381923c000 JavaThread "Unconstrained build operations Thread 49" [_thread_blocked, id=2676, stack(0x000000a574000000,0x000000a574100000)]
  0x000002381923c800 JavaThread "Unconstrained build operations Thread 48" [_thread_blocked, id=20144, stack(0x000000a574100000,0x000000a574200000)]
  0x000002381923d800 JavaThread "Unconstrained build operations Thread 50" [_thread_blocked, id=3264, stack(0x000000a574200000,0x000000a574300000)]
  0x000002381923e800 JavaThread "Unconstrained build operations Thread 51" [_thread_blocked, id=13356, stack(0x000000a574300000,0x000000a574400000)]
  0x0000023819243000 JavaThread "Unconstrained build operations Thread 52" [_thread_blocked, id=20356, stack(0x000000a574400000,0x000000a574500000)]
  0x0000023819243800 JavaThread "Unconstrained build operations Thread 53" [_thread_blocked, id=13276, stack(0x000000a574500000,0x000000a574600000)]
  0x0000023819241800 JavaThread "Unconstrained build operations Thread 54" [_thread_blocked, id=1568, stack(0x000000a574600000,0x000000a574700000)]
  0x0000023819240800 JavaThread "Unconstrained build operations Thread 55" [_thread_blocked, id=1624, stack(0x000000a574700000,0x000000a574800000)]
  0x0000023819242000 JavaThread "Unconstrained build operations Thread 56" [_thread_blocked, id=7456, stack(0x000000a574800000,0x000000a574900000)]
  0x000002381923f800 JavaThread "Unconstrained build operations Thread 57" [_thread_blocked, id=5700, stack(0x000000a574900000,0x000000a574a00000)]
  0x0000023819245800 JavaThread "Unconstrained build operations Thread 58" [_thread_blocked, id=216, stack(0x000000a574a00000,0x000000a574b00000)]
  0x000002381924a800 JavaThread "Unconstrained build operations Thread 59" [_thread_blocked, id=1504, stack(0x000000a574b00000,0x000000a574c00000)]
  0x0000023819244800 JavaThread "Unconstrained build operations Thread 60" [_thread_blocked, id=14848, stack(0x000000a574c00000,0x000000a574d00000)]
  0x000002381924b000 JavaThread "Unconstrained build operations Thread 61" [_thread_blocked, id=13372, stack(0x000000a574d00000,0x000000a574e00000)]
  0x000002381924c000 JavaThread "Unconstrained build operations Thread 62" [_thread_blocked, id=17412, stack(0x000000a574e00000,0x000000a574f00000)]
  0x0000023819246000 JavaThread "Unconstrained build operations Thread 63" [_thread_blocked, id=10152, stack(0x000000a574f00000,0x000000a575000000)]
  0x000002381924c800 JavaThread "Unconstrained build operations Thread 64" [_thread_blocked, id=12580, stack(0x000000a575000000,0x000000a575100000)]
  0x0000023819248800 JavaThread "Unconstrained build operations Thread 65" [_thread_blocked, id=20064, stack(0x000000a575100000,0x000000a575200000)]
  0x0000023819249800 JavaThread "Unconstrained build operations Thread 66" [_thread_blocked, id=17716, stack(0x000000a575200000,0x000000a575300000)]
  0x0000023819247000 JavaThread "Unconstrained build operations Thread 67" [_thread_blocked, id=18008, stack(0x000000a575300000,0x000000a575400000)]
  0x000002381924d800 JavaThread "Unconstrained build operations Thread 68" [_thread_blocked, id=2220, stack(0x000000a575400000,0x000000a575500000)]
  0x0000023819248000 JavaThread "Unconstrained build operations Thread 69" [_thread_blocked, id=6636, stack(0x000000a575500000,0x000000a575600000)]
  0x000002381924e800 JavaThread "Unconstrained build operations Thread 70" [_thread_blocked, id=21292, stack(0x000000a575600000,0x000000a575700000)]
  0x0000023818dba800 JavaThread "Unconstrained build operations Thread 71" [_thread_blocked, id=7480, stack(0x000000a575700000,0x000000a575800000)]
  0x0000023818db7000 JavaThread "Unconstrained build operations Thread 72" [_thread_blocked, id=21340, stack(0x000000a575800000,0x000000a575900000)]
  0x0000023818dbb000 JavaThread "Unconstrained build operations Thread 73" [_thread_blocked, id=18124, stack(0x000000a575900000,0x000000a575a00000)]
  0x0000023818dbc800 JavaThread "Unconstrained build operations Thread 74" [_thread_blocked, id=7116, stack(0x000000a575a00000,0x000000a575b00000)]
  0x0000023818dbd800 JavaThread "Unconstrained build operations Thread 75" [_thread_blocked, id=19412, stack(0x000000a575b00000,0x000000a575c00000)]
  0x0000023818dbc000 JavaThread "Unconstrained build operations Thread 76" [_thread_blocked, id=21120, stack(0x000000a575c00000,0x000000a575d00000)]
  0x0000023818db8000 JavaThread "Unconstrained build operations Thread 77" [_thread_blocked, id=13036, stack(0x000000a575d00000,0x000000a575e00000)]
  0x0000023818db8800 JavaThread "Unconstrained build operations Thread 79" [_thread_blocked, id=19900, stack(0x000000a575e00000,0x000000a575f00000)]
  0x0000023818dbf000 JavaThread "Unconstrained build operations Thread 78" [_thread_blocked, id=19780, stack(0x000000a575f00000,0x000000a576000000)]
  0x0000023818dbe800 JavaThread "Unconstrained build operations Thread 80" [_thread_blocked, id=14920, stack(0x000000a576000000,0x000000a576100000)]
  0x0000023818db9800 JavaThread "Cache worker for Java compile cache (C:\Users\MAQS\.gradle\caches\7.5\javaCompile)" [_thread_blocked, id=16656, stack(0x000000a576100000,0x000000a576200000)]
  0x0000023818dc5000 JavaThread "Build operations" [_thread_blocked, id=20584, stack(0x000000a576200000,0x000000a576300000)]
  0x0000023818dc4000 JavaThread "Build operations Thread 2" [_thread_blocked, id=17216, stack(0x000000a576300000,0x000000a576400000)]
  0x0000023818dc2800 JavaThread "Build operations Thread 3" [_thread_blocked, id=17100, stack(0x000000a576400000,0x000000a576500000)]
  0x0000023818dc1000 JavaThread "Build operations Thread 4" [_thread_blocked, id=11276, stack(0x000000a576500000,0x000000a576600000)]
  0x0000023818dc1800 JavaThread "Build operations Thread 5" [_thread_blocked, id=20696, stack(0x000000a576600000,0x000000a576700000)]
  0x0000023818dc0000 JavaThread "Build operations Thread 6" [_thread_blocked, id=12980, stack(0x000000a576700000,0x000000a576800000)]
  0x0000023818dc3800 JavaThread "Build operations Thread 7" [_thread_blocked, id=18576, stack(0x000000a576800000,0x000000a576900000)]
  0x0000023818dc5800 JavaThread "Build operations Thread 8" [_thread_blocked, id=8444, stack(0x000000a576900000,0x000000a576a00000)]
  0x000002381dc0b000 JavaThread "WorkerExecutor Queue" [_thread_blocked, id=18104, stack(0x000000a576d00000,0x000000a576e00000)]
  0x000002381dc09800 JavaThread "WorkerExecutor Queue Thread 2" [_thread_blocked, id=12336, stack(0x000000a576e00000,0x000000a576f00000)]
  0x000002381dc06000 JavaThread "WorkerExecutor Queue Thread 3" [_thread_blocked, id=20400, stack(0x000000a576f00000,0x000000a577000000)]
  0x000002381dc0a800 JavaThread "WorkerExecutor Queue Thread 4" [_thread_blocked, id=6972, stack(0x000000a577000000,0x000000a577100000)]
  0x000002381dc07000 JavaThread "WorkerExecutor Queue Thread 5" [_thread_blocked, id=18784, stack(0x000000a577100000,0x000000a577200000)]
  0x000002381dc0c000 JavaThread "WorkerExecutor Queue Thread 6" [_thread_blocked, id=16192, stack(0x000000a577200000,0x000000a577300000)]
  0x000002381dc08800 JavaThread "WorkerExecutor Queue Thread 7" [_thread_blocked, id=18772, stack(0x000000a577300000,0x000000a577400000)]
  0x000002381dc08000 JavaThread "WorkerExecutor Queue Thread 9" [_thread_in_Java, id=10916, stack(0x000000a577500000,0x000000a577600000)]

Other Threads:
  0x0000023815858800 VMThread "VM Thread" [stack: 0x000000a56d900000,0x000000a56da00000] [id=10588]
  0x0000023815a54800 WatcherThread [stack: 0x000000a56e300000,0x000000a56e400000] [id=14456]
  0x000002387aa5b000 GCTaskThread "GC Thread#0" [stack: 0x000000a56d400000,0x000000a56d500000] [id=16152]
  0x0000023817a0b800 GCTaskThread "GC Thread#1" [stack: 0x000000a56e600000,0x000000a56e700000] [id=6844]
  0x0000023816a87800 GCTaskThread "GC Thread#2" [stack: 0x000000a56e700000,0x000000a56e800000] [id=20676]
  0x00000238172a2800 GCTaskThread "GC Thread#3" [stack: 0x000000a56e800000,0x000000a56e900000] [id=11596]
  0x0000023816b2f000 GCTaskThread "GC Thread#4" [stack: 0x000000a56e900000,0x000000a56ea00000] [id=7944]
  0x0000023816d70800 GCTaskThread "GC Thread#5" [stack: 0x000000a56ea00000,0x000000a56eb00000] [id=19344]
  0x000002381894c800 GCTaskThread "GC Thread#6" [stack: 0x000000a56f600000,0x000000a56f700000] [id=8512]
  0x000002381774e000 GCTaskThread "GC Thread#7" [stack: 0x000000a56f700000,0x000000a56f800000] [id=14940]
  0x000002387aa8f000 ConcurrentGCThread "G1 Main Marker" [stack: 0x000000a56d500000,0x000000a56d600000] [id=20572]
  0x000002387aa91000 ConcurrentGCThread "G1 Conc#0" [stack: 0x000000a56d600000,0x000000a56d700000] [id=20056]
  0x00000238166c6000 ConcurrentGCThread "G1 Conc#1" [stack: 0x000000a56f800000,0x000000a56f900000] [id=11396]
  0x000002387fdd8000 ConcurrentGCThread "G1 Refine#0" [stack: 0x000000a56d700000,0x000000a56d800000] [id=1480]
  0x0000023818e24800 ConcurrentGCThread "G1 Refine#1" [stack: 0x000000a570400000,0x000000a570500000] [id=292]
  0x0000023815fa7000 ConcurrentGCThread "G1 Refine#2" [stack: 0x000000a570500000,0x000000a570600000] [id=17580]
  0x0000023818ec5800 ConcurrentGCThread "G1 Refine#3" [stack: 0x000000a576a00000,0x000000a576b00000] [id=9956]
  0x0000023818a51000 ConcurrentGCThread "G1 Refine#4" [stack: 0x000000a576b00000,0x000000a576c00000] [id=15916]
  0x0000023818a4d800 ConcurrentGCThread "G1 Refine#5" [stack: 0x000000a576c00000,0x000000a576d00000] [id=14484]
  0x000002387fdd9000 ConcurrentGCThread "G1 Young RemSet Sampling" [stack: 0x000000a56d800000,0x000000a56d900000] [id=13388]

Threads with active compile tasks:
C2 CompilerThread0    20125 13398       4       org.gradle.internal.instantiation.generator.AbstractClassGenerator::inspectType (560 bytes)
C1 CompilerThread0    20125 13609   !   3       com.android.tools.r8.internal.ao::a (934 bytes)

VM state:not at safepoint (normal execution)

VM Mutex/Monitor currently owned by a thread: None

Heap address: 0x0000000080000000, size: 2048 MB, Compressed Oops mode: 32-bit
Narrow klass base: 0x0000000000000000, Narrow klass shift: 3
Compressed class space size: 1073741824 Address: 0x0000000100000000

Heap:
 garbage-first heap   total 262144K, used 148597K [0x0000000080000000, 0x0000000100000000)
  region size 1024K, 24 young (24576K), 4 survivors (4096K)
 Metaspace       used 92299K, capacity 95718K, committed 96464K, reserved 1132544K
  class space    used 11932K, capacity 13223K, committed 13440K, reserved 1048576K
Heap Regions: E=young(eden), S=young(survivor), O=old, HS=humongous(starts), HC=humongous(continues), CS=collection set, F=free, A=archive, TAMS=top-at-mark-start (previous, next)
|   0|0x0000000080000000, 0x0000000080100000, 0x0000000080100000|100%| O|  |TAMS 0x0000000080100000, 0x0000000080000000| Untracked 
|   1|0x0000000080100000, 0x0000000080200000, 0x0000000080200000|100%| O|  |TAMS 0x0000000080200000, 0x0000000080100000| Untracked 
|   2|0x0000000080200000, 0x0000000080300000, 0x0000000080300000|100%| O|  |TAMS 0x0000000080300000, 0x0000000080200000| Untracked 
|   3|0x0000000080300000, 0x0000000080400000, 0x0000000080400000|100%|HS|  |TAMS 0x0000000080400000, 0x0000000080300000| Complete 
|   4|0x0000000080400000, 0x0000000080500000, 0x0000000080500000|100%|HC|  |TAMS 0x0000000080500000, 0x0000000080400000| Complete 
|   5|0x0000000080500000, 0x0000000080600000, 0x0000000080600000|100%|HC|  |TAMS 0x0000000080600000, 0x0000000080500000| Complete 
|   6|0x0000000080600000, 0x0000000080700000, 0x0000000080700000|100%| O|  |TAMS 0x0000000080700000, 0x0000000080600000| Untracked 
|   7|0x0000000080700000, 0x0000000080800000, 0x0000000080800000|100%| O|  |TAMS 0x0000000080800000, 0x0000000080700000| Complete 
|   8|0x0000000080800000, 0x0000000080900000, 0x0000000080900000|100%| O|  |TAMS 0x0000000080900000, 0x0000000080800000| Untracked 
|   9|0x0000000080900000, 0x0000000080a00000, 0x0000000080a00000|100%| O|  |TAMS 0x0000000080a00000, 0x0000000080900000| Untracked 
|  10|0x0000000080a00000, 0x0000000080b00000, 0x0000000080b00000|100%| O|  |TAMS 0x0000000080b00000, 0x0000000080a00000| Untracked 
|  11|0x0000000080b00000, 0x0000000080c00000, 0x0000000080c00000|100%| O|  |TAMS 0x0000000080c00000, 0x0000000080b00000| Untracked 
|  12|0x0000000080c00000, 0x0000000080d00000, 0x0000000080d00000|100%| O|  |TAMS 0x0000000080d00000, 0x0000000080c00000| Untracked 
|  13|0x0000000080d00000, 0x0000000080e00000, 0x0000000080e00000|100%| O|  |TAMS 0x0000000080e00000, 0x0000000080d00000| Untracked 
|  14|0x0000000080e00000, 0x0000000080f00000, 0x0000000080f00000|100%| O|  |TAMS 0x0000000080f00000, 0x0000000080e00000| Untracked 
|  15|0x0000000080f00000, 0x0000000081000000, 0x0000000081000000|100%| O|  |TAMS 0x0000000081000000, 0x0000000080f00000| Untracked 
|  16|0x0000000081000000, 0x0000000081100000, 0x0000000081100000|100%| O|  |TAMS 0x0000000081100000, 0x0000000081000000| Untracked 
|  17|0x0000000081100000, 0x0000000081200000, 0x0000000081200000|100%|HS|  |TAMS 0x0000000081200000, 0x0000000081100000| Complete 
|  18|0x0000000081200000, 0x0000000081300000, 0x0000000081300000|100%|HS|  |TAMS 0x0000000081300000, 0x0000000081200000| Complete 
|  19|0x0000000081300000, 0x0000000081400000, 0x0000000081400000|100%| O|  |TAMS 0x0000000081400000, 0x0000000081300000| Untracked 
|  20|0x0000000081400000, 0x0000000081500000, 0x0000000081500000|100%| O|  |TAMS 0x0000000081500000, 0x0000000081400000| Complete 
|  21|0x0000000081500000, 0x0000000081600000, 0x0000000081600000|100%| O|  |TAMS 0x0000000081600000, 0x0000000081500000| Complete 
|  22|0x0000000081600000, 0x0000000081700000, 0x0000000081700000|100%| O|  |TAMS 0x0000000081700000, 0x0000000081600000| Complete 
|  23|0x0000000081700000, 0x0000000081800000, 0x0000000081800000|100%| O|  |TAMS 0x0000000081800000, 0x0000000081700000| Untracked 
|  24|0x0000000081800000, 0x0000000081900000, 0x0000000081900000|100%| O|  |TAMS 0x0000000081900000, 0x0000000081800000| Untracked 
|  25|0x0000000081900000, 0x0000000081a00000, 0x0000000081a00000|100%| O|  |TAMS 0x0000000081a00000, 0x0000000081900000| Untracked 
|  26|0x0000000081a00000, 0x0000000081b00000, 0x0000000081b00000|100%| O|  |TAMS 0x0000000081b00000, 0x0000000081a00000| Complete 
|  27|0x0000000081b00000, 0x0000000081c00000, 0x0000000081c00000|100%| O|  |TAMS 0x0000000081c00000, 0x0000000081b00000| Untracked 
|  28|0x0000000081c00000, 0x0000000081d00000, 0x0000000081d00000|100%| O|  |TAMS 0x0000000081d00000, 0x0000000081c00000| Complete 
|  29|0x0000000081d00000, 0x0000000081e00000, 0x0000000081e00000|100%| O|  |TAMS 0x0000000081e00000, 0x0000000081d00000| Untracked 
|  30|0x0000000081e00000, 0x0000000081f00000, 0x0000000081f00000|100%| O|  |TAMS 0x0000000081f00000, 0x0000000081e00000| Untracked 
|  31|0x0000000081f00000, 0x0000000082000000, 0x0000000082000000|100%| O|  |TAMS 0x0000000082000000, 0x0000000081f00000| Untracked 
|  32|0x0000000082000000, 0x0000000082100000, 0x0000000082100000|100%| O|  |TAMS 0x0000000082100000, 0x0000000082000000| Untracked 
|  33|0x0000000082100000, 0x0000000082200000, 0x0000000082200000|100%| O|  |TAMS 0x0000000082200000, 0x0000000082100000| Untracked 
|  34|0x0000000082200000, 0x0000000082300000, 0x0000000082300000|100%| O|  |TAMS 0x0000000082300000, 0x0000000082200000| Untracked 
|  35|0x0000000082300000, 0x0000000082400000, 0x0000000082400000|100%| O|  |TAMS 0x0000000082400000, 0x0000000082300000| Untracked 
|  36|0x0000000082400000, 0x0000000082500000, 0x0000000082500000|100%| O|  |TAMS 0x0000000082500000, 0x0000000082400000| Untracked 
|  37|0x0000000082500000, 0x0000000082600000, 0x0000000082600000|100%| O|  |TAMS 0x0000000082600000, 0x0000000082500000| Untracked 
|  38|0x0000000082600000, 0x0000000082700000, 0x0000000082700000|100%| O|  |TAMS 0x0000000082700000, 0x0000000082600000| Untracked 
|  39|0x0000000082700000, 0x0000000082800000, 0x0000000082800000|100%| O|  |TAMS 0x0000000082800000, 0x0000000082700000| Untracked 
|  40|0x0000000082800000, 0x0000000082900000, 0x0000000082900000|100%| O|  |TAMS 0x0000000082900000, 0x0000000082800000| Untracked 
|  41|0x0000000082900000, 0x0000000082a00000, 0x0000000082a00000|100%| O|  |TAMS 0x0000000082a00000, 0x0000000082900000| Untracked 
|  42|0x0000000082a00000, 0x0000000082b00000, 0x0000000082b00000|100%| O|  |TAMS 0x0000000082b00000, 0x0000000082a00000| Untracked 
|  43|0x0000000082b00000, 0x0000000082c00000, 0x0000000082c00000|100%| O|  |TAMS 0x0000000082c00000, 0x0000000082b00000| Complete 
|  44|0x0000000082c00000, 0x0000000082d00000, 0x0000000082d00000|100%| O|  |TAMS 0x0000000082d00000, 0x0000000082c00000| Untracked 
|  45|0x0000000082d00000, 0x0000000082e00000, 0x0000000082e00000|100%| O|  |TAMS 0x0000000082e00000, 0x0000000082d00000| Untracked 
|  46|0x0000000082e00000, 0x0000000082f00000, 0x0000000082f00000|100%| O|  |TAMS 0x0000000082f00000, 0x0000000082e00000| Untracked 
|  47|0x0000000082f00000, 0x0000000083000000, 0x0000000083000000|100%| O|  |TAMS 0x0000000083000000, 0x0000000082f00000| Untracked 
|  48|0x0000000083000000, 0x0000000083100000, 0x0000000083100000|100%| O|  |TAMS 0x0000000083100000, 0x0000000083000000| Untracked 
|  49|0x0000000083100000, 0x0000000083200000, 0x0000000083200000|100%| O|  |TAMS 0x0000000083200000, 0x0000000083100000| Complete 
|  50|0x0000000083200000, 0x0000000083300000, 0x0000000083300000|100%| O|  |TAMS 0x0000000083300000, 0x0000000083200000| Complete 
|  51|0x0000000083300000, 0x0000000083400000, 0x0000000083400000|100%| O|  |TAMS 0x0000000083400000, 0x0000000083300000| Untracked 
|  52|0x0000000083400000, 0x0000000083500000, 0x0000000083500000|100%| O|  |TAMS 0x0000000083500000, 0x0000000083400000| Untracked 
|  53|0x0000000083500000, 0x0000000083600000, 0x0000000083600000|100%| O|  |TAMS 0x0000000083600000, 0x0000000083500000| Untracked 
|  54|0x0000000083600000, 0x0000000083700000, 0x0000000083700000|100%| O|  |TAMS 0x0000000083700000, 0x0000000083600000| Untracked 
|  55|0x0000000083700000, 0x0000000083800000, 0x0000000083800000|100%| O|  |TAMS 0x0000000083800000, 0x0000000083700000| Complete 
|  56|0x0000000083800000, 0x0000000083900000, 0x0000000083900000|100%|HS|  |TAMS 0x0000000083900000, 0x0000000083800000| Complete 
|  57|0x0000000083900000, 0x0000000083a00000, 0x0000000083a00000|100%|HC|  |TAMS 0x0000000083a00000, 0x0000000083900000| Complete 
|  58|0x0000000083a00000, 0x0000000083b00000, 0x0000000083b00000|100%| O|  |TAMS 0x0000000083b00000, 0x0000000083a00000| Untracked 
|  59|0x0000000083b00000, 0x0000000083c00000, 0x0000000083c00000|100%| O|  |TAMS 0x0000000083c00000, 0x0000000083b00000| Untracked 
|  60|0x0000000083c00000, 0x0000000083d00000, 0x0000000083d00000|100%| O|  |TAMS 0x0000000083d00000, 0x0000000083c00000| Untracked 
|  61|0x0000000083d00000, 0x0000000083e00000, 0x0000000083e00000|100%| O|  |TAMS 0x0000000083e00000, 0x0000000083d00000| Untracked 
|  62|0x0000000083e00000, 0x0000000083f00000, 0x0000000083f00000|100%| O|  |TAMS 0x0000000083f00000, 0x0000000083e00000| Untracked 
|  63|0x0000000083f00000, 0x0000000084000000, 0x0000000084000000|100%| O|  |TAMS 0x0000000084000000, 0x0000000083f00000| Complete 
|  64|0x0000000084000000, 0x0000000084100000, 0x0000000084100000|100%| O|  |TAMS 0x0000000084100000, 0x0000000084000000| Untracked 
|  65|0x0000000084100000, 0x0000000084200000, 0x0000000084200000|100%| O|  |TAMS 0x0000000084200000, 0x0000000084100000| Untracked 
|  66|0x0000000084200000, 0x0000000084300000, 0x0000000084300000|100%| O|  |TAMS 0x0000000084300000, 0x0000000084200000| Untracked 
|  67|0x0000000084300000, 0x0000000084400000, 0x0000000084400000|100%| O|  |TAMS 0x0000000084400000, 0x0000000084300000| Untracked 
|  68|0x0000000084400000, 0x0000000084500000, 0x0000000084500000|100%| O|  |TAMS 0x0000000084500000, 0x0000000084400000| Complete 
|  69|0x0000000084500000, 0x0000000084600000, 0x0000000084600000|100%| O|  |TAMS 0x0000000084600000, 0x0000000084500000| Complete 
|  70|0x0000000084600000, 0x0000000084700000, 0x0000000084700000|100%|HS|  |TAMS 0x0000000084700000, 0x0000000084600000| Complete 
|  71|0x0000000084700000, 0x0000000084800000, 0x0000000084800000|100%|HC|  |TAMS 0x0000000084800000, 0x0000000084700000| Complete 
|  72|0x0000000084800000, 0x0000000084900000, 0x0000000084900000|100%| O|  |TAMS 0x0000000084900000, 0x0000000084800000| Untracked 
|  73|0x0000000084900000, 0x0000000084a00000, 0x0000000084a00000|100%| O|  |TAMS 0x0000000084a00000, 0x0000000084900000| Untracked 
|  74|0x0000000084a00000, 0x0000000084b00000, 0x0000000084b00000|100%| O|  |TAMS 0x0000000084b00000, 0x0000000084a00000| Untracked 
|  75|0x0000000084b00000, 0x0000000084c00000, 0x0000000084c00000|100%| O|  |TAMS 0x0000000084c00000, 0x0000000084b00000| Untracked 
|  76|0x0000000084c00000, 0x0000000084d00000, 0x0000000084d00000|100%| O|  |TAMS 0x0000000084d00000, 0x0000000084c00000| Complete 
|  77|0x0000000084d00000, 0x0000000084e00000, 0x0000000084e00000|100%| O|  |TAMS 0x0000000084e00000, 0x0000000084d00000| Untracked 
|  78|0x0000000084e00000, 0x0000000084f00000, 0x0000000084f00000|100%| O|  |TAMS 0x0000000084f00000, 0x0000000084e00000| Complete 
|  79|0x0000000084f00000, 0x0000000085000000, 0x0000000085000000|100%| O|  |TAMS 0x0000000085000000, 0x0000000084f00000| Complete 
|  80|0x0000000085000000, 0x0000000085100000, 0x0000000085100000|100%| O|  |TAMS 0x0000000085100000, 0x0000000085000000| Complete 
|  81|0x0000000085100000, 0x0000000085200000, 0x0000000085200000|100%| O|  |TAMS 0x0000000085200000, 0x0000000085100000| Complete 
|  82|0x0000000085200000, 0x0000000085300000, 0x0000000085300000|100%| O|  |TAMS 0x0000000085300000, 0x0000000085200000| Complete 
|  83|0x0000000085300000, 0x0000000085400000, 0x0000000085400000|100%| O|  |TAMS 0x0000000085400000, 0x0000000085300000| Complete 
|  84|0x0000000085400000, 0x0000000085500000, 0x0000000085500000|100%| O|  |TAMS 0x0000000085500000, 0x0000000085400000| Complete 
|  85|0x0000000085500000, 0x0000000085600000, 0x0000000085600000|100%| O|  |TAMS 0x0000000085600000, 0x0000000085500000| Complete 
|  86|0x0000000085600000, 0x0000000085700000, 0x0000000085700000|100%| O|  |TAMS 0x0000000085700000, 0x0000000085600000| Complete 
|  87|0x0000000085700000, 0x0000000085700000, 0x0000000085800000|  0%| F|  |TAMS 0x0000000085700000, 0x0000000085700000| Untracked 
|  88|0x0000000085800000, 0x0000000085900000, 0x0000000085900000|100%| O|  |TAMS 0x0000000085900000, 0x0000000085800000| Complete 
|  89|0x0000000085900000, 0x0000000085a00000, 0x0000000085a00000|100%| O|  |TAMS 0x0000000085a00000, 0x0000000085900000| Untracked 
|  90|0x0000000085a00000, 0x0000000085b00000, 0x0000000085b00000|100%| O|  |TAMS 0x0000000085b00000, 0x0000000085a00000| Complete 
|  91|0x0000000085b00000, 0x0000000085c00000, 0x0000000085c00000|100%| O|  |TAMS 0x0000000085c00000, 0x0000000085b00000| Complete 
|  92|0x0000000085c00000, 0x0000000085d00000, 0x0000000085d00000|100%| O|  |TAMS 0x0000000085d00000, 0x0000000085c00000| Complete 
|  93|0x0000000085d00000, 0x0000000085e00000, 0x0000000085e00000|100%| O|  |TAMS 0x0000000085e00000, 0x0000000085d00000| Complete 
|  94|0x0000000085e00000, 0x0000000085f00000, 0x0000000085f00000|100%| O|  |TAMS 0x0000000085f00000, 0x0000000085e00000| Complete 
|  95|0x0000000085f00000, 0x0000000086000000, 0x0000000086000000|100%| O|  |TAMS 0x0000000086000000, 0x0000000085f00000| Complete 
|  96|0x0000000086000000, 0x0000000086100000, 0x0000000086100000|100%| O|  |TAMS 0x0000000086100000, 0x0000000086000000| Complete 
|  97|0x0000000086100000, 0x0000000086200000, 0x0000000086200000|100%| O|  |TAMS 0x0000000086200000, 0x0000000086100000| Complete 
|  98|0x0000000086200000, 0x0000000086300000, 0x0000000086300000|100%| O|  |TAMS 0x0000000086300000, 0x0000000086200000| Untracked 
|  99|0x0000000086300000, 0x0000000086400000, 0x0000000086400000|100%| O|  |TAMS 0x0000000086400000, 0x0000000086300000| Complete 
| 100|0x0000000086400000, 0x0000000086500000, 0x0000000086500000|100%| O|  |TAMS 0x0000000086500000, 0x0000000086400000| Complete 
| 101|0x0000000086500000, 0x0000000086600000, 0x0000000086600000|100%| O|  |TAMS 0x0000000086600000, 0x0000000086500000| Untracked 
| 102|0x0000000086600000, 0x0000000086700000, 0x0000000086700000|100%| O|  |TAMS 0x0000000086700000, 0x0000000086600000| Untracked 
| 103|0x0000000086700000, 0x0000000086800000, 0x0000000086800000|100%| O|  |TAMS 0x0000000086800000, 0x0000000086700000| Untracked 
| 104|0x0000000086800000, 0x0000000086900000, 0x0000000086900000|100%| O|  |TAMS 0x0000000086900000, 0x0000000086800000| Complete 
| 105|0x0000000086900000, 0x0000000086a00000, 0x0000000086a00000|100%| O|  |TAMS 0x0000000086a00000, 0x0000000086900000| Complete 
| 106|0x0000000086a00000, 0x0000000086b00000, 0x0000000086b00000|100%| O|  |TAMS 0x0000000086b00000, 0x0000000086a00000| Complete 
| 107|0x0000000086b00000, 0x0000000086c00000, 0x0000000086c00000|100%| O|  |TAMS 0x0000000086c00000, 0x0000000086b00000| Complete 
| 108|0x0000000086c00000, 0x0000000086d00000, 0x0000000086d00000|100%| O|  |TAMS 0x0000000086d00000, 0x0000000086c00000| Complete 
| 109|0x0000000086d00000, 0x0000000086e00000, 0x0000000086e00000|100%| O|  |TAMS 0x0000000086e00000, 0x0000000086d00000| Complete 
| 110|0x0000000086e00000, 0x0000000086e00000, 0x0000000086f00000|  0%| F|  |TAMS 0x0000000086e00000, 0x0000000086e00000| Untracked 
| 111|0x0000000086f00000, 0x0000000087000000, 0x0000000087000000|100%| O|  |TAMS 0x0000000087000000, 0x0000000086f00000| Complete 
| 112|0x0000000087000000, 0x0000000087100000, 0x0000000087100000|100%| O|  |TAMS 0x0000000087100000, 0x0000000087000000| Complete 
| 113|0x0000000087100000, 0x0000000087200000, 0x0000000087200000|100%| O|  |TAMS 0x0000000087200000, 0x0000000087100000| Complete 
| 114|0x0000000087200000, 0x0000000087300000, 0x0000000087300000|100%| O|  |TAMS 0x0000000087300000, 0x0000000087200000| Complete 
| 115|0x0000000087300000, 0x0000000087300000, 0x0000000087400000|  0%| F|  |TAMS 0x0000000087300000, 0x0000000087300000| Untracked 
| 116|0x0000000087400000, 0x0000000087500000, 0x0000000087500000|100%| O|  |TAMS 0x0000000087500000, 0x0000000087400000| Complete 
| 117|0x0000000087500000, 0x0000000087600000, 0x0000000087600000|100%| O|  |TAMS 0x0000000087600000, 0x0000000087500000| Complete 
| 118|0x0000000087600000, 0x0000000087700000, 0x0000000087700000|100%| O|  |TAMS 0x0000000087700000, 0x0000000087600000| Complete 
| 119|0x0000000087700000, 0x0000000087800000, 0x0000000087800000|100%| O|  |TAMS 0x0000000087800000, 0x0000000087700000| Untracked 
| 120|0x0000000087800000, 0x0000000087900000, 0x0000000087900000|100%| O|  |TAMS 0x0000000087900000, 0x0000000087800000| Complete 
| 121|0x0000000087900000, 0x0000000087a00000, 0x0000000087a00000|100%| O|  |TAMS 0x0000000087a00000, 0x0000000087900000| Complete 
| 122|0x0000000087a00000, 0x0000000087b00000, 0x0000000087b00000|100%| O|  |TAMS 0x0000000087b00000, 0x0000000087a00000| Untracked 
| 123|0x0000000087b00000, 0x0000000087c00000, 0x0000000087c00000|100%| O|  |TAMS 0x0000000087c00000, 0x0000000087b00000| Untracked 
| 124|0x0000000087c00000, 0x0000000087d00000, 0x0000000087d00000|100%| O|  |TAMS 0x0000000087d00000, 0x0000000087c00000| Untracked 
| 125|0x0000000087d00000, 0x0000000087e00000, 0x0000000087e00000|100%| O|  |TAMS 0x0000000087e00000, 0x0000000087d00000| Untracked 
| 126|0x0000000087e00000, 0x0000000087e4bc00, 0x0000000087f00000| 29%| O|  |TAMS 0x0000000087e4bc00, 0x0000000087e00000| Untracked 
| 127|0x0000000087f00000, 0x0000000087f00000, 0x0000000088000000|  0%| F|  |TAMS 0x0000000087f00000, 0x0000000087f00000| Untracked 
| 128|0x0000000088000000, 0x0000000088000000, 0x0000000088100000|  0%| F|  |TAMS 0x0000000088000000, 0x0000000088000000| Untracked 
| 129|0x0000000088100000, 0x0000000088100000, 0x0000000088200000|  0%| F|  |TAMS 0x0000000088100000, 0x0000000088100000| Untracked 
| 130|0x0000000088200000, 0x0000000088200000, 0x0000000088300000|  0%| F|  |TAMS 0x0000000088200000, 0x0000000088200000| Untracked 
| 131|0x0000000088300000, 0x0000000088300000, 0x0000000088400000|  0%| F|  |TAMS 0x0000000088300000, 0x0000000088300000| Untracked 
| 132|0x0000000088400000, 0x0000000088400000, 0x0000000088500000|  0%| F|  |TAMS 0x0000000088400000, 0x0000000088400000| Untracked 
| 133|0x0000000088500000, 0x0000000088500000, 0x0000000088600000|  0%| F|  |TAMS 0x0000000088500000, 0x0000000088500000| Untracked 
| 134|0x0000000088600000, 0x0000000088600000, 0x0000000088700000|  0%| F|  |TAMS 0x0000000088600000, 0x0000000088600000| Untracked 
| 135|0x0000000088700000, 0x0000000088700000, 0x0000000088800000|  0%| F|  |TAMS 0x0000000088700000, 0x0000000088700000| Untracked 
| 136|0x0000000088800000, 0x0000000088800000, 0x0000000088900000|  0%| F|  |TAMS 0x0000000088800000, 0x0000000088800000| Untracked 
| 137|0x0000000088900000, 0x0000000088900000, 0x0000000088a00000|  0%| F|  |TAMS 0x0000000088900000, 0x0000000088900000| Untracked 
| 138|0x0000000088a00000, 0x0000000088a00000, 0x0000000088b00000|  0%| F|  |TAMS 0x0000000088a00000, 0x0000000088a00000| Untracked 
| 139|0x0000000088b00000, 0x0000000088b00000, 0x0000000088c00000|  0%| F|  |TAMS 0x0000000088b00000, 0x0000000088b00000| Untracked 
| 140|0x0000000088c00000, 0x0000000088c00000, 0x0000000088d00000|  0%| F|  |TAMS 0x0000000088c00000, 0x0000000088c00000| Untracked 
| 141|0x0000000088d00000, 0x0000000088d00000, 0x0000000088e00000|  0%| F|  |TAMS 0x0000000088d00000, 0x0000000088d00000| Untracked 
| 142|0x0000000088e00000, 0x0000000088e00000, 0x0000000088f00000|  0%| F|  |TAMS 0x0000000088e00000, 0x0000000088e00000| Untracked 
| 143|0x0000000088f00000, 0x0000000088f00000, 0x0000000089000000|  0%| F|  |TAMS 0x0000000088f00000, 0x0000000088f00000| Untracked 
| 144|0x0000000089000000, 0x0000000089000000, 0x0000000089100000|  0%| F|  |TAMS 0x0000000089000000, 0x0000000089000000| Untracked 
| 145|0x0000000089100000, 0x0000000089100000, 0x0000000089200000|  0%| F|  |TAMS 0x0000000089100000, 0x0000000089100000| Untracked 
| 146|0x0000000089200000, 0x0000000089200000, 0x0000000089300000|  0%| F|  |TAMS 0x0000000089200000, 0x0000000089200000| Untracked 
| 147|0x0000000089300000, 0x0000000089300000, 0x0000000089400000|  0%| F|  |TAMS 0x0000000089300000, 0x0000000089300000| Untracked 
| 148|0x0000000089400000, 0x0000000089400000, 0x0000000089500000|  0%| F|  |TAMS 0x0000000089400000, 0x0000000089400000| Untracked 
| 149|0x0000000089500000, 0x0000000089500000, 0x0000000089600000|  0%| F|  |TAMS 0x0000000089500000, 0x0000000089500000| Untracked 
| 150|0x0000000089600000, 0x0000000089600000, 0x0000000089700000|  0%| F|  |TAMS 0x0000000089600000, 0x0000000089600000| Untracked 
| 151|0x0000000089700000, 0x0000000089700000, 0x0000000089800000|  0%| F|  |TAMS 0x0000000089700000, 0x0000000089700000| Untracked 
| 152|0x0000000089800000, 0x0000000089800000, 0x0000000089900000|  0%| F|  |TAMS 0x0000000089800000, 0x0000000089800000| Untracked 
| 153|0x0000000089900000, 0x0000000089900000, 0x0000000089a00000|  0%| F|  |TAMS 0x0000000089900000, 0x0000000089900000| Untracked 
| 154|0x0000000089a00000, 0x0000000089a00000, 0x0000000089b00000|  0%| F|  |TAMS 0x0000000089a00000, 0x0000000089a00000| Untracked 
| 155|0x0000000089b00000, 0x0000000089b00000, 0x0000000089c00000|  0%| F|  |TAMS 0x0000000089b00000, 0x0000000089b00000| Untracked 
| 156|0x0000000089c00000, 0x0000000089c00000, 0x0000000089d00000|  0%| F|  |TAMS 0x0000000089c00000, 0x0000000089c00000| Untracked 
| 157|0x0000000089d00000, 0x0000000089d00000, 0x0000000089e00000|  0%| F|  |TAMS 0x0000000089d00000, 0x0000000089d00000| Untracked 
| 158|0x0000000089e00000, 0x0000000089e00000, 0x0000000089f00000|  0%| F|  |TAMS 0x0000000089e00000, 0x0000000089e00000| Untracked 
| 159|0x0000000089f00000, 0x0000000089f00000, 0x000000008a000000|  0%| F|  |TAMS 0x0000000089f00000, 0x0000000089f00000| Untracked 
| 160|0x000000008a000000, 0x000000008a000000, 0x000000008a100000|  0%| F|  |TAMS 0x000000008a000000, 0x000000008a000000| Untracked 
| 161|0x000000008a100000, 0x000000008a100000, 0x000000008a200000|  0%| F|  |TAMS 0x000000008a100000, 0x000000008a100000| Untracked 
| 162|0x000000008a200000, 0x000000008a200000, 0x000000008a300000|  0%| F|  |TAMS 0x000000008a200000, 0x000000008a200000| Untracked 
| 163|0x000000008a300000, 0x000000008a300000, 0x000000008a400000|  0%| F|  |TAMS 0x000000008a300000, 0x000000008a300000| Untracked 
| 164|0x000000008a400000, 0x000000008a400000, 0x000000008a500000|  0%| F|  |TAMS 0x000000008a400000, 0x000000008a400000| Untracked 
| 165|0x000000008a500000, 0x000000008a500000, 0x000000008a600000|  0%| F|  |TAMS 0x000000008a500000, 0x000000008a500000| Untracked 
| 166|0x000000008a600000, 0x000000008a600000, 0x000000008a700000|  0%| F|  |TAMS 0x000000008a600000, 0x000000008a600000| Untracked 
| 167|0x000000008a700000, 0x000000008a700000, 0x000000008a800000|  0%| F|  |TAMS 0x000000008a700000, 0x000000008a700000| Untracked 
| 168|0x000000008a800000, 0x000000008a800000, 0x000000008a900000|  0%| F|  |TAMS 0x000000008a800000, 0x000000008a800000| Untracked 
| 169|0x000000008a900000, 0x000000008a900000, 0x000000008aa00000|  0%| F|  |TAMS 0x000000008a900000, 0x000000008a900000| Untracked 
| 170|0x000000008aa00000, 0x000000008aa00000, 0x000000008ab00000|  0%| F|  |TAMS 0x000000008aa00000, 0x000000008aa00000| Untracked 
| 171|0x000000008ab00000, 0x000000008ab00000, 0x000000008ac00000|  0%| F|  |TAMS 0x000000008ab00000, 0x000000008ab00000| Untracked 
| 172|0x000000008ac00000, 0x000000008ac00000, 0x000000008ad00000|  0%| F|  |TAMS 0x000000008ac00000, 0x000000008ac00000| Untracked 
| 173|0x000000008ad00000, 0x000000008ad00000, 0x000000008ae00000|  0%| F|  |TAMS 0x000000008ad00000, 0x000000008ad00000| Untracked 
| 174|0x000000008ae00000, 0x000000008aed18e0, 0x000000008af00000| 81%| S|CS|TAMS 0x000000008ae00000, 0x000000008ae00000| Complete 
| 175|0x000000008af00000, 0x000000008b000000, 0x000000008b000000|100%| S|CS|TAMS 0x000000008af00000, 0x000000008af00000| Complete 
| 176|0x000000008b000000, 0x000000008b100000, 0x000000008b100000|100%| S|CS|TAMS 0x000000008b000000, 0x000000008b000000| Complete 
| 177|0x000000008b100000, 0x000000008b200000, 0x000000008b200000|100%| S|CS|TAMS 0x000000008b100000, 0x000000008b100000| Complete 
| 178|0x000000008b200000, 0x000000008b200000, 0x000000008b300000|  0%| F|  |TAMS 0x000000008b200000, 0x000000008b200000| Untracked 
| 179|0x000000008b300000, 0x000000008b300000, 0x000000008b400000|  0%| F|  |TAMS 0x000000008b300000, 0x000000008b300000| Untracked 
| 180|0x000000008b400000, 0x000000008b400000, 0x000000008b500000|  0%| F|  |TAMS 0x000000008b400000, 0x000000008b400000| Untracked 
| 181|0x000000008b500000, 0x000000008b500000, 0x000000008b600000|  0%| F|  |TAMS 0x000000008b500000, 0x000000008b500000| Untracked 
| 182|0x000000008b600000, 0x000000008b600000, 0x000000008b700000|  0%| F|  |TAMS 0x000000008b600000, 0x000000008b600000| Untracked 
| 183|0x000000008b700000, 0x000000008b700000, 0x000000008b800000|  0%| F|  |TAMS 0x000000008b700000, 0x000000008b700000| Untracked 
| 184|0x000000008b800000, 0x000000008b800000, 0x000000008b900000|  0%| F|  |TAMS 0x000000008b800000, 0x000000008b800000| Untracked 
| 185|0x000000008b900000, 0x000000008b900000, 0x000000008ba00000|  0%| F|  |TAMS 0x000000008b900000, 0x000000008b900000| Untracked 
| 186|0x000000008ba00000, 0x000000008ba00000, 0x000000008bb00000|  0%| F|  |TAMS 0x000000008ba00000, 0x000000008ba00000| Untracked 
| 187|0x000000008bb00000, 0x000000008bb00000, 0x000000008bc00000|  0%| F|  |TAMS 0x000000008bb00000, 0x000000008bb00000| Untracked 
| 188|0x000000008bc00000, 0x000000008bc00000, 0x000000008bd00000|  0%| F|  |TAMS 0x000000008bc00000, 0x000000008bc00000| Untracked 
| 189|0x000000008bd00000, 0x000000008bd00000, 0x000000008be00000|  0%| F|  |TAMS 0x000000008bd00000, 0x000000008bd00000| Untracked 
| 190|0x000000008be00000, 0x000000008be00000, 0x000000008bf00000|  0%| F|  |TAMS 0x000000008be00000, 0x000000008be00000| Untracked 
| 191|0x000000008bf00000, 0x000000008bf00000, 0x000000008c000000|  0%| F|  |TAMS 0x000000008bf00000, 0x000000008bf00000| Untracked 
| 192|0x000000008c000000, 0x000000008c000000, 0x000000008c100000|  0%| F|  |TAMS 0x000000008c000000, 0x000000008c000000| Untracked 
| 193|0x000000008c100000, 0x000000008c100000, 0x000000008c200000|  0%| F|  |TAMS 0x000000008c100000, 0x000000008c100000| Untracked 
| 194|0x000000008c200000, 0x000000008c200000, 0x000000008c300000|  0%| F|  |TAMS 0x000000008c200000, 0x000000008c200000| Untracked 
| 195|0x000000008c300000, 0x000000008c300000, 0x000000008c400000|  0%| F|  |TAMS 0x000000008c300000, 0x000000008c300000| Untracked 
| 196|0x000000008c400000, 0x000000008c400000, 0x000000008c500000|  0%| F|  |TAMS 0x000000008c400000, 0x000000008c400000| Untracked 
| 197|0x000000008c500000, 0x000000008c500000, 0x000000008c600000|  0%| F|  |TAMS 0x000000008c500000, 0x000000008c500000| Untracked 
| 198|0x000000008c600000, 0x000000008c600000, 0x000000008c700000|  0%| F|  |TAMS 0x000000008c600000, 0x000000008c600000| Untracked 
| 199|0x000000008c700000, 0x000000008c700000, 0x000000008c800000|  0%| F|  |TAMS 0x000000008c700000, 0x000000008c700000| Untracked 
| 200|0x000000008c800000, 0x000000008c800000, 0x000000008c900000|  0%| F|  |TAMS 0x000000008c800000, 0x000000008c800000| Untracked 
| 201|0x000000008c900000, 0x000000008c900000, 0x000000008ca00000|  0%| F|  |TAMS 0x000000008c900000, 0x000000008c900000| Untracked 
| 202|0x000000008ca00000, 0x000000008ca00000, 0x000000008cb00000|  0%| F|  |TAMS 0x000000008ca00000, 0x000000008ca00000| Untracked 
| 203|0x000000008cb00000, 0x000000008cb00000, 0x000000008cc00000|  0%| F|  |TAMS 0x000000008cb00000, 0x000000008cb00000| Untracked 
| 204|0x000000008cc00000, 0x000000008cc00000, 0x000000008cd00000|  0%| F|  |TAMS 0x000000008cc00000, 0x000000008cc00000| Untracked 
| 205|0x000000008cd00000, 0x000000008cd00000, 0x000000008ce00000|  0%| F|  |TAMS 0x000000008cd00000, 0x000000008cd00000| Untracked 
| 206|0x000000008ce00000, 0x000000008ce00000, 0x000000008cf00000|  0%| F|  |TAMS 0x000000008ce00000, 0x000000008ce00000| Untracked 
| 207|0x000000008cf00000, 0x000000008cf00000, 0x000000008d000000|  0%| F|  |TAMS 0x000000008cf00000, 0x000000008cf00000| Untracked 
| 208|0x000000008d000000, 0x000000008d000000, 0x000000008d100000|  0%| F|  |TAMS 0x000000008d000000, 0x000000008d000000| Untracked 
| 209|0x000000008d100000, 0x000000008d100000, 0x000000008d200000|  0%| F|  |TAMS 0x000000008d100000, 0x000000008d100000| Untracked 
| 210|0x000000008d200000, 0x000000008d200000, 0x000000008d300000|  0%| F|  |TAMS 0x000000008d200000, 0x000000008d200000| Untracked 
| 211|0x000000008d300000, 0x000000008d300000, 0x000000008d400000|  0%| F|  |TAMS 0x000000008d300000, 0x000000008d300000| Untracked 
| 212|0x000000008d400000, 0x000000008d400000, 0x000000008d500000|  0%| F|  |TAMS 0x000000008d400000, 0x000000008d400000| Untracked 
| 213|0x000000008d500000, 0x000000008d500000, 0x000000008d600000|  0%| F|  |TAMS 0x000000008d500000, 0x000000008d500000| Untracked 
| 214|0x000000008d600000, 0x000000008d600000, 0x000000008d700000|  0%| F|  |TAMS 0x000000008d600000, 0x000000008d600000| Untracked 
| 215|0x000000008d700000, 0x000000008d700000, 0x000000008d800000|  0%| F|  |TAMS 0x000000008d700000, 0x000000008d700000| Untracked 
| 216|0x000000008d800000, 0x000000008d800000, 0x000000008d900000|  0%| F|  |TAMS 0x000000008d800000, 0x000000008d800000| Untracked 
| 217|0x000000008d900000, 0x000000008d900000, 0x000000008da00000|  0%| F|  |TAMS 0x000000008d900000, 0x000000008d900000| Untracked 
| 218|0x000000008da00000, 0x000000008da00000, 0x000000008db00000|  0%| F|  |TAMS 0x000000008da00000, 0x000000008da00000| Untracked 
| 219|0x000000008db00000, 0x000000008db00000, 0x000000008dc00000|  0%| F|  |TAMS 0x000000008db00000, 0x000000008db00000| Untracked 
| 220|0x000000008dc00000, 0x000000008dc00000, 0x000000008dd00000|  0%| F|  |TAMS 0x000000008dc00000, 0x000000008dc00000| Untracked 
| 221|0x000000008dd00000, 0x000000008dd00000, 0x000000008de00000|  0%| F|  |TAMS 0x000000008dd00000, 0x000000008dd00000| Untracked 
| 222|0x000000008de00000, 0x000000008de00000, 0x000000008df00000|  0%| F|  |TAMS 0x000000008de00000, 0x000000008de00000| Untracked 
| 223|0x000000008df00000, 0x000000008df00000, 0x000000008e000000|  0%| F|  |TAMS 0x000000008df00000, 0x000000008df00000| Untracked 
| 224|0x000000008e000000, 0x000000008e000000, 0x000000008e100000|  0%| F|  |TAMS 0x000000008e000000, 0x000000008e000000| Untracked 
| 225|0x000000008e100000, 0x000000008e100000, 0x000000008e200000|  0%| F|  |TAMS 0x000000008e100000, 0x000000008e100000| Untracked 
| 226|0x000000008e200000, 0x000000008e200000, 0x000000008e300000|  0%| F|  |TAMS 0x000000008e200000, 0x000000008e200000| Untracked 
| 227|0x000000008e300000, 0x000000008e300000, 0x000000008e400000|  0%| F|  |TAMS 0x000000008e300000, 0x000000008e300000| Untracked 
| 228|0x000000008e400000, 0x000000008e400000, 0x000000008e500000|  0%| F|  |TAMS 0x000000008e400000, 0x000000008e400000| Untracked 
| 229|0x000000008e500000, 0x000000008e500000, 0x000000008e600000|  0%| F|  |TAMS 0x000000008e500000, 0x000000008e500000| Untracked 
| 230|0x000000008e600000, 0x000000008e600000, 0x000000008e700000|  0%| F|  |TAMS 0x000000008e600000, 0x000000008e600000| Untracked 
| 231|0x000000008e700000, 0x000000008e700000, 0x000000008e800000|  0%| F|  |TAMS 0x000000008e700000, 0x000000008e700000| Untracked 
| 232|0x000000008e800000, 0x000000008e800000, 0x000000008e900000|  0%| F|  |TAMS 0x000000008e800000, 0x000000008e800000| Untracked 
| 233|0x000000008e900000, 0x000000008e900000, 0x000000008ea00000|  0%| F|  |TAMS 0x000000008e900000, 0x000000008e900000| Untracked 
| 234|0x000000008ea00000, 0x000000008ea00000, 0x000000008eb00000|  0%| F|  |TAMS 0x000000008ea00000, 0x000000008ea00000| Untracked 
| 235|0x000000008eb00000, 0x000000008eb00000, 0x000000008ec00000|  0%| F|  |TAMS 0x000000008eb00000, 0x000000008eb00000| Untracked 
| 236|0x000000008ec00000, 0x000000008ec5a4e8, 0x000000008ed00000| 35%| E|  |TAMS 0x000000008ec00000, 0x000000008ec00000| Complete 
| 237|0x000000008ed00000, 0x000000008ee00000, 0x000000008ee00000|100%| E|CS|TAMS 0x000000008ed00000, 0x000000008ed00000| Complete 
| 238|0x000000008ee00000, 0x000000008ef00000, 0x000000008ef00000|100%| E|CS|TAMS 0x000000008ee00000, 0x000000008ee00000| Complete 
| 239|0x000000008ef00000, 0x000000008f000000, 0x000000008f000000|100%| E|CS|TAMS 0x000000008ef00000, 0x000000008ef00000| Complete 
| 240|0x000000008f000000, 0x000000008f100000, 0x000000008f100000|100%| E|CS|TAMS 0x000000008f000000, 0x000000008f000000| Complete 
| 241|0x000000008f100000, 0x000000008f200000, 0x000000008f200000|100%| E|CS|TAMS 0x000000008f100000, 0x000000008f100000| Complete 
| 242|0x000000008f200000, 0x000000008f300000, 0x000000008f300000|100%| E|CS|TAMS 0x000000008f200000, 0x000000008f200000| Complete 
| 243|0x000000008f300000, 0x000000008f400000, 0x000000008f400000|100%| E|CS|TAMS 0x000000008f300000, 0x000000008f300000| Complete 
| 244|0x000000008f400000, 0x000000008f4ffe78, 0x000000008f500000| 99%| E|  |TAMS 0x000000008f400000, 0x000000008f400000| Complete 
| 245|0x000000008f500000, 0x000000008f600000, 0x000000008f600000|100%| E|CS|TAMS 0x000000008f500000, 0x000000008f500000| Complete 
| 246|0x000000008f600000, 0x000000008f700000, 0x000000008f700000|100%| E|CS|TAMS 0x000000008f600000, 0x000000008f600000| Complete 
| 247|0x000000008f700000, 0x000000008f800000, 0x000000008f800000|100%| E|CS|TAMS 0x000000008f700000, 0x000000008f700000| Complete 
| 248|0x000000008f800000, 0x000000008f900000, 0x000000008f900000|100%| E|CS|TAMS 0x000000008f800000, 0x000000008f800000| Complete 
| 249|0x000000008f900000, 0x000000008fa00000, 0x000000008fa00000|100%| E|CS|TAMS 0x000000008f900000, 0x000000008f900000| Complete 
| 250|0x000000008fa00000, 0x000000008fb00000, 0x000000008fb00000|100%| E|CS|TAMS 0x000000008fa00000, 0x000000008fa00000| Complete 
| 251|0x000000008fb00000, 0x000000008fc00000, 0x000000008fc00000|100%| E|CS|TAMS 0x000000008fb00000, 0x000000008fb00000| Complete 
| 252|0x000000008fc00000, 0x000000008fd00000, 0x000000008fd00000|100%| E|CS|TAMS 0x000000008fc00000, 0x000000008fc00000| Complete 
| 253|0x000000008fd00000, 0x000000008fe00000, 0x000000008fe00000|100%| E|CS|TAMS 0x000000008fd00000, 0x000000008fd00000| Complete 
| 254|0x000000008fe00000, 0x000000008ff00000, 0x000000008ff00000|100%| E|CS|TAMS 0x000000008fe00000, 0x000000008fe00000| Complete 
| 255|0x000000008ff00000, 0x0000000090000000, 0x0000000090000000|100%| E|CS|TAMS 0x000000008ff00000, 0x000000008ff00000| Complete 

Card table byte_map: [0x000002387eca0000,0x000002387f0a0000] _byte_map_base: 0x000002387e8a0000

Marking Bits (Prev, Next): (CMBitMap*) 0x000002387aa86198, (CMBitMap*) 0x000002387aa861d0
 Prev Bits: [0x000002380f000000, 0x0000023811000000)
 Next Bits: [0x0000023811000000, 0x0000023813000000)

Polling page: 0x000002387a220000

Metaspace:

Usage:
  Non-class:     80.56 MB capacity,    78.50 MB ( 97%) used,     1.69 MB (  2%) free+waste,   385.06 KB ( <1%) overhead. 
      Class:     12.91 MB capacity,    11.65 MB ( 90%) used,     1.08 MB (  8%) free+waste,   182.44 KB (  1%) overhead. 
       Both:     93.48 MB capacity,    90.15 MB ( 96%) used,     2.77 MB (  3%) free+waste,   567.50 KB ( <1%) overhead. 

Virtual space:
  Non-class space:       82.00 MB reserved,      81.08 MB ( 99%) committed 
      Class space:        1.00 GB reserved,      13.12 MB (  1%) committed 
             Both:        1.08 GB reserved,      94.20 MB (  9%) committed 

Chunk freelists:
   Non-Class:  336.00 KB
       Class:  185.00 KB
        Both:  521.00 KB

MaxMetaspaceSize: 17179869184.00 GB
CompressedClassSpaceSize: 1.00 GB
Initial GC threshold: 20.80 MB
Current GC threshold: 155.55 MB
CDS: off

CodeHeap 'non-profiled nmethods': size=120000Kb used=8315Kb max_used=8315Kb free=111684Kb
 bounds [0x0000023807ad0000, 0x00000238082f0000, 0x000002380f000000]
CodeHeap 'profiled nmethods': size=120000Kb used=28606Kb max_used=28606Kb free=91393Kb
 bounds [0x00000238005a0000, 0x0000023802190000, 0x0000023807ad0000]
CodeHeap 'non-nmethods': size=5760Kb used=1685Kb max_used=1746Kb free=4074Kb
 bounds [0x0000023800000000, 0x0000023800270000, 0x00000238005a0000]
 total_blobs=14216 nmethods=13464 adapters=663
 compilation: enabled
              stopped_count=0, restarted_count=0
 full_count=0

Compilation events (20 events):
Event: 20.079 Thread 0x000002381802e800 nmethod 13550 0x00000238082e6510 code [0x00000238082e66a0, 0x00000238082e6718]
Event: 20.079 Thread 0x000002381802e800 13551       4       java.nio.HeapShortBuffer::get (15 bytes)
Event: 20.079 Thread 0x00000238158d3800 nmethod 13548 0x0000023802147e90 code [0x0000023802148060, 0x0000023802148398]
Event: 20.079 Thread 0x00000238158d3800 13552   !   3       com.android.tools.r8.graph.a1::q0 (125 bytes)
Event: 20.080 Thread 0x0000023816ad3000 nmethod 13547 0x00000238082e6810 code [0x00000238082e69c0, 0x00000238082e6af8]
Event: 20.080 Thread 0x0000023816ad3000 13555       4       com.android.tools.r8.internal.yY::c (11 bytes)
Event: 20.081 Thread 0x000002381802e800 nmethod 13551 0x00000238082e6c90 code [0x00000238082e6e20, 0x00000238082e6ef8]
Event: 20.081 Thread 0x0000023816ad3000 nmethod 13555 0x00000238082e7010 code [0x00000238082e71a0, 0x00000238082e7238]
Event: 20.081 Thread 0x00000238158d3800 nmethod 13552 0x0000023802148510 code [0x0000023802148940, 0x000002380214a7e8]
Event: 20.081 Thread 0x00000238158d3800 13556       3       com.android.tools.r8.code.y1::a (4129 bytes)
Event: 20.082 Thread 0x000002381802e800 13560       4       com.android.tools.r8.internal.Ac::g (8 bytes)
Event: 20.084 Thread 0x000002381802e800 nmethod 13560 0x00000238082e7310 code [0x00000238082e74a0, 0x00000238082e7598]
Event: 20.086 Thread 0x0000023816ad3000 13561       4       com.android.tools.r8.dex.c::a (8 bytes)
Event: 20.087 Thread 0x000002381802e800 13562       4       com.android.tools.r8.graph.p0::<init> (5 bytes)
Event: 20.088 Thread 0x000002381802e800 nmethod 13562 0x00000238082e7710 code [0x00000238082e78a0, 0x00000238082e78f8]
Event: 20.088 Thread 0x0000023816ad3000 nmethod 13561 0x00000238082e7a10 code [0x00000238082e7bc0, 0x00000238082e7cd8]
Event: 20.089 Thread 0x000002381802e800 13563       4       com.android.tools.r8.code.x1::b (18 bytes)
Event: 20.090 Thread 0x000002381802e800 nmethod 13563 0x00000238082e7e90 code [0x00000238082e8020, 0x00000238082e8098]
Event: 20.094 Thread 0x0000023816ad3000 13567       4       com.android.tools.r8.internal.pL::e (33 bytes)
Event: 20.095 Thread 0x0000023816ad3000 nmethod 13567 0x00000238082e8190 code [0x00000238082e8320, 0x00000238082e83b8]

GC Heap History (20 events):
Event: 9.837 GC heap before
{Heap before GC invocations=8 (full 0):
 garbage-first heap   total 262144K, used 180696K [0x0000000080000000, 0x0000000100000000)
  region size 1024K, 153 young (156672K), 16 survivors (16384K)
 Metaspace       used 56770K, capacity 58879K, committed 59184K, reserved 1099776K
  class space    used 7520K, capacity 8255K, committed 8320K, reserved 1048576K
}
Event: 9.876 GC heap after
{Heap after GC invocations=9 (full 0):
 garbage-first heap   total 262144K, used 54003K [0x0000000080000000, 0x0000000100000000)
  region size 1024K, 17 young (17408K), 17 survivors (17408K)
 Metaspace       used 56770K, capacity 58879K, committed 59184K, reserved 1099776K
  class space    used 7520K, capacity 8255K, committed 8320K, reserved 1048576K
}
Event: 10.646 GC heap before
{Heap before GC invocations=9 (full 0):
 garbage-first heap   total 262144K, used 170739K [0x0000000080000000, 0x0000000100000000)
  region size 1024K, 133 young (136192K), 17 survivors (17408K)
 Metaspace       used 57972K, capacity 60164K, committed 60240K, reserved 1101824K
  class space    used 7609K, capacity 8420K, committed 8448K, reserved 1048576K
}
Event: 10.665 GC heap after
{Heap after GC invocations=10 (full 0):
 garbage-first heap   total 262144K, used 60743K [0x0000000080000000, 0x0000000100000000)
  region size 1024K, 9 young (9216K), 9 survivors (9216K)
 Metaspace       used 57972K, capacity 60164K, committed 60240K, reserved 1101824K
  class space    used 7609K, capacity 8420K, committed 8448K, reserved 1048576K
}
Event: 11.243 GC heap before
{Heap before GC invocations=11 (full 0):
 garbage-first heap   total 262144K, used 188743K [0x0000000080000000, 0x0000000100000000)
  region size 1024K, 135 young (138240K), 9 survivors (9216K)
 Metaspace       used 58131K, capacity 60327K, committed 60496K, reserved 1101824K
  class space    used 7611K, capacity 8421K, committed 8448K, reserved 1048576K
}
Event: 11.258 GC heap after
{Heap after GC invocations=12 (full 0):
 garbage-first heap   total 262144K, used 65123K [0x0000000080000000, 0x0000000100000000)
  region size 1024K, 13 young (13312K), 13 survivors (13312K)
 Metaspace       used 58131K, capacity 60327K, committed 60496K, reserved 1101824K
  class space    used 7611K, capacity 8421K, committed 8448K, reserved 1048576K
}
Event: 11.776 GC heap before
{Heap before GC invocations=12 (full 0):
 garbage-first heap   total 262144K, used 196195K [0x0000000080000000, 0x0000000100000000)
  region size 1024K, 142 young (145408K), 13 survivors (13312K)
 Metaspace       used 58256K, capacity 60534K, committed 60752K, reserved 1101824K
  class space    used 7625K, capacity 8423K, committed 8448K, reserved 1048576K
}
Event: 11.792 GC heap after
{Heap after GC invocations=13 (full 0):
 garbage-first heap   total 262144K, used 71235K [0x0000000080000000, 0x0000000100000000)
  region size 1024K, 14 young (14336K), 14 survivors (14336K)
 Metaspace       used 58256K, capacity 60534K, committed 60752K, reserved 1101824K
  class space    used 7625K, capacity 8423K, committed 8448K, reserved 1048576K
}
Event: 12.952 GC heap before
{Heap before GC invocations=13 (full 0):
 garbage-first heap   total 262144K, used 203331K [0x0000000080000000, 0x0000000100000000)
  region size 1024K, 141 young (144384K), 14 survivors (14336K)
 Metaspace       used 64287K, capacity 66616K, committed 66768K, reserved 1107968K
  class space    used 8402K, capacity 9230K, committed 9344K, reserved 1048576K
}
Event: 12.968 GC heap after
{Heap after GC invocations=14 (full 0):
 garbage-first heap   total 262144K, used 80232K [0x0000000080000000, 0x0000000100000000)
  region size 1024K, 15 young (15360K), 15 survivors (15360K)
 Metaspace       used 64287K, capacity 66616K, committed 66768K, reserved 1107968K
  class space    used 8402K, capacity 9230K, committed 9344K, reserved 1048576K
}
Event: 13.935 GC heap before
{Heap before GC invocations=14 (full 0):
 garbage-first heap   total 262144K, used 204136K [0x0000000080000000, 0x0000000100000000)
  region size 1024K, 137 young (140288K), 15 survivors (15360K)
 Metaspace       used 66825K, capacity 69074K, committed 69200K, reserved 1110016K
  class space    used 8614K, capacity 9452K, committed 9472K, reserved 1048576K
}
Event: 13.950 GC heap after
{Heap after GC invocations=15 (full 0):
 garbage-first heap   total 262144K, used 86043K [0x0000000080000000, 0x0000000100000000)
  region size 1024K, 15 young (15360K), 15 survivors (15360K)
 Metaspace       used 66825K, capacity 69074K, committed 69200K, reserved 1110016K
  class space    used 8614K, capacity 9452K, committed 9472K, reserved 1048576K
}
Event: 15.483 GC heap before
{Heap before GC invocations=15 (full 0):
 garbage-first heap   total 262144K, used 208923K [0x0000000080000000, 0x0000000100000000)
  region size 1024K, 134 young (137216K), 15 survivors (15360K)
 Metaspace       used 73966K, capacity 76405K, committed 76624K, reserved 1116160K
  class space    used 9486K, capacity 10383K, committed 10496K, reserved 1048576K
}
Event: 15.517 GC heap after
{Heap after GC invocations=16 (full 0):
 garbage-first heap   total 262144K, used 108064K [0x0000000080000000, 0x0000000100000000)
  region size 1024K, 17 young (17408K), 17 survivors (17408K)
 Metaspace       used 73966K, capacity 76405K, committed 76624K, reserved 1116160K
  class space    used 9486K, capacity 10383K, committed 10496K, reserved 1048576K
}
Event: 17.147 GC heap before
{Heap before GC invocations=16 (full 0):
 garbage-first heap   total 262144K, used 204320K [0x0000000080000000, 0x0000000100000000)
  region size 1024K, 111 young (113664K), 17 survivors (17408K)
 Metaspace       used 77472K, capacity 80099K, committed 80208K, reserved 1118208K
  class space    used 9786K, capacity 10752K, committed 10752K, reserved 1048576K
}
Event: 17.175 GC heap after
{Heap after GC invocations=17 (full 0):
 garbage-first heap   total 262144K, used 122190K [0x0000000080000000, 0x0000000100000000)
  region size 1024K, 13 young (13312K), 13 survivors (13312K)
 Metaspace       used 77472K, capacity 80099K, committed 80208K, reserved 1118208K
  class space    used 9786K, capacity 10752K, committed 10752K, reserved 1048576K
}
Event: 18.028 GC heap before
{Heap before GC invocations=17 (full 0):
 garbage-first heap   total 262144K, used 206158K [0x0000000080000000, 0x0000000100000000)
  region size 1024K, 96 young (98304K), 13 survivors (13312K)
 Metaspace       used 79491K, capacity 82302K, committed 82384K, reserved 1120256K
  class space    used 10040K, capacity 11061K, committed 11136K, reserved 1048576K
}
Event: 18.048 GC heap after
{Heap after GC invocations=18 (full 0):
 garbage-first heap   total 262144K, used 129850K [0x0000000080000000, 0x0000000100000000)
  region size 1024K, 8 young (8192K), 8 survivors (8192K)
 Metaspace       used 79491K, capacity 82302K, committed 82384K, reserved 1120256K
  class space    used 10040K, capacity 11061K, committed 11136K, reserved 1048576K
}
Event: 19.646 GC heap before
{Heap before GC invocations=18 (full 0):
 garbage-first heap   total 262144K, used 208698K [0x0000000080000000, 0x0000000100000000)
  region size 1024K, 86 young (88064K), 8 survivors (8192K)
 Metaspace       used 91307K, capacity 94817K, committed 94928K, reserved 1130496K
  class space    used 11799K, capacity 13160K, committed 13184K, reserved 1048576K
}
Event: 19.664 GC heap after
{Heap after GC invocations=19 (full 0):
 garbage-first heap   total 262144K, used 133237K [0x0000000080000000, 0x0000000100000000)
  region size 1024K, 4 young (4096K), 4 survivors (4096K)
 Metaspace       used 91307K, capacity 94817K, committed 94928K, reserved 1130496K
  class space    used 11799K, capacity 13160K, committed 13184K, reserved 1048576K
}

Deoptimization events (20 events):
Event: 19.775 Thread 0x0000023819206000 DEOPT PACKING pc=0x0000023801d637c6 sp=0x000000a5710fde00
Event: 19.775 Thread 0x0000023819206000 DEOPT UNPACKING pc=0x000002380004a95e sp=0x000000a5710fd2a0 mode 0
Event: 19.775 Thread 0x0000023819206000 DEOPT PACKING pc=0x0000023801d637c6 sp=0x000000a5710fde00
Event: 19.776 Thread 0x0000023819206000 DEOPT UNPACKING pc=0x000002380004a95e sp=0x000000a5710fd2a0 mode 0
Event: 19.776 Thread 0x0000023819205000 DEOPT PACKING pc=0x00000238014f4014 sp=0x000000a570afd1b0
Event: 19.776 Thread 0x0000023819205000 DEOPT UNPACKING pc=0x000002380004a95e sp=0x000000a570afc618 mode 0
Event: 19.777 Thread 0x0000023819206000 DEOPT PACKING pc=0x0000023801d637c6 sp=0x000000a5710fc8c0
Event: 19.777 Thread 0x0000023819206000 DEOPT UNPACKING pc=0x000002380004a95e sp=0x000000a5710fbd60 mode 0
Event: 19.777 Thread 0x0000023819205000 DEOPT PACKING pc=0x00000238013cc21c sp=0x000000a570afd680
Event: 19.777 Thread 0x0000023819205000 DEOPT UNPACKING pc=0x000002380004a95e sp=0x000000a570afcc60 mode 0
Event: 19.807 Thread 0x0000023819207800 Uncommon trap: trap_request=0xffffff4d fr.pc=0x0000023807f1e668 relative=0x0000000000002488
Event: 19.807 Thread 0x0000023819207800 Uncommon trap: reason=unstable_if action=reinterpret pc=0x0000023807f1e668 method=org.gradle.internal.snapshot.impl.AbstractValueProcessor.processValue(Ljava/lang/Object;Lorg/gradle/internal/snapshot/impl/AbstractValueProcessor$ValueVisitor;)Ljava/lang/Ob
Event: 19.807 Thread 0x0000023819207800 DEOPT PACKING pc=0x0000023807f1e668 sp=0x000000a570cfa400
Event: 19.807 Thread 0x0000023819207800 DEOPT UNPACKING pc=0x000002380004a1af sp=0x000000a570cfa400 mode 2
Event: 19.928 Thread 0x000002381dc08000 DEOPT PACKING pc=0x0000023800ebcff4 sp=0x000000a5775fd7d0
Event: 19.928 Thread 0x000002381dc08000 DEOPT UNPACKING pc=0x000002380004a95e sp=0x000000a5775fcd98 mode 0
Event: 19.978 Thread 0x000002381dc08000 Uncommon trap: trap_request=0xffffff4d fr.pc=0x0000023807d5435c relative=0x00000000000000bc
Event: 19.978 Thread 0x000002381dc08000 Uncommon trap: reason=unstable_if action=reinterpret pc=0x0000023807d5435c method=jdk.internal.misc.Unsafe.convEndian(ZS)S @ 4 c2
Event: 19.978 Thread 0x000002381dc08000 DEOPT PACKING pc=0x0000023807d5435c sp=0x000000a5775fd520
Event: 19.978 Thread 0x000002381dc08000 DEOPT UNPACKING pc=0x000002380004a1af sp=0x000000a5775fd3e0 mode 2

Classes redefined (0 events):
No events

Internal exceptions (20 events):
Event: 18.645 Thread 0x000002381dc09800 Exception <a 'java/lang/IncompatibleClassChangeError'{0x000000008d233960}: Found class java.lang.Object, but interface was expected> (0x000000008d233960) thrown at [src/hotspot/share/interpreter/linkResolver.cpp, line 839]
Event: 18.645 Thread 0x000002381dc0b000 Exception <a 'java/lang/IncompatibleClassChangeError'{0x000000008d22d378}: Found class java.lang.Object, but interface was expected> (0x000000008d22d378) thrown at [src/hotspot/share/interpreter/linkResolver.cpp, line 839]
Event: 18.646 Thread 0x000002381dc09800 Exception <a 'java/lang/IncompatibleClassChangeError'{0x000000008d23b568}: Found class java.lang.Object, but interface was expected> (0x000000008d23b568) thrown at [src/hotspot/share/interpreter/linkResolver.cpp, line 839]
Event: 18.646 Thread 0x000002381dc0b000 Exception <a 'java/lang/IncompatibleClassChangeError'{0x000000008d230530}: Found class java.lang.Object, but interface was expected> (0x000000008d230530) thrown at [src/hotspot/share/interpreter/linkResolver.cpp, line 839]
Event: 18.733 Thread 0x000002381dc09800 Exception <a 'java/lang/NoSuchMethodError'{0x000000008d0d3cd8}: 'void java.lang.invoke.DirectMethodHandle$Holder.invokeSpecial(java.lang.Object, java.lang.Object, int, java.lang.Object)'> (0x000000008d0d3cd8) thrown at [src/hotspot/share/interpreter/linkResolver.cpp, line 773]
Event: 18.733 Thread 0x000002381dc0b000 Exception <a 'java/lang/NoSuchMethodError'{0x000000008cf3aee8}: 'void java.lang.invoke.DirectMethodHandle$Holder.invokeSpecial(java.lang.Object, java.lang.Object, int, java.lang.Object)'> (0x000000008cf3aee8) thrown at [src/hotspot/share/interpreter/linkResolver.cpp, line 773]
Event: 18.894 Thread 0x000002381dc0b000 Exception <a 'java/lang/NoSuchMethodError'{0x000000008c9974d0}: 'long java.lang.invoke.DirectMethodHandle$Holder.invokeStatic(java.lang.Object, java.lang.Object)'> (0x000000008c9974d0) thrown at [src/hotspot/share/interpreter/linkResolver.cpp, line 773]
Event: 18.988 Thread 0x000002381dc09800 Exception <a 'java/lang/NoSuchMethodError'{0x000000008c695890}: 'java.lang.Object java.lang.invoke.DirectMethodHandle$Holder.invokeSpecial(java.lang.Object, java.lang.Object, java.lang.Object, java.lang.Object, java.lang.Object, java.lang.Object, java.lang.Object, java.lang.Object, java.lang.Object, java.lang.Object, java.lang.Object)'> (0x000000008c695890) thrown at [src/hotspot/share/interpreter/linkResolver.cpp, line 773]
Event: 18.990 Thread 0x000002381dc09800 Exception <a 'java/lang/NoSuchMethodError'{0x000000008c6a0ee0}: 'java.lang.Object java.lang.invoke.Invokers$Holder.linkToTargetMethod(java.lang.Object, java.lang.Object, java.lang.Object, java.lang.Object, java.lang.Object, java.lang.Object, java.lang.Object, java.lang.Object, java.lang.Object, java.lang.Object)'> (0x000000008c6a0ee0) thrown at [src/hotspot/share/interpreter/linkResolver.cpp, line 773]
Event: 19.013 Thread 0x000002381dc0b000 Exception <a 'java/lang/NoSuchMethodError'{0x000000008c571178}: 'java.lang.Object java.lang.invoke.Invokers$Holder.linkToTargetMethod(java.lang.Object, int, java.lang.Object, java.lang.Object, java.lang.Object, java.lang.Object)'> (0x000000008c571178) thrown at [src/hotspot/share/interpreter/linkResolver.cpp, line 773]
Event: 19.016 Thread 0x000002381dc09800 Exception <a 'java/lang/IncompatibleClassChangeError'{0x000000008c5b5128}: Found class java.lang.Object, but interface was expected> (0x000000008c5b5128) thrown at [src/hotspot/share/interpreter/linkResolver.cpp, line 839]
Event: 19.017 Thread 0x000002381dc0b000 Exception <a 'java/lang/NoSuchMethodError'{0x000000008c5aa9c0}: 'void java.lang.invoke.DirectMethodHandle$Holder.invokeStatic(java.lang.Object, java.lang.Object, java.lang.Object, java.lang.Object, java.lang.Object, java.lang.Object, java.lang.Object, java.lang.Object)'> (0x000000008c5aa9c0) thrown at [src/hotspot/share/interpreter/linkResolver.cpp, line 773]
Event: 19.109 Thread 0x000002381dc0b000 Exception <a 'java/lang/IncompatibleClassChangeError'{0x000000008c1738e0}: Found class java.lang.Object, but interface was expected> (0x000000008c1738e0) thrown at [src/hotspot/share/interpreter/linkResolver.cpp, line 839]
Event: 19.153 Thread 0x000002381dc0b000 Exception <a 'java/lang/NoSuchMethodError'{0x000000008bfdc3b8}: 'void java.lang.invoke.DirectMethodHandle$Holder.invokeSpecial(java.lang.Object, java.lang.Object, int)'> (0x000000008bfdc3b8) thrown at [src/hotspot/share/interpreter/linkResolver.cpp, line 773]
Event: 19.178 Thread 0x000002381dc0b000 Exception <a 'sun/nio/fs/WindowsException'{0x000000008bd23630}> (0x000000008bd23630) thrown at [src/hotspot/share/prims/jni.cpp, line 617]
Event: 19.673 Thread 0x000002381dc09800 Implicit null exception at 0x000002380800b970 to 0x000002380800b9c5
Event: 19.759 Thread 0x000002381dc09800 Exception <a 'sun/nio/fs/WindowsException'{0x000000008febe518}> (0x000000008febe518) thrown at [src/hotspot/share/prims/jni.cpp, line 617]
Event: 19.761 Thread 0x000002381dc09800 Exception <a 'sun/nio/fs/WindowsException'{0x000000008fec7210}> (0x000000008fec7210) thrown at [src/hotspot/share/prims/jni.cpp, line 617]
Event: 19.811 Thread 0x0000023819207800 Exception <a 'java/lang/NoSuchMethodError'{0x000000008fbd3880}: <clinit>> (0x000000008fbd3880) thrown at [src/hotspot/share/prims/jni.cpp, line 1367]
Event: 19.948 Thread 0x000002381dc08000 Exception <a 'sun/nio/fs/WindowsException'{0x000000008f506538}> (0x000000008f506538) thrown at [src/hotspot/share/prims/jni.cpp, line 617]

Events (20 events):
Event: 20.061 loading class com/android/tools/r8/graph/N$b$a
Event: 20.061 loading class com/android/tools/r8/graph/N$b$a done
Event: 20.062 loading class com/android/tools/r8/internal/yY
Event: 20.062 loading class com/android/tools/r8/internal/yY done
Event: 20.062 loading class com/android/tools/r8/internal/yY
Event: 20.062 loading class com/android/tools/r8/internal/yY done
Event: 20.062 loading class com/android/tools/r8/internal/xY
Event: 20.062 loading class com/android/tools/r8/internal/xY done
Event: 20.062 loading class com/android/tools/r8/graph/N$b
Event: 20.062 loading class com/android/tools/r8/graph/N$b done
Event: 20.062 loading class com/android/tools/r8/graph/N$b
Event: 20.062 loading class com/android/tools/r8/graph/N$b done
Event: 20.062 loading class com/android/tools/r8/graph/N$b
Event: 20.062 loading class com/android/tools/r8/graph/N$b done
Event: 20.062 loading class com/android/tools/r8/graph/N$b
Event: 20.062 loading class com/android/tools/r8/graph/N$b done
Event: 20.073 loading class com/android/tools/r8/graph/U
Event: 20.073 loading class com/android/tools/r8/graph/U done
Event: 20.073 loading class com/android/tools/r8/graph/U
Event: 20.073 loading class com/android/tools/r8/graph/U done


Dynamic libraries:
0x00007ff691b40000 - 0x00007ff691b4a000 	C:\Program Files\Android\Android Studio\jbr\bin\java.exe
0x00007ffe607f0000 - 0x00007ffe609e8000 	C:\Windows\SYSTEM32\ntdll.dll
0x00007ffe60160000 - 0x00007ffe6021d000 	C:\Windows\System32\KERNEL32.DLL
0x00007ffe5e490000 - 0x00007ffe5e786000 	C:\Windows\System32\KERNELBASE.dll
0x00007ffe5e040000 - 0x00007ffe5e140000 	C:\Windows\System32\ucrtbase.dll
0x00007ffe52960000 - 0x00007ffe52977000 	C:\Program Files\Android\Android Studio\jbr\bin\jli.dll
0x00007ffe49180000 - 0x00007ffe4919b000 	C:\Program Files\Android\Android Studio\jbr\bin\VCRUNTIME140.dll
0x00007ffe5f0c0000 - 0x00007ffe5f25e000 	C:\Windows\System32\USER32.dll
0x00007ffe422f0000 - 0x00007ffe4258a000 	C:\Windows\WinSxS\amd64_microsoft.windows.common-controls_6595b64144ccf1df_6.0.19041.1110_none_60b5254171f9507e\COMCTL32.dll
0x00007ffe5e340000 - 0x00007ffe5e362000 	C:\Windows\System32\win32u.dll
0x00007ffe5ee30000 - 0x00007ffe5eece000 	C:\Windows\System32\msvcrt.dll
0x00007ffe5ea10000 - 0x00007ffe5ea3c000 	C:\Windows\System32\GDI32.dll
0x00007ffe5e370000 - 0x00007ffe5e48a000 	C:\Windows\System32\gdi32full.dll
0x00007ffe5e2a0000 - 0x00007ffe5e33d000 	C:\Windows\System32\msvcp_win.dll
0x00007ffe5f2e0000 - 0x00007ffe5f310000 	C:\Windows\System32\IMM32.DLL
0x00007ffe53090000 - 0x00007ffe5309c000 	C:\Program Files\Android\Android Studio\jbr\bin\vcruntime140_1.dll
0x00007ffe425f0000 - 0x00007ffe4267d000 	C:\Program Files\Android\Android Studio\jbr\bin\msvcp140.dll
0x00007ffe1ad20000 - 0x00007ffe1b8dc000 	C:\Program Files\Android\Android Studio\jbr\bin\server\jvm.dll
0x00007ffe5f510000 - 0x00007ffe5f5be000 	C:\Windows\System32\ADVAPI32.dll
0x00007ffe5ed80000 - 0x00007ffe5ee1c000 	C:\Windows\System32\sechost.dll
0x00007ffe5ec50000 - 0x00007ffe5ed76000 	C:\Windows\System32\RPCRT4.dll
0x00007ffe5e950000 - 0x00007ffe5e958000 	C:\Windows\System32\PSAPI.DLL
0x00007ffe56950000 - 0x00007ffe56959000 	C:\Windows\SYSTEM32\WSOCK32.dll
0x00007ffe53c90000 - 0x00007ffe53c9a000 	C:\Windows\SYSTEM32\VERSION.dll
0x00007ffe48720000 - 0x00007ffe48747000 	C:\Windows\SYSTEM32\WINMM.dll
0x00007ffe5f3c0000 - 0x00007ffe5f42b000 	C:\Windows\System32\WS2_32.dll
0x00007ffe5c6f0000 - 0x00007ffe5c702000 	C:\Windows\SYSTEM32\kernel.appcore.dll
0x00007ffe56850000 - 0x00007ffe56860000 	C:\Program Files\Android\Android Studio\jbr\bin\verify.dll
0x00007ffe58740000 - 0x00007ffe58924000 	C:\Windows\SYSTEM32\DBGHELP.DLL
0x00007ffe45ba0000 - 0x00007ffe45bd4000 	C:\Windows\SYSTEM32\dbgcore.DLL
0x00007ffe5ded0000 - 0x00007ffe5df52000 	C:\Windows\System32\bcryptPrimitives.dll
0x00007ffe53a80000 - 0x00007ffe53aa8000 	C:\Program Files\Android\Android Studio\jbr\bin\java.dll
0x00007ffe55d40000 - 0x00007ffe55d4a000 	C:\Program Files\Android\Android Studio\jbr\bin\jimage.dll
0x00007ffe55810000 - 0x00007ffe55828000 	C:\Program Files\Android\Android Studio\jbr\bin\zip.dll
0x00007ffe5f5c0000 - 0x00007ffe5fd05000 	C:\Windows\System32\SHELL32.dll
0x00007ffe5bf40000 - 0x00007ffe5c6db000 	C:\Windows\SYSTEM32\windows.storage.dll
0x00007ffe5fe00000 - 0x00007ffe60154000 	C:\Windows\System32\combase.dll
0x00007ffe5d910000 - 0x00007ffe5d93e000 	C:\Windows\SYSTEM32\Wldp.dll
0x00007ffe5e960000 - 0x00007ffe5ea0d000 	C:\Windows\System32\SHCORE.dll
0x00007ffe5f060000 - 0x00007ffe5f0b5000 	C:\Windows\System32\shlwapi.dll
0x00007ffe5de00000 - 0x00007ffe5de25000 	C:\Windows\SYSTEM32\profapi.dll
0x00007ffe54fc0000 - 0x00007ffe54fd9000 	C:\Program Files\Android\Android Studio\jbr\bin\net.dll
0x00007ffe51030000 - 0x00007ffe5113a000 	C:\Windows\SYSTEM32\WINHTTP.dll
0x00007ffe5d670000 - 0x00007ffe5d6da000 	C:\Windows\system32\mswsock.dll
0x00007ffe54d60000 - 0x00007ffe54d73000 	C:\Program Files\Android\Android Studio\jbr\bin\nio.dll
0x00007ffe49400000 - 0x00007ffe49427000 	C:\Users\MAQS\.gradle\native\e1d6ef7f7dcc3fd88c89a11ec53ec762bb8ba0a96d01ffa2cd45eb1d1d8dd5c5\windows-amd64\native-platform.dll
0x00007ffe22990000 - 0x00007ffe22ad4000 	C:\Users\MAQS\.gradle\native\0d407fdbe67a94daf76414ababcb853783967236a71b16ec16e742cd7a986fd3\windows-amd64\native-platform-file-events.dll
0x00007ffe55200000 - 0x00007ffe5520a000 	C:\Program Files\Android\Android Studio\jbr\bin\management.dll
0x00007ffe55090000 - 0x00007ffe5509b000 	C:\Program Files\Android\Android Studio\jbr\bin\management_ext.dll
0x00007ffe5d870000 - 0x00007ffe5d888000 	C:\Windows\SYSTEM32\CRYPTSP.dll
0x00007ffe5cf10000 - 0x00007ffe5cf44000 	C:\Windows\system32\rsaenh.dll
0x00007ffe5e010000 - 0x00007ffe5e037000 	C:\Windows\System32\bcrypt.dll
0x00007ffe5ddc0000 - 0x00007ffe5ddee000 	C:\Windows\SYSTEM32\USERENV.dll
0x00007ffe5d860000 - 0x00007ffe5d86c000 	C:\Windows\SYSTEM32\CRYPTBASE.dll
0x00007ffe5d2f0000 - 0x00007ffe5d32b000 	C:\Windows\SYSTEM32\IPHLPAPI.DLL
0x00007ffe5e850000 - 0x00007ffe5e858000 	C:\Windows\System32\NSI.dll
0x00007ffe51fe0000 - 0x00007ffe51ff7000 	C:\Windows\SYSTEM32\dhcpcsvc6.DLL
0x00007ffe528a0000 - 0x00007ffe528bd000 	C:\Windows\SYSTEM32\dhcpcsvc.DLL
0x00007ffe5d330000 - 0x00007ffe5d3fa000 	C:\Windows\SYSTEM32\DNSAPI.dll

dbghelp: loaded successfully - version: 4.0.5 - missing functions: none
symbol engine: initialized successfully - sym options: 0x614 - pdb path: .;C:\Program Files\Android\Android Studio\jbr\bin;C:\Windows\SYSTEM32;C:\Windows\WinSxS\amd64_microsoft.windows.common-controls_6595b64144ccf1df_6.0.19041.1110_none_60b5254171f9507e;C:\Program Files\Android\Android Studio\jbr\bin\server;C:\Users\MAQS\.gradle\native\e1d6ef7f7dcc3fd88c89a11ec53ec762bb8ba0a96d01ffa2cd45eb1d1d8dd5c5\windows-amd64;C:\Users\MAQS\.gradle\native\0d407fdbe67a94daf76414ababcb853783967236a71b16ec16e742cd7a986fd3\windows-amd64

VM Arguments:
jvm_args: --add-opens=java.base/java.util=ALL-UNNAMED --add-opens=java.base/java.lang=ALL-UNNAMED --add-opens=java.base/java.lang.invoke=ALL-UNNAMED --add-opens=java.base/java.util=ALL-UNNAMED --add-opens=java.prefs/java.util.prefs=ALL-UNNAMED --add-opens=java.prefs/java.util.prefs=ALL-UNNAMED --add-opens=java.base/java.nio.charset=ALL-UNNAMED --add-opens=java.base/java.net=ALL-UNNAMED --add-opens=java.base/java.util.concurrent.atomic=ALL-UNNAMED -Xmx2048m -Dfile.encoding=UTF-8 -Duser.country=US -Duser.language=en -Duser.variant 
java_command: org.gradle.launcher.daemon.bootstrap.GradleDaemon 7.5
java_class_path (initial): C:\Users\MAQS\.gradle\wrapper\dists\gradle-7.5-bin\f1w0cc9nuo0eivz97x2xlu9sv\gradle-7.5\lib\gradle-launcher-7.5.jar
Launcher Type: SUN_STANDARD

[Global flags]
     intx CICompilerCount                          = 4                                         {product} {ergonomic}
     uint ConcGCThreads                            = 2                                         {product} {ergonomic}
     uint G1ConcRefinementThreads                  = 8                                         {product} {ergonomic}
   size_t G1HeapRegionSize                         = 1048576                                   {product} {ergonomic}
    uintx GCDrainStackTargetSize                   = 64                                        {product} {ergonomic}
   size_t InitialHeapSize                          = 268435456                                 {product} {ergonomic}
   size_t MarkStackSize                            = 4194304                                   {product} {ergonomic}
   size_t MaxHeapSize                              = 2147483648                                {product} {command line}
   size_t MaxNewSize                               = 1287651328                                {product} {ergonomic}
   size_t MinHeapDeltaBytes                        = 1048576                                   {product} {ergonomic}
    uintx NonNMethodCodeHeapSize                   = 5836300                                {pd product} {ergonomic}
    uintx NonProfiledCodeHeapSize                  = 122910970                              {pd product} {ergonomic}
    uintx ProfiledCodeHeapSize                     = 122910970                              {pd product} {ergonomic}
    uintx ReservedCodeCacheSize                    = 251658240                              {pd product} {ergonomic}
     bool SegmentedCodeCache                       = true                                      {product} {ergonomic}
     bool UseCompressedClassPointers               = true                                 {lp64_product} {ergonomic}
     bool UseCompressedOops                        = true                                 {lp64_product} {ergonomic}
     bool UseG1GC                                  = true                                      {product} {ergonomic}
     bool UseLargePagesIndividualAllocation        = false                                  {pd product} {ergonomic}

Logging:
Log output configuration:
 #0: stdout all=warning uptime,level,tags
 #1: stderr all=off uptime,level,tags

Environment Variables:
PATH=E:\jdk-20.0.1;C:\Windows;C:\Windows\System32\Wbem;C:\Windows\System32\WindowsPowerShell\v1.0\;C:\Windows\System32\OpenSSH\;C:\Program Files\Git\cmd;C:\Users\MAQS\AppData\Local\Microsoft\WindowsApps;
USERNAME=MAQS
OS=Windows_NT
PROCESSOR_IDENTIFIER=Intel64 Family 6 Model 158 Stepping 9, GenuineIntel



---------------  S Y S T E M  ---------------

OS: Windows 10 , 64 bit Build 19041 (10.0.19041.3393)
OS uptime: 13 days 23:00 hours

CPU:total 8 (initial active 8) (4 cores per cpu, 2 threads per core) family 6 model 158 stepping 9 microcode 0xb4, cmov, cx8, fxsr, mmx, sse, sse2, sse3, ssse3, sse4.1, sse4.2, popcnt, avx, avx2, aes, clmul, erms, rtm, 3dnowpref, lzcnt, ht, tsc, tscinvbit, bmi1, bmi2, adx, fma

Memory: 4k page, system-wide physical 16263M (4135M free)
TotalPageFile size 18311M (AvailPageFile size 5M)
current process WorkingSet (physical memory assigned to process): 586M, peak: 586M
current process commit charge ("private bytes"): 624M, peak: 624M

vm_info: OpenJDK 64-Bit Server VM (11.0.15+0-b2043.56-9505619) for windows-amd64 JRE (11.0.15+0-b2043.56-9505619), built on Jan 19 2023 02:48:00 by "builduser" with unknown MS VC++:1929

END.
