#
# There is insufficient memory for the Java Runtime Environment to continue.
# Native memory allocation (malloc) failed to allocate 1432816 bytes for Chunk::new
# Possible reasons:
#   The system is out of physical RAM or swap space
#   The process is running with CompressedOops enabled, and the Java Heap may be blocking the growth of the native heap
# Possible solutions:
#   Reduce memory load on the system
#   Increase physical memory or swap space
#   Check if swap backing store is full
#   Decrease Java heap size (-Xmx/-Xms)
#   Decrease number of Java threads
#   Decrease Java thread stack sizes (-Xss)
#   Set larger code cache with -XX:ReservedCodeCacheSize=
#   JVM is running with Unscaled Compressed Oops mode in which the Java heap is
#     placed in the first 4GB address space. The Java Heap base address is the
#     maximum limit for the native heap growth. Please use -XX:HeapBaseMinAddress
#     to set the Java Heap base and to place the Java Heap above 4GB virtual address.
# This output file may be truncated or incomplete.
#
#  Out of Memory Error (src/hotspot/share/memory/arena.cpp:197), pid=5848, tid=19116
#
# JRE version: OpenJDK Runtime Environment (11.0.15) (build 11.0.15+0-b2043.56-9505619)
# Java VM: OpenJDK 64-Bit Server VM (11.0.15+0-b2043.56-9505619, mixed mode, tiered, compressed oops, g1 gc, windows-amd64)
# No core dump will be written. Minidumps are not enabled by default on client versions of Windows
#

---------------  S U M M A R Y ------------

Command Line: --add-opens=java.base/java.util=ALL-UNNAMED --add-opens=java.base/java.lang=ALL-UNNAMED --add-opens=java.base/java.lang.invoke=ALL-UNNAMED --add-opens=java.base/java.util=ALL-UNNAMED --add-opens=java.prefs/java.util.prefs=ALL-UNNAMED --add-opens=java.prefs/java.util.prefs=ALL-UNNAMED --add-opens=java.base/java.nio.charset=ALL-UNNAMED --add-opens=java.base/java.net=ALL-UNNAMED --add-opens=java.base/java.util.concurrent.atomic=ALL-UNNAMED -Xmx2048m -Dfile.encoding=UTF-8 -Duser.country=US -Duser.language=en -Duser.variant org.gradle.launcher.daemon.bootstrap.GradleDaemon 7.5

Host: Intel(R) Core(TM) i7-7820HQ CPU @ 2.90GHz, 8 cores, 15G,  Windows 10 , 64 bit Build 19041 (10.0.19041.3155)
Time: Thu Aug 10 18:23:14 2023 Pakistan Standard Time elapsed time: 13.331874 seconds (0d 0h 0m 13s)

---------------  T H R E A D  ---------------

Current thread (0x0000027140d06000):  JavaThread "C2 CompilerThread1" daemon [_thread_in_native, id=19116, stack(0x000000c855a00000,0x000000c855b00000)]


Current CompileTask:
C2:  13331 9771       4       com.sun.tools.javac.code.Symtab::enterClass (71 bytes)

Stack: [0x000000c855a00000,0x000000c855b00000]
Native frames: (J=compiled Java code, j=interpreted, Vv=VM code, C=native code)
V  [jvm.dll+0x64135a]
V  [jvm.dll+0x7d39f9]
V  [jvm.dll+0x7d51b9]
V  [jvm.dll+0x7d58a3]
V  [jvm.dll+0x2691c5]
V  [jvm.dll+0xc1a5c]
V  [jvm.dll+0xc200c]
V  [jvm.dll+0x3774a7]
V  [jvm.dll+0x1b3914]
V  [jvm.dll+0x22163e]
V  [jvm.dll+0x220498]
V  [jvm.dll+0x19e851]
V  [jvm.dll+0x230479]
V  [jvm.dll+0x22e5ef]
V  [jvm.dll+0x794de1]
V  [jvm.dll+0x78dc24]
V  [jvm.dll+0x6400f6]
C  [ucrtbase.dll+0x21bb2]
C  [KERNEL32.DLL+0x17614]
C  [ntdll.dll+0x526b1]


---------------  P R O C E S S  ---------------

Threads class SMR info:
_java_thread_list=0x0000027146955a00, length=134, elements={
0x0000027123cc0800, 0x000002714015e000, 0x0000027140996800, 0x00000271409f4800,
0x00000271409f5800, 0x00000271409f7800, 0x0000027140a03000, 0x0000027140a07800,
0x0000027140a15000, 0x0000027140b6e800, 0x0000027140d06000, 0x0000027142e92800,
0x0000027142914800, 0x00000271430b3800, 0x0000027142198000, 0x0000027142198800,
0x00000271436b6800, 0x0000027141ecc800, 0x0000027142969000, 0x00000271419f3800,
0x00000271431e5800, 0x0000027143458000, 0x0000027143458800, 0x0000027143457000,
0x0000027143459800, 0x00000271444ab000, 0x000002714345a800, 0x000002714345b000,
0x000002714345c000, 0x0000027143456800, 0x000002714345d000, 0x000002714455e800,
0x000002714455a800, 0x000002714455b000, 0x000002714455f000, 0x0000027144560000,
0x0000027144561800, 0x000002714455d000, 0x000002714455c000, 0x0000027144563800,
0x0000027144562800, 0x000002714455d800, 0x0000027144564000, 0x0000027144565000,
0x0000027144565800, 0x0000027144566800, 0x0000027144567800, 0x0000027144568000,
0x0000027144569000, 0x0000027142989800, 0x0000027142985800, 0x0000027142987000,
0x0000027142986000, 0x0000027142988000, 0x0000027142988800, 0x0000027142983800,
0x000002714298a000, 0x0000027142984800, 0x000002714893b000, 0x000002714893c000,
0x0000027148936800, 0x0000027148938000, 0x000002714893d000, 0x0000027148938800,
0x0000027148939800, 0x0000027148937000, 0x000002714893d800, 0x000002714893e800,
0x000002714893f800, 0x0000027148940000, 0x000002714893a800, 0x0000027148944000,
0x0000027148941000, 0x0000027148943800, 0x0000027148941800, 0x0000027148945000,
0x0000027148942800, 0x000002714691d800, 0x0000027146921800, 0x0000027146922800,
0x000002714691d000, 0x0000027146923800, 0x000002714691e800, 0x0000027146924000,
0x0000027146925000, 0x000002714691f000, 0x0000027146920000, 0x0000027146926800,
0x0000027146925800, 0x0000027146921000, 0x000002714692a800, 0x0000027146927800,
0x000002714692b800, 0x0000027146928000, 0x0000027146929000, 0x000002714692a000,
0x00000271468a9800, 0x00000271468ae000, 0x00000271468ad000, 0x00000271468a9000,
0x00000271468ae800, 0x00000271468aa800, 0x00000271468af800, 0x00000271468b0800,
0x00000271468b1000, 0x00000271468ab800, 0x00000271468b2000, 0x00000271468ac000,
0x00000271468b7800, 0x00000271468b2800, 0x00000271468b5000, 0x00000271468b3800,
0x00000271468b4800, 0x00000271468b6000, 0x00000271468b7000, 0x00000271484de000,
0x00000271484dd800, 0x00000271484dc800, 0x00000271484df000, 0x00000271484e0000,
0x00000271484e0800, 0x00000271484db000, 0x00000271484db800, 0x00000271484e2000,
0x00000271484e5800, 0x00000271484e4800, 0x00000271484e7000, 0x00000271484e6800,
0x00000271484e1800, 0x00000271484e8000, 0x00000271484e9000, 0x00000271484e3000,
0x00000271484e9800, 0x00000271484e4000
}

Java Threads: ( => current thread )
  0x0000027123cc0800 JavaThread "main" [_thread_blocked, id=20184, stack(0x000000c854900000,0x000000c854a00000)]
  0x000002714015e000 JavaThread "Reference Handler" daemon [_thread_blocked, id=8016, stack(0x000000c855000000,0x000000c855100000)]
  0x0000027140996800 JavaThread "Finalizer" daemon [_thread_blocked, id=15580, stack(0x000000c855100000,0x000000c855200000)]
  0x00000271409f4800 JavaThread "Signal Dispatcher" daemon [_thread_blocked, id=9836, stack(0x000000c855200000,0x000000c855300000)]
  0x00000271409f5800 JavaThread "Attach Listener" daemon [_thread_blocked, id=13568, stack(0x000000c855300000,0x000000c855400000)]
  0x00000271409f7800 JavaThread "Service Thread" daemon [_thread_blocked, id=3044, stack(0x000000c855400000,0x000000c855500000)]
  0x0000027140a03000 JavaThread "C2 CompilerThread0" daemon [_thread_in_native, id=20912, stack(0x000000c855500000,0x000000c855600000)]
  0x0000027140a07800 JavaThread "C1 CompilerThread0" daemon [_thread_in_vm, id=20728, stack(0x000000c855600000,0x000000c855700000)]
  0x0000027140a15000 JavaThread "Sweeper thread" daemon [_thread_blocked, id=11568, stack(0x000000c855700000,0x000000c855800000)]
  0x0000027140b6e800 JavaThread "Common-Cleaner" daemon [_thread_blocked, id=5596, stack(0x000000c855800000,0x000000c855900000)]
=>0x0000027140d06000 JavaThread "C2 CompilerThread1" daemon [_thread_in_native, id=19116, stack(0x000000c855a00000,0x000000c855b00000)]
  0x0000027142e92800 JavaThread "Daemon health stats" [_thread_blocked, id=4320, stack(0x000000c856100000,0x000000c856200000)]
  0x0000027142914800 JavaThread "Incoming local TCP Connector on port 56242" [_thread_in_native, id=18736, stack(0x000000c855b00000,0x000000c855c00000)]
  0x00000271430b3800 JavaThread "Daemon periodic checks" [_thread_blocked, id=6416, stack(0x000000c856200000,0x000000c856300000)]
  0x0000027142198000 JavaThread "Daemon" [_thread_blocked, id=1788, stack(0x000000c856300000,0x000000c856400000)]
  0x0000027142198800 JavaThread "Handler for socket connection from /127.0.0.1:56242 to /127.0.0.1:56243" [_thread_in_native, id=16148, stack(0x000000c856400000,0x000000c856500000)]
  0x00000271436b6800 JavaThread "Cancel handler" [_thread_blocked, id=20560, stack(0x000000c856500000,0x000000c856600000)]
  0x0000027141ecc800 JavaThread "Daemon worker" [_thread_blocked, id=3764, stack(0x000000c856600000,0x000000c856700000)]
  0x0000027142969000 JavaThread "Asynchronous log dispatcher for DefaultDaemonConnection: socket connection from /127.0.0.1:56242 to /127.0.0.1:56243" [_thread_blocked, id=21076, stack(0x000000c856700000,0x000000c856800000)]
  0x00000271419f3800 JavaThread "Stdin handler" [_thread_blocked, id=7072, stack(0x000000c856800000,0x000000c856900000)]
  0x00000271431e5800 JavaThread "Daemon client event forwarder" [_thread_blocked, id=17804, stack(0x000000c856900000,0x000000c856a00000)]
  0x0000027143458000 JavaThread "Cache worker for journal cache (C:\Users\MAQS\.gradle\caches\journal-1)" [_thread_blocked, id=8464, stack(0x000000c856a00000,0x000000c856b00000)]
  0x0000027143458800 JavaThread "File lock request listener" [_thread_in_native, id=3700, stack(0x000000c856b00000,0x000000c856c00000)]
  0x0000027143457000 JavaThread "Cache worker for file hash cache (C:\Users\MAQS\.gradle\caches\7.5\fileHashes)" [_thread_blocked, id=8360, stack(0x000000c856f00000,0x000000c857000000)]
  0x0000027143459800 JavaThread "Cache worker for file hash cache (E:\Upwork Project\pocket-wallpaper-2023\PocketWallpaperAndroid\.gradle\7.5\fileHashes)" [_thread_blocked, id=15792, stack(0x000000c857000000,0x000000c857100000)]
  0x00000271444ab000 JavaThread "C2 CompilerThread2" daemon [_thread_in_native, id=8960, stack(0x000000c857100000,0x000000c857200000)]
  0x000002714345a800 JavaThread "Cache worker for file content cache (C:\Users\MAQS\.gradle\caches\7.5\fileContent)" [_thread_blocked, id=20348, stack(0x000000c857200000,0x000000c857300000)]
  0x000002714345b000 JavaThread "Cache worker for checksums cache (E:\Upwork Project\pocket-wallpaper-2023\PocketWallpaperAndroid\.gradle\7.5\checksums)" [_thread_blocked, id=21160, stack(0x000000c857300000,0x000000c857400000)]
  0x000002714345c000 JavaThread "File watcher server" daemon [_thread_in_native, id=12276, stack(0x000000c857400000,0x000000c857500000)]
  0x0000027143456800 JavaThread "File watcher consumer" daemon [_thread_blocked, id=9236, stack(0x000000c857500000,0x000000c857600000)]
  0x000002714345d000 JavaThread "Cache worker for cache directory md-rule (C:\Users\MAQS\.gradle\caches\7.5\md-rule)" [_thread_blocked, id=7544, stack(0x000000c857600000,0x000000c857700000)]
  0x000002714455e800 JavaThread "Cache worker for cache directory md-supplier (C:\Users\MAQS\.gradle\caches\7.5\md-supplier)" [_thread_blocked, id=20104, stack(0x000000c857700000,0x000000c857800000)]
  0x000002714455a800 JavaThread "Cache worker for execution history cache (C:\Users\MAQS\.gradle\caches\7.5\executionHistory)" [_thread_blocked, id=21492, stack(0x000000c857800000,0x000000c857900000)]
  0x000002714455b000 JavaThread "Cache worker for Build Output Cleanup Cache (E:\Upwork Project\pocket-wallpaper-2023\PocketWallpaperAndroid\.gradle\buildOutputCleanup)" [_thread_blocked, id=11260, stack(0x000000c857900000,0x000000c857a00000)]
  0x000002714455f000 JavaThread "Memory manager" [_thread_blocked, id=16784, stack(0x000000c857a00000,0x000000c857b00000)]
  0x0000027144560000 JavaThread "build event listener" [_thread_blocked, id=7332, stack(0x000000c857b00000,0x000000c857c00000)]
  0x0000027144561800 JavaThread "included builds" [_thread_blocked, id=21292, stack(0x000000c857c00000,0x000000c857d00000)]
  0x000002714455d000 JavaThread "Execution worker" [_thread_blocked, id=2008, stack(0x000000c857d00000,0x000000c857e00000)]
  0x000002714455c000 JavaThread "Execution worker Thread 2" [_thread_in_vm, id=9536, stack(0x000000c857e00000,0x000000c857f00000)]
  0x0000027144563800 JavaThread "Execution worker Thread 3" [_thread_blocked, id=10380, stack(0x000000c857f00000,0x000000c858000000)]
  0x0000027144562800 JavaThread "Execution worker Thread 4" [_thread_blocked, id=16868, stack(0x000000c858000000,0x000000c858100000)]
  0x000002714455d800 JavaThread "Execution worker Thread 5" [_thread_blocked, id=19180, stack(0x000000c858100000,0x000000c858200000)]
  0x0000027144564000 JavaThread "Execution worker Thread 6" [_thread_blocked, id=18932, stack(0x000000c858200000,0x000000c858300000)]
  0x0000027144565000 JavaThread "Execution worker Thread 7" [_thread_blocked, id=17968, stack(0x000000c858300000,0x000000c858400000)]
  0x0000027144565800 JavaThread "Cache worker for execution history cache (E:\Upwork Project\pocket-wallpaper-2023\PocketWallpaperAndroid\.gradle\7.5\executionHistory)" [_thread_blocked, id=20340, stack(0x000000c858400000,0x000000c858500000)]
  0x0000027144566800 JavaThread "Unconstrained build operations" [_thread_blocked, id=21340, stack(0x000000c858500000,0x000000c858600000)]
  0x0000027144567800 JavaThread "Unconstrained build operations Thread 2" [_thread_blocked, id=19292, stack(0x000000c858600000,0x000000c858700000)]
  0x0000027144568000 JavaThread "Unconstrained build operations Thread 3" [_thread_blocked, id=17856, stack(0x000000c858700000,0x000000c858800000)]
  0x0000027144569000 JavaThread "Unconstrained build operations Thread 4" [_thread_blocked, id=7492, stack(0x000000c858800000,0x000000c858900000)]
  0x0000027142989800 JavaThread "Unconstrained build operations Thread 5" [_thread_blocked, id=16036, stack(0x000000c858900000,0x000000c858a00000)]
  0x0000027142985800 JavaThread "Unconstrained build operations Thread 6" [_thread_blocked, id=8152, stack(0x000000c858a00000,0x000000c858b00000)]
  0x0000027142987000 JavaThread "Unconstrained build operations Thread 7" [_thread_blocked, id=21204, stack(0x000000c858b00000,0x000000c858c00000)]
  0x0000027142986000 JavaThread "Unconstrained build operations Thread 8" [_thread_blocked, id=14760, stack(0x000000c858c00000,0x000000c858d00000)]
  0x0000027142988000 JavaThread "Unconstrained build operations Thread 9" [_thread_blocked, id=17380, stack(0x000000c858d00000,0x000000c858e00000)]
  0x0000027142988800 JavaThread "Unconstrained build operations Thread 10" [_thread_blocked, id=14156, stack(0x000000c858e00000,0x000000c858f00000)]
  0x0000027142983800 JavaThread "Unconstrained build operations Thread 11" [_thread_blocked, id=15952, stack(0x000000c858f00000,0x000000c859000000)]
  0x000002714298a000 JavaThread "Unconstrained build operations Thread 12" [_thread_blocked, id=12396, stack(0x000000c859000000,0x000000c859100000)]
  0x0000027142984800 JavaThread "Unconstrained build operations Thread 13" [_thread_blocked, id=1388, stack(0x000000c859100000,0x000000c859200000)]
  0x000002714893b000 JavaThread "Unconstrained build operations Thread 14" [_thread_blocked, id=7732, stack(0x000000c859200000,0x000000c859300000)]
  0x000002714893c000 JavaThread "Unconstrained build operations Thread 15" [_thread_blocked, id=8476, stack(0x000000c859300000,0x000000c859400000)]
  0x0000027148936800 JavaThread "Unconstrained build operations Thread 16" [_thread_blocked, id=15224, stack(0x000000c859400000,0x000000c859500000)]
  0x0000027148938000 JavaThread "Unconstrained build operations Thread 17" [_thread_blocked, id=21104, stack(0x000000c859500000,0x000000c859600000)]
  0x000002714893d000 JavaThread "Unconstrained build operations Thread 18" [_thread_blocked, id=20524, stack(0x000000c859600000,0x000000c859700000)]
  0x0000027148938800 JavaThread "Unconstrained build operations Thread 19" [_thread_blocked, id=19196, stack(0x000000c859700000,0x000000c859800000)]
  0x0000027148939800 JavaThread "Unconstrained build operations Thread 21" [_thread_blocked, id=15516, stack(0x000000c859800000,0x000000c859900000)]
  0x0000027148937000 JavaThread "Unconstrained build operations Thread 20" [_thread_blocked, id=21156, stack(0x000000c859900000,0x000000c859a00000)]
  0x000002714893d800 JavaThread "Unconstrained build operations Thread 22" [_thread_blocked, id=21268, stack(0x000000c859a00000,0x000000c859b00000)]
  0x000002714893e800 JavaThread "Unconstrained build operations Thread 23" [_thread_blocked, id=7132, stack(0x000000c859b00000,0x000000c859c00000)]
  0x000002714893f800 JavaThread "Unconstrained build operations Thread 24" [_thread_blocked, id=3692, stack(0x000000c859c00000,0x000000c859d00000)]
  0x0000027148940000 JavaThread "Unconstrained build operations Thread 25" [_thread_blocked, id=10528, stack(0x000000c859d00000,0x000000c859e00000)]
  0x000002714893a800 JavaThread "Unconstrained build operations Thread 26" [_thread_blocked, id=10840, stack(0x000000c859e00000,0x000000c859f00000)]
  0x0000027148944000 JavaThread "Unconstrained build operations Thread 27" [_thread_blocked, id=6116, stack(0x000000c859f00000,0x000000c85a000000)]
  0x0000027148941000 JavaThread "Unconstrained build operations Thread 28" [_thread_blocked, id=10792, stack(0x000000c85a000000,0x000000c85a100000)]
  0x0000027148943800 JavaThread "Unconstrained build operations Thread 29" [_thread_blocked, id=2424, stack(0x000000c85a100000,0x000000c85a200000)]
  0x0000027148941800 JavaThread "Unconstrained build operations Thread 30" [_thread_blocked, id=16708, stack(0x000000c85a200000,0x000000c85a300000)]
  0x0000027148945000 JavaThread "Unconstrained build operations Thread 31" [_thread_blocked, id=5200, stack(0x000000c85a300000,0x000000c85a400000)]
  0x0000027148942800 JavaThread "Unconstrained build operations Thread 32" [_thread_blocked, id=3548, stack(0x000000c85a400000,0x000000c85a500000)]
  0x000002714691d800 JavaThread "Unconstrained build operations Thread 33" [_thread_blocked, id=15912, stack(0x000000c85a500000,0x000000c85a600000)]
  0x0000027146921800 JavaThread "Unconstrained build operations Thread 34" [_thread_blocked, id=21088, stack(0x000000c85a600000,0x000000c85a700000)]
  0x0000027146922800 JavaThread "Unconstrained build operations Thread 35" [_thread_blocked, id=16232, stack(0x000000c85a700000,0x000000c85a800000)]
  0x000002714691d000 JavaThread "Unconstrained build operations Thread 36" [_thread_blocked, id=10576, stack(0x000000c85a800000,0x000000c85a900000)]
  0x0000027146923800 JavaThread "Unconstrained build operations Thread 37" [_thread_blocked, id=20452, stack(0x000000c85a900000,0x000000c85aa00000)]
  0x000002714691e800 JavaThread "Unconstrained build operations Thread 38" [_thread_blocked, id=16488, stack(0x000000c85aa00000,0x000000c85ab00000)]
  0x0000027146924000 JavaThread "Unconstrained build operations Thread 39" [_thread_blocked, id=21444, stack(0x000000c85ab00000,0x000000c85ac00000)]
  0x0000027146925000 JavaThread "Unconstrained build operations Thread 40" [_thread_blocked, id=15448, stack(0x000000c85ac00000,0x000000c85ad00000)]
  0x000002714691f000 JavaThread "Unconstrained build operations Thread 41" [_thread_blocked, id=17492, stack(0x000000c85ad00000,0x000000c85ae00000)]
  0x0000027146920000 JavaThread "Unconstrained build operations Thread 42" [_thread_blocked, id=17616, stack(0x000000c85ae00000,0x000000c85af00000)]
  0x0000027146926800 JavaThread "Unconstrained build operations Thread 43" [_thread_blocked, id=656, stack(0x000000c85af00000,0x000000c85b000000)]
  0x0000027146925800 JavaThread "Unconstrained build operations Thread 44" [_thread_blocked, id=17668, stack(0x000000c85b000000,0x000000c85b100000)]
  0x0000027146921000 JavaThread "Unconstrained build operations Thread 45" [_thread_blocked, id=6176, stack(0x000000c85b100000,0x000000c85b200000)]
  0x000002714692a800 JavaThread "Unconstrained build operations Thread 46" [_thread_blocked, id=18048, stack(0x000000c85b200000,0x000000c85b300000)]
  0x0000027146927800 JavaThread "Unconstrained build operations Thread 47" [_thread_blocked, id=20992, stack(0x000000c85b300000,0x000000c85b400000)]
  0x000002714692b800 JavaThread "Unconstrained build operations Thread 48" [_thread_blocked, id=5764, stack(0x000000c85b400000,0x000000c85b500000)]
  0x0000027146928000 JavaThread "Unconstrained build operations Thread 50" [_thread_blocked, id=7952, stack(0x000000c85b500000,0x000000c85b600000)]
  0x0000027146929000 JavaThread "Unconstrained build operations Thread 49" [_thread_blocked, id=17740, stack(0x000000c85b600000,0x000000c85b700000)]
  0x000002714692a000 JavaThread "Unconstrained build operations Thread 51" [_thread_blocked, id=18396, stack(0x000000c85b700000,0x000000c85b800000)]
  0x00000271468a9800 JavaThread "Unconstrained build operations Thread 52" [_thread_blocked, id=14876, stack(0x000000c85b800000,0x000000c85b900000)]
  0x00000271468ae000 JavaThread "Unconstrained build operations Thread 53" [_thread_blocked, id=9860, stack(0x000000c85b900000,0x000000c85ba00000)]
  0x00000271468ad000 JavaThread "Unconstrained build operations Thread 54" [_thread_blocked, id=13884, stack(0x000000c85ba00000,0x000000c85bb00000)]
  0x00000271468a9000 JavaThread "Unconstrained build operations Thread 56" [_thread_blocked, id=2916, stack(0x000000c85bb00000,0x000000c85bc00000)]
  0x00000271468ae800 JavaThread "Unconstrained build operations Thread 55" [_thread_blocked, id=11960, stack(0x000000c85bc00000,0x000000c85bd00000)]
  0x00000271468aa800 JavaThread "Unconstrained build operations Thread 57" [_thread_blocked, id=5832, stack(0x000000c85bd00000,0x000000c85be00000)]
  0x00000271468af800 JavaThread "Unconstrained build operations Thread 58" [_thread_blocked, id=2924, stack(0x000000c85be00000,0x000000c85bf00000)]
  0x00000271468b0800 JavaThread "Unconstrained build operations Thread 59" [_thread_blocked, id=13540, stack(0x000000c85bf00000,0x000000c85c000000)]
  0x00000271468b1000 JavaThread "Unconstrained build operations Thread 60" [_thread_blocked, id=19156, stack(0x000000c85c000000,0x000000c85c100000)]
  0x00000271468ab800 JavaThread "Unconstrained build operations Thread 61" [_thread_blocked, id=13612, stack(0x000000c85c100000,0x000000c85c200000)]
  0x00000271468b2000 JavaThread "Unconstrained build operations Thread 62" [_thread_blocked, id=13456, stack(0x000000c85c200000,0x000000c85c300000)]
  0x00000271468ac000 JavaThread "Unconstrained build operations Thread 63" [_thread_blocked, id=6516, stack(0x000000c85c300000,0x000000c85c400000)]
  0x00000271468b7800 JavaThread "Unconstrained build operations Thread 64" [_thread_blocked, id=17172, stack(0x000000c85c400000,0x000000c85c500000)]
  0x00000271468b2800 JavaThread "Unconstrained build operations Thread 65" [_thread_blocked, id=16624, stack(0x000000c85c500000,0x000000c85c600000)]
  0x00000271468b5000 JavaThread "Unconstrained build operations Thread 66" [_thread_blocked, id=17900, stack(0x000000c85c600000,0x000000c85c700000)]
  0x00000271468b3800 JavaThread "Unconstrained build operations Thread 67" [_thread_blocked, id=7320, stack(0x000000c85c700000,0x000000c85c800000)]
  0x00000271468b4800 JavaThread "Unconstrained build operations Thread 68" [_thread_blocked, id=8764, stack(0x000000c85c800000,0x000000c85c900000)]
  0x00000271468b6000 JavaThread "Unconstrained build operations Thread 69" [_thread_blocked, id=6672, stack(0x000000c85c900000,0x000000c85ca00000)]
  0x00000271468b7000 JavaThread "Unconstrained build operations Thread 70" [_thread_blocked, id=13688, stack(0x000000c85ca00000,0x000000c85cb00000)]
  0x00000271484de000 JavaThread "Unconstrained build operations Thread 71" [_thread_blocked, id=6728, stack(0x000000c85cb00000,0x000000c85cc00000)]
  0x00000271484dd800 JavaThread "Unconstrained build operations Thread 72" [_thread_blocked, id=20896, stack(0x000000c85cc00000,0x000000c85cd00000)]
  0x00000271484dc800 JavaThread "Unconstrained build operations Thread 73" [_thread_blocked, id=21060, stack(0x000000c85cd00000,0x000000c85ce00000)]
  0x00000271484df000 JavaThread "Unconstrained build operations Thread 74" [_thread_blocked, id=1376, stack(0x000000c85ce00000,0x000000c85cf00000)]
  0x00000271484e0000 JavaThread "Unconstrained build operations Thread 75" [_thread_blocked, id=21496, stack(0x000000c85cf00000,0x000000c85d000000)]
  0x00000271484e0800 JavaThread "Unconstrained build operations Thread 76" [_thread_blocked, id=19788, stack(0x000000c85d000000,0x000000c85d100000)]
  0x00000271484db000 JavaThread "Unconstrained build operations Thread 77" [_thread_blocked, id=14160, stack(0x000000c85d100000,0x000000c85d200000)]
  0x00000271484db800 JavaThread "Unconstrained build operations Thread 78" [_thread_blocked, id=14892, stack(0x000000c85d200000,0x000000c85d300000)]
  0x00000271484e2000 JavaThread "Unconstrained build operations Thread 79" [_thread_blocked, id=20588, stack(0x000000c85d300000,0x000000c85d400000)]
  0x00000271484e5800 JavaThread "Unconstrained build operations Thread 80" [_thread_blocked, id=13668, stack(0x000000c85d400000,0x000000c85d500000)]
  0x00000271484e4800 JavaThread "Cache worker for Java compile cache (C:\Users\MAQS\.gradle\caches\7.5\javaCompile)" [_thread_blocked, id=996, stack(0x000000c85d500000,0x000000c85d600000)]
  0x00000271484e7000 JavaThread "Build operations" [_thread_blocked, id=1196, stack(0x000000c85d600000,0x000000c85d700000)]
  0x00000271484e6800 JavaThread "Build operations Thread 2" [_thread_blocked, id=11096, stack(0x000000c85d700000,0x000000c85d800000)]
  0x00000271484e1800 JavaThread "Build operations Thread 3" [_thread_blocked, id=21208, stack(0x000000c85d800000,0x000000c85d900000)]
  0x00000271484e8000 JavaThread "Build operations Thread 4" [_thread_blocked, id=15404, stack(0x000000c85d900000,0x000000c85da00000)]
  0x00000271484e9000 JavaThread "Build operations Thread 5" [_thread_blocked, id=18980, stack(0x000000c85da00000,0x000000c85db00000)]
  0x00000271484e3000 JavaThread "Build operations Thread 6" [_thread_blocked, id=19768, stack(0x000000c85db00000,0x000000c85dc00000)]
  0x00000271484e9800 JavaThread "Build operations Thread 7" [_thread_blocked, id=21380, stack(0x000000c85dc00000,0x000000c85dd00000)]
  0x00000271484e4000 JavaThread "Build operations Thread 8" [_thread_blocked, id=4716, stack(0x000000c85dd00000,0x000000c85de00000)]

Other Threads:
  0x000002714015c800 VMThread "VM Thread" [stack: 0x000000c854f00000,0x000000c855000000] [id=12016]
  0x0000027140b7d000 WatcherThread [stack: 0x000000c855900000,0x000000c855a00000] [id=7148]
  0x0000027123cda000 GCTaskThread "GC Thread#0" [stack: 0x000000c854a00000,0x000000c854b00000] [id=684]
  0x000002714206d000 GCTaskThread "GC Thread#1" [stack: 0x000000c855c00000,0x000000c855d00000] [id=14836]
  0x000002714170b000 GCTaskThread "GC Thread#2" [stack: 0x000000c855d00000,0x000000c855e00000] [id=2276]
  0x000002714138e000 GCTaskThread "GC Thread#3" [stack: 0x000000c855e00000,0x000000c855f00000] [id=10296]
  0x000002714185b800 GCTaskThread "GC Thread#4" [stack: 0x000000c855f00000,0x000000c856000000] [id=8136]
  0x00000271419ae800 GCTaskThread "GC Thread#5" [stack: 0x000000c856000000,0x000000c856100000] [id=18860]
  0x0000027143136000 GCTaskThread "GC Thread#6" [stack: 0x000000c856c00000,0x000000c856d00000] [id=16748]
  0x0000027142857800 GCTaskThread "GC Thread#7" [stack: 0x000000c856d00000,0x000000c856e00000] [id=2296]
  0x0000027123d0d800 ConcurrentGCThread "G1 Main Marker" [stack: 0x000000c854b00000,0x000000c854c00000] [id=21412]
  0x0000027123d10800 ConcurrentGCThread "G1 Conc#0" [stack: 0x000000c854c00000,0x000000c854d00000] [id=18000]
  0x00000271419d6000 ConcurrentGCThread "G1 Conc#1" [stack: 0x000000c856e00000,0x000000c856f00000] [id=15628]
  0x0000027123d9e000 ConcurrentGCThread "G1 Refine#0" [stack: 0x000000c854d00000,0x000000c854e00000] [id=16832]
  0x000002714a0c7800 ConcurrentGCThread "G1 Refine#1" [stack: 0x000000c85de00000,0x000000c85df00000] [id=7452]
  0x000002714a000800 ConcurrentGCThread "G1 Refine#2" [stack: 0x000000c85df00000,0x000000c85e000000] [id=13320]
  0x000002714a065800 ConcurrentGCThread "G1 Refine#3" [stack: 0x000000c85e000000,0x000000c85e100000] [id=17940]
  0x00000271464fe000 ConcurrentGCThread "G1 Refine#4" [stack: 0x000000c85e100000,0x000000c85e200000] [id=21316]
  0x0000027149bd4800 ConcurrentGCThread "G1 Refine#5" [stack: 0x000000c85e200000,0x000000c85e300000] [id=16688]
  0x0000027144133800 ConcurrentGCThread "G1 Refine#6" [stack: 0x000000c85e300000,0x000000c85e400000] [id=9884]
  0x000002713ffde800 ConcurrentGCThread "G1 Young RemSet Sampling" [stack: 0x000000c854e00000,0x000000c854f00000] [id=6412]

Threads with active compile tasks:
C2 CompilerThread0    13365 10157       4       com.sun.tools.javac.comp.Resolve::findInheritedMemberType (186 bytes)
C1 CompilerThread0    13365 10402       2       com.sun.tools.javac.api.JavacTrees::getElement (115 bytes)
C2 CompilerThread1    13365 9771       4       com.sun.tools.javac.code.Symtab::enterClass (71 bytes)
C2 CompilerThread2    13365 10219       4       com.sun.tools.javac.code.Symbol$TypeSymbol::precedes (132 bytes)

VM state:not at safepoint (normal execution)

VM Mutex/Monitor currently owned by a thread: None

Heap address: 0x0000000080000000, size: 2048 MB, Compressed Oops mode: 32-bit
Narrow klass base: 0x0000000000000000, Narrow klass shift: 3
Compressed class space size: 1073741824 Address: 0x0000000100000000

Heap:
 garbage-first heap   total 262144K, used 134834K [0x0000000080000000, 0x0000000100000000)
  region size 1024K, 44 young (45056K), 16 survivors (16384K)
 Metaspace       used 76092K, capacity 78527K, committed 78768K, reserved 1118208K
  class space    used 9605K, capacity 10444K, committed 10496K, reserved 1048576K
Heap Regions: E=young(eden), S=young(survivor), O=old, HS=humongous(starts), HC=humongous(continues), CS=collection set, F=free, A=archive, TAMS=top-at-mark-start (previous, next)
|   0|0x0000000080000000, 0x0000000080100000, 0x0000000080100000|100%|HS|  |TAMS 0x0000000080100000, 0x0000000080000000| Complete 
|   1|0x0000000080100000, 0x0000000080200000, 0x0000000080200000|100%| O|  |TAMS 0x0000000080200000, 0x0000000080100000| Untracked 
|   2|0x0000000080200000, 0x0000000080300000, 0x0000000080300000|100%| O|  |TAMS 0x0000000080300000, 0x0000000080200000| Untracked 
|   3|0x0000000080300000, 0x0000000080400000, 0x0000000080400000|100%|HS|  |TAMS 0x0000000080400000, 0x0000000080300000| Complete 
|   4|0x0000000080400000, 0x0000000080500000, 0x0000000080500000|100%|HC|  |TAMS 0x0000000080500000, 0x0000000080400000| Complete 
|   5|0x0000000080500000, 0x0000000080600000, 0x0000000080600000|100%|HC|  |TAMS 0x0000000080600000, 0x0000000080500000| Complete 
|   6|0x0000000080600000, 0x0000000080700000, 0x0000000080700000|100%| O|  |TAMS 0x0000000080700000, 0x0000000080600000| Untracked 
|   7|0x0000000080700000, 0x0000000080800000, 0x0000000080800000|100%| O|  |TAMS 0x0000000080800000, 0x0000000080700000| Untracked 
|   8|0x0000000080800000, 0x0000000080900000, 0x0000000080900000|100%| O|  |TAMS 0x0000000080900000, 0x0000000080800000| Untracked 
|   9|0x0000000080900000, 0x0000000080a00000, 0x0000000080a00000|100%| O|  |TAMS 0x0000000080a00000, 0x0000000080900000| Untracked 
|  10|0x0000000080a00000, 0x0000000080b00000, 0x0000000080b00000|100%| O|  |TAMS 0x0000000080b00000, 0x0000000080a00000| Untracked 
|  11|0x0000000080b00000, 0x0000000080c00000, 0x0000000080c00000|100%| O|  |TAMS 0x0000000080c00000, 0x0000000080b00000| Untracked 
|  12|0x0000000080c00000, 0x0000000080d00000, 0x0000000080d00000|100%| O|  |TAMS 0x0000000080d00000, 0x0000000080c00000| Untracked 
|  13|0x0000000080d00000, 0x0000000080e00000, 0x0000000080e00000|100%| O|  |TAMS 0x0000000080e00000, 0x0000000080d00000| Untracked 
|  14|0x0000000080e00000, 0x0000000080f00000, 0x0000000080f00000|100%| O|  |TAMS 0x0000000080f00000, 0x0000000080e00000| Untracked 
|  15|0x0000000080f00000, 0x0000000081000000, 0x0000000081000000|100%| O|  |TAMS 0x0000000081000000, 0x0000000080f00000| Untracked 
|  16|0x0000000081000000, 0x0000000081100000, 0x0000000081100000|100%| O|  |TAMS 0x0000000081100000, 0x0000000081000000| Untracked 
|  17|0x0000000081100000, 0x0000000081200000, 0x0000000081200000|100%| O|  |TAMS 0x0000000081200000, 0x0000000081100000| Untracked 
|  18|0x0000000081200000, 0x0000000081300000, 0x0000000081300000|100%|HS|  |TAMS 0x0000000081300000, 0x0000000081200000| Complete 
|  19|0x0000000081300000, 0x0000000081400000, 0x0000000081400000|100%| O|  |TAMS 0x0000000081400000, 0x0000000081300000| Untracked 
|  20|0x0000000081400000, 0x0000000081500000, 0x0000000081500000|100%| O|  |TAMS 0x0000000081500000, 0x0000000081400000| Untracked 
|  21|0x0000000081500000, 0x0000000081600000, 0x0000000081600000|100%| O|  |TAMS 0x0000000081600000, 0x0000000081500000| Untracked 
|  22|0x0000000081600000, 0x0000000081700000, 0x0000000081700000|100%| O|  |TAMS 0x0000000081700000, 0x0000000081600000| Untracked 
|  23|0x0000000081700000, 0x0000000081800000, 0x0000000081800000|100%| O|  |TAMS 0x0000000081800000, 0x0000000081700000| Untracked 
|  24|0x0000000081800000, 0x0000000081900000, 0x0000000081900000|100%| O|  |TAMS 0x0000000081900000, 0x0000000081800000| Untracked 
|  25|0x0000000081900000, 0x0000000081a00000, 0x0000000081a00000|100%| O|  |TAMS 0x0000000081a00000, 0x0000000081900000| Untracked 
|  26|0x0000000081a00000, 0x0000000081b00000, 0x0000000081b00000|100%| O|  |TAMS 0x0000000081b00000, 0x0000000081a00000| Untracked 
|  27|0x0000000081b00000, 0x0000000081c00000, 0x0000000081c00000|100%| O|  |TAMS 0x0000000081c00000, 0x0000000081b00000| Untracked 
|  28|0x0000000081c00000, 0x0000000081d00000, 0x0000000081d00000|100%| O|  |TAMS 0x0000000081d00000, 0x0000000081c00000| Untracked 
|  29|0x0000000081d00000, 0x0000000081e00000, 0x0000000081e00000|100%| O|  |TAMS 0x0000000081e00000, 0x0000000081d00000| Untracked 
|  30|0x0000000081e00000, 0x0000000081f00000, 0x0000000081f00000|100%| O|  |TAMS 0x0000000081f00000, 0x0000000081e00000| Untracked 
|  31|0x0000000081f00000, 0x0000000082000000, 0x0000000082000000|100%| O|  |TAMS 0x0000000082000000, 0x0000000081f00000| Untracked 
|  32|0x0000000082000000, 0x0000000082100000, 0x0000000082100000|100%| O|  |TAMS 0x0000000082100000, 0x0000000082000000| Untracked 
|  33|0x0000000082100000, 0x0000000082200000, 0x0000000082200000|100%| O|  |TAMS 0x0000000082200000, 0x0000000082100000| Untracked 
|  34|0x0000000082200000, 0x0000000082300000, 0x0000000082300000|100%| O|  |TAMS 0x0000000082300000, 0x0000000082200000| Untracked 
|  35|0x0000000082300000, 0x0000000082400000, 0x0000000082400000|100%| O|  |TAMS 0x0000000082400000, 0x0000000082300000| Untracked 
|  36|0x0000000082400000, 0x0000000082500000, 0x0000000082500000|100%| O|  |TAMS 0x0000000082500000, 0x0000000082400000| Untracked 
|  37|0x0000000082500000, 0x0000000082600000, 0x0000000082600000|100%| O|  |TAMS 0x0000000082600000, 0x0000000082500000| Untracked 
|  38|0x0000000082600000, 0x0000000082700000, 0x0000000082700000|100%| O|  |TAMS 0x0000000082700000, 0x0000000082600000| Untracked 
|  39|0x0000000082700000, 0x0000000082800000, 0x0000000082800000|100%| O|  |TAMS 0x0000000082800000, 0x0000000082700000| Untracked 
|  40|0x0000000082800000, 0x0000000082900000, 0x0000000082900000|100%| O|  |TAMS 0x0000000082900000, 0x0000000082800000| Untracked 
|  41|0x0000000082900000, 0x0000000082a00000, 0x0000000082a00000|100%| O|  |TAMS 0x0000000082a00000, 0x0000000082900000| Untracked 
|  42|0x0000000082a00000, 0x0000000082b00000, 0x0000000082b00000|100%| O|  |TAMS 0x0000000082b00000, 0x0000000082a00000| Untracked 
|  43|0x0000000082b00000, 0x0000000082c00000, 0x0000000082c00000|100%| O|  |TAMS 0x0000000082c00000, 0x0000000082b00000| Untracked 
|  44|0x0000000082c00000, 0x0000000082d00000, 0x0000000082d00000|100%| O|  |TAMS 0x0000000082d00000, 0x0000000082c00000| Untracked 
|  45|0x0000000082d00000, 0x0000000082e00000, 0x0000000082e00000|100%| O|  |TAMS 0x0000000082e00000, 0x0000000082d00000| Untracked 
|  46|0x0000000082e00000, 0x0000000082f00000, 0x0000000082f00000|100%| O|  |TAMS 0x0000000082f00000, 0x0000000082e00000| Untracked 
|  47|0x0000000082f00000, 0x0000000083000000, 0x0000000083000000|100%| O|  |TAMS 0x0000000083000000, 0x0000000082f00000| Untracked 
|  48|0x0000000083000000, 0x0000000083100000, 0x0000000083100000|100%| O|  |TAMS 0x0000000083100000, 0x0000000083000000| Untracked 
|  49|0x0000000083100000, 0x0000000083200000, 0x0000000083200000|100%| O|  |TAMS 0x0000000083200000, 0x0000000083100000| Untracked 
|  50|0x0000000083200000, 0x0000000083300000, 0x0000000083300000|100%| O|  |TAMS 0x0000000083300000, 0x0000000083200000| Untracked 
|  51|0x0000000083300000, 0x0000000083400000, 0x0000000083400000|100%| O|  |TAMS 0x0000000083400000, 0x0000000083300000| Untracked 
|  52|0x0000000083400000, 0x0000000083500000, 0x0000000083500000|100%| O|  |TAMS 0x0000000083500000, 0x0000000083400000| Untracked 
|  53|0x0000000083500000, 0x0000000083600000, 0x0000000083600000|100%| O|  |TAMS 0x0000000083600000, 0x0000000083500000| Untracked 
|  54|0x0000000083600000, 0x0000000083700000, 0x0000000083700000|100%| O|  |TAMS 0x0000000083700000, 0x0000000083600000| Untracked 
|  55|0x0000000083700000, 0x0000000083800000, 0x0000000083800000|100%| O|  |TAMS 0x0000000083800000, 0x0000000083700000| Untracked 
|  56|0x0000000083800000, 0x0000000083900000, 0x0000000083900000|100%|HS|  |TAMS 0x0000000083800000, 0x0000000083800000| Complete 
|  57|0x0000000083900000, 0x0000000083a00000, 0x0000000083a00000|100%|HC|  |TAMS 0x0000000083900000, 0x0000000083900000| Complete 
|  58|0x0000000083a00000, 0x0000000083b00000, 0x0000000083b00000|100%| O|  |TAMS 0x0000000083a00000, 0x0000000083a00000| Untracked 
|  59|0x0000000083b00000, 0x0000000083c00000, 0x0000000083c00000|100%| O|  |TAMS 0x0000000083b00000, 0x0000000083b00000| Untracked 
|  60|0x0000000083c00000, 0x0000000083d00000, 0x0000000083d00000|100%| O|  |TAMS 0x0000000083c00000, 0x0000000083c00000| Untracked 
|  61|0x0000000083d00000, 0x0000000083e00000, 0x0000000083e00000|100%| O|  |TAMS 0x0000000083d00000, 0x0000000083d00000| Untracked 
|  62|0x0000000083e00000, 0x0000000083f00000, 0x0000000083f00000|100%| O|  |TAMS 0x0000000083e00000, 0x0000000083e00000| Untracked 
|  63|0x0000000083f00000, 0x0000000084000000, 0x0000000084000000|100%| O|  |TAMS 0x0000000083f00000, 0x0000000083f00000| Untracked 
|  64|0x0000000084000000, 0x0000000084100000, 0x0000000084100000|100%| O|  |TAMS 0x0000000084000000, 0x0000000084000000| Untracked 
|  65|0x0000000084100000, 0x0000000084200000, 0x0000000084200000|100%| O|  |TAMS 0x0000000084100000, 0x0000000084100000| Untracked 
|  66|0x0000000084200000, 0x0000000084300000, 0x0000000084300000|100%| O|  |TAMS 0x0000000084200000, 0x0000000084200000| Untracked 
|  67|0x0000000084300000, 0x0000000084400000, 0x0000000084400000|100%| O|  |TAMS 0x0000000084300000, 0x0000000084300000| Untracked 
|  68|0x0000000084400000, 0x0000000084500000, 0x0000000084500000|100%| O|  |TAMS 0x0000000084400000, 0x0000000084400000| Untracked 
|  69|0x0000000084500000, 0x0000000084600000, 0x0000000084600000|100%| O|  |TAMS 0x0000000084500000, 0x0000000084500000| Untracked 
|  70|0x0000000084600000, 0x0000000084700000, 0x0000000084700000|100%| O|  |TAMS 0x0000000084600000, 0x0000000084600000| Untracked 
|  71|0x0000000084700000, 0x0000000084800000, 0x0000000084800000|100%| O|  |TAMS 0x0000000084700000, 0x0000000084700000| Untracked 
|  72|0x0000000084800000, 0x0000000084900000, 0x0000000084900000|100%| O|  |TAMS 0x0000000084800000, 0x0000000084800000| Untracked 
|  73|0x0000000084900000, 0x0000000084a00000, 0x0000000084a00000|100%| O|  |TAMS 0x0000000084900000, 0x0000000084900000| Untracked 
|  74|0x0000000084a00000, 0x0000000084b00000, 0x0000000084b00000|100%| O|  |TAMS 0x0000000084a00000, 0x0000000084a00000| Untracked 
|  75|0x0000000084b00000, 0x0000000084c00000, 0x0000000084c00000|100%|HS|  |TAMS 0x0000000084b00000, 0x0000000084b00000| Complete 
|  76|0x0000000084c00000, 0x0000000084d00000, 0x0000000084d00000|100%|HC|  |TAMS 0x0000000084c00000, 0x0000000084c00000| Complete 
|  77|0x0000000084d00000, 0x0000000084e00000, 0x0000000084e00000|100%| O|  |TAMS 0x0000000084d00000, 0x0000000084d00000| Untracked 
|  78|0x0000000084e00000, 0x0000000084f00000, 0x0000000084f00000|100%| O|  |TAMS 0x0000000084e00000, 0x0000000084e00000| Untracked 
|  79|0x0000000084f00000, 0x0000000085000000, 0x0000000085000000|100%| O|  |TAMS 0x0000000084f00000, 0x0000000084f00000| Untracked 
|  80|0x0000000085000000, 0x0000000085100000, 0x0000000085100000|100%| O|  |TAMS 0x0000000085000000, 0x0000000085000000| Untracked 
|  81|0x0000000085100000, 0x0000000085200000, 0x0000000085200000|100%| O|  |TAMS 0x0000000085100000, 0x0000000085100000| Untracked 
|  82|0x0000000085200000, 0x0000000085300000, 0x0000000085300000|100%| O|  |TAMS 0x0000000085200000, 0x0000000085200000| Untracked 
|  83|0x0000000085300000, 0x0000000085400000, 0x0000000085400000|100%| O|  |TAMS 0x0000000085300000, 0x0000000085300000| Untracked 
|  84|0x0000000085400000, 0x0000000085500000, 0x0000000085500000|100%| O|  |TAMS 0x0000000085400000, 0x0000000085400000| Untracked 
|  85|0x0000000085500000, 0x0000000085600000, 0x0000000085600000|100%| O|  |TAMS 0x0000000085500000, 0x0000000085500000| Untracked 
|  86|0x0000000085600000, 0x0000000085700000, 0x0000000085700000|100%| O|  |TAMS 0x0000000085600000, 0x0000000085600000| Untracked 
|  87|0x0000000085700000, 0x0000000085800000, 0x0000000085800000|100%| O|  |TAMS 0x0000000085700000, 0x0000000085700000| Untracked 
|  88|0x0000000085800000, 0x00000000858ac800, 0x0000000085900000| 67%| O|  |TAMS 0x0000000085800000, 0x0000000085800000| Untracked 
|  89|0x0000000085900000, 0x0000000085900000, 0x0000000085a00000|  0%| F|  |TAMS 0x0000000085900000, 0x0000000085900000| Untracked 
|  90|0x0000000085a00000, 0x0000000085a00000, 0x0000000085b00000|  0%| F|  |TAMS 0x0000000085a00000, 0x0000000085a00000| Untracked 
|  91|0x0000000085b00000, 0x0000000085b00000, 0x0000000085c00000|  0%| F|  |TAMS 0x0000000085b00000, 0x0000000085b00000| Untracked 
|  92|0x0000000085c00000, 0x0000000085c00000, 0x0000000085d00000|  0%| F|  |TAMS 0x0000000085c00000, 0x0000000085c00000| Untracked 
|  93|0x0000000085d00000, 0x0000000085d00000, 0x0000000085e00000|  0%| F|  |TAMS 0x0000000085d00000, 0x0000000085d00000| Untracked 
|  94|0x0000000085e00000, 0x0000000085e00000, 0x0000000085f00000|  0%| F|  |TAMS 0x0000000085e00000, 0x0000000085e00000| Untracked 
|  95|0x0000000085f00000, 0x0000000085f00000, 0x0000000086000000|  0%| F|  |TAMS 0x0000000085f00000, 0x0000000085f00000| Untracked 
|  96|0x0000000086000000, 0x0000000086000000, 0x0000000086100000|  0%| F|  |TAMS 0x0000000086000000, 0x0000000086000000| Untracked 
|  97|0x0000000086100000, 0x0000000086100000, 0x0000000086200000|  0%| F|  |TAMS 0x0000000086100000, 0x0000000086100000| Untracked 
|  98|0x0000000086200000, 0x0000000086200000, 0x0000000086300000|  0%| F|  |TAMS 0x0000000086200000, 0x0000000086200000| Untracked 
|  99|0x0000000086300000, 0x0000000086300000, 0x0000000086400000|  0%| F|  |TAMS 0x0000000086300000, 0x0000000086300000| Untracked 
| 100|0x0000000086400000, 0x0000000086400000, 0x0000000086500000|  0%| F|  |TAMS 0x0000000086400000, 0x0000000086400000| Untracked 
| 101|0x0000000086500000, 0x0000000086500000, 0x0000000086600000|  0%| F|  |TAMS 0x0000000086500000, 0x0000000086500000| Untracked 
| 102|0x0000000086600000, 0x0000000086600000, 0x0000000086700000|  0%| F|  |TAMS 0x0000000086600000, 0x0000000086600000| Untracked 
| 103|0x0000000086700000, 0x0000000086700000, 0x0000000086800000|  0%| F|  |TAMS 0x0000000086700000, 0x0000000086700000| Untracked 
| 104|0x0000000086800000, 0x0000000086800000, 0x0000000086900000|  0%| F|  |TAMS 0x0000000086800000, 0x0000000086800000| Untracked 
| 105|0x0000000086900000, 0x0000000086900000, 0x0000000086a00000|  0%| F|  |TAMS 0x0000000086900000, 0x0000000086900000| Untracked 
| 106|0x0000000086a00000, 0x0000000086a00000, 0x0000000086b00000|  0%| F|  |TAMS 0x0000000086a00000, 0x0000000086a00000| Untracked 
| 107|0x0000000086b00000, 0x0000000086b00000, 0x0000000086c00000|  0%| F|  |TAMS 0x0000000086b00000, 0x0000000086b00000| Untracked 
| 108|0x0000000086c00000, 0x0000000086c00000, 0x0000000086d00000|  0%| F|  |TAMS 0x0000000086c00000, 0x0000000086c00000| Untracked 
| 109|0x0000000086d00000, 0x0000000086d00000, 0x0000000086e00000|  0%| F|  |TAMS 0x0000000086d00000, 0x0000000086d00000| Untracked 
| 110|0x0000000086e00000, 0x0000000086e00000, 0x0000000086f00000|  0%| F|  |TAMS 0x0000000086e00000, 0x0000000086e00000| Untracked 
| 111|0x0000000086f00000, 0x0000000086f00000, 0x0000000087000000|  0%| F|  |TAMS 0x0000000086f00000, 0x0000000086f00000| Untracked 
| 112|0x0000000087000000, 0x0000000087100000, 0x0000000087100000|100%| S|CS|TAMS 0x0000000087000000, 0x0000000087000000| Complete 
| 113|0x0000000087100000, 0x0000000087200000, 0x0000000087200000|100%| S|CS|TAMS 0x0000000087100000, 0x0000000087100000| Complete 
| 114|0x0000000087200000, 0x0000000087300000, 0x0000000087300000|100%| S|CS|TAMS 0x0000000087200000, 0x0000000087200000| Complete 
| 115|0x0000000087300000, 0x0000000087400000, 0x0000000087400000|100%| S|CS|TAMS 0x0000000087300000, 0x0000000087300000| Complete 
| 116|0x0000000087400000, 0x0000000087500000, 0x0000000087500000|100%| S|CS|TAMS 0x0000000087400000, 0x0000000087400000| Complete 
| 117|0x0000000087500000, 0x0000000087600000, 0x0000000087600000|100%| S|CS|TAMS 0x0000000087500000, 0x0000000087500000| Complete 
| 118|0x0000000087600000, 0x0000000087700000, 0x0000000087700000|100%| S|CS|TAMS 0x0000000087600000, 0x0000000087600000| Complete 
| 119|0x0000000087700000, 0x0000000087800000, 0x0000000087800000|100%| S|CS|TAMS 0x0000000087700000, 0x0000000087700000| Complete 
| 120|0x0000000087800000, 0x0000000087900000, 0x0000000087900000|100%| S|CS|TAMS 0x0000000087800000, 0x0000000087800000| Complete 
| 121|0x0000000087900000, 0x0000000087a00000, 0x0000000087a00000|100%| S|CS|TAMS 0x0000000087900000, 0x0000000087900000| Complete 
| 122|0x0000000087a00000, 0x0000000087b00000, 0x0000000087b00000|100%| S|CS|TAMS 0x0000000087a00000, 0x0000000087a00000| Complete 
| 123|0x0000000087b00000, 0x0000000087c00000, 0x0000000087c00000|100%| S|CS|TAMS 0x0000000087b00000, 0x0000000087b00000| Complete 
| 124|0x0000000087c00000, 0x0000000087d00000, 0x0000000087d00000|100%| S|CS|TAMS 0x0000000087c00000, 0x0000000087c00000| Complete 
| 125|0x0000000087d00000, 0x0000000087e00000, 0x0000000087e00000|100%| S|CS|TAMS 0x0000000087d00000, 0x0000000087d00000| Complete 
| 126|0x0000000087e00000, 0x0000000087e00000, 0x0000000087f00000|  0%| F|  |TAMS 0x0000000087e00000, 0x0000000087e00000| Untracked 
| 127|0x0000000087f00000, 0x0000000087f00000, 0x0000000088000000|  0%| F|  |TAMS 0x0000000087f00000, 0x0000000087f00000| Untracked 
| 128|0x0000000088000000, 0x0000000088000000, 0x0000000088100000|  0%| F|  |TAMS 0x0000000088000000, 0x0000000088000000| Untracked 
| 129|0x0000000088100000, 0x0000000088100000, 0x0000000088200000|  0%| F|  |TAMS 0x0000000088100000, 0x0000000088100000| Untracked 
| 130|0x0000000088200000, 0x0000000088200000, 0x0000000088300000|  0%| F|  |TAMS 0x0000000088200000, 0x0000000088200000| Untracked 
| 131|0x0000000088300000, 0x0000000088300000, 0x0000000088400000|  0%| F|  |TAMS 0x0000000088300000, 0x0000000088300000| Untracked 
| 132|0x0000000088400000, 0x0000000088400000, 0x0000000088500000|  0%| F|  |TAMS 0x0000000088400000, 0x0000000088400000| Untracked 
| 133|0x0000000088500000, 0x0000000088500000, 0x0000000088600000|  0%| F|  |TAMS 0x0000000088500000, 0x0000000088500000| Untracked 
| 134|0x0000000088600000, 0x0000000088700000, 0x0000000088700000|100%| S|CS|TAMS 0x0000000088600000, 0x0000000088600000| Complete 
| 135|0x0000000088700000, 0x0000000088800000, 0x0000000088800000|100%| S|CS|TAMS 0x0000000088700000, 0x0000000088700000| Complete 
| 136|0x0000000088800000, 0x0000000088800000, 0x0000000088900000|  0%| F|  |TAMS 0x0000000088800000, 0x0000000088800000| Untracked 
| 137|0x0000000088900000, 0x0000000088900000, 0x0000000088a00000|  0%| F|  |TAMS 0x0000000088900000, 0x0000000088900000| Untracked 
| 138|0x0000000088a00000, 0x0000000088a00000, 0x0000000088b00000|  0%| F|  |TAMS 0x0000000088a00000, 0x0000000088a00000| Untracked 
| 139|0x0000000088b00000, 0x0000000088b00000, 0x0000000088c00000|  0%| F|  |TAMS 0x0000000088b00000, 0x0000000088b00000| Untracked 
| 140|0x0000000088c00000, 0x0000000088c00000, 0x0000000088d00000|  0%| F|  |TAMS 0x0000000088c00000, 0x0000000088c00000| Untracked 
| 141|0x0000000088d00000, 0x0000000088d00000, 0x0000000088e00000|  0%| F|  |TAMS 0x0000000088d00000, 0x0000000088d00000| Untracked 
| 142|0x0000000088e00000, 0x0000000088e00000, 0x0000000088f00000|  0%| F|  |TAMS 0x0000000088e00000, 0x0000000088e00000| Untracked 
| 143|0x0000000088f00000, 0x0000000088f00000, 0x0000000089000000|  0%| F|  |TAMS 0x0000000088f00000, 0x0000000088f00000| Untracked 
| 144|0x0000000089000000, 0x0000000089000000, 0x0000000089100000|  0%| F|  |TAMS 0x0000000089000000, 0x0000000089000000| Untracked 
| 145|0x0000000089100000, 0x0000000089100000, 0x0000000089200000|  0%| F|  |TAMS 0x0000000089100000, 0x0000000089100000| Untracked 
| 146|0x0000000089200000, 0x0000000089200000, 0x0000000089300000|  0%| F|  |TAMS 0x0000000089200000, 0x0000000089200000| Untracked 
| 147|0x0000000089300000, 0x0000000089300000, 0x0000000089400000|  0%| F|  |TAMS 0x0000000089300000, 0x0000000089300000| Untracked 
| 148|0x0000000089400000, 0x0000000089400000, 0x0000000089500000|  0%| F|  |TAMS 0x0000000089400000, 0x0000000089400000| Untracked 
| 149|0x0000000089500000, 0x0000000089500000, 0x0000000089600000|  0%| F|  |TAMS 0x0000000089500000, 0x0000000089500000| Untracked 
| 150|0x0000000089600000, 0x0000000089600000, 0x0000000089700000|  0%| F|  |TAMS 0x0000000089600000, 0x0000000089600000| Untracked 
| 151|0x0000000089700000, 0x0000000089700000, 0x0000000089800000|  0%| F|  |TAMS 0x0000000089700000, 0x0000000089700000| Untracked 
| 152|0x0000000089800000, 0x0000000089800000, 0x0000000089900000|  0%| F|  |TAMS 0x0000000089800000, 0x0000000089800000| Untracked 
| 153|0x0000000089900000, 0x0000000089900000, 0x0000000089a00000|  0%| F|  |TAMS 0x0000000089900000, 0x0000000089900000| Untracked 
| 154|0x0000000089a00000, 0x0000000089a00000, 0x0000000089b00000|  0%| F|  |TAMS 0x0000000089a00000, 0x0000000089a00000| Untracked 
| 155|0x0000000089b00000, 0x0000000089b00000, 0x0000000089c00000|  0%| F|  |TAMS 0x0000000089b00000, 0x0000000089b00000| Untracked 
| 156|0x0000000089c00000, 0x0000000089c00000, 0x0000000089d00000|  0%| F|  |TAMS 0x0000000089c00000, 0x0000000089c00000| Untracked 
| 157|0x0000000089d00000, 0x0000000089d00000, 0x0000000089e00000|  0%| F|  |TAMS 0x0000000089d00000, 0x0000000089d00000| Untracked 
| 158|0x0000000089e00000, 0x0000000089e00000, 0x0000000089f00000|  0%| F|  |TAMS 0x0000000089e00000, 0x0000000089e00000| Untracked 
| 159|0x0000000089f00000, 0x0000000089f00000, 0x000000008a000000|  0%| F|  |TAMS 0x0000000089f00000, 0x0000000089f00000| Untracked 
| 160|0x000000008a000000, 0x000000008a000000, 0x000000008a100000|  0%| F|  |TAMS 0x000000008a000000, 0x000000008a000000| Untracked 
| 161|0x000000008a100000, 0x000000008a100000, 0x000000008a200000|  0%| F|  |TAMS 0x000000008a100000, 0x000000008a100000| Untracked 
| 162|0x000000008a200000, 0x000000008a200000, 0x000000008a300000|  0%| F|  |TAMS 0x000000008a200000, 0x000000008a200000| Untracked 
| 163|0x000000008a300000, 0x000000008a300000, 0x000000008a400000|  0%| F|  |TAMS 0x000000008a300000, 0x000000008a300000| Untracked 
| 164|0x000000008a400000, 0x000000008a400000, 0x000000008a500000|  0%| F|  |TAMS 0x000000008a400000, 0x000000008a400000| Untracked 
| 165|0x000000008a500000, 0x000000008a500000, 0x000000008a600000|  0%| F|  |TAMS 0x000000008a500000, 0x000000008a500000| Untracked 
| 166|0x000000008a600000, 0x000000008a600000, 0x000000008a700000|  0%| F|  |TAMS 0x000000008a600000, 0x000000008a600000| Untracked 
| 167|0x000000008a700000, 0x000000008a700000, 0x000000008a800000|  0%| F|  |TAMS 0x000000008a700000, 0x000000008a700000| Untracked 
| 168|0x000000008a800000, 0x000000008a800000, 0x000000008a900000|  0%| F|  |TAMS 0x000000008a800000, 0x000000008a800000| Untracked 
| 169|0x000000008a900000, 0x000000008a900000, 0x000000008aa00000|  0%| F|  |TAMS 0x000000008a900000, 0x000000008a900000| Untracked 
| 170|0x000000008aa00000, 0x000000008aa00000, 0x000000008ab00000|  0%| F|  |TAMS 0x000000008aa00000, 0x000000008aa00000| Untracked 
| 171|0x000000008ab00000, 0x000000008ab00000, 0x000000008ac00000|  0%| F|  |TAMS 0x000000008ab00000, 0x000000008ab00000| Untracked 
| 172|0x000000008ac00000, 0x000000008ac00000, 0x000000008ad00000|  0%| F|  |TAMS 0x000000008ac00000, 0x000000008ac00000| Untracked 
| 173|0x000000008ad00000, 0x000000008ad00000, 0x000000008ae00000|  0%| F|  |TAMS 0x000000008ad00000, 0x000000008ad00000| Untracked 
| 174|0x000000008ae00000, 0x000000008ae00000, 0x000000008af00000|  0%| F|  |TAMS 0x000000008ae00000, 0x000000008ae00000| Untracked 
| 175|0x000000008af00000, 0x000000008af00000, 0x000000008b000000|  0%| F|  |TAMS 0x000000008af00000, 0x000000008af00000| Untracked 
| 176|0x000000008b000000, 0x000000008b000000, 0x000000008b100000|  0%| F|  |TAMS 0x000000008b000000, 0x000000008b000000| Untracked 
| 177|0x000000008b100000, 0x000000008b100000, 0x000000008b200000|  0%| F|  |TAMS 0x000000008b100000, 0x000000008b100000| Untracked 
| 178|0x000000008b200000, 0x000000008b200000, 0x000000008b300000|  0%| F|  |TAMS 0x000000008b200000, 0x000000008b200000| Untracked 
| 179|0x000000008b300000, 0x000000008b300000, 0x000000008b400000|  0%| F|  |TAMS 0x000000008b300000, 0x000000008b300000| Untracked 
| 180|0x000000008b400000, 0x000000008b400000, 0x000000008b500000|  0%| F|  |TAMS 0x000000008b400000, 0x000000008b400000| Untracked 
| 181|0x000000008b500000, 0x000000008b500000, 0x000000008b600000|  0%| F|  |TAMS 0x000000008b500000, 0x000000008b500000| Untracked 
| 182|0x000000008b600000, 0x000000008b600000, 0x000000008b700000|  0%| F|  |TAMS 0x000000008b600000, 0x000000008b600000| Untracked 
| 183|0x000000008b700000, 0x000000008b700000, 0x000000008b800000|  0%| F|  |TAMS 0x000000008b700000, 0x000000008b700000| Untracked 
| 184|0x000000008b800000, 0x000000008b800000, 0x000000008b900000|  0%| F|  |TAMS 0x000000008b800000, 0x000000008b800000| Untracked 
| 185|0x000000008b900000, 0x000000008b900000, 0x000000008ba00000|  0%| F|  |TAMS 0x000000008b900000, 0x000000008b900000| Untracked 
| 186|0x000000008ba00000, 0x000000008ba00000, 0x000000008bb00000|  0%| F|  |TAMS 0x000000008ba00000, 0x000000008ba00000| Untracked 
| 187|0x000000008bb00000, 0x000000008bb00000, 0x000000008bc00000|  0%| F|  |TAMS 0x000000008bb00000, 0x000000008bb00000| Untracked 
| 188|0x000000008bc00000, 0x000000008bc00000, 0x000000008bd00000|  0%| F|  |TAMS 0x000000008bc00000, 0x000000008bc00000| Untracked 
| 189|0x000000008bd00000, 0x000000008bd00000, 0x000000008be00000|  0%| F|  |TAMS 0x000000008bd00000, 0x000000008bd00000| Untracked 
| 190|0x000000008be00000, 0x000000008be00000, 0x000000008bf00000|  0%| F|  |TAMS 0x000000008be00000, 0x000000008be00000| Untracked 
| 191|0x000000008bf00000, 0x000000008bf00000, 0x000000008c000000|  0%| F|  |TAMS 0x000000008bf00000, 0x000000008bf00000| Untracked 
| 192|0x000000008c000000, 0x000000008c000000, 0x000000008c100000|  0%| F|  |TAMS 0x000000008c000000, 0x000000008c000000| Untracked 
| 193|0x000000008c100000, 0x000000008c100000, 0x000000008c200000|  0%| F|  |TAMS 0x000000008c100000, 0x000000008c100000| Untracked 
| 194|0x000000008c200000, 0x000000008c200000, 0x000000008c300000|  0%| F|  |TAMS 0x000000008c200000, 0x000000008c200000| Untracked 
| 195|0x000000008c300000, 0x000000008c300000, 0x000000008c400000|  0%| F|  |TAMS 0x000000008c300000, 0x000000008c300000| Untracked 
| 196|0x000000008c400000, 0x000000008c400000, 0x000000008c500000|  0%| F|  |TAMS 0x000000008c400000, 0x000000008c400000| Untracked 
| 197|0x000000008c500000, 0x000000008c500000, 0x000000008c600000|  0%| F|  |TAMS 0x000000008c500000, 0x000000008c500000| Untracked 
| 198|0x000000008c600000, 0x000000008c600000, 0x000000008c700000|  0%| F|  |TAMS 0x000000008c600000, 0x000000008c600000| Untracked 
| 199|0x000000008c700000, 0x000000008c700000, 0x000000008c800000|  0%| F|  |TAMS 0x000000008c700000, 0x000000008c700000| Untracked 
| 200|0x000000008c800000, 0x000000008c800000, 0x000000008c900000|  0%| F|  |TAMS 0x000000008c800000, 0x000000008c800000| Untracked 
| 201|0x000000008c900000, 0x000000008c900000, 0x000000008ca00000|  0%| F|  |TAMS 0x000000008c900000, 0x000000008c900000| Untracked 
| 202|0x000000008ca00000, 0x000000008ca00000, 0x000000008cb00000|  0%| F|  |TAMS 0x000000008ca00000, 0x000000008ca00000| Untracked 
| 203|0x000000008cb00000, 0x000000008cb00000, 0x000000008cc00000|  0%| F|  |TAMS 0x000000008cb00000, 0x000000008cb00000| Untracked 
| 204|0x000000008cc00000, 0x000000008cc00000, 0x000000008cd00000|  0%| F|  |TAMS 0x000000008cc00000, 0x000000008cc00000| Untracked 
| 205|0x000000008cd00000, 0x000000008cd00000, 0x000000008ce00000|  0%| F|  |TAMS 0x000000008cd00000, 0x000000008cd00000| Untracked 
| 206|0x000000008ce00000, 0x000000008ce00000, 0x000000008cf00000|  0%| F|  |TAMS 0x000000008ce00000, 0x000000008ce00000| Untracked 
| 207|0x000000008cf00000, 0x000000008cf00000, 0x000000008d000000|  0%| F|  |TAMS 0x000000008cf00000, 0x000000008cf00000| Untracked 
| 208|0x000000008d000000, 0x000000008d000000, 0x000000008d100000|  0%| F|  |TAMS 0x000000008d000000, 0x000000008d000000| Untracked 
| 209|0x000000008d100000, 0x000000008d100000, 0x000000008d200000|  0%| F|  |TAMS 0x000000008d100000, 0x000000008d100000| Untracked 
| 210|0x000000008d200000, 0x000000008d200000, 0x000000008d300000|  0%| F|  |TAMS 0x000000008d200000, 0x000000008d200000| Untracked 
| 211|0x000000008d300000, 0x000000008d300000, 0x000000008d400000|  0%| F|  |TAMS 0x000000008d300000, 0x000000008d300000| Untracked 
| 212|0x000000008d400000, 0x000000008d400000, 0x000000008d500000|  0%| F|  |TAMS 0x000000008d400000, 0x000000008d400000| Untracked 
| 213|0x000000008d500000, 0x000000008d500000, 0x000000008d600000|  0%| F|  |TAMS 0x000000008d500000, 0x000000008d500000| Untracked 
| 214|0x000000008d600000, 0x000000008d600000, 0x000000008d700000|  0%| F|  |TAMS 0x000000008d600000, 0x000000008d600000| Untracked 
| 215|0x000000008d700000, 0x000000008d700000, 0x000000008d800000|  0%| F|  |TAMS 0x000000008d700000, 0x000000008d700000| Untracked 
| 216|0x000000008d800000, 0x000000008d800000, 0x000000008d900000|  0%| F|  |TAMS 0x000000008d800000, 0x000000008d800000| Untracked 
| 217|0x000000008d900000, 0x000000008d900000, 0x000000008da00000|  0%| F|  |TAMS 0x000000008d900000, 0x000000008d900000| Untracked 
| 218|0x000000008da00000, 0x000000008da00000, 0x000000008db00000|  0%| F|  |TAMS 0x000000008da00000, 0x000000008da00000| Untracked 
| 219|0x000000008db00000, 0x000000008db00000, 0x000000008dc00000|  0%| F|  |TAMS 0x000000008db00000, 0x000000008db00000| Untracked 
| 220|0x000000008dc00000, 0x000000008dc00000, 0x000000008dd00000|  0%| F|  |TAMS 0x000000008dc00000, 0x000000008dc00000| Untracked 
| 221|0x000000008dd00000, 0x000000008dd00000, 0x000000008de00000|  0%| F|  |TAMS 0x000000008dd00000, 0x000000008dd00000| Untracked 
| 222|0x000000008de00000, 0x000000008de00000, 0x000000008df00000|  0%| F|  |TAMS 0x000000008de00000, 0x000000008de00000| Untracked 
| 223|0x000000008df00000, 0x000000008df00000, 0x000000008e000000|  0%| F|  |TAMS 0x000000008df00000, 0x000000008df00000| Untracked 
| 224|0x000000008e000000, 0x000000008e000000, 0x000000008e100000|  0%| F|  |TAMS 0x000000008e000000, 0x000000008e000000| Untracked 
| 225|0x000000008e100000, 0x000000008e100000, 0x000000008e200000|  0%| F|  |TAMS 0x000000008e100000, 0x000000008e100000| Untracked 
| 226|0x000000008e200000, 0x000000008e200000, 0x000000008e300000|  0%| F|  |TAMS 0x000000008e200000, 0x000000008e200000| Untracked 
| 227|0x000000008e300000, 0x000000008e300000, 0x000000008e400000|  0%| F|  |TAMS 0x000000008e300000, 0x000000008e300000| Untracked 
| 228|0x000000008e400000, 0x000000008e500000, 0x000000008e500000|100%| E|  |TAMS 0x000000008e400000, 0x000000008e400000| Complete 
| 229|0x000000008e500000, 0x000000008e600000, 0x000000008e600000|100%| E|CS|TAMS 0x000000008e500000, 0x000000008e500000| Complete 
| 230|0x000000008e600000, 0x000000008e700000, 0x000000008e700000|100%| E|CS|TAMS 0x000000008e600000, 0x000000008e600000| Complete 
| 231|0x000000008e700000, 0x000000008e800000, 0x000000008e800000|100%| E|CS|TAMS 0x000000008e700000, 0x000000008e700000| Complete 
| 232|0x000000008e800000, 0x000000008e900000, 0x000000008e900000|100%| E|CS|TAMS 0x000000008e800000, 0x000000008e800000| Complete 
| 233|0x000000008e900000, 0x000000008ea00000, 0x000000008ea00000|100%| E|CS|TAMS 0x000000008e900000, 0x000000008e900000| Complete 
| 234|0x000000008ea00000, 0x000000008eb00000, 0x000000008eb00000|100%| E|CS|TAMS 0x000000008ea00000, 0x000000008ea00000| Complete 
| 235|0x000000008eb00000, 0x000000008ec00000, 0x000000008ec00000|100%| E|CS|TAMS 0x000000008eb00000, 0x000000008eb00000| Complete 
| 236|0x000000008ec00000, 0x000000008ed00000, 0x000000008ed00000|100%| E|CS|TAMS 0x000000008ec00000, 0x000000008ec00000| Complete 
| 237|0x000000008ed00000, 0x000000008ee00000, 0x000000008ee00000|100%| E|CS|TAMS 0x000000008ed00000, 0x000000008ed00000| Complete 
| 238|0x000000008ee00000, 0x000000008ef00000, 0x000000008ef00000|100%| E|CS|TAMS 0x000000008ee00000, 0x000000008ee00000| Complete 
| 239|0x000000008ef00000, 0x000000008f000000, 0x000000008f000000|100%| E|CS|TAMS 0x000000008ef00000, 0x000000008ef00000| Complete 
| 240|0x000000008f000000, 0x000000008f100000, 0x000000008f100000|100%| E|CS|TAMS 0x000000008f000000, 0x000000008f000000| Complete 
| 241|0x000000008f100000, 0x000000008f200000, 0x000000008f200000|100%| E|CS|TAMS 0x000000008f100000, 0x000000008f100000| Complete 
| 242|0x000000008f200000, 0x000000008f300000, 0x000000008f300000|100%| E|CS|TAMS 0x000000008f200000, 0x000000008f200000| Complete 
| 243|0x000000008f300000, 0x000000008f400000, 0x000000008f400000|100%| E|CS|TAMS 0x000000008f300000, 0x000000008f300000| Complete 
| 244|0x000000008f400000, 0x000000008f500000, 0x000000008f500000|100%| E|CS|TAMS 0x000000008f400000, 0x000000008f400000| Complete 
| 245|0x000000008f500000, 0x000000008f600000, 0x000000008f600000|100%| E|CS|TAMS 0x000000008f500000, 0x000000008f500000| Complete 
| 246|0x000000008f600000, 0x000000008f700000, 0x000000008f700000|100%| E|CS|TAMS 0x000000008f600000, 0x000000008f600000| Complete 
| 247|0x000000008f700000, 0x000000008f800000, 0x000000008f800000|100%| E|CS|TAMS 0x000000008f700000, 0x000000008f700000| Complete 
| 248|0x000000008f800000, 0x000000008f900000, 0x000000008f900000|100%| E|CS|TAMS 0x000000008f800000, 0x000000008f800000| Complete 
| 249|0x000000008f900000, 0x000000008fa00000, 0x000000008fa00000|100%| E|CS|TAMS 0x000000008f900000, 0x000000008f900000| Complete 
| 250|0x000000008fa00000, 0x000000008fb00000, 0x000000008fb00000|100%| E|CS|TAMS 0x000000008fa00000, 0x000000008fa00000| Complete 
| 251|0x000000008fb00000, 0x000000008fc00000, 0x000000008fc00000|100%| E|CS|TAMS 0x000000008fb00000, 0x000000008fb00000| Complete 
| 252|0x000000008fc00000, 0x000000008fd00000, 0x000000008fd00000|100%| E|CS|TAMS 0x000000008fc00000, 0x000000008fc00000| Complete 
| 253|0x000000008fd00000, 0x000000008fe00000, 0x000000008fe00000|100%| E|CS|TAMS 0x000000008fd00000, 0x000000008fd00000| Complete 
| 254|0x000000008fe00000, 0x000000008ff00000, 0x000000008ff00000|100%| E|CS|TAMS 0x000000008fe00000, 0x000000008fe00000| Complete 
| 255|0x000000008ff00000, 0x0000000090000000, 0x0000000090000000|100%| E|CS|TAMS 0x000000008ff00000, 0x000000008ff00000| Complete 

Card table byte_map: [0x0000027138e40000,0x0000027139240000] _byte_map_base: 0x0000027138a40000

Marking Bits (Prev, Next): (CMBitMap*) 0x0000027123d049f0, (CMBitMap*) 0x0000027123d049b8
 Prev Bits: [0x000002713b640000, 0x000002713d640000)
 Next Bits: [0x0000027139640000, 0x000002713b640000)

Polling page: 0x0000027123da0000

Metaspace:

Usage:
  Non-class:     66.49 MB capacity,    64.95 MB ( 98%) used,     1.29 MB (  2%) free+waste,   257.69 KB ( <1%) overhead. 
      Class:     10.23 MB capacity,     9.38 MB ( 92%) used,   752.06 KB (  7%) free+waste,   117.06 KB (  1%) overhead. 
       Both:     76.72 MB capacity,    74.33 MB ( 97%) used,     2.02 MB (  3%) free+waste,   374.75 KB ( <1%) overhead. 

Virtual space:
  Non-class space:       68.00 MB reserved,      66.67 MB ( 98%) committed 
      Class space:        1.00 GB reserved,      10.25 MB (  1%) committed 
             Both:        1.07 GB reserved,      76.92 MB (  7%) committed 

Chunk freelists:
   Non-Class:  0 bytes
       Class:  20.00 KB
        Both:  20.00 KB

MaxMetaspaceSize: 17179869184.00 GB
CompressedClassSpaceSize: 1.00 GB
Initial GC threshold: 20.80 MB
Current GC threshold: 98.76 MB
CDS: off

CodeHeap 'non-profiled nmethods': size=120000Kb used=6308Kb max_used=6308Kb free=113691Kb
 bounds [0x0000027130ab0000, 0x00000271310e0000, 0x0000027137fe0000]
CodeHeap 'profiled nmethods': size=120000Kb used=21963Kb max_used=21963Kb free=98036Kb
 bounds [0x0000027129580000, 0x000002712ab00000, 0x0000027130ab0000]
CodeHeap 'non-nmethods': size=5760Kb used=1657Kb max_used=1703Kb free=4102Kb
 bounds [0x0000027128fe0000, 0x0000027129250000, 0x0000027129580000]
 total_blobs=11046 nmethods=10330 adapters=628
 compilation: enabled
              stopped_count=0, restarted_count=0
 full_count=0

Compilation events (20 events):
Event: 13.326 Thread 0x0000027140a07800 nmethod 10335 0x000002712aad3b10 code [0x000002712aad3cc0, 0x000002712aad3db8]
Event: 13.326 Thread 0x0000027140a07800 10337       2       com.sun.tools.javac.code.Scope$FilterImportScope$2::doLookup (20 bytes)
Event: 13.326 Thread 0x0000027140a07800 nmethod 10337 0x000002712aad3e90 code [0x000002712aad4060, 0x000002712aad41b8]
Event: 13.326 Thread 0x0000027140a07800 10338       2       com.sun.tools.javac.code.Scope$FilterImportScope$$Lambda$1130/0x000000010077e440::apply (10 bytes)
Event: 13.326 Thread 0x0000027140a07800 nmethod 10338 0x000002712aad4290 code [0x000002712aad4440, 0x000002712aad45a8]
Event: 13.326 Thread 0x0000027140a07800 10339       2       com.sun.tools.javac.code.Scope$ScopeImpl::dup (30 bytes)
Event: 13.326 Thread 0x0000027140a07800 nmethod 10339 0x000002712aad4690 code [0x000002712aad4840, 0x000002712aad49e8]
Event: 13.327 Thread 0x0000027140a07800 10340       2       com.sun.tools.javac.comp.InferenceContext$$Lambda$1157/0x0000000100a18040::accepts (8 bytes)
Event: 13.327 Thread 0x0000027140a07800 nmethod 10340 0x000002712aad4b10 code [0x000002712aad4cc0, 0x000002712aad4e18]
Event: 13.327 Thread 0x0000027140a07800 10341       2       com.sun.tools.javac.comp.InferenceContext::lambda$restvars$0 (13 bytes)
Event: 13.328 Thread 0x0000027140a07800 nmethod 10341 0x000002712aad4f10 code [0x000002712aad50c0, 0x000002712aad51b8]
Event: 13.328 Thread 0x0000027140a07800 10342       2       java.util.ArrayDeque$$Lambda$487/0x0000000100723c40::accept (9 bytes)
Event: 13.328 Thread 0x0000027140a07800 nmethod 10342 0x000002712aad5290 code [0x000002712aad5440, 0x000002712aad5568]
Event: 13.328 Thread 0x0000027140a07800 10343       2       com.sun.tools.javac.comp.Resolve$MethodCheckContext::checkWarner (5 bytes)
Event: 13.328 Thread 0x0000027140a07800 nmethod 10343 0x000002712aad5610 code [0x000002712aad57c0, 0x000002712aad58b8]
Event: 13.328 Thread 0x0000027140a07800 10344       2       com.sun.tools.javac.code.Type$ClassType::contains (72 bytes)
Event: 13.330 Thread 0x0000027140a07800 nmethod 10344 0x000002712aad5990 code [0x000002712aad5c00, 0x000002712aad6148]
Event: 13.330 Thread 0x0000027140a07800 10345       2       com.sun.tools.javac.comp.Infer$InferenceStep::accepts (25 bytes)
Event: 13.330 Thread 0x0000027140a07800 nmethod 10345 0x000002712aad6490 code [0x000002712aad6660, 0x000002712aad6a38]
Event: 13.330 Thread 0x0000027140a07800 10347       2       java.util.EnumMap$EnumMapIterator::hasNext (64 bytes)

GC Heap History (20 events):
Event: 3.831 GC heap before
{Heap before GC invocations=3 (full 0):
 garbage-first heap   total 262144K, used 85896K [0x0000000080000000, 0x0000000100000000)
  region size 1024K, 78 young (79872K), 11 survivors (11264K)
 Metaspace       used 28576K, capacity 29227K, committed 29360K, reserved 1075200K
  class space    used 3588K, capacity 3840K, committed 3840K, reserved 1048576K
}
Event: 3.838 GC heap after
{Heap after GC invocations=4 (full 0):
 garbage-first heap   total 262144K, used 19182K [0x0000000080000000, 0x0000000100000000)
  region size 1024K, 3 young (3072K), 3 survivors (3072K)
 Metaspace       used 28576K, capacity 29227K, committed 29360K, reserved 1075200K
  class space    used 3588K, capacity 3840K, committed 3840K, reserved 1048576K
}
Event: 4.560 GC heap before
{Heap before GC invocations=4 (full 0):
 garbage-first heap   total 262144K, used 109294K [0x0000000080000000, 0x0000000100000000)
  region size 1024K, 92 young (94208K), 3 survivors (3072K)
 Metaspace       used 34973K, capacity 35734K, committed 35920K, reserved 1081344K
  class space    used 4542K, capacity 4834K, committed 4864K, reserved 1048576K
}
Event: 4.566 GC heap after
{Heap after GC invocations=5 (full 0):
 garbage-first heap   total 262144K, used 20849K [0x0000000080000000, 0x0000000100000000)
  region size 1024K, 5 young (5120K), 5 survivors (5120K)
 Metaspace       used 34973K, capacity 35734K, committed 35920K, reserved 1081344K
  class space    used 4542K, capacity 4834K, committed 4864K, reserved 1048576K
}
Event: 6.228 GC heap before
{Heap before GC invocations=6 (full 0):
 garbage-first heap   total 262144K, used 139633K [0x0000000080000000, 0x0000000100000000)
  region size 1024K, 120 young (122880K), 5 survivors (5120K)
 Metaspace       used 46896K, capacity 48081K, committed 48176K, reserved 1091584K
  class space    used 6019K, capacity 6453K, committed 6528K, reserved 1048576K
}
Event: 6.238 GC heap after
{Heap after GC invocations=7 (full 0):
 garbage-first heap   total 262144K, used 35288K [0x0000000080000000, 0x0000000100000000)
  region size 1024K, 15 young (15360K), 15 survivors (15360K)
 Metaspace       used 46896K, capacity 48081K, committed 48176K, reserved 1091584K
  class space    used 6019K, capacity 6453K, committed 6528K, reserved 1048576K
}
Event: 7.910 GC heap before
{Heap before GC invocations=7 (full 0):
 garbage-first heap   total 262144K, used 178648K [0x0000000080000000, 0x0000000100000000)
  region size 1024K, 153 young (156672K), 15 survivors (15360K)
 Metaspace       used 56733K, capacity 58855K, committed 58928K, reserved 1099776K
  class space    used 7510K, capacity 8249K, committed 8320K, reserved 1048576K
}
Event: 7.934 GC heap after
{Heap after GC invocations=8 (full 0):
 garbage-first heap   total 262144K, used 52441K [0x0000000080000000, 0x0000000100000000)
  region size 1024K, 18 young (18432K), 18 survivors (18432K)
 Metaspace       used 56733K, capacity 58855K, committed 58928K, reserved 1099776K
  class space    used 7510K, capacity 8249K, committed 8320K, reserved 1048576K
}
Event: 8.531 GC heap before
{Heap before GC invocations=8 (full 0):
 garbage-first heap   total 262144K, used 184537K [0x0000000080000000, 0x0000000100000000)
  region size 1024K, 147 young (150528K), 18 survivors (18432K)
 Metaspace       used 57464K, capacity 59598K, committed 59696K, reserved 1101824K
  class space    used 7517K, capacity 8253K, committed 8320K, reserved 1048576K
}
Event: 8.544 GC heap after
{Heap after GC invocations=9 (full 0):
 garbage-first heap   total 262144K, used 59475K [0x0000000080000000, 0x0000000100000000)
  region size 1024K, 11 young (11264K), 11 survivors (11264K)
 Metaspace       used 57464K, capacity 59598K, committed 59696K, reserved 1101824K
  class space    used 7517K, capacity 8253K, committed 8320K, reserved 1048576K
}
Event: 8.941 GC heap before
{Heap before GC invocations=9 (full 0):
 garbage-first heap   total 262144K, used 189523K [0x0000000080000000, 0x0000000100000000)
  region size 1024K, 139 young (142336K), 11 survivors (11264K)
 Metaspace       used 57677K, capacity 59762K, committed 59952K, reserved 1101824K
  class space    used 7518K, capacity 8254K, committed 8320K, reserved 1048576K
}
Event: 8.953 GC heap after
{Heap after GC invocations=10 (full 0):
 garbage-first heap   total 262144K, used 66075K [0x0000000080000000, 0x0000000100000000)
  region size 1024K, 9 young (9216K), 9 survivors (9216K)
 Metaspace       used 57677K, capacity 59762K, committed 59952K, reserved 1101824K
  class space    used 7518K, capacity 8254K, committed 8320K, reserved 1048576K
}
Event: 9.249 GC heap before
{Heap before GC invocations=10 (full 0):
 garbage-first heap   total 262144K, used 172571K [0x0000000080000000, 0x0000000100000000)
  region size 1024K, 115 young (117760K), 9 survivors (9216K)
 Metaspace       used 58105K, capacity 60283K, committed 60420K, reserved 1101824K
  class space    used 7579K, capacity 8364K, committed 8448K, reserved 1048576K
}
Event: 9.260 GC heap after
{Heap after GC invocations=11 (full 0):
 garbage-first heap   total 262144K, used 70042K [0x0000000080000000, 0x0000000100000000)
  region size 1024K, 13 young (13312K), 13 survivors (13312K)
 Metaspace       used 58105K, capacity 60283K, committed 60420K, reserved 1101824K
  class space    used 7579K, capacity 8364K, committed 8448K, reserved 1048576K
}
Event: 10.288 GC heap before
{Heap before GC invocations=12 (full 0):
 garbage-first heap   total 262144K, used 202138K [0x0000000080000000, 0x0000000100000000)
  region size 1024K, 141 young (144384K), 13 survivors (13312K)
 Metaspace       used 64011K, capacity 66103K, committed 66736K, reserved 1107968K
  class space    used 8282K, capacity 9034K, committed 9216K, reserved 1048576K
}
Event: 10.300 GC heap after
{Heap after GC invocations=13 (full 0):
 garbage-first heap   total 262144K, used 79009K [0x0000000080000000, 0x0000000100000000)
  region size 1024K, 14 young (14336K), 14 survivors (14336K)
 Metaspace       used 64011K, capacity 66103K, committed 66736K, reserved 1107968K
  class space    used 8282K, capacity 9034K, committed 9216K, reserved 1048576K
}
Event: 11.191 GC heap before
{Heap before GC invocations=13 (full 0):
 garbage-first heap   total 262144K, used 202913K [0x0000000080000000, 0x0000000100000000)
  region size 1024K, 136 young (139264K), 14 survivors (14336K)
 Metaspace       used 66508K, capacity 68584K, committed 69040K, reserved 1110016K
  class space    used 8489K, capacity 9221K, committed 9472K, reserved 1048576K
}
Event: 11.202 GC heap after
{Heap after GC invocations=14 (full 0):
 garbage-first heap   total 262144K, used 84477K [0x0000000080000000, 0x0000000100000000)
  region size 1024K, 8 young (8192K), 8 survivors (8192K)
 Metaspace       used 66508K, capacity 68584K, committed 69040K, reserved 1110016K
  class space    used 8489K, capacity 9221K, committed 9472K, reserved 1048576K
}
Event: 12.876 GC heap before
{Heap before GC invocations=14 (full 0):
 garbage-first heap   total 262144K, used 208381K [0x0000000080000000, 0x0000000100000000)
  region size 1024K, 128 young (131072K), 8 survivors (8192K)
 Metaspace       used 74061K, capacity 76316K, committed 76464K, reserved 1116160K
  class space    used 9405K, capacity 10199K, committed 10240K, reserved 1048576K
}
Event: 12.899 GC heap after
{Heap after GC invocations=15 (full 0):
 garbage-first heap   total 262144K, used 107186K [0x0000000080000000, 0x0000000100000000)
  region size 1024K, 16 young (16384K), 16 survivors (16384K)
 Metaspace       used 74061K, capacity 76316K, committed 76464K, reserved 1116160K
  class space    used 9405K, capacity 10199K, committed 10240K, reserved 1048576K
}

Deoptimization events (20 events):
Event: 13.280 Thread 0x000002714455c000 Uncommon trap: trap_request=0xffffffde fr.pc=0x0000027130f4ba84 relative=0x0000000000000d84
Event: 13.280 Thread 0x000002714455c000 Uncommon trap: reason=class_check action=maybe_recompile pc=0x0000027130f4ba84 method=java.util.HashMap.removeNode(ILjava/lang/Object;Ljava/lang/Object;ZZ)Ljava/util/HashMap$Node; @ 143 c2
Event: 13.280 Thread 0x000002714455c000 DEOPT PACKING pc=0x0000027130f4ba84 sp=0x000000c857ef74f0
Event: 13.280 Thread 0x000002714455c000 DEOPT UNPACKING pc=0x000002712902a1af sp=0x000000c857ef7418 mode 2
Event: 13.283 Thread 0x000002714455c000 Uncommon trap: trap_request=0xffffffc6 fr.pc=0x00000271310cfefc relative=0x000000000000097c
Event: 13.283 Thread 0x000002714455c000 Uncommon trap: reason=bimorphic_or_optimized_type_check action=maybe_recompile pc=0x00000271310cfefc method=com.sun.tools.javac.code.Types$16.visitClassType(Lcom/sun/tools/javac/code/Type$ClassType;Ljava/lang/Void;)Lcom/sun/tools/javac/util/List; @ 46 c2
Event: 13.283 Thread 0x000002714455c000 DEOPT PACKING pc=0x00000271310cfefc sp=0x000000c857ef7570
Event: 13.283 Thread 0x000002714455c000 DEOPT UNPACKING pc=0x000002712902a1af sp=0x000000c857ef74c0 mode 2
Event: 13.284 Thread 0x000002714455c000 Uncommon trap: trap_request=0xffffffc6 fr.pc=0x00000271310d1464 relative=0x0000000000000964
Event: 13.284 Thread 0x000002714455c000 Uncommon trap: reason=bimorphic_or_optimized_type_check action=maybe_recompile pc=0x00000271310d1464 method=com.sun.tools.javac.code.Types$16.visitClassType(Lcom/sun/tools/javac/code/Type$ClassType;Ljava/lang/Void;)Lcom/sun/tools/javac/util/List; @ 46 c2
Event: 13.284 Thread 0x000002714455c000 DEOPT PACKING pc=0x00000271310d1464 sp=0x000000c857ef7780
Event: 13.284 Thread 0x000002714455c000 DEOPT UNPACKING pc=0x000002712902a1af sp=0x000000c857ef7740 mode 2
Event: 13.306 Thread 0x000002714455c000 Uncommon trap: trap_request=0xffffff4d fr.pc=0x0000027130c4ede8 relative=0x0000000000000908
Event: 13.306 Thread 0x000002714455c000 Uncommon trap: reason=unstable_if action=reinterpret pc=0x0000027130c4ede8 method=java.util.WeakHashMap.eq(Ljava/lang/Object;Ljava/lang/Object;)Z @ 2 c2
Event: 13.306 Thread 0x000002714455c000 DEOPT PACKING pc=0x0000027130c4ede8 sp=0x000000c857ef6e90
Event: 13.306 Thread 0x000002714455c000 DEOPT UNPACKING pc=0x000002712902a1af sp=0x000000c857ef6e00 mode 2
Event: 13.328 Thread 0x000002714455c000 Uncommon trap: trap_request=0xffffffde fr.pc=0x0000027130f4ba84 relative=0x0000000000000d84
Event: 13.329 Thread 0x000002714455c000 Uncommon trap: reason=class_check action=maybe_recompile pc=0x0000027130f4ba84 method=java.util.HashMap.removeNode(ILjava/lang/Object;Ljava/lang/Object;ZZ)Ljava/util/HashMap$Node; @ 143 c2
Event: 13.329 Thread 0x000002714455c000 DEOPT PACKING pc=0x0000027130f4ba84 sp=0x000000c857ef5880
Event: 13.329 Thread 0x000002714455c000 DEOPT UNPACKING pc=0x000002712902a1af sp=0x000000c857ef57a8 mode 2

Classes redefined (0 events):
No events

Internal exceptions (20 events):
Event: 13.043 Thread 0x000002714455c000 Exception <a 'sun/nio/fs/WindowsException'{0x000000008f60e820}> (0x000000008f60e820) thrown at [src/hotspot/share/prims/jni.cpp, line 617]
Event: 13.043 Thread 0x000002714455c000 Exception <a 'sun/nio/fs/WindowsException'{0x000000008f60e9c8}> (0x000000008f60e9c8) thrown at [src/hotspot/share/prims/jni.cpp, line 617]
Event: 13.051 Thread 0x000002714455c000 Exception <a 'sun/nio/fs/WindowsException'{0x000000008f69bd58}> (0x000000008f69bd58) thrown at [src/hotspot/share/prims/jni.cpp, line 617]
Event: 13.051 Thread 0x000002714455c000 Exception <a 'sun/nio/fs/WindowsException'{0x000000008f69bf00}> (0x000000008f69bf00) thrown at [src/hotspot/share/prims/jni.cpp, line 617]
Event: 13.124 Thread 0x000002714455c000 Exception <a 'sun/nio/fs/WindowsException'{0x000000008f0be7f8}> (0x000000008f0be7f8) thrown at [src/hotspot/share/prims/jni.cpp, line 617]
Event: 13.124 Thread 0x000002714455c000 Exception <a 'sun/nio/fs/WindowsException'{0x000000008f0be990}> (0x000000008f0be990) thrown at [src/hotspot/share/prims/jni.cpp, line 617]
Event: 13.140 Thread 0x000002714455c000 Exception <a 'sun/nio/fs/WindowsException'{0x000000008efa1630}> (0x000000008efa1630) thrown at [src/hotspot/share/prims/jni.cpp, line 617]
Event: 13.140 Thread 0x000002714455c000 Exception <a 'sun/nio/fs/WindowsException'{0x000000008efa17c8}> (0x000000008efa17c8) thrown at [src/hotspot/share/prims/jni.cpp, line 617]
Event: 13.143 Thread 0x000002714455c000 Exception <a 'sun/nio/fs/WindowsException'{0x000000008efd16c8}> (0x000000008efd16c8) thrown at [src/hotspot/share/prims/jni.cpp, line 617]
Event: 13.143 Thread 0x000002714455c000 Exception <a 'sun/nio/fs/WindowsException'{0x000000008efd1878}> (0x000000008efd1878) thrown at [src/hotspot/share/prims/jni.cpp, line 617]
Event: 13.158 Thread 0x000002714455c000 Exception <a 'java/lang/NoSuchMethodError'{0x000000008ee43708}: 'int java.lang.invoke.DirectMethodHandle$Holder.invokeVirtual(java.lang.Object, java.lang.Object, java.lang.Object, java.lang.Object)'> (0x000000008ee43708) thrown at [src/hotspot/share/interpreter/linkResolver.cpp, line 773]
Event: 13.160 Thread 0x000002714455c000 Exception <a 'java/lang/NoSuchMethodError'{0x000000008ee51590}: 'java.lang.Object java.lang.invoke.DirectMethodHandle$Holder.invokeStatic(java.lang.Object, java.lang.Object, int, java.lang.Object)'> (0x000000008ee51590) thrown at [src/hotspot/share/interpreter/linkResolver.cpp, line 773]
Event: 13.160 Thread 0x000002714455c000 Exception <a 'java/lang/NoSuchMethodError'{0x000000008ee55b70}: 'java.lang.Object java.lang.invoke.DirectMethodHandle$Holder.invokeSpecial(java.lang.Object, java.lang.Object, java.lang.Object, int, java.lang.Object)'> (0x000000008ee55b70) thrown at [src/hotspot/share/interpreter/linkResolver.cpp, line 773]
Event: 13.160 Thread 0x000002714455c000 Exception <a 'java/lang/NoSuchMethodError'{0x000000008ee59b60}: 'java.lang.Object java.lang.invoke.Invokers$Holder.linkToTargetMethod(java.lang.Object, int, java.lang.Object, java.lang.Object)'> (0x000000008ee59b60) thrown at [src/hotspot/share/interpreter/linkResolver.cpp, line 773]
Event: 13.267 Thread 0x000002714455c000 Exception <a 'sun/nio/fs/WindowsException'{0x000000008eaeba50}> (0x000000008eaeba50) thrown at [src/hotspot/share/prims/jni.cpp, line 617]
Event: 13.268 Thread 0x000002714455c000 Exception <a 'sun/nio/fs/WindowsException'{0x000000008eaebbf0}> (0x000000008eaebbf0) thrown at [src/hotspot/share/prims/jni.cpp, line 617]
Event: 13.318 Thread 0x000002714455c000 Exception <a 'sun/nio/fs/WindowsException'{0x000000008e7b58f8}> (0x000000008e7b58f8) thrown at [src/hotspot/share/prims/jni.cpp, line 617]
Event: 13.318 Thread 0x000002714455c000 Exception <a 'sun/nio/fs/WindowsException'{0x000000008e7b5a88}> (0x000000008e7b5a88) thrown at [src/hotspot/share/prims/jni.cpp, line 617]
Event: 13.325 Thread 0x000002714455c000 Exception <a 'sun/nio/fs/WindowsException'{0x000000008e633318}> (0x000000008e633318) thrown at [src/hotspot/share/prims/jni.cpp, line 617]
Event: 13.325 Thread 0x000002714455c000 Exception <a 'sun/nio/fs/WindowsException'{0x000000008e6334b0}> (0x000000008e6334b0) thrown at [src/hotspot/share/prims/jni.cpp, line 617]

Events (20 events):
Event: 13.282 Executing VM operation: ICBufferFull
Event: 13.283 Executing VM operation: ICBufferFull done
Event: 13.307 loading class com/sun/tools/javac/code/Type
Event: 13.307 loading class com/sun/tools/javac/code/Type done
Event: 13.307 loading class com/sun/tools/javac/code/Types$UniqueType
Event: 13.307 loading class com/sun/tools/javac/code/Types$UniqueType done
Event: 13.307 loading class com/sun/tools/javac/code/Symtab
Event: 13.307 loading class com/sun/tools/javac/code/Symtab done
Event: 13.319 loading class com/sun/tools/javac/tree/JCTree$JCNewClass
Event: 13.319 loading class com/sun/tools/javac/tree/JCTree$JCNewClass done
Event: 13.320 loading class com/sun/tools/javac/tree/JCTree$JCNewClass
Event: 13.320 loading class com/sun/tools/javac/tree/JCTree$JCNewClass done
Event: 13.320 loading class com/sun/tools/javac/comp/ArgumentAttr
Event: 13.320 loading class com/sun/tools/javac/comp/ArgumentAttr done
Event: 13.326 loading class com/sun/tools/javac/comp/InferenceContext
Event: 13.326 loading class com/sun/tools/javac/comp/InferenceContext done
Event: 13.326 loading class com/sun/tools/javac/util/JCDiagnostic$DiagnosticPosition
Event: 13.326 loading class com/sun/tools/javac/util/JCDiagnostic$DiagnosticPosition done
Event: 13.327 loading class com/sun/tools/javac/comp/Check
Event: 13.327 loading class com/sun/tools/javac/comp/Check done


Dynamic libraries:
0x00007ff733d10000 - 0x00007ff733d1a000 	C:\Program Files\Android\Android Studio\jbr\bin\java.exe
0x00007ffd43ab0000 - 0x00007ffd43ca8000 	C:\Windows\SYSTEM32\ntdll.dll
0x00007ffd424c0000 - 0x00007ffd4257f000 	C:\Windows\System32\KERNEL32.DLL
0x00007ffd41250000 - 0x00007ffd41546000 	C:\Windows\System32\KERNELBASE.dll
0x00007ffd41770000 - 0x00007ffd41870000 	C:\Windows\System32\ucrtbase.dll
0x00007ffd0da00000 - 0x00007ffd0da1b000 	C:\Program Files\Android\Android Studio\jbr\bin\VCRUNTIME140.dll
0x00007ffd0e2b0000 - 0x00007ffd0e2c7000 	C:\Program Files\Android\Android Studio\jbr\bin\jli.dll
0x00007ffd41cd0000 - 0x00007ffd41e6d000 	C:\Windows\System32\USER32.dll
0x00007ffd272e0000 - 0x00007ffd2757a000 	C:\Windows\WinSxS\amd64_microsoft.windows.common-controls_6595b64144ccf1df_6.0.19041.1110_none_60b5254171f9507e\COMCTL32.dll
0x00007ffd41190000 - 0x00007ffd411b2000 	C:\Windows\System32\win32u.dll
0x00007ffd41b50000 - 0x00007ffd41bee000 	C:\Windows\System32\msvcrt.dll
0x00007ffd41b20000 - 0x00007ffd41b4c000 	C:\Windows\System32\GDI32.dll
0x00007ffd419f0000 - 0x00007ffd41b05000 	C:\Windows\System32\gdi32full.dll
0x00007ffd41950000 - 0x00007ffd419ed000 	C:\Windows\System32\msvcp_win.dll
0x00007ffd43a40000 - 0x00007ffd43a70000 	C:\Windows\System32\IMM32.DLL
0x00007ffd0dbc0000 - 0x00007ffd0dbcc000 	C:\Program Files\Android\Android Studio\jbr\bin\vcruntime140_1.dll
0x00007ffcff470000 - 0x00007ffcff4fd000 	C:\Program Files\Android\Android Studio\jbr\bin\msvcp140.dll
0x00007ffcdc6b0000 - 0x00007ffcdd26c000 	C:\Program Files\Android\Android Studio\jbr\bin\server\jvm.dll
0x00007ffd42410000 - 0x00007ffd424bf000 	C:\Windows\System32\ADVAPI32.dll
0x00007ffd427f0000 - 0x00007ffd4288c000 	C:\Windows\System32\sechost.dll
0x00007ffd42c10000 - 0x00007ffd42d36000 	C:\Windows\System32\RPCRT4.dll
0x00007ffd41b10000 - 0x00007ffd41b18000 	C:\Windows\System32\PSAPI.DLL
0x00007ffd150f0000 - 0x00007ffd150f9000 	C:\Windows\SYSTEM32\WSOCK32.dll
0x00007ffd439d0000 - 0x00007ffd43a3b000 	C:\Windows\System32\WS2_32.dll
0x00007ffd1d6f0000 - 0x00007ffd1d717000 	C:\Windows\SYSTEM32\WINMM.dll
0x00007ffd37520000 - 0x00007ffd3752a000 	C:\Windows\SYSTEM32\VERSION.dll
0x00007ffd3f040000 - 0x00007ffd3f052000 	C:\Windows\SYSTEM32\kernel.appcore.dll
0x00007ffd14ec0000 - 0x00007ffd14ed0000 	C:\Program Files\Android\Android Studio\jbr\bin\verify.dll
0x00007ffd38e10000 - 0x00007ffd38ff4000 	C:\Windows\SYSTEM32\DBGHELP.DLL
0x00007ffd28750000 - 0x00007ffd28784000 	C:\Windows\SYSTEM32\dbgcore.DLL
0x00007ffd411c0000 - 0x00007ffd41242000 	C:\Windows\System32\bcryptPrimitives.dll
0x00007ffcdc680000 - 0x00007ffcdc6a8000 	C:\Program Files\Android\Android Studio\jbr\bin\java.dll
0x00007ffd14a90000 - 0x00007ffd14a9a000 	C:\Program Files\Android\Android Studio\jbr\bin\jimage.dll
0x00007ffcdc660000 - 0x00007ffcdc678000 	C:\Program Files\Android\Android Studio\jbr\bin\zip.dll
0x00007ffd42ec0000 - 0x00007ffd43604000 	C:\Windows\System32\SHELL32.dll
0x00007ffd3f240000 - 0x00007ffd3f9d4000 	C:\Windows\SYSTEM32\windows.storage.dll
0x00007ffd43610000 - 0x00007ffd43964000 	C:\Windows\System32\combase.dll
0x00007ffd40bd0000 - 0x00007ffd40bfe000 	C:\Windows\SYSTEM32\Wldp.dll
0x00007ffd42730000 - 0x00007ffd427dd000 	C:\Windows\System32\SHCORE.dll
0x00007ffd42bb0000 - 0x00007ffd42c05000 	C:\Windows\System32\shlwapi.dll
0x00007ffd410c0000 - 0x00007ffd410e5000 	C:\Windows\SYSTEM32\profapi.dll
0x00007ffcdc640000 - 0x00007ffcdc659000 	C:\Program Files\Android\Android Studio\jbr\bin\net.dll
0x00007ffd2ef30000 - 0x00007ffd2f03a000 	C:\Windows\SYSTEM32\WINHTTP.dll
0x00007ffd408c0000 - 0x00007ffd4092a000 	C:\Windows\system32\mswsock.dll
0x00007ffcdc620000 - 0x00007ffcdc633000 	C:\Program Files\Android\Android Studio\jbr\bin\nio.dll
0x00007ffd34fc0000 - 0x00007ffd34fe7000 	C:\Users\MAQS\.gradle\native\e1d6ef7f7dcc3fd88c89a11ec53ec762bb8ba0a96d01ffa2cd45eb1d1d8dd5c5\windows-amd64\native-platform.dll
0x00007ffd0ccc0000 - 0x00007ffd0ce04000 	C:\Users\MAQS\.gradle\native\0d407fdbe67a94daf76414ababcb853783967236a71b16ec16e742cd7a986fd3\windows-amd64\native-platform-file-events.dll
0x00007ffd145a0000 - 0x00007ffd145aa000 	C:\Program Files\Android\Android Studio\jbr\bin\management.dll
0x00007ffce8e10000 - 0x00007ffce8e1b000 	C:\Program Files\Android\Android Studio\jbr\bin\management_ext.dll
0x00007ffd40ab0000 - 0x00007ffd40ac8000 	C:\Windows\SYSTEM32\CRYPTSP.dll
0x00007ffd401e0000 - 0x00007ffd40214000 	C:\Windows\system32\rsaenh.dll
0x00007ffd41920000 - 0x00007ffd41947000 	C:\Windows\System32\bcrypt.dll
0x00007ffd41040000 - 0x00007ffd4106e000 	C:\Windows\SYSTEM32\USERENV.dll
0x00007ffd40ad0000 - 0x00007ffd40adc000 	C:\Windows\SYSTEM32\CRYPTBASE.dll
0x00007ffd405b0000 - 0x00007ffd405ec000 	C:\Windows\SYSTEM32\IPHLPAPI.DLL
0x00007ffd42eb0000 - 0x00007ffd42eb8000 	C:\Windows\System32\NSI.dll
0x00007ffd33080000 - 0x00007ffd33097000 	C:\Windows\SYSTEM32\dhcpcsvc6.DLL
0x00007ffd34020000 - 0x00007ffd3403d000 	C:\Windows\SYSTEM32\dhcpcsvc.DLL
0x00007ffd405f0000 - 0x00007ffd406ba000 	C:\Windows\SYSTEM32\DNSAPI.dll

dbghelp: loaded successfully - version: 4.0.5 - missing functions: none
symbol engine: initialized successfully - sym options: 0x614 - pdb path: .;C:\Program Files\Android\Android Studio\jbr\bin;C:\Windows\SYSTEM32;C:\Windows\WinSxS\amd64_microsoft.windows.common-controls_6595b64144ccf1df_6.0.19041.1110_none_60b5254171f9507e;C:\Program Files\Android\Android Studio\jbr\bin\server;C:\Users\MAQS\.gradle\native\e1d6ef7f7dcc3fd88c89a11ec53ec762bb8ba0a96d01ffa2cd45eb1d1d8dd5c5\windows-amd64;C:\Users\MAQS\.gradle\native\0d407fdbe67a94daf76414ababcb853783967236a71b16ec16e742cd7a986fd3\windows-amd64

VM Arguments:
jvm_args: --add-opens=java.base/java.util=ALL-UNNAMED --add-opens=java.base/java.lang=ALL-UNNAMED --add-opens=java.base/java.lang.invoke=ALL-UNNAMED --add-opens=java.base/java.util=ALL-UNNAMED --add-opens=java.prefs/java.util.prefs=ALL-UNNAMED --add-opens=java.prefs/java.util.prefs=ALL-UNNAMED --add-opens=java.base/java.nio.charset=ALL-UNNAMED --add-opens=java.base/java.net=ALL-UNNAMED --add-opens=java.base/java.util.concurrent.atomic=ALL-UNNAMED -Xmx2048m -Dfile.encoding=UTF-8 -Duser.country=US -Duser.language=en -Duser.variant 
java_command: org.gradle.launcher.daemon.bootstrap.GradleDaemon 7.5
java_class_path (initial): C:\Users\MAQS\.gradle\wrapper\dists\gradle-7.5-bin\f1w0cc9nuo0eivz97x2xlu9sv\gradle-7.5\lib\gradle-launcher-7.5.jar
Launcher Type: SUN_STANDARD

[Global flags]
     intx CICompilerCount                          = 4                                         {product} {ergonomic}
     uint ConcGCThreads                            = 2                                         {product} {ergonomic}
     uint G1ConcRefinementThreads                  = 8                                         {product} {ergonomic}
   size_t G1HeapRegionSize                         = 1048576                                   {product} {ergonomic}
    uintx GCDrainStackTargetSize                   = 64                                        {product} {ergonomic}
   size_t InitialHeapSize                          = 268435456                                 {product} {ergonomic}
   size_t MarkStackSize                            = 4194304                                   {product} {ergonomic}
   size_t MaxHeapSize                              = 2147483648                                {product} {command line}
   size_t MaxNewSize                               = 1287651328                                {product} {ergonomic}
   size_t MinHeapDeltaBytes                        = 1048576                                   {product} {ergonomic}
    uintx NonNMethodCodeHeapSize                   = 5836300                                {pd product} {ergonomic}
    uintx NonProfiledCodeHeapSize                  = 122910970                              {pd product} {ergonomic}
    uintx ProfiledCodeHeapSize                     = 122910970                              {pd product} {ergonomic}
    uintx ReservedCodeCacheSize                    = 251658240                              {pd product} {ergonomic}
     bool SegmentedCodeCache                       = true                                      {product} {ergonomic}
     bool UseCompressedClassPointers               = true                                 {lp64_product} {ergonomic}
     bool UseCompressedOops                        = true                                 {lp64_product} {ergonomic}
     bool UseG1GC                                  = true                                      {product} {ergonomic}
     bool UseLargePagesIndividualAllocation        = false                                  {pd product} {ergonomic}

Logging:
Log output configuration:
 #0: stdout all=warning uptime,level,tags
 #1: stderr all=off uptime,level,tags

Environment Variables:
PATH=E:\jdk-20.0.1;C:\Windows;C:\Windows\System32\Wbem;C:\Windows\System32\WindowsPowerShell\v1.0\;C:\Windows\System32\OpenSSH\;C:\Program Files\Git\cmd;C:\Users\MAQS\AppData\Local\Microsoft\WindowsApps;
USERNAME=MAQS
OS=Windows_NT
PROCESSOR_IDENTIFIER=Intel64 Family 6 Model 158 Stepping 9, GenuineIntel



---------------  S Y S T E M  ---------------

OS: Windows 10 , 64 bit Build 19041 (10.0.19041.3155)
OS uptime: 8 days 0:16 hours

CPU:total 8 (initial active 8) (4 cores per cpu, 2 threads per core) family 6 model 158 stepping 9 microcode 0xb4, cmov, cx8, fxsr, mmx, sse, sse2, sse3, ssse3, sse4.1, sse4.2, popcnt, avx, avx2, aes, clmul, erms, rtm, 3dnowpref, lzcnt, ht, tsc, tscinvbit, bmi1, bmi2, adx, fma

Memory: 4k page, system-wide physical 16263M (3000M free)
TotalPageFile size 18311M (AvailPageFile size 5M)
current process WorkingSet (physical memory assigned to process): 518M, peak: 519M
current process commit charge ("private bytes"): 558M, peak: 558M

vm_info: OpenJDK 64-Bit Server VM (11.0.15+0-b2043.56-9505619) for windows-amd64 JRE (11.0.15+0-b2043.56-9505619), built on Jan 19 2023 02:48:00 by "builduser" with unknown MS VC++:1929

END.
