#
# There is insufficient memory for the Java Runtime Environment to continue.
# Native memory allocation (malloc) failed to allocate 886096 bytes for Chunk::new
# Possible reasons:
#   The system is out of physical RAM or swap space
#   The process is running with CompressedOops enabled, and the Java Heap may be blocking the growth of the native heap
# Possible solutions:
#   Reduce memory load on the system
#   Increase physical memory or swap space
#   Check if swap backing store is full
#   Decrease Java heap size (-Xmx/-Xms)
#   Decrease number of Java threads
#   Decrease Java thread stack sizes (-Xss)
#   Set larger code cache with -XX:ReservedCodeCacheSize=
#   JVM is running with Unscaled Compressed Oops mode in which the Java heap is
#     placed in the first 4GB address space. The Java Heap base address is the
#     maximum limit for the native heap growth. Please use -XX:HeapBaseMinAddress
#     to set the Java Heap base and to place the Java Heap above 4GB virtual address.
# This output file may be truncated or incomplete.
#
#  Out of Memory Error (src/hotspot/share/memory/arena.cpp:197), pid=15756, tid=20356
#
# JRE version: OpenJDK Runtime Environment (11.0.15) (build 11.0.15+0-b2043.56-9505619)
# Java VM: OpenJDK 64-Bit Server VM (11.0.15+0-b2043.56-9505619, mixed mode, tiered, compressed oops, g1 gc, windows-amd64)
# No core dump will be written. Minidumps are not enabled by default on client versions of Windows
#

---------------  S U M M A R Y ------------

Command Line: --add-opens=java.base/java.util=ALL-UNNAMED --add-opens=java.base/java.lang=ALL-UNNAMED --add-opens=java.base/java.lang.invoke=ALL-UNNAMED --add-opens=java.base/java.util=ALL-UNNAMED --add-opens=java.prefs/java.util.prefs=ALL-UNNAMED --add-opens=java.prefs/java.util.prefs=ALL-UNNAMED --add-opens=java.base/java.nio.charset=ALL-UNNAMED --add-opens=java.base/java.net=ALL-UNNAMED --add-opens=java.base/java.util.concurrent.atomic=ALL-UNNAMED -Xmx2048m -Dfile.encoding=UTF-8 -Duser.country=US -Duser.language=en -Duser.variant org.gradle.launcher.daemon.bootstrap.GradleDaemon 7.5

Host: Intel(R) Core(TM) i7-7820HQ CPU @ 2.90GHz, 8 cores, 15G,  Windows 10 , 64 bit Build 19041 (10.0.19041.3155)
Time: Thu Aug 10 18:22:39 2023 Pakistan Standard Time elapsed time: 12.667004 seconds (0d 0h 0m 12s)

---------------  T H R E A D  ---------------

Current thread (0x0000022951a8a000):  JavaThread "C2 CompilerThread2" daemon [_thread_in_native, id=20356, stack(0x000000b895100000,0x000000b895200000)]


Current CompileTask:
C2:  12667 8548   !   4       java.nio.file.FileTreeWalker::getAttributes (126 bytes)

Stack: [0x000000b895100000,0x000000b895200000]
Native frames: (J=compiled Java code, j=interpreted, Vv=VM code, C=native code)
V  [jvm.dll+0x64135a]
V  [jvm.dll+0x7d39f9]
V  [jvm.dll+0x7d51b9]
V  [jvm.dll+0x7d58a3]
V  [jvm.dll+0x2691c5]
V  [jvm.dll+0xc1a5c]
V  [jvm.dll+0xc200c]
V  [jvm.dll+0x377462]
V  [jvm.dll+0x1b3914]
V  [jvm.dll+0x22163e]
V  [jvm.dll+0x220498]
V  [jvm.dll+0x19e851]
V  [jvm.dll+0x230479]
V  [jvm.dll+0x22e5ef]
V  [jvm.dll+0x794de1]
V  [jvm.dll+0x78dc24]
V  [jvm.dll+0x6400f6]
C  [ucrtbase.dll+0x21bb2]
C  [KERNEL32.DLL+0x17614]
C  [ntdll.dll+0x526b1]


---------------  P R O C E S S  ---------------

Threads class SMR info:
_java_thread_list=0x0000022958f10270, length=134, elements={
0x00000229324d1800, 0x000002294f1a7800, 0x000002294f1a8800, 0x000002294f205800,
0x000002294f206800, 0x000002294f208800, 0x000002294f20d800, 0x000002294f20f000,
0x000002294f222800, 0x000002294f39c000, 0x00000229501db000, 0x00000229501dc000,
0x00000229501e1800, 0x00000229501dd800, 0x00000229501de000, 0x00000229501dc800,
0x00000229501df000, 0x00000229501e0000, 0x00000229501e0800, 0x000002295237a800,
0x000002295237e000, 0x000002295237f800, 0x000002295237a000, 0x0000022951824000,
0x000002295237d000, 0x0000022951a8a000, 0x0000022952380800, 0x000002295237b800,
0x0000022952381000, 0x0000022952382000, 0x000002295237c800, 0x0000022952383000,
0x000002295237e800, 0x0000022952383800, 0x0000022952384800, 0x0000022952387000,
0x0000022952387800, 0x0000022952388800, 0x0000022951c20800, 0x0000022951c1b000,
0x0000022951c20000, 0x0000022951c1e800, 0x0000022951c1f000, 0x0000022951c1c000,
0x0000022951c1c800, 0x0000022951c21800, 0x0000022951c22800, 0x0000022951c23000,
0x0000022951c1d800, 0x0000022951c25000, 0x0000022951c28000, 0x0000022951c24000,
0x0000022951c29000, 0x0000022951c26800, 0x0000022951c25800, 0x0000022951c29800,
0x0000022951c27000, 0x0000022956a2e800, 0x0000022956a30800, 0x0000022956a2f800,
0x0000022956a2d000, 0x0000022956a31000, 0x0000022956a2e000, 0x0000022956a32000,
0x0000022956a2c000, 0x0000022956a38800, 0x0000022956a35000, 0x0000022956a34800,
0x0000022956a32800, 0x0000022956a39000, 0x0000022956a36000, 0x0000022956a37000,
0x0000022956a37800, 0x0000022956a33800, 0x0000022956a3a000, 0x0000022956a3b000,
0x0000022954dfb800, 0x0000022954dfe000, 0x0000022954dfe800, 0x0000022954dfa800,
0x0000022954dfc000, 0x0000022954dfd000, 0x0000022954dfa000, 0x0000022954df9000,
0x0000022954e02000, 0x0000022954e03800, 0x0000022954e04800, 0x0000022954e05000,
0x0000022954e03000, 0x0000022954dff800, 0x0000022954e06000, 0x0000022954e00800,
0x0000022954e07000, 0x0000022954e01000, 0x0000022954e07800, 0x000002295526a000,
0x0000022955268800, 0x0000022955264800, 0x0000022955269000, 0x000002295526b000,
0x0000022955265000, 0x0000022955266000, 0x000002295526b800, 0x000002295526c800,
0x0000022955266800, 0x000002295526d800, 0x0000022955267800, 0x000002295526f000,
0x000002295526f800, 0x000002295526e000, 0x0000022955270800, 0x0000022955271800,
0x0000022955272000, 0x0000022955273000, 0x000002295735c800, 0x000002295735f800,
0x000002295735a800, 0x000002295735e000, 0x000002295735f000, 0x0000022957360800,
0x000002295735d000, 0x0000022957361000, 0x000002295735b800, 0x0000022957362000,
0x0000022957367000, 0x0000022957363000, 0x0000022957364800, 0x0000022957365800,
0x0000022957363800, 0x0000022957368000, 0x0000022957366000, 0x0000022957368800,
0x0000022957369800, 0x0000022954a0e800
}

Java Threads: ( => current thread )
  0x00000229324d1800 JavaThread "main" [_thread_blocked, id=14276, stack(0x000000b892900000,0x000000b892a00000)]
  0x000002294f1a7800 JavaThread "Reference Handler" daemon [_thread_blocked, id=16992, stack(0x000000b893000000,0x000000b893100000)]
  0x000002294f1a8800 JavaThread "Finalizer" daemon [_thread_blocked, id=17052, stack(0x000000b893100000,0x000000b893200000)]
  0x000002294f205800 JavaThread "Signal Dispatcher" daemon [_thread_blocked, id=19552, stack(0x000000b893200000,0x000000b893300000)]
  0x000002294f206800 JavaThread "Attach Listener" daemon [_thread_blocked, id=20488, stack(0x000000b893300000,0x000000b893400000)]
  0x000002294f208800 JavaThread "Service Thread" daemon [_thread_blocked, id=5944, stack(0x000000b893400000,0x000000b893500000)]
  0x000002294f20d800 JavaThread "C2 CompilerThread0" daemon [_thread_in_native, id=21036, stack(0x000000b893500000,0x000000b893600000)]
  0x000002294f20f000 JavaThread "C1 CompilerThread0" daemon [_thread_blocked, id=8680, stack(0x000000b893600000,0x000000b893700000)]
  0x000002294f222800 JavaThread "Sweeper thread" daemon [_thread_blocked, id=14508, stack(0x000000b893700000,0x000000b893800000)]
  0x000002294f39c000 JavaThread "Common-Cleaner" daemon [_thread_blocked, id=8576, stack(0x000000b893800000,0x000000b893900000)]
  0x00000229501db000 JavaThread "Daemon health stats" [_thread_blocked, id=18328, stack(0x000000b894100000,0x000000b894200000)]
  0x00000229501dc000 JavaThread "Incoming local TCP Connector on port 56179" [_thread_in_native, id=3972, stack(0x000000b893a00000,0x000000b893b00000)]
  0x00000229501e1800 JavaThread "Daemon periodic checks" [_thread_blocked, id=18132, stack(0x000000b893b00000,0x000000b893c00000)]
  0x00000229501dd800 JavaThread "Daemon" [_thread_blocked, id=7592, stack(0x000000b894200000,0x000000b894300000)]
  0x00000229501de000 JavaThread "Handler for socket connection from /127.0.0.1:56179 to /127.0.0.1:56180" [_thread_in_native, id=16208, stack(0x000000b894300000,0x000000b894400000)]
  0x00000229501dc800 JavaThread "Cancel handler" [_thread_blocked, id=17648, stack(0x000000b894400000,0x000000b894500000)]
  0x00000229501df000 JavaThread "Daemon worker" [_thread_blocked, id=16412, stack(0x000000b894500000,0x000000b894600000)]
  0x00000229501e0000 JavaThread "Asynchronous log dispatcher for DefaultDaemonConnection: socket connection from /127.0.0.1:56179 to /127.0.0.1:56180" [_thread_blocked, id=19692, stack(0x000000b894600000,0x000000b894700000)]
  0x00000229501e0800 JavaThread "Stdin handler" [_thread_blocked, id=20120, stack(0x000000b894700000,0x000000b894800000)]
  0x000002295237a800 JavaThread "Daemon client event forwarder" [_thread_blocked, id=18420, stack(0x000000b894800000,0x000000b894900000)]
  0x000002295237e000 JavaThread "Cache worker for journal cache (C:\Users\MAQS\.gradle\caches\journal-1)" [_thread_blocked, id=17628, stack(0x000000b894900000,0x000000b894a00000)]
  0x000002295237f800 JavaThread "File lock request listener" [_thread_in_native, id=7916, stack(0x000000b894a00000,0x000000b894b00000)]
  0x000002295237a000 JavaThread "Cache worker for file hash cache (C:\Users\MAQS\.gradle\caches\7.5\fileHashes)" [_thread_blocked, id=21476, stack(0x000000b894e00000,0x000000b894f00000)]
  0x0000022951824000 JavaThread "C2 CompilerThread1" daemon [_thread_in_native, id=15672, stack(0x000000b894f00000,0x000000b895000000)]
  0x000002295237d000 JavaThread "Cache worker for file hash cache (E:\Upwork Project\pocket-wallpaper-2023\PocketWallpaperAndroid\.gradle\7.5\fileHashes)" [_thread_blocked, id=21372, stack(0x000000b895000000,0x000000b895100000)]
=>0x0000022951a8a000 JavaThread "C2 CompilerThread2" daemon [_thread_in_native, id=20356, stack(0x000000b895100000,0x000000b895200000)]
  0x0000022952380800 JavaThread "Cache worker for file content cache (C:\Users\MAQS\.gradle\caches\7.5\fileContent)" [_thread_blocked, id=5236, stack(0x000000b895200000,0x000000b895300000)]
  0x000002295237b800 JavaThread "Cache worker for checksums cache (E:\Upwork Project\pocket-wallpaper-2023\PocketWallpaperAndroid\.gradle\7.5\checksums)" [_thread_blocked, id=15748, stack(0x000000b895300000,0x000000b895400000)]
  0x0000022952381000 JavaThread "File watcher server" daemon [_thread_in_native, id=20204, stack(0x000000b895400000,0x000000b895500000)]
  0x0000022952382000 JavaThread "File watcher consumer" daemon [_thread_blocked, id=17764, stack(0x000000b895500000,0x000000b895600000)]
  0x000002295237c800 JavaThread "Cache worker for cache directory md-rule (C:\Users\MAQS\.gradle\caches\7.5\md-rule)" [_thread_blocked, id=20128, stack(0x000000b895600000,0x000000b895700000)]
  0x0000022952383000 JavaThread "Cache worker for cache directory md-supplier (C:\Users\MAQS\.gradle\caches\7.5\md-supplier)" [_thread_blocked, id=21436, stack(0x000000b895700000,0x000000b895800000)]
  0x000002295237e800 JavaThread "Cache worker for execution history cache (C:\Users\MAQS\.gradle\caches\7.5\executionHistory)" [_thread_blocked, id=7928, stack(0x000000b895800000,0x000000b895900000)]
  0x0000022952383800 JavaThread "Cache worker for Build Output Cleanup Cache (E:\Upwork Project\pocket-wallpaper-2023\PocketWallpaperAndroid\.gradle\buildOutputCleanup)" [_thread_blocked, id=6940, stack(0x000000b895900000,0x000000b895a00000)]
  0x0000022952384800 JavaThread "Memory manager" [_thread_blocked, id=20780, stack(0x000000b895b00000,0x000000b895c00000)]
  0x0000022952387000 JavaThread "build event listener" [_thread_blocked, id=14284, stack(0x000000b895c00000,0x000000b895d00000)]
  0x0000022952387800 JavaThread "included builds" [_thread_blocked, id=6356, stack(0x000000b895d00000,0x000000b895e00000)]
  0x0000022952388800 JavaThread "Execution worker" [_thread_blocked, id=21024, stack(0x000000b895e00000,0x000000b895f00000)]
  0x0000022951c20800 JavaThread "Execution worker Thread 2" [_thread_blocked, id=18376, stack(0x000000b895f00000,0x000000b896000000)]
  0x0000022951c1b000 JavaThread "Execution worker Thread 3" [_thread_blocked, id=14976, stack(0x000000b896000000,0x000000b896100000)]
  0x0000022951c20000 JavaThread "Execution worker Thread 4" [_thread_blocked, id=18344, stack(0x000000b896100000,0x000000b896200000)]
  0x0000022951c1e800 JavaThread "Execution worker Thread 5" [_thread_blocked, id=15108, stack(0x000000b896200000,0x000000b896300000)]
  0x0000022951c1f000 JavaThread "Execution worker Thread 6" [_thread_blocked, id=19864, stack(0x000000b896300000,0x000000b896400000)]
  0x0000022951c1c000 JavaThread "Execution worker Thread 7" [_thread_blocked, id=14420, stack(0x000000b896400000,0x000000b896500000)]
  0x0000022951c1c800 JavaThread "Cache worker for execution history cache (E:\Upwork Project\pocket-wallpaper-2023\PocketWallpaperAndroid\.gradle\7.5\executionHistory)" [_thread_blocked, id=15452, stack(0x000000b896500000,0x000000b896600000)]
  0x0000022951c21800 JavaThread "Unconstrained build operations" [_thread_blocked, id=8716, stack(0x000000b896600000,0x000000b896700000)]
  0x0000022951c22800 JavaThread "Unconstrained build operations Thread 2" [_thread_blocked, id=15680, stack(0x000000b896700000,0x000000b896800000)]
  0x0000022951c23000 JavaThread "Unconstrained build operations Thread 3" [_thread_blocked, id=21132, stack(0x000000b896800000,0x000000b896900000)]
  0x0000022951c1d800 JavaThread "Unconstrained build operations Thread 4" [_thread_blocked, id=17268, stack(0x000000b896900000,0x000000b896a00000)]
  0x0000022951c25000 JavaThread "Unconstrained build operations Thread 5" [_thread_blocked, id=18576, stack(0x000000b896a00000,0x000000b896b00000)]
  0x0000022951c28000 JavaThread "Unconstrained build operations Thread 6" [_thread_blocked, id=3624, stack(0x000000b896b00000,0x000000b896c00000)]
  0x0000022951c24000 JavaThread "Unconstrained build operations Thread 7" [_thread_blocked, id=10744, stack(0x000000b896c00000,0x000000b896d00000)]
  0x0000022951c29000 JavaThread "Unconstrained build operations Thread 8" [_thread_blocked, id=20624, stack(0x000000b896d00000,0x000000b896e00000)]
  0x0000022951c26800 JavaThread "Unconstrained build operations Thread 9" [_thread_blocked, id=20180, stack(0x000000b896e00000,0x000000b896f00000)]
  0x0000022951c25800 JavaThread "Unconstrained build operations Thread 10" [_thread_blocked, id=15364, stack(0x000000b896f00000,0x000000b897000000)]
  0x0000022951c29800 JavaThread "Unconstrained build operations Thread 11" [_thread_blocked, id=6496, stack(0x000000b897000000,0x000000b897100000)]
  0x0000022951c27000 JavaThread "Unconstrained build operations Thread 12" [_thread_blocked, id=15552, stack(0x000000b897100000,0x000000b897200000)]
  0x0000022956a2e800 JavaThread "Unconstrained build operations Thread 13" [_thread_blocked, id=20568, stack(0x000000b897200000,0x000000b897300000)]
  0x0000022956a30800 JavaThread "Unconstrained build operations Thread 14" [_thread_blocked, id=5744, stack(0x000000b897300000,0x000000b897400000)]
  0x0000022956a2f800 JavaThread "Unconstrained build operations Thread 15" [_thread_blocked, id=19728, stack(0x000000b897400000,0x000000b897500000)]
  0x0000022956a2d000 JavaThread "Unconstrained build operations Thread 16" [_thread_blocked, id=20388, stack(0x000000b897500000,0x000000b897600000)]
  0x0000022956a31000 JavaThread "Unconstrained build operations Thread 17" [_thread_blocked, id=19932, stack(0x000000b897600000,0x000000b897700000)]
  0x0000022956a2e000 JavaThread "Unconstrained build operations Thread 19" [_thread_blocked, id=21188, stack(0x000000b897700000,0x000000b897800000)]
  0x0000022956a32000 JavaThread "Unconstrained build operations Thread 18" [_thread_blocked, id=7556, stack(0x000000b897800000,0x000000b897900000)]
  0x0000022956a2c000 JavaThread "Unconstrained build operations Thread 21" [_thread_blocked, id=21032, stack(0x000000b897900000,0x000000b897a00000)]
  0x0000022956a38800 JavaThread "Unconstrained build operations Thread 22" [_thread_blocked, id=20788, stack(0x000000b897a00000,0x000000b897b00000)]
  0x0000022956a35000 JavaThread "Unconstrained build operations Thread 20" [_thread_blocked, id=20360, stack(0x000000b897b00000,0x000000b897c00000)]
  0x0000022956a34800 JavaThread "Unconstrained build operations Thread 23" [_thread_blocked, id=6604, stack(0x000000b897c00000,0x000000b897d00000)]
  0x0000022956a32800 JavaThread "Unconstrained build operations Thread 24" [_thread_blocked, id=18144, stack(0x000000b897d00000,0x000000b897e00000)]
  0x0000022956a39000 JavaThread "Unconstrained build operations Thread 25" [_thread_blocked, id=2240, stack(0x000000b897e00000,0x000000b897f00000)]
  0x0000022956a36000 JavaThread "Unconstrained build operations Thread 26" [_thread_blocked, id=14848, stack(0x000000b897f00000,0x000000b898000000)]
  0x0000022956a37000 JavaThread "Unconstrained build operations Thread 27" [_thread_blocked, id=6164, stack(0x000000b898000000,0x000000b898100000)]
  0x0000022956a37800 JavaThread "Unconstrained build operations Thread 28" [_thread_blocked, id=6976, stack(0x000000b898100000,0x000000b898200000)]
  0x0000022956a33800 JavaThread "Unconstrained build operations Thread 30" [_thread_blocked, id=16996, stack(0x000000b898200000,0x000000b898300000)]
  0x0000022956a3a000 JavaThread "Unconstrained build operations Thread 29" [_thread_blocked, id=19304, stack(0x000000b898300000,0x000000b898400000)]
  0x0000022956a3b000 JavaThread "Unconstrained build operations Thread 31" [_thread_blocked, id=5844, stack(0x000000b898400000,0x000000b898500000)]
  0x0000022954dfb800 JavaThread "Unconstrained build operations Thread 32" [_thread_blocked, id=20228, stack(0x000000b898500000,0x000000b898600000)]
  0x0000022954dfe000 JavaThread "Unconstrained build operations Thread 33" [_thread_blocked, id=15352, stack(0x000000b898600000,0x000000b898700000)]
  0x0000022954dfe800 JavaThread "Unconstrained build operations Thread 34" [_thread_blocked, id=12312, stack(0x000000b898700000,0x000000b898800000)]
  0x0000022954dfa800 JavaThread "Unconstrained build operations Thread 35" [_thread_blocked, id=21376, stack(0x000000b898800000,0x000000b898900000)]
  0x0000022954dfc000 JavaThread "Unconstrained build operations Thread 36" [_thread_blocked, id=2004, stack(0x000000b898900000,0x000000b898a00000)]
  0x0000022954dfd000 JavaThread "Unconstrained build operations Thread 37" [_thread_blocked, id=19664, stack(0x000000b898a00000,0x000000b898b00000)]
  0x0000022954dfa000 JavaThread "Unconstrained build operations Thread 38" [_thread_blocked, id=13268, stack(0x000000b898b00000,0x000000b898c00000)]
  0x0000022954df9000 JavaThread "Unconstrained build operations Thread 39" [_thread_blocked, id=14776, stack(0x000000b898c00000,0x000000b898d00000)]
  0x0000022954e02000 JavaThread "Unconstrained build operations Thread 40" [_thread_blocked, id=19540, stack(0x000000b898d00000,0x000000b898e00000)]
  0x0000022954e03800 JavaThread "Unconstrained build operations Thread 41" [_thread_blocked, id=18400, stack(0x000000b898e00000,0x000000b898f00000)]
  0x0000022954e04800 JavaThread "Unconstrained build operations Thread 42" [_thread_blocked, id=15804, stack(0x000000b898f00000,0x000000b899000000)]
  0x0000022954e05000 JavaThread "Unconstrained build operations Thread 43" [_thread_blocked, id=19060, stack(0x000000b899000000,0x000000b899100000)]
  0x0000022954e03000 JavaThread "Unconstrained build operations Thread 44" [_thread_blocked, id=11176, stack(0x000000b899100000,0x000000b899200000)]
  0x0000022954dff800 JavaThread "Unconstrained build operations Thread 45" [_thread_blocked, id=2204, stack(0x000000b899200000,0x000000b899300000)]
  0x0000022954e06000 JavaThread "Unconstrained build operations Thread 46" [_thread_blocked, id=13808, stack(0x000000b899300000,0x000000b899400000)]
  0x0000022954e00800 JavaThread "Unconstrained build operations Thread 47" [_thread_blocked, id=17540, stack(0x000000b899400000,0x000000b899500000)]
  0x0000022954e07000 JavaThread "Unconstrained build operations Thread 48" [_thread_blocked, id=17308, stack(0x000000b899500000,0x000000b899600000)]
  0x0000022954e01000 JavaThread "Unconstrained build operations Thread 49" [_thread_blocked, id=13480, stack(0x000000b899600000,0x000000b899700000)]
  0x0000022954e07800 JavaThread "Unconstrained build operations Thread 50" [_thread_blocked, id=17824, stack(0x000000b899700000,0x000000b899800000)]
  0x000002295526a000 JavaThread "Unconstrained build operations Thread 51" [_thread_blocked, id=14800, stack(0x000000b899800000,0x000000b899900000)]
  0x0000022955268800 JavaThread "Unconstrained build operations Thread 52" [_thread_blocked, id=17724, stack(0x000000b899900000,0x000000b899a00000)]
  0x0000022955264800 JavaThread "Unconstrained build operations Thread 53" [_thread_blocked, id=14012, stack(0x000000b899a00000,0x000000b899b00000)]
  0x0000022955269000 JavaThread "Unconstrained build operations Thread 54" [_thread_blocked, id=13648, stack(0x000000b899b00000,0x000000b899c00000)]
  0x000002295526b000 JavaThread "Unconstrained build operations Thread 55" [_thread_blocked, id=20068, stack(0x000000b899c00000,0x000000b899d00000)]
  0x0000022955265000 JavaThread "Unconstrained build operations Thread 56" [_thread_blocked, id=20152, stack(0x000000b899d00000,0x000000b899e00000)]
  0x0000022955266000 JavaThread "Unconstrained build operations Thread 57" [_thread_blocked, id=19408, stack(0x000000b899e00000,0x000000b899f00000)]
  0x000002295526b800 JavaThread "Unconstrained build operations Thread 58" [_thread_blocked, id=18684, stack(0x000000b899f00000,0x000000b89a000000)]
  0x000002295526c800 JavaThread "Unconstrained build operations Thread 59" [_thread_blocked, id=6492, stack(0x000000b89a000000,0x000000b89a100000)]
  0x0000022955266800 JavaThread "Unconstrained build operations Thread 60" [_thread_blocked, id=5720, stack(0x000000b89a100000,0x000000b89a200000)]
  0x000002295526d800 JavaThread "Unconstrained build operations Thread 61" [_thread_blocked, id=18672, stack(0x000000b89a200000,0x000000b89a300000)]
  0x0000022955267800 JavaThread "Unconstrained build operations Thread 62" [_thread_blocked, id=8828, stack(0x000000b89a300000,0x000000b89a400000)]
  0x000002295526f000 JavaThread "Unconstrained build operations Thread 63" [_thread_blocked, id=15092, stack(0x000000b89a400000,0x000000b89a500000)]
  0x000002295526f800 JavaThread "Unconstrained build operations Thread 64" [_thread_blocked, id=2016, stack(0x000000b89a500000,0x000000b89a600000)]
  0x000002295526e000 JavaThread "Unconstrained build operations Thread 65" [_thread_blocked, id=9292, stack(0x000000b89a600000,0x000000b89a700000)]
  0x0000022955270800 JavaThread "Unconstrained build operations Thread 66" [_thread_blocked, id=20352, stack(0x000000b89a700000,0x000000b89a800000)]
  0x0000022955271800 JavaThread "Unconstrained build operations Thread 67" [_thread_blocked, id=10620, stack(0x000000b89a800000,0x000000b89a900000)]
  0x0000022955272000 JavaThread "Unconstrained build operations Thread 68" [_thread_blocked, id=88, stack(0x000000b89a900000,0x000000b89aa00000)]
  0x0000022955273000 JavaThread "Unconstrained build operations Thread 69" [_thread_blocked, id=14148, stack(0x000000b89aa00000,0x000000b89ab00000)]
  0x000002295735c800 JavaThread "Unconstrained build operations Thread 71" [_thread_blocked, id=21404, stack(0x000000b89ab00000,0x000000b89ac00000)]
  0x000002295735f800 JavaThread "Unconstrained build operations Thread 70" [_thread_blocked, id=20208, stack(0x000000b89ac00000,0x000000b89ad00000)]
  0x000002295735a800 JavaThread "Unconstrained build operations Thread 72" [_thread_blocked, id=20168, stack(0x000000b89ad00000,0x000000b89ae00000)]
  0x000002295735e000 JavaThread "Unconstrained build operations Thread 73" [_thread_blocked, id=10312, stack(0x000000b89ae00000,0x000000b89af00000)]
  0x000002295735f000 JavaThread "Unconstrained build operations Thread 74" [_thread_blocked, id=21184, stack(0x000000b89af00000,0x000000b89b000000)]
  0x0000022957360800 JavaThread "Unconstrained build operations Thread 75" [_thread_blocked, id=15136, stack(0x000000b89b000000,0x000000b89b100000)]
  0x000002295735d000 JavaThread "Unconstrained build operations Thread 76" [_thread_blocked, id=14888, stack(0x000000b89b100000,0x000000b89b200000)]
  0x0000022957361000 JavaThread "Unconstrained build operations Thread 77" [_thread_blocked, id=9096, stack(0x000000b89b200000,0x000000b89b300000)]
  0x000002295735b800 JavaThread "Unconstrained build operations Thread 78" [_thread_blocked, id=17708, stack(0x000000b89b300000,0x000000b89b400000)]
  0x0000022957362000 JavaThread "Unconstrained build operations Thread 79" [_thread_blocked, id=15984, stack(0x000000b89b400000,0x000000b89b500000)]
  0x0000022957367000 JavaThread "Unconstrained build operations Thread 80" [_thread_blocked, id=9584, stack(0x000000b89b500000,0x000000b89b600000)]
  0x0000022957363000 JavaThread "Cache worker for Java compile cache (C:\Users\MAQS\.gradle\caches\7.5\javaCompile)" [_thread_in_Java, id=18560, stack(0x000000b89b600000,0x000000b89b700000)]
  0x0000022957364800 JavaThread "Build operations" [_thread_blocked, id=9480, stack(0x000000b89b700000,0x000000b89b800000)]
  0x0000022957365800 JavaThread "Build operations Thread 2" [_thread_blocked, id=20124, stack(0x000000b89b800000,0x000000b89b900000)]
  0x0000022957363800 JavaThread "Build operations Thread 3" [_thread_blocked, id=13704, stack(0x000000b89b900000,0x000000b89ba00000)]
  0x0000022957368000 JavaThread "Build operations Thread 4" [_thread_blocked, id=20088, stack(0x000000b89ba00000,0x000000b89bb00000)]
  0x0000022957366000 JavaThread "Build operations Thread 5" [_thread_blocked, id=20924, stack(0x000000b89bb00000,0x000000b89bc00000)]
  0x0000022957368800 JavaThread "Build operations Thread 6" [_thread_blocked, id=10836, stack(0x000000b89bc00000,0x000000b89bd00000)]
  0x0000022957369800 JavaThread "Build operations Thread 7" [_thread_blocked, id=20620, stack(0x000000b89bd00000,0x000000b89be00000)]
  0x0000022954a0e800 JavaThread "Build operations Thread 8" [_thread_blocked, id=4040, stack(0x000000b89be00000,0x000000b89bf00000)]

Other Threads:
  0x000002294f1a3800 VMThread "VM Thread" [stack: 0x000000b892f00000,0x000000b893000000] [id=14784]
  0x000002294f3c9800 WatcherThread [stack: 0x000000b893900000,0x000000b893a00000] [id=20736]
  0x00000229324eb000 GCTaskThread "GC Thread#0" [stack: 0x000000b892a00000,0x000000b892b00000] [id=19772]
  0x000002294fdf4800 GCTaskThread "GC Thread#1" [stack: 0x000000b893c00000,0x000000b893d00000] [id=14540]
  0x000002294f6a2800 GCTaskThread "GC Thread#2" [stack: 0x000000b893d00000,0x000000b893e00000] [id=15244]
  0x0000022950449800 GCTaskThread "GC Thread#3" [stack: 0x000000b893e00000,0x000000b893f00000] [id=8104]
  0x000002295044a000 GCTaskThread "GC Thread#4" [stack: 0x000000b893f00000,0x000000b894000000] [id=19720]
  0x0000022950512800 GCTaskThread "GC Thread#5" [stack: 0x000000b894000000,0x000000b894100000] [id=7976]
  0x0000022950761800 GCTaskThread "GC Thread#6" [stack: 0x000000b894b00000,0x000000b894c00000] [id=21236]
  0x0000022951ee6800 GCTaskThread "GC Thread#7" [stack: 0x000000b894c00000,0x000000b894d00000] [id=20512]
  0x000002293251c800 ConcurrentGCThread "G1 Main Marker" [stack: 0x000000b892b00000,0x000000b892c00000] [id=7484]
  0x0000022932520000 ConcurrentGCThread "G1 Conc#0" [stack: 0x000000b892c00000,0x000000b892d00000] [id=10300]
  0x00000229529a9800 ConcurrentGCThread "G1 Conc#1" [stack: 0x000000b894d00000,0x000000b894e00000] [id=18800]
  0x00000229325ae000 ConcurrentGCThread "G1 Refine#0" [stack: 0x000000b892d00000,0x000000b892e00000] [id=16968]
  0x00000229552d9800 ConcurrentGCThread "G1 Refine#1" [stack: 0x000000b895a00000,0x000000b895b00000] [id=11032]
  0x000002294e7ec800 ConcurrentGCThread "G1 Young RemSet Sampling" [stack: 0x000000b892e00000,0x000000b892f00000] [id=15460]

Threads with active compile tasks:
C2 CompilerThread0    12700 8671   !   4       org.gradle.api.internal.artifacts.transform.TransformingAsyncArtifactListener$TransformedArtifact::finalizeValue (165 bytes)
C2 CompilerThread1    12700 8707       4       org.gradle.api.internal.tasks.compile.incremental.serialization.HierarchicalNameSerializer::readName (51 bytes)
C2 CompilerThread2    12700 8548   !   4       java.nio.file.FileTreeWalker::getAttributes (126 bytes)

VM state:not at safepoint (normal execution)

VM Mutex/Monitor currently owned by a thread: None

Heap address: 0x0000000080000000, size: 2048 MB, Compressed Oops mode: 32-bit
Narrow klass base: 0x0000000000000000, Narrow klass shift: 3
Compressed class space size: 1073741824 Address: 0x0000000100000000

Heap:
 garbage-first heap   total 262144K, used 115302K [0x0000000080000000, 0x0000000100000000)
  region size 1024K, 47 young (48128K), 15 survivors (15360K)
 Metaspace       used 66918K, capacity 69142K, committed 69552K, reserved 1110016K
  class space    used 8548K, capacity 9342K, committed 9472K, reserved 1048576K
Heap Regions: E=young(eden), S=young(survivor), O=old, HS=humongous(starts), HC=humongous(continues), CS=collection set, F=free, A=archive, TAMS=top-at-mark-start (previous, next)
|   0|0x0000000080000000, 0x0000000080100000, 0x0000000080100000|100%|HS|  |TAMS 0x0000000080100000, 0x0000000080000000| Complete 
|   1|0x0000000080100000, 0x0000000080200000, 0x0000000080200000|100%| O|  |TAMS 0x0000000080200000, 0x0000000080100000| Untracked 
|   2|0x0000000080200000, 0x0000000080300000, 0x0000000080300000|100%| O|  |TAMS 0x0000000080300000, 0x0000000080200000| Untracked 
|   3|0x0000000080300000, 0x0000000080400000, 0x0000000080400000|100%|HS|  |TAMS 0x0000000080400000, 0x0000000080300000| Complete 
|   4|0x0000000080400000, 0x0000000080500000, 0x0000000080500000|100%|HC|  |TAMS 0x0000000080500000, 0x0000000080400000| Complete 
|   5|0x0000000080500000, 0x0000000080600000, 0x0000000080600000|100%|HC|  |TAMS 0x0000000080600000, 0x0000000080500000| Complete 
|   6|0x0000000080600000, 0x0000000080700000, 0x0000000080700000|100%| O|  |TAMS 0x0000000080700000, 0x0000000080600000| Untracked 
|   7|0x0000000080700000, 0x0000000080800000, 0x0000000080800000|100%| O|  |TAMS 0x0000000080800000, 0x0000000080700000| Untracked 
|   8|0x0000000080800000, 0x0000000080900000, 0x0000000080900000|100%| O|  |TAMS 0x0000000080900000, 0x0000000080800000| Untracked 
|   9|0x0000000080900000, 0x0000000080a00000, 0x0000000080a00000|100%| O|  |TAMS 0x0000000080a00000, 0x0000000080900000| Untracked 
|  10|0x0000000080a00000, 0x0000000080b00000, 0x0000000080b00000|100%| O|  |TAMS 0x0000000080b00000, 0x0000000080a00000| Untracked 
|  11|0x0000000080b00000, 0x0000000080c00000, 0x0000000080c00000|100%| O|  |TAMS 0x0000000080c00000, 0x0000000080b00000| Untracked 
|  12|0x0000000080c00000, 0x0000000080d00000, 0x0000000080d00000|100%| O|  |TAMS 0x0000000080d00000, 0x0000000080c00000| Untracked 
|  13|0x0000000080d00000, 0x0000000080e00000, 0x0000000080e00000|100%| O|  |TAMS 0x0000000080e00000, 0x0000000080d00000| Untracked 
|  14|0x0000000080e00000, 0x0000000080f00000, 0x0000000080f00000|100%| O|  |TAMS 0x0000000080f00000, 0x0000000080e00000| Untracked 
|  15|0x0000000080f00000, 0x0000000081000000, 0x0000000081000000|100%| O|  |TAMS 0x0000000081000000, 0x0000000080f00000| Untracked 
|  16|0x0000000081000000, 0x0000000081100000, 0x0000000081100000|100%| O|  |TAMS 0x0000000081100000, 0x0000000081000000| Untracked 
|  17|0x0000000081100000, 0x0000000081200000, 0x0000000081200000|100%| O|  |TAMS 0x0000000081200000, 0x0000000081100000| Untracked 
|  18|0x0000000081200000, 0x0000000081300000, 0x0000000081300000|100%|HS|  |TAMS 0x0000000081300000, 0x0000000081200000| Complete 
|  19|0x0000000081300000, 0x0000000081400000, 0x0000000081400000|100%| O|  |TAMS 0x0000000081400000, 0x0000000081300000| Untracked 
|  20|0x0000000081400000, 0x0000000081500000, 0x0000000081500000|100%| O|  |TAMS 0x0000000081500000, 0x0000000081400000| Untracked 
|  21|0x0000000081500000, 0x0000000081600000, 0x0000000081600000|100%| O|  |TAMS 0x0000000081600000, 0x0000000081500000| Untracked 
|  22|0x0000000081600000, 0x0000000081700000, 0x0000000081700000|100%| O|  |TAMS 0x0000000081700000, 0x0000000081600000| Untracked 
|  23|0x0000000081700000, 0x0000000081800000, 0x0000000081800000|100%| O|  |TAMS 0x0000000081800000, 0x0000000081700000| Untracked 
|  24|0x0000000081800000, 0x0000000081900000, 0x0000000081900000|100%| O|  |TAMS 0x0000000081900000, 0x0000000081800000| Untracked 
|  25|0x0000000081900000, 0x0000000081a00000, 0x0000000081a00000|100%| O|  |TAMS 0x0000000081a00000, 0x0000000081900000| Untracked 
|  26|0x0000000081a00000, 0x0000000081b00000, 0x0000000081b00000|100%| O|  |TAMS 0x0000000081b00000, 0x0000000081a00000| Untracked 
|  27|0x0000000081b00000, 0x0000000081c00000, 0x0000000081c00000|100%| O|  |TAMS 0x0000000081c00000, 0x0000000081b00000| Untracked 
|  28|0x0000000081c00000, 0x0000000081d00000, 0x0000000081d00000|100%| O|  |TAMS 0x0000000081d00000, 0x0000000081c00000| Untracked 
|  29|0x0000000081d00000, 0x0000000081e00000, 0x0000000081e00000|100%| O|  |TAMS 0x0000000081e00000, 0x0000000081d00000| Untracked 
|  30|0x0000000081e00000, 0x0000000081f00000, 0x0000000081f00000|100%| O|  |TAMS 0x0000000081f00000, 0x0000000081e00000| Untracked 
|  31|0x0000000081f00000, 0x0000000082000000, 0x0000000082000000|100%| O|  |TAMS 0x0000000082000000, 0x0000000081f00000| Untracked 
|  32|0x0000000082000000, 0x0000000082100000, 0x0000000082100000|100%| O|  |TAMS 0x0000000082100000, 0x0000000082000000| Untracked 
|  33|0x0000000082100000, 0x0000000082200000, 0x0000000082200000|100%| O|  |TAMS 0x0000000082200000, 0x0000000082100000| Untracked 
|  34|0x0000000082200000, 0x0000000082300000, 0x0000000082300000|100%| O|  |TAMS 0x0000000082300000, 0x0000000082200000| Untracked 
|  35|0x0000000082300000, 0x0000000082400000, 0x0000000082400000|100%| O|  |TAMS 0x0000000082400000, 0x0000000082300000| Untracked 
|  36|0x0000000082400000, 0x0000000082500000, 0x0000000082500000|100%| O|  |TAMS 0x0000000082500000, 0x0000000082400000| Untracked 
|  37|0x0000000082500000, 0x0000000082600000, 0x0000000082600000|100%| O|  |TAMS 0x0000000082600000, 0x0000000082500000| Untracked 
|  38|0x0000000082600000, 0x0000000082700000, 0x0000000082700000|100%| O|  |TAMS 0x0000000082700000, 0x0000000082600000| Untracked 
|  39|0x0000000082700000, 0x0000000082800000, 0x0000000082800000|100%| O|  |TAMS 0x0000000082800000, 0x0000000082700000| Untracked 
|  40|0x0000000082800000, 0x0000000082900000, 0x0000000082900000|100%| O|  |TAMS 0x0000000082900000, 0x0000000082800000| Untracked 
|  41|0x0000000082900000, 0x0000000082a00000, 0x0000000082a00000|100%| O|  |TAMS 0x0000000082a00000, 0x0000000082900000| Untracked 
|  42|0x0000000082a00000, 0x0000000082b00000, 0x0000000082b00000|100%| O|  |TAMS 0x0000000082b00000, 0x0000000082a00000| Untracked 
|  43|0x0000000082b00000, 0x0000000082c00000, 0x0000000082c00000|100%| O|  |TAMS 0x0000000082c00000, 0x0000000082b00000| Untracked 
|  44|0x0000000082c00000, 0x0000000082d00000, 0x0000000082d00000|100%| O|  |TAMS 0x0000000082d00000, 0x0000000082c00000| Untracked 
|  45|0x0000000082d00000, 0x0000000082e00000, 0x0000000082e00000|100%| O|  |TAMS 0x0000000082e00000, 0x0000000082d00000| Untracked 
|  46|0x0000000082e00000, 0x0000000082f00000, 0x0000000082f00000|100%| O|  |TAMS 0x0000000082f00000, 0x0000000082e00000| Untracked 
|  47|0x0000000082f00000, 0x0000000083000000, 0x0000000083000000|100%| O|  |TAMS 0x0000000083000000, 0x0000000082f00000| Untracked 
|  48|0x0000000083000000, 0x0000000083100000, 0x0000000083100000|100%| O|  |TAMS 0x0000000083100000, 0x0000000083000000| Untracked 
|  49|0x0000000083100000, 0x0000000083200000, 0x0000000083200000|100%| O|  |TAMS 0x00000000831d3200, 0x0000000083100000| Untracked 
|  50|0x0000000083200000, 0x0000000083300000, 0x0000000083300000|100%| O|  |TAMS 0x0000000083200000, 0x0000000083200000| Untracked 
|  51|0x0000000083300000, 0x0000000083400000, 0x0000000083400000|100%| O|  |TAMS 0x0000000083300000, 0x0000000083300000| Untracked 
|  52|0x0000000083400000, 0x0000000083500000, 0x0000000083500000|100%| O|  |TAMS 0x0000000083400000, 0x0000000083400000| Untracked 
|  53|0x0000000083500000, 0x0000000083600000, 0x0000000083600000|100%| O|  |TAMS 0x0000000083500000, 0x0000000083500000| Untracked 
|  54|0x0000000083600000, 0x0000000083700000, 0x0000000083700000|100%| O|  |TAMS 0x0000000083600000, 0x0000000083600000| Untracked 
|  55|0x0000000083700000, 0x0000000083800000, 0x0000000083800000|100%| O|  |TAMS 0x0000000083700000, 0x0000000083700000| Untracked 
|  56|0x0000000083800000, 0x0000000083900000, 0x0000000083900000|100%| O|  |TAMS 0x0000000083800000, 0x0000000083800000| Untracked 
|  57|0x0000000083900000, 0x0000000083a00000, 0x0000000083a00000|100%|HS|  |TAMS 0x0000000083900000, 0x0000000083900000| Complete 
|  58|0x0000000083a00000, 0x0000000083b00000, 0x0000000083b00000|100%|HC|  |TAMS 0x0000000083a00000, 0x0000000083a00000| Complete 
|  59|0x0000000083b00000, 0x0000000083c00000, 0x0000000083c00000|100%| O|  |TAMS 0x0000000083b00000, 0x0000000083b00000| Untracked 
|  60|0x0000000083c00000, 0x0000000083d00000, 0x0000000083d00000|100%| O|  |TAMS 0x0000000083c00000, 0x0000000083c00000| Untracked 
|  61|0x0000000083d00000, 0x0000000083e00000, 0x0000000083e00000|100%| O|  |TAMS 0x0000000083d00000, 0x0000000083d00000| Untracked 
|  62|0x0000000083e00000, 0x0000000083f00000, 0x0000000083f00000|100%| O|  |TAMS 0x0000000083e00000, 0x0000000083e00000| Untracked 
|  63|0x0000000083f00000, 0x0000000084000000, 0x0000000084000000|100%| O|  |TAMS 0x0000000083f00000, 0x0000000083f00000| Untracked 
|  64|0x0000000084000000, 0x0000000084100000, 0x0000000084100000|100%| O|  |TAMS 0x0000000084000000, 0x0000000084000000| Untracked 
|  65|0x0000000084100000, 0x0000000084200000, 0x0000000084200000|100%| O|  |TAMS 0x0000000084100000, 0x0000000084100000| Untracked 
|  66|0x0000000084200000, 0x0000000084300000, 0x0000000084300000|100%| O|  |TAMS 0x0000000084200000, 0x0000000084200000| Untracked 
|  67|0x0000000084300000, 0x0000000084400000, 0x0000000084400000|100%| O|  |TAMS 0x0000000084300000, 0x0000000084300000| Untracked 
|  68|0x0000000084400000, 0x0000000084449e00, 0x0000000084500000| 28%| O|  |TAMS 0x0000000084400000, 0x0000000084400000| Untracked 
|  69|0x0000000084500000, 0x0000000084500000, 0x0000000084600000|  0%| F|  |TAMS 0x0000000084500000, 0x0000000084500000| Untracked 
|  70|0x0000000084600000, 0x0000000084600000, 0x0000000084700000|  0%| F|  |TAMS 0x0000000084600000, 0x0000000084600000| Untracked 
|  71|0x0000000084700000, 0x0000000084700000, 0x0000000084800000|  0%| F|  |TAMS 0x0000000084700000, 0x0000000084700000| Untracked 
|  72|0x0000000084800000, 0x0000000084800000, 0x0000000084900000|  0%| F|  |TAMS 0x0000000084800000, 0x0000000084800000| Untracked 
|  73|0x0000000084900000, 0x0000000084900000, 0x0000000084a00000|  0%| F|  |TAMS 0x0000000084900000, 0x0000000084900000| Untracked 
|  74|0x0000000084a00000, 0x0000000084a00000, 0x0000000084b00000|  0%| F|  |TAMS 0x0000000084a00000, 0x0000000084a00000| Untracked 
|  75|0x0000000084b00000, 0x0000000084b00000, 0x0000000084c00000|  0%| F|  |TAMS 0x0000000084b00000, 0x0000000084b00000| Untracked 
|  76|0x0000000084c00000, 0x0000000084c00000, 0x0000000084d00000|  0%| F|  |TAMS 0x0000000084c00000, 0x0000000084c00000| Untracked 
|  77|0x0000000084d00000, 0x0000000084d00000, 0x0000000084e00000|  0%| F|  |TAMS 0x0000000084d00000, 0x0000000084d00000| Untracked 
|  78|0x0000000084e00000, 0x0000000084e00000, 0x0000000084f00000|  0%| F|  |TAMS 0x0000000084e00000, 0x0000000084e00000| Untracked 
|  79|0x0000000084f00000, 0x0000000084f00000, 0x0000000085000000|  0%| F|  |TAMS 0x0000000084f00000, 0x0000000084f00000| Untracked 
|  80|0x0000000085000000, 0x0000000085000000, 0x0000000085100000|  0%| F|  |TAMS 0x0000000085000000, 0x0000000085000000| Untracked 
|  81|0x0000000085100000, 0x0000000085100000, 0x0000000085200000|  0%| F|  |TAMS 0x0000000085100000, 0x0000000085100000| Untracked 
|  82|0x0000000085200000, 0x0000000085200000, 0x0000000085300000|  0%| F|  |TAMS 0x0000000085200000, 0x0000000085200000| Untracked 
|  83|0x0000000085300000, 0x0000000085300000, 0x0000000085400000|  0%| F|  |TAMS 0x0000000085300000, 0x0000000085300000| Untracked 
|  84|0x0000000085400000, 0x0000000085400000, 0x0000000085500000|  0%| F|  |TAMS 0x0000000085400000, 0x0000000085400000| Untracked 
|  85|0x0000000085500000, 0x0000000085500000, 0x0000000085600000|  0%| F|  |TAMS 0x0000000085500000, 0x0000000085500000| Untracked 
|  86|0x0000000085600000, 0x0000000085600000, 0x0000000085700000|  0%| F|  |TAMS 0x0000000085600000, 0x0000000085600000| Untracked 
|  87|0x0000000085700000, 0x0000000085700000, 0x0000000085800000|  0%| F|  |TAMS 0x0000000085700000, 0x0000000085700000| Untracked 
|  88|0x0000000085800000, 0x0000000085800000, 0x0000000085900000|  0%| F|  |TAMS 0x0000000085800000, 0x0000000085800000| Untracked 
|  89|0x0000000085900000, 0x0000000085900000, 0x0000000085a00000|  0%| F|  |TAMS 0x0000000085900000, 0x0000000085900000| Untracked 
|  90|0x0000000085a00000, 0x0000000085a00000, 0x0000000085b00000|  0%| F|  |TAMS 0x0000000085a00000, 0x0000000085a00000| Untracked 
|  91|0x0000000085b00000, 0x0000000085b00000, 0x0000000085c00000|  0%| F|  |TAMS 0x0000000085b00000, 0x0000000085b00000| Untracked 
|  92|0x0000000085c00000, 0x0000000085c00000, 0x0000000085d00000|  0%| F|  |TAMS 0x0000000085c00000, 0x0000000085c00000| Untracked 
|  93|0x0000000085d00000, 0x0000000085d00000, 0x0000000085e00000|  0%| F|  |TAMS 0x0000000085d00000, 0x0000000085d00000| Untracked 
|  94|0x0000000085e00000, 0x0000000085e00000, 0x0000000085f00000|  0%| F|  |TAMS 0x0000000085e00000, 0x0000000085e00000| Untracked 
|  95|0x0000000085f00000, 0x0000000085f00000, 0x0000000086000000|  0%| F|  |TAMS 0x0000000085f00000, 0x0000000085f00000| Untracked 
|  96|0x0000000086000000, 0x0000000086000000, 0x0000000086100000|  0%| F|  |TAMS 0x0000000086000000, 0x0000000086000000| Untracked 
|  97|0x0000000086100000, 0x0000000086100000, 0x0000000086200000|  0%| F|  |TAMS 0x0000000086100000, 0x0000000086100000| Untracked 
|  98|0x0000000086200000, 0x0000000086200000, 0x0000000086300000|  0%| F|  |TAMS 0x0000000086200000, 0x0000000086200000| Untracked 
|  99|0x0000000086300000, 0x0000000086300000, 0x0000000086400000|  0%| F|  |TAMS 0x0000000086300000, 0x0000000086300000| Untracked 
| 100|0x0000000086400000, 0x0000000086400000, 0x0000000086500000|  0%| F|  |TAMS 0x0000000086400000, 0x0000000086400000| Untracked 
| 101|0x0000000086500000, 0x0000000086500000, 0x0000000086600000|  0%| F|  |TAMS 0x0000000086500000, 0x0000000086500000| Untracked 
| 102|0x0000000086600000, 0x0000000086600000, 0x0000000086700000|  0%| F|  |TAMS 0x0000000086600000, 0x0000000086600000| Untracked 
| 103|0x0000000086700000, 0x0000000086700000, 0x0000000086800000|  0%| F|  |TAMS 0x0000000086700000, 0x0000000086700000| Untracked 
| 104|0x0000000086800000, 0x0000000086800000, 0x0000000086900000|  0%| F|  |TAMS 0x0000000086800000, 0x0000000086800000| Untracked 
| 105|0x0000000086900000, 0x0000000086900000, 0x0000000086a00000|  0%| F|  |TAMS 0x0000000086900000, 0x0000000086900000| Untracked 
| 106|0x0000000086a00000, 0x0000000086a00000, 0x0000000086b00000|  0%| F|  |TAMS 0x0000000086a00000, 0x0000000086a00000| Untracked 
| 107|0x0000000086b00000, 0x0000000086b00000, 0x0000000086c00000|  0%| F|  |TAMS 0x0000000086b00000, 0x0000000086b00000| Untracked 
| 108|0x0000000086c00000, 0x0000000086c00000, 0x0000000086d00000|  0%| F|  |TAMS 0x0000000086c00000, 0x0000000086c00000| Untracked 
| 109|0x0000000086d00000, 0x0000000086d00000, 0x0000000086e00000|  0%| F|  |TAMS 0x0000000086d00000, 0x0000000086d00000| Untracked 
| 110|0x0000000086e00000, 0x0000000086e00000, 0x0000000086f00000|  0%| F|  |TAMS 0x0000000086e00000, 0x0000000086e00000| Untracked 
| 111|0x0000000086f00000, 0x0000000086f00000, 0x0000000087000000|  0%| F|  |TAMS 0x0000000086f00000, 0x0000000086f00000| Untracked 
| 112|0x0000000087000000, 0x0000000087000000, 0x0000000087100000|  0%| F|  |TAMS 0x0000000087000000, 0x0000000087000000| Untracked 
| 113|0x0000000087100000, 0x0000000087100000, 0x0000000087200000|  0%| F|  |TAMS 0x0000000087100000, 0x0000000087100000| Untracked 
| 114|0x0000000087200000, 0x0000000087200000, 0x0000000087300000|  0%| F|  |TAMS 0x0000000087200000, 0x0000000087200000| Untracked 
| 115|0x0000000087300000, 0x0000000087300000, 0x0000000087400000|  0%| F|  |TAMS 0x0000000087300000, 0x0000000087300000| Untracked 
| 116|0x0000000087400000, 0x0000000087400000, 0x0000000087500000|  0%| F|  |TAMS 0x0000000087400000, 0x0000000087400000| Untracked 
| 117|0x0000000087500000, 0x0000000087500000, 0x0000000087600000|  0%| F|  |TAMS 0x0000000087500000, 0x0000000087500000| Untracked 
| 118|0x0000000087600000, 0x0000000087600000, 0x0000000087700000|  0%| F|  |TAMS 0x0000000087600000, 0x0000000087600000| Untracked 
| 119|0x0000000087700000, 0x0000000087700000, 0x0000000087800000|  0%| F|  |TAMS 0x0000000087700000, 0x0000000087700000| Untracked 
| 120|0x0000000087800000, 0x000000008784fa58, 0x0000000087900000| 31%| S|CS|TAMS 0x0000000087800000, 0x0000000087800000| Complete 
| 121|0x0000000087900000, 0x0000000087a00000, 0x0000000087a00000|100%| S|CS|TAMS 0x0000000087900000, 0x0000000087900000| Complete 
| 122|0x0000000087a00000, 0x0000000087b00000, 0x0000000087b00000|100%| S|CS|TAMS 0x0000000087a00000, 0x0000000087a00000| Complete 
| 123|0x0000000087b00000, 0x0000000087c00000, 0x0000000087c00000|100%| S|CS|TAMS 0x0000000087b00000, 0x0000000087b00000| Complete 
| 124|0x0000000087c00000, 0x0000000087d00000, 0x0000000087d00000|100%| S|CS|TAMS 0x0000000087c00000, 0x0000000087c00000| Complete 
| 125|0x0000000087d00000, 0x0000000087d00000, 0x0000000087e00000|  0%| F|  |TAMS 0x0000000087d00000, 0x0000000087d00000| Untracked 
| 126|0x0000000087e00000, 0x0000000087e00000, 0x0000000087f00000|  0%| F|  |TAMS 0x0000000087e00000, 0x0000000087e00000| Untracked 
| 127|0x0000000087f00000, 0x0000000087f00000, 0x0000000088000000|  0%| F|  |TAMS 0x0000000087f00000, 0x0000000087f00000| Untracked 
| 128|0x0000000088000000, 0x0000000088000000, 0x0000000088100000|  0%| F|  |TAMS 0x0000000088000000, 0x0000000088000000| Untracked 
| 129|0x0000000088100000, 0x0000000088100000, 0x0000000088200000|  0%| F|  |TAMS 0x0000000088100000, 0x0000000088100000| Untracked 
| 130|0x0000000088200000, 0x0000000088200000, 0x0000000088300000|  0%| F|  |TAMS 0x0000000088200000, 0x0000000088200000| Untracked 
| 131|0x0000000088300000, 0x0000000088400000, 0x0000000088400000|100%| S|CS|TAMS 0x0000000088300000, 0x0000000088300000| Complete 
| 132|0x0000000088400000, 0x0000000088500000, 0x0000000088500000|100%| S|CS|TAMS 0x0000000088400000, 0x0000000088400000| Complete 
| 133|0x0000000088500000, 0x0000000088600000, 0x0000000088600000|100%| S|CS|TAMS 0x0000000088500000, 0x0000000088500000| Complete 
| 134|0x0000000088600000, 0x0000000088700000, 0x0000000088700000|100%| S|CS|TAMS 0x0000000088600000, 0x0000000088600000| Complete 
| 135|0x0000000088700000, 0x0000000088800000, 0x0000000088800000|100%| S|CS|TAMS 0x0000000088700000, 0x0000000088700000| Complete 
| 136|0x0000000088800000, 0x0000000088900000, 0x0000000088900000|100%| S|CS|TAMS 0x0000000088800000, 0x0000000088800000| Complete 
| 137|0x0000000088900000, 0x0000000088a00000, 0x0000000088a00000|100%| S|CS|TAMS 0x0000000088900000, 0x0000000088900000| Complete 
| 138|0x0000000088a00000, 0x0000000088b00000, 0x0000000088b00000|100%| S|CS|TAMS 0x0000000088a00000, 0x0000000088a00000| Complete 
| 139|0x0000000088b00000, 0x0000000088c00000, 0x0000000088c00000|100%| S|CS|TAMS 0x0000000088b00000, 0x0000000088b00000| Complete 
| 140|0x0000000088c00000, 0x0000000088d00000, 0x0000000088d00000|100%| S|CS|TAMS 0x0000000088c00000, 0x0000000088c00000| Complete 
| 141|0x0000000088d00000, 0x0000000088d00000, 0x0000000088e00000|  0%| F|  |TAMS 0x0000000088d00000, 0x0000000088d00000| Untracked 
| 142|0x0000000088e00000, 0x0000000088e00000, 0x0000000088f00000|  0%| F|  |TAMS 0x0000000088e00000, 0x0000000088e00000| Untracked 
| 143|0x0000000088f00000, 0x0000000088f00000, 0x0000000089000000|  0%| F|  |TAMS 0x0000000088f00000, 0x0000000088f00000| Untracked 
| 144|0x0000000089000000, 0x0000000089000000, 0x0000000089100000|  0%| F|  |TAMS 0x0000000089000000, 0x0000000089000000| Untracked 
| 145|0x0000000089100000, 0x0000000089100000, 0x0000000089200000|  0%| F|  |TAMS 0x0000000089100000, 0x0000000089100000| Untracked 
| 146|0x0000000089200000, 0x0000000089200000, 0x0000000089300000|  0%| F|  |TAMS 0x0000000089200000, 0x0000000089200000| Untracked 
| 147|0x0000000089300000, 0x0000000089300000, 0x0000000089400000|  0%| F|  |TAMS 0x0000000089300000, 0x0000000089300000| Untracked 
| 148|0x0000000089400000, 0x0000000089400000, 0x0000000089500000|  0%| F|  |TAMS 0x0000000089400000, 0x0000000089400000| Untracked 
| 149|0x0000000089500000, 0x0000000089500000, 0x0000000089600000|  0%| F|  |TAMS 0x0000000089500000, 0x0000000089500000| Untracked 
| 150|0x0000000089600000, 0x0000000089600000, 0x0000000089700000|  0%| F|  |TAMS 0x0000000089600000, 0x0000000089600000| Untracked 
| 151|0x0000000089700000, 0x0000000089700000, 0x0000000089800000|  0%| F|  |TAMS 0x0000000089700000, 0x0000000089700000| Untracked 
| 152|0x0000000089800000, 0x0000000089800000, 0x0000000089900000|  0%| F|  |TAMS 0x0000000089800000, 0x0000000089800000| Untracked 
| 153|0x0000000089900000, 0x0000000089900000, 0x0000000089a00000|  0%| F|  |TAMS 0x0000000089900000, 0x0000000089900000| Untracked 
| 154|0x0000000089a00000, 0x0000000089a00000, 0x0000000089b00000|  0%| F|  |TAMS 0x0000000089a00000, 0x0000000089a00000| Untracked 
| 155|0x0000000089b00000, 0x0000000089b00000, 0x0000000089c00000|  0%| F|  |TAMS 0x0000000089b00000, 0x0000000089b00000| Untracked 
| 156|0x0000000089c00000, 0x0000000089c00000, 0x0000000089d00000|  0%| F|  |TAMS 0x0000000089c00000, 0x0000000089c00000| Untracked 
| 157|0x0000000089d00000, 0x0000000089d00000, 0x0000000089e00000|  0%| F|  |TAMS 0x0000000089d00000, 0x0000000089d00000| Untracked 
| 158|0x0000000089e00000, 0x0000000089e00000, 0x0000000089f00000|  0%| F|  |TAMS 0x0000000089e00000, 0x0000000089e00000| Untracked 
| 159|0x0000000089f00000, 0x0000000089f00000, 0x000000008a000000|  0%| F|  |TAMS 0x0000000089f00000, 0x0000000089f00000| Untracked 
| 160|0x000000008a000000, 0x000000008a000000, 0x000000008a100000|  0%| F|  |TAMS 0x000000008a000000, 0x000000008a000000| Untracked 
| 161|0x000000008a100000, 0x000000008a100000, 0x000000008a200000|  0%| F|  |TAMS 0x000000008a100000, 0x000000008a100000| Untracked 
| 162|0x000000008a200000, 0x000000008a200000, 0x000000008a300000|  0%| F|  |TAMS 0x000000008a200000, 0x000000008a200000| Untracked 
| 163|0x000000008a300000, 0x000000008a300000, 0x000000008a400000|  0%| F|  |TAMS 0x000000008a300000, 0x000000008a300000| Untracked 
| 164|0x000000008a400000, 0x000000008a400000, 0x000000008a500000|  0%| F|  |TAMS 0x000000008a400000, 0x000000008a400000| Untracked 
| 165|0x000000008a500000, 0x000000008a500000, 0x000000008a600000|  0%| F|  |TAMS 0x000000008a500000, 0x000000008a500000| Untracked 
| 166|0x000000008a600000, 0x000000008a600000, 0x000000008a700000|  0%| F|  |TAMS 0x000000008a600000, 0x000000008a600000| Untracked 
| 167|0x000000008a700000, 0x000000008a700000, 0x000000008a800000|  0%| F|  |TAMS 0x000000008a700000, 0x000000008a700000| Untracked 
| 168|0x000000008a800000, 0x000000008a800000, 0x000000008a900000|  0%| F|  |TAMS 0x000000008a800000, 0x000000008a800000| Untracked 
| 169|0x000000008a900000, 0x000000008a900000, 0x000000008aa00000|  0%| F|  |TAMS 0x000000008a900000, 0x000000008a900000| Untracked 
| 170|0x000000008aa00000, 0x000000008aa00000, 0x000000008ab00000|  0%| F|  |TAMS 0x000000008aa00000, 0x000000008aa00000| Untracked 
| 171|0x000000008ab00000, 0x000000008ab00000, 0x000000008ac00000|  0%| F|  |TAMS 0x000000008ab00000, 0x000000008ab00000| Untracked 
| 172|0x000000008ac00000, 0x000000008ac00000, 0x000000008ad00000|  0%| F|  |TAMS 0x000000008ac00000, 0x000000008ac00000| Untracked 
| 173|0x000000008ad00000, 0x000000008ad00000, 0x000000008ae00000|  0%| F|  |TAMS 0x000000008ad00000, 0x000000008ad00000| Untracked 
| 174|0x000000008ae00000, 0x000000008ae00000, 0x000000008af00000|  0%| F|  |TAMS 0x000000008ae00000, 0x000000008ae00000| Untracked 
| 175|0x000000008af00000, 0x000000008af00000, 0x000000008b000000|  0%| F|  |TAMS 0x000000008af00000, 0x000000008af00000| Untracked 
| 176|0x000000008b000000, 0x000000008b000000, 0x000000008b100000|  0%| F|  |TAMS 0x000000008b000000, 0x000000008b000000| Untracked 
| 177|0x000000008b100000, 0x000000008b100000, 0x000000008b200000|  0%| F|  |TAMS 0x000000008b100000, 0x000000008b100000| Untracked 
| 178|0x000000008b200000, 0x000000008b200000, 0x000000008b300000|  0%| F|  |TAMS 0x000000008b200000, 0x000000008b200000| Untracked 
| 179|0x000000008b300000, 0x000000008b300000, 0x000000008b400000|  0%| F|  |TAMS 0x000000008b300000, 0x000000008b300000| Untracked 
| 180|0x000000008b400000, 0x000000008b400000, 0x000000008b500000|  0%| F|  |TAMS 0x000000008b400000, 0x000000008b400000| Untracked 
| 181|0x000000008b500000, 0x000000008b500000, 0x000000008b600000|  0%| F|  |TAMS 0x000000008b500000, 0x000000008b500000| Untracked 
| 182|0x000000008b600000, 0x000000008b600000, 0x000000008b700000|  0%| F|  |TAMS 0x000000008b600000, 0x000000008b600000| Untracked 
| 183|0x000000008b700000, 0x000000008b700000, 0x000000008b800000|  0%| F|  |TAMS 0x000000008b700000, 0x000000008b700000| Untracked 
| 184|0x000000008b800000, 0x000000008b800000, 0x000000008b900000|  0%| F|  |TAMS 0x000000008b800000, 0x000000008b800000| Untracked 
| 185|0x000000008b900000, 0x000000008b900000, 0x000000008ba00000|  0%| F|  |TAMS 0x000000008b900000, 0x000000008b900000| Untracked 
| 186|0x000000008ba00000, 0x000000008ba00000, 0x000000008bb00000|  0%| F|  |TAMS 0x000000008ba00000, 0x000000008ba00000| Untracked 
| 187|0x000000008bb00000, 0x000000008bb00000, 0x000000008bc00000|  0%| F|  |TAMS 0x000000008bb00000, 0x000000008bb00000| Untracked 
| 188|0x000000008bc00000, 0x000000008bc00000, 0x000000008bd00000|  0%| F|  |TAMS 0x000000008bc00000, 0x000000008bc00000| Untracked 
| 189|0x000000008bd00000, 0x000000008bd00000, 0x000000008be00000|  0%| F|  |TAMS 0x000000008bd00000, 0x000000008bd00000| Untracked 
| 190|0x000000008be00000, 0x000000008be00000, 0x000000008bf00000|  0%| F|  |TAMS 0x000000008be00000, 0x000000008be00000| Untracked 
| 191|0x000000008bf00000, 0x000000008bf00000, 0x000000008c000000|  0%| F|  |TAMS 0x000000008bf00000, 0x000000008bf00000| Untracked 
| 192|0x000000008c000000, 0x000000008c000000, 0x000000008c100000|  0%| F|  |TAMS 0x000000008c000000, 0x000000008c000000| Untracked 
| 193|0x000000008c100000, 0x000000008c100000, 0x000000008c200000|  0%| F|  |TAMS 0x000000008c100000, 0x000000008c100000| Untracked 
| 194|0x000000008c200000, 0x000000008c200000, 0x000000008c300000|  0%| F|  |TAMS 0x000000008c200000, 0x000000008c200000| Untracked 
| 195|0x000000008c300000, 0x000000008c300000, 0x000000008c400000|  0%| F|  |TAMS 0x000000008c300000, 0x000000008c300000| Untracked 
| 196|0x000000008c400000, 0x000000008c400000, 0x000000008c500000|  0%| F|  |TAMS 0x000000008c400000, 0x000000008c400000| Untracked 
| 197|0x000000008c500000, 0x000000008c500000, 0x000000008c600000|  0%| F|  |TAMS 0x000000008c500000, 0x000000008c500000| Untracked 
| 198|0x000000008c600000, 0x000000008c600000, 0x000000008c700000|  0%| F|  |TAMS 0x000000008c600000, 0x000000008c600000| Untracked 
| 199|0x000000008c700000, 0x000000008c700000, 0x000000008c800000|  0%| F|  |TAMS 0x000000008c700000, 0x000000008c700000| Untracked 
| 200|0x000000008c800000, 0x000000008c800000, 0x000000008c900000|  0%| F|  |TAMS 0x000000008c800000, 0x000000008c800000| Untracked 
| 201|0x000000008c900000, 0x000000008c900000, 0x000000008ca00000|  0%| F|  |TAMS 0x000000008c900000, 0x000000008c900000| Untracked 
| 202|0x000000008ca00000, 0x000000008ca00000, 0x000000008cb00000|  0%| F|  |TAMS 0x000000008ca00000, 0x000000008ca00000| Untracked 
| 203|0x000000008cb00000, 0x000000008cb00000, 0x000000008cc00000|  0%| F|  |TAMS 0x000000008cb00000, 0x000000008cb00000| Untracked 
| 204|0x000000008cc00000, 0x000000008cc00000, 0x000000008cd00000|  0%| F|  |TAMS 0x000000008cc00000, 0x000000008cc00000| Untracked 
| 205|0x000000008cd00000, 0x000000008cd00000, 0x000000008ce00000|  0%| F|  |TAMS 0x000000008cd00000, 0x000000008cd00000| Untracked 
| 206|0x000000008ce00000, 0x000000008ce00000, 0x000000008cf00000|  0%| F|  |TAMS 0x000000008ce00000, 0x000000008ce00000| Untracked 
| 207|0x000000008cf00000, 0x000000008cf00000, 0x000000008d000000|  0%| F|  |TAMS 0x000000008cf00000, 0x000000008cf00000| Untracked 
| 208|0x000000008d000000, 0x000000008d000000, 0x000000008d100000|  0%| F|  |TAMS 0x000000008d000000, 0x000000008d000000| Untracked 
| 209|0x000000008d100000, 0x000000008d100000, 0x000000008d200000|  0%| F|  |TAMS 0x000000008d100000, 0x000000008d100000| Untracked 
| 210|0x000000008d200000, 0x000000008d200000, 0x000000008d300000|  0%| F|  |TAMS 0x000000008d200000, 0x000000008d200000| Untracked 
| 211|0x000000008d300000, 0x000000008d300000, 0x000000008d400000|  0%| F|  |TAMS 0x000000008d300000, 0x000000008d300000| Untracked 
| 212|0x000000008d400000, 0x000000008d400000, 0x000000008d500000|  0%| F|  |TAMS 0x000000008d400000, 0x000000008d400000| Untracked 
| 213|0x000000008d500000, 0x000000008d500000, 0x000000008d600000|  0%| F|  |TAMS 0x000000008d500000, 0x000000008d500000| Untracked 
| 214|0x000000008d600000, 0x000000008d600000, 0x000000008d700000|  0%| F|  |TAMS 0x000000008d600000, 0x000000008d600000| Untracked 
| 215|0x000000008d700000, 0x000000008d700000, 0x000000008d800000|  0%| F|  |TAMS 0x000000008d700000, 0x000000008d700000| Untracked 
| 216|0x000000008d800000, 0x000000008d800000, 0x000000008d900000|  0%| F|  |TAMS 0x000000008d800000, 0x000000008d800000| Untracked 
| 217|0x000000008d900000, 0x000000008d900000, 0x000000008da00000|  0%| F|  |TAMS 0x000000008d900000, 0x000000008d900000| Untracked 
| 218|0x000000008da00000, 0x000000008da00000, 0x000000008db00000|  0%| F|  |TAMS 0x000000008da00000, 0x000000008da00000| Untracked 
| 219|0x000000008db00000, 0x000000008db00000, 0x000000008dc00000|  0%| F|  |TAMS 0x000000008db00000, 0x000000008db00000| Untracked 
| 220|0x000000008dc00000, 0x000000008dc00000, 0x000000008dd00000|  0%| F|  |TAMS 0x000000008dc00000, 0x000000008dc00000| Untracked 
| 221|0x000000008dd00000, 0x000000008dd00000, 0x000000008de00000|  0%| F|  |TAMS 0x000000008dd00000, 0x000000008dd00000| Untracked 
| 222|0x000000008de00000, 0x000000008debc610, 0x000000008df00000| 73%| E|  |TAMS 0x000000008de00000, 0x000000008de00000| Complete 
| 223|0x000000008df00000, 0x000000008e000000, 0x000000008e000000|100%| E|CS|TAMS 0x000000008df00000, 0x000000008df00000| Complete 
| 224|0x000000008e000000, 0x000000008e100000, 0x000000008e100000|100%| E|CS|TAMS 0x000000008e000000, 0x000000008e000000| Complete 
| 225|0x000000008e100000, 0x000000008e200000, 0x000000008e200000|100%| E|CS|TAMS 0x000000008e100000, 0x000000008e100000| Complete 
| 226|0x000000008e200000, 0x000000008e300000, 0x000000008e300000|100%| E|CS|TAMS 0x000000008e200000, 0x000000008e200000| Complete 
| 227|0x000000008e300000, 0x000000008e400000, 0x000000008e400000|100%| E|CS|TAMS 0x000000008e300000, 0x000000008e300000| Complete 
| 228|0x000000008e400000, 0x000000008e500000, 0x000000008e500000|100%| E|CS|TAMS 0x000000008e400000, 0x000000008e400000| Complete 
| 229|0x000000008e500000, 0x000000008e600000, 0x000000008e600000|100%| E|CS|TAMS 0x000000008e500000, 0x000000008e500000| Complete 
| 230|0x000000008e600000, 0x000000008e700000, 0x000000008e700000|100%| E|  |TAMS 0x000000008e600000, 0x000000008e600000| Complete 
| 231|0x000000008e700000, 0x000000008e800000, 0x000000008e800000|100%| E|CS|TAMS 0x000000008e700000, 0x000000008e700000| Complete 
| 232|0x000000008e800000, 0x000000008e900000, 0x000000008e900000|100%| E|CS|TAMS 0x000000008e800000, 0x000000008e800000| Complete 
| 233|0x000000008e900000, 0x000000008ea00000, 0x000000008ea00000|100%| E|CS|TAMS 0x000000008e900000, 0x000000008e900000| Complete 
| 234|0x000000008ea00000, 0x000000008eb00000, 0x000000008eb00000|100%| E|CS|TAMS 0x000000008ea00000, 0x000000008ea00000| Complete 
| 235|0x000000008eb00000, 0x000000008ec00000, 0x000000008ec00000|100%| E|CS|TAMS 0x000000008eb00000, 0x000000008eb00000| Complete 
| 236|0x000000008ec00000, 0x000000008ed00000, 0x000000008ed00000|100%| E|CS|TAMS 0x000000008ec00000, 0x000000008ec00000| Complete 
| 237|0x000000008ed00000, 0x000000008ee00000, 0x000000008ee00000|100%| E|CS|TAMS 0x000000008ed00000, 0x000000008ed00000| Complete 
| 238|0x000000008ee00000, 0x000000008ef00000, 0x000000008ef00000|100%| E|CS|TAMS 0x000000008ee00000, 0x000000008ee00000| Complete 
| 239|0x000000008ef00000, 0x000000008f000000, 0x000000008f000000|100%| E|CS|TAMS 0x000000008ef00000, 0x000000008ef00000| Complete 
| 240|0x000000008f000000, 0x000000008f100000, 0x000000008f100000|100%| E|CS|TAMS 0x000000008f000000, 0x000000008f000000| Complete 
| 241|0x000000008f100000, 0x000000008f200000, 0x000000008f200000|100%| E|CS|TAMS 0x000000008f100000, 0x000000008f100000| Complete 
| 242|0x000000008f200000, 0x000000008f300000, 0x000000008f300000|100%| E|CS|TAMS 0x000000008f200000, 0x000000008f200000| Complete 
| 243|0x000000008f300000, 0x000000008f400000, 0x000000008f400000|100%| E|CS|TAMS 0x000000008f300000, 0x000000008f300000| Complete 
| 244|0x000000008f400000, 0x000000008f500000, 0x000000008f500000|100%| E|CS|TAMS 0x000000008f400000, 0x000000008f400000| Complete 
| 245|0x000000008f500000, 0x000000008f600000, 0x000000008f600000|100%| E|CS|TAMS 0x000000008f500000, 0x000000008f500000| Complete 
| 246|0x000000008f600000, 0x000000008f700000, 0x000000008f700000|100%| E|CS|TAMS 0x000000008f600000, 0x000000008f600000| Complete 
| 247|0x000000008f700000, 0x000000008f800000, 0x000000008f800000|100%| E|CS|TAMS 0x000000008f700000, 0x000000008f700000| Complete 
| 248|0x000000008f800000, 0x000000008f900000, 0x000000008f900000|100%| E|CS|TAMS 0x000000008f800000, 0x000000008f800000| Complete 
| 249|0x000000008f900000, 0x000000008fa00000, 0x000000008fa00000|100%| E|CS|TAMS 0x000000008f900000, 0x000000008f900000| Complete 
| 250|0x000000008fa00000, 0x000000008fb00000, 0x000000008fb00000|100%| E|CS|TAMS 0x000000008fa00000, 0x000000008fa00000| Complete 
| 251|0x000000008fb00000, 0x000000008fc00000, 0x000000008fc00000|100%| E|CS|TAMS 0x000000008fb00000, 0x000000008fb00000| Complete 
| 252|0x000000008fc00000, 0x000000008fd00000, 0x000000008fd00000|100%| E|CS|TAMS 0x000000008fc00000, 0x000000008fc00000| Complete 
| 253|0x000000008fd00000, 0x000000008fe00000, 0x000000008fe00000|100%| E|CS|TAMS 0x000000008fd00000, 0x000000008fd00000| Complete 
| 254|0x000000008fe00000, 0x000000008ff00000, 0x000000008ff00000|100%| E|CS|TAMS 0x000000008fe00000, 0x000000008fe00000| Complete 
| 255|0x000000008ff00000, 0x0000000090000000, 0x0000000090000000|100%| E|CS|TAMS 0x000000008ff00000, 0x000000008ff00000| Complete 

Card table byte_map: [0x0000022947660000,0x0000022947a60000] _byte_map_base: 0x0000022947260000

Marking Bits (Prev, Next): (CMBitMap*) 0x0000022932513a00, (CMBitMap*) 0x00000229325139c8
 Prev Bits: [0x0000022949e60000, 0x000002294be60000)
 Next Bits: [0x0000022947e60000, 0x0000022949e60000)

Polling page: 0x00000229325b0000

Metaspace:

Usage:
  Non-class:     58.40 MB capacity,    57.00 MB ( 98%) used,     1.18 MB (  2%) free+waste,   225.25 KB ( <1%) overhead. 
      Class:      9.12 MB capacity,     8.35 MB ( 92%) used,   690.21 KB (  7%) free+waste,   102.88 KB (  1%) overhead. 
       Both:     67.52 MB capacity,    65.35 MB ( 97%) used,     1.85 MB (  3%) free+waste,   328.12 KB ( <1%) overhead. 

Virtual space:
  Non-class space:       60.00 MB reserved,      58.67 MB ( 98%) committed 
      Class space:        1.00 GB reserved,       9.25 MB ( <1%) committed 
             Both:        1.06 GB reserved,      67.92 MB (  6%) committed 

Chunk freelists:
   Non-Class:  88.00 KB
       Class:  98.00 KB
        Both:  186.00 KB

MaxMetaspaceSize: 17179869184.00 GB
CompressedClassSpaceSize: 1.00 GB
Initial GC threshold: 20.80 MB
Current GC threshold: 98.62 MB
CDS: off

CodeHeap 'non-profiled nmethods': size=120000Kb used=5455Kb max_used=5455Kb free=114544Kb
 bounds [0x000002293f2d0000, 0x000002293f830000, 0x0000022946800000]
CodeHeap 'profiled nmethods': size=120000Kb used=18409Kb max_used=18409Kb free=101590Kb
 bounds [0x0000022937da0000, 0x0000022938fa0000, 0x000002293f2d0000]
CodeHeap 'non-nmethods': size=5760Kb used=1641Kb max_used=1693Kb free=4118Kb
 bounds [0x0000022937800000, 0x0000022937a70000, 0x0000022937da0000]
 total_blobs=9379 nmethods=8680 adapters=611
 compilation: enabled
              stopped_count=0, restarted_count=0
 full_count=0

Compilation events (20 events):
Event: 12.633 Thread 0x000002294f20f000 8695       1       com.google.common.collect.SingletonImmutableSet::isPartialView (2 bytes)
Event: 12.633 Thread 0x000002294f20f000 nmethod 8695 0x000002293f813c90 code [0x000002293f813e40, 0x000002293f813ef8]
Event: 12.633 Thread 0x000002294f20f000 8703       3       org.gradle.api.internal.tasks.compile.incremental.compilerapi.deps.DependentsSet::<init> (5 bytes)
Event: 12.633 Thread 0x000002294f20f000 nmethod 8703 0x0000022938f7ec90 code [0x0000022938f7ee40, 0x0000022938f7eff8]
Event: 12.633 Thread 0x000002294f20f000 8704       3       org.gradle.api.internal.tasks.compile.incremental.compilerapi.deps.DependentsSet::<init> (5 bytes)
Event: 12.633 Thread 0x000002294f20f000 nmethod 8704 0x0000022938f7f110 code [0x0000022938f7f2c0, 0x0000022938f7f418]
Event: 12.639 Thread 0x000002294f20f000 8705   !   3       org.gradle.internal.serialize.kryo.KryoBackedDecoder::readInt (15 bytes)
Event: 12.639 Thread 0x000002294f20f000 nmethod 8705 0x0000022938f7f510 code [0x0000022938f7f720, 0x0000022938f7fc88]
Event: 12.650 Thread 0x000002294f20f000 8709       3       org.gradle.api.internal.tasks.compile.incremental.compilerapi.deps.DependentsSet$DefaultDependentsSet::<init> (8 bytes)
Event: 12.650 Thread 0x000002294f20f000 nmethod 8709 0x0000022938f7fe90 code [0x0000022938f80060, 0x0000022938f803f8]
Event: 12.650 Thread 0x000002294f20f000 8710       3       org.gradle.api.internal.tasks.compile.incremental.compilerapi.deps.DependentsSet$DefaultDependentsSet::<init> (21 bytes)
Event: 12.650 Thread 0x000002294f20f000 nmethod 8710 0x0000022938f80590 code [0x0000022938f80760, 0x0000022938f80a98]
Event: 12.650 Thread 0x000002294f20f000 8711       3       org.gradle.api.internal.tasks.compile.incremental.compilerapi.deps.DependentsSet::dependents (52 bytes)
Event: 12.651 Thread 0x000002294f20f000 nmethod 8711 0x0000022938f80b90 code [0x0000022938f80de0, 0x0000022938f81688]
Event: 12.655 Thread 0x000002294f20f000 8713       3       it.unimi.dsi.fastutil.ints.IntOpenHashSet::add (120 bytes)
Event: 12.656 Thread 0x000002294f20f000 nmethod 8713 0x0000022938f81990 code [0x0000022938f81b80, 0x0000022938f82078]
Event: 12.656 Thread 0x000002294f20f000 8714       3       it.unimi.dsi.fastutil.HashCommon::mix (12 bytes)
Event: 12.656 Thread 0x000002294f20f000 nmethod 8714 0x0000022938f82290 code [0x0000022938f82440, 0x0000022938f82538]
Event: 12.657 Thread 0x000002294f20f000 8716       3       org.gradle.api.internal.tasks.compile.incremental.serialization.HierarchicalNameSerializer::read (6 bytes)
Event: 12.657 Thread 0x000002294f20f000 nmethod 8716 0x0000022938f82610 code [0x0000022938f827e0, 0x0000022938f82b38]

GC Heap History (20 events):
Event: 4.579 GC heap before
{Heap before GC invocations=3 (full 0):
 garbage-first heap   total 262144K, used 83815K [0x0000000080000000, 0x0000000100000000)
  region size 1024K, 76 young (77824K), 11 survivors (11264K)
 Metaspace       used 28242K, capacity 28793K, committed 29104K, reserved 1075200K
  class space    used 3537K, capacity 3738K, committed 3840K, reserved 1048576K
}
Event: 4.585 GC heap after
{Heap after GC invocations=4 (full 0):
 garbage-first heap   total 262144K, used 19332K [0x0000000080000000, 0x0000000100000000)
  region size 1024K, 3 young (3072K), 3 survivors (3072K)
 Metaspace       used 28242K, capacity 28793K, committed 29104K, reserved 1075200K
  class space    used 3537K, capacity 3738K, committed 3840K, reserved 1048576K
}
Event: 5.396 GC heap before
{Heap before GC invocations=4 (full 0):
 garbage-first heap   total 262144K, used 112516K [0x0000000080000000, 0x0000000100000000)
  region size 1024K, 95 young (97280K), 3 survivors (3072K)
 Metaspace       used 34984K, capacity 35734K, committed 35920K, reserved 1081344K
  class space    used 4542K, capacity 4834K, committed 4864K, reserved 1048576K
}
Event: 5.401 GC heap after
{Heap after GC invocations=5 (full 0):
 garbage-first heap   total 262144K, used 21321K [0x0000000080000000, 0x0000000100000000)
  region size 1024K, 5 young (5120K), 5 survivors (5120K)
 Metaspace       used 34984K, capacity 35734K, committed 35920K, reserved 1081344K
  class space    used 4542K, capacity 4834K, committed 4864K, reserved 1048576K
}
Event: 7.093 GC heap before
{Heap before GC invocations=6 (full 0):
 garbage-first heap   total 262144K, used 139081K [0x0000000080000000, 0x0000000100000000)
  region size 1024K, 119 young (121856K), 5 survivors (5120K)
 Metaspace       used 46916K, capacity 48085K, committed 48176K, reserved 1091584K
  class space    used 6016K, capacity 6453K, committed 6528K, reserved 1048576K
}
Event: 7.105 GC heap after
{Heap after GC invocations=7 (full 0):
 garbage-first heap   total 262144K, used 35822K [0x0000000080000000, 0x0000000100000000)
  region size 1024K, 15 young (15360K), 15 survivors (15360K)
 Metaspace       used 46916K, capacity 48085K, committed 48176K, reserved 1091584K
  class space    used 6016K, capacity 6453K, committed 6528K, reserved 1048576K
}
Event: 8.785 GC heap before
{Heap before GC invocations=7 (full 0):
 garbage-first heap   total 262144K, used 179182K [0x0000000080000000, 0x0000000100000000)
  region size 1024K, 153 young (156672K), 15 survivors (15360K)
 Metaspace       used 56753K, capacity 58873K, committed 59184K, reserved 1099776K
  class space    used 7511K, capacity 8235K, committed 8320K, reserved 1048576K
}
Event: 8.809 GC heap after
{Heap after GC invocations=8 (full 0):
 garbage-first heap   total 262144K, used 52453K [0x0000000080000000, 0x0000000100000000)
  region size 1024K, 18 young (18432K), 18 survivors (18432K)
 Metaspace       used 56753K, capacity 58873K, committed 59184K, reserved 1099776K
  class space    used 7511K, capacity 8235K, committed 8320K, reserved 1048576K
}
Event: 9.627 GC heap before
{Heap before GC invocations=8 (full 0):
 garbage-first heap   total 262144K, used 181477K [0x0000000080000000, 0x0000000100000000)
  region size 1024K, 145 young (148480K), 18 survivors (18432K)
 Metaspace       used 57936K, capacity 60142K, committed 60336K, reserved 1101824K
  class space    used 7596K, capacity 8399K, committed 8448K, reserved 1048576K
}
Event: 9.642 GC heap after
{Heap after GC invocations=9 (full 0):
 garbage-first heap   total 262144K, used 61260K [0x0000000080000000, 0x0000000100000000)
  region size 1024K, 10 young (10240K), 10 survivors (10240K)
 Metaspace       used 57936K, capacity 60142K, committed 60336K, reserved 1101824K
  class space    used 7596K, capacity 8399K, committed 8448K, reserved 1048576K
}
Event: 9.661 GC heap before
{Heap before GC invocations=9 (full 0):
 garbage-first heap   total 262144K, used 67404K [0x0000000080000000, 0x0000000100000000)
  region size 1024K, 18 young (18432K), 10 survivors (10240K)
 Metaspace       used 57989K, capacity 60224K, committed 60336K, reserved 1101824K
  class space    used 7596K, capacity 8399K, committed 8448K, reserved 1048576K
}
Event: 9.666 GC heap after
{Heap after GC invocations=10 (full 0):
 garbage-first heap   total 262144K, used 60735K [0x0000000080000000, 0x0000000100000000)
  region size 1024K, 10 young (10240K), 10 survivors (10240K)
 Metaspace       used 57989K, capacity 60224K, committed 60336K, reserved 1101824K
  class space    used 7596K, capacity 8399K, committed 8448K, reserved 1048576K
}
Event: 10.118 GC heap before
{Heap before GC invocations=11 (full 0):
 garbage-first heap   total 262144K, used 175423K [0x0000000080000000, 0x0000000100000000)
  region size 1024K, 123 young (125952K), 10 survivors (10240K)
 Metaspace       used 57801K, capacity 59811K, committed 60592K, reserved 1101824K
  class space    used 7499K, capacity 8224K, committed 8448K, reserved 1048576K
}
Event: 10.130 GC heap after
{Heap after GC invocations=12 (full 0):
 garbage-first heap   total 262144K, used 64900K [0x0000000080000000, 0x0000000100000000)
  region size 1024K, 8 young (8192K), 8 survivors (8192K)
 Metaspace       used 57801K, capacity 59811K, committed 60592K, reserved 1101824K
  class space    used 7499K, capacity 8224K, committed 8448K, reserved 1048576K
}
Event: 10.494 GC heap before
{Heap before GC invocations=12 (full 0):
 garbage-first heap   total 262144K, used 182660K [0x0000000080000000, 0x0000000100000000)
  region size 1024K, 124 young (126976K), 8 survivors (8192K)
 Metaspace       used 57905K, capacity 59954K, committed 60592K, reserved 1101824K
  class space    used 7514K, capacity 8227K, committed 8448K, reserved 1048576K
}
Event: 10.505 GC heap after
{Heap after GC invocations=13 (full 0):
 garbage-first heap   total 262144K, used 69982K [0x0000000080000000, 0x0000000100000000)
  region size 1024K, 13 young (13312K), 13 survivors (13312K)
 Metaspace       used 57905K, capacity 59954K, committed 60592K, reserved 1101824K
  class space    used 7514K, capacity 8227K, committed 8448K, reserved 1048576K
}
Event: 11.386 GC heap before
{Heap before GC invocations=13 (full 0):
 garbage-first heap   total 262144K, used 191838K [0x0000000080000000, 0x0000000100000000)
  region size 1024K, 131 young (134144K), 13 survivors (13312K)
 Metaspace       used 62929K, capacity 64982K, committed 65584K, reserved 1105920K
  class space    used 8155K, capacity 8898K, committed 9088K, reserved 1048576K
}
Event: 11.400 GC heap after
{Heap after GC invocations=14 (full 0):
 garbage-first heap   total 262144K, used 79058K [0x0000000080000000, 0x0000000100000000)
  region size 1024K, 15 young (15360K), 15 survivors (15360K)
 Metaspace       used 62929K, capacity 64982K, committed 65584K, reserved 1105920K
  class space    used 8155K, capacity 8898K, committed 9088K, reserved 1048576K
}
Event: 12.367 GC heap before
{Heap before GC invocations=14 (full 0):
 garbage-first heap   total 262144K, used 195794K [0x0000000080000000, 0x0000000100000000)
  region size 1024K, 130 young (133120K), 15 survivors (15360K)
 Metaspace       used 64025K, capacity 66121K, committed 66480K, reserved 1105920K
  class space    used 8289K, capacity 9038K, committed 9216K, reserved 1048576K
}
Event: 12.380 GC heap after
{Heap after GC invocations=15 (full 0):
 garbage-first heap   total 262144K, used 84582K [0x0000000080000000, 0x0000000100000000)
  region size 1024K, 15 young (15360K), 15 survivors (15360K)
 Metaspace       used 64025K, capacity 66121K, committed 66480K, reserved 1105920K
  class space    used 8289K, capacity 9038K, committed 9216K, reserved 1048576K
}

Deoptimization events (20 events):
Event: 12.575 Thread 0x0000022951c1f000 Uncommon trap: trap_request=0xffffffc6 fr.pc=0x000002293f5b8d00 relative=0x00000000000008e0
Event: 12.575 Thread 0x0000022951c1f000 Uncommon trap: reason=bimorphic_or_optimized_type_check action=maybe_recompile pc=0x000002293f5b8d00 method=com.google.common.collect.AbstractMapBasedMultimap$WrappedCollection.refreshIfEmpty()V @ 59 c2
Event: 12.575 Thread 0x0000022951c1f000 DEOPT PACKING pc=0x000002293f5b8d00 sp=0x000000b8963fb570
Event: 12.575 Thread 0x0000022951c1f000 DEOPT UNPACKING pc=0x000002293784a1af sp=0x000000b8963fb528 mode 2
Event: 12.575 Thread 0x0000022951c1f000 Uncommon trap: trap_request=0xffffffc6 fr.pc=0x000002293f5b8d00 relative=0x00000000000008e0
Event: 12.575 Thread 0x0000022951c1f000 Uncommon trap: reason=bimorphic_or_optimized_type_check action=maybe_recompile pc=0x000002293f5b8d00 method=com.google.common.collect.AbstractMapBasedMultimap$WrappedCollection.refreshIfEmpty()V @ 59 c2
Event: 12.575 Thread 0x0000022951c1f000 DEOPT PACKING pc=0x000002293f5b8d00 sp=0x000000b8963fb530
Event: 12.575 Thread 0x0000022951c1f000 DEOPT UNPACKING pc=0x000002293784a1af sp=0x000000b8963fb4e8 mode 2
Event: 12.575 Thread 0x0000022951c1f000 Uncommon trap: trap_request=0xffffffc6 fr.pc=0x000002293f5b8d00 relative=0x00000000000008e0
Event: 12.575 Thread 0x0000022951c1f000 Uncommon trap: reason=bimorphic_or_optimized_type_check action=maybe_recompile pc=0x000002293f5b8d00 method=com.google.common.collect.AbstractMapBasedMultimap$WrappedCollection.refreshIfEmpty()V @ 59 c2
Event: 12.575 Thread 0x0000022951c1f000 DEOPT PACKING pc=0x000002293f5b8d00 sp=0x000000b8963fb560
Event: 12.575 Thread 0x0000022951c1f000 DEOPT UNPACKING pc=0x000002293784a1af sp=0x000000b8963fb518 mode 2
Event: 12.598 Thread 0x0000022951c1f000 Uncommon trap: trap_request=0xfffffff4 fr.pc=0x000002293f5cf924 relative=0x0000000000000084
Event: 12.598 Thread 0x0000022951c1f000 Uncommon trap: reason=null_check action=make_not_entrant pc=0x000002293f5cf924 method=java.lang.Integer.equals(Ljava/lang/Object;)Z @ 1 c2
Event: 12.598 Thread 0x0000022951c1f000 DEOPT PACKING pc=0x000002293f5cf924 sp=0x000000b8963f8d80
Event: 12.598 Thread 0x0000022951c1f000 DEOPT UNPACKING pc=0x000002293784a1af sp=0x000000b8963f8d20 mode 2
Event: 12.626 Thread 0x0000022951c1f000 Uncommon trap: trap_request=0xffffff4d fr.pc=0x000002293f77823c relative=0x00000000000002fc
Event: 12.626 Thread 0x0000022951c1f000 Uncommon trap: reason=unstable_if action=reinterpret pc=0x000002293f77823c method=com.google.common.collect.ImmutableSet.hashFloodingDetected([Ljava/lang/Object;)Z @ 88 c2
Event: 12.626 Thread 0x0000022951c1f000 DEOPT PACKING pc=0x000002293f77823c sp=0x000000b8963f9fe0
Event: 12.626 Thread 0x0000022951c1f000 DEOPT UNPACKING pc=0x000002293784a1af sp=0x000000b8963f9f50 mode 2

Classes redefined (0 events):
No events

Internal exceptions (20 events):
Event: 9.251 Thread 0x000002295237e800 Implicit null exception at 0x000002293f66654b to 0x000002293f668640
Event: 10.096 Thread 0x0000022951c1b000 Implicit null exception at 0x000002293f6e16d0 to 0x000002293f6e1cb0
Event: 10.096 Thread 0x0000022951c1e800 Implicit null exception at 0x000002293f6e16d0 to 0x000002293f6e1cb0
Event: 10.096 Thread 0x0000022951c20800 Implicit null exception at 0x000002293f6e16d0 to 0x000002293f6e1cb0
Event: 10.156 Thread 0x0000022951c20000 Implicit null exception at 0x000002293f6e441c to 0x000002293f6e494c
Event: 10.771 Thread 0x0000022951c1f000 Exception <a 'java/lang/NoSuchMethodError'{0x000000008ce23600}: <clinit>> (0x000000008ce23600) thrown at [src/hotspot/share/prims/jni.cpp, line 1367]
Event: 10.772 Thread 0x0000022951c1f000 Exception <a 'java/lang/NoSuchMethodError'{0x000000008ce24c08}: <clinit>> (0x000000008ce24c08) thrown at [src/hotspot/share/prims/jni.cpp, line 1367]
Event: 10.772 Thread 0x0000022951c1f000 Exception <a 'java/lang/NoSuchMethodError'{0x000000008ce4ca60}: <clinit>> (0x000000008ce4ca60) thrown at [src/hotspot/share/prims/jni.cpp, line 1367]
Event: 10.776 Thread 0x0000022951c1f000 Exception <a 'java/lang/NoSuchMethodError'{0x000000008ce64530}: <clinit>> (0x000000008ce64530) thrown at [src/hotspot/share/prims/jni.cpp, line 1367]
Event: 10.776 Thread 0x0000022951c1f000 Exception <a 'java/lang/NoSuchMethodError'{0x000000008ce65768}: <clinit>> (0x000000008ce65768) thrown at [src/hotspot/share/prims/jni.cpp, line 1367]
Event: 10.913 Thread 0x0000022951c1f000 Exception <a 'sun/nio/fs/WindowsException'{0x000000008bdd8b00}> (0x000000008bdd8b00) thrown at [src/hotspot/share/prims/jni.cpp, line 617]
Event: 10.921 Thread 0x0000022951c1f000 Exception <a 'sun/nio/fs/WindowsException'{0x000000008bce6d38}> (0x000000008bce6d38) thrown at [src/hotspot/share/prims/jni.cpp, line 617]
Event: 11.217 Thread 0x0000022951c1f000 Exception <a 'java/lang/NullPointerException'{0x0000000089335348}> (0x0000000089335348) thrown at [src/hotspot/share/interpreter/linkResolver.cpp, line 1440]
Event: 11.500 Thread 0x0000022951c1f000 Exception <a 'java/lang/NoSuchMethodError'{0x000000008fab61e0}: 'int java.lang.invoke.DirectMethodHandle$Holder.invokeStatic(java.lang.Object, java.lang.Object, int, java.lang.Object)'> (0x000000008fab61e0) thrown at [src/hotspot/share/interpreter/linkResolver.cpp, line 773]
Event: 11.537 Thread 0x0000022951c1f000 Exception <a 'sun/nio/fs/WindowsException'{0x000000008f9afb60}> (0x000000008f9afb60) thrown at [src/hotspot/share/prims/jni.cpp, line 617]
Event: 11.537 Thread 0x0000022951c1f000 Exception <a 'sun/nio/fs/WindowsException'{0x000000008f9b09a0}> (0x000000008f9b09a0) thrown at [src/hotspot/share/prims/jni.cpp, line 617]
Event: 11.537 Thread 0x0000022951c1f000 Exception <a 'sun/nio/fs/WindowsException'{0x000000008f9b1818}> (0x000000008f9b1818) thrown at [src/hotspot/share/prims/jni.cpp, line 617]
Event: 11.538 Thread 0x0000022951c1f000 Exception <a 'sun/nio/fs/WindowsException'{0x000000008f9b2690}> (0x000000008f9b2690) thrown at [src/hotspot/share/prims/jni.cpp, line 617]
Event: 12.225 Thread 0x0000022951c1f000 Implicit null exception at 0x000002293f7f6728 to 0x000002293f7f6cd4
Event: 12.598 Thread 0x0000022951c1f000 Implicit null exception at 0x000002293f5cf8cc to 0x000002293f5cf914

Events (20 events):
Event: 12.638 loading class it/unimi/dsi/fastutil/HashCommon
Event: 12.638 loading class it/unimi/dsi/fastutil/HashCommon done
Event: 12.638 loading class java/lang/StrictMath
Event: 12.639 loading class java/lang/StrictMath done
Event: 12.639 loading class org/gradle/api/internal/tasks/compile/incremental/deps/ClassSetAnalysisData
Event: 12.639 loading class org/gradle/api/internal/tasks/compile/incremental/deps/ClassSetAnalysisData done
Event: 12.641 loading class org/gradle/internal/serialize/MapSerializer
Event: 12.641 loading class org/gradle/internal/serialize/MapSerializer done
Event: 12.641 loading class org/gradle/api/internal/tasks/compile/incremental/processing/GeneratedResourceSerializer
Event: 12.641 loading class org/gradle/api/internal/tasks/compile/incremental/processing/GeneratedResourceSerializer done
Event: 12.642 loading class org/gradle/api/internal/tasks/compile/incremental/compilerapi/deps/GeneratedResource$Location
Event: 12.642 loading class org/gradle/api/internal/tasks/compile/incremental/compilerapi/deps/GeneratedResource$Location done
Event: 12.642 loading class org/gradle/api/internal/tasks/compile/incremental/processing/AnnotationProcessingData
Event: 12.642 loading class org/gradle/api/internal/tasks/compile/incremental/processing/AnnotationProcessingData done
Event: 12.658 loading class org/gradle/api/internal/tasks/compile/incremental/compilerapi/constants/ConstantToDependentsMapping
Event: 12.658 loading class org/gradle/api/internal/tasks/compile/incremental/compilerapi/constants/ConstantToDependentsMapping done
Event: 12.658 loading class org/gradle/api/internal/tasks/compile/incremental/compilerapi/CompilerApiData
Event: 12.658 loading class org/gradle/api/internal/tasks/compile/incremental/compilerapi/CompilerApiData done
Event: 12.659 loading class org/gradle/api/internal/tasks/compile/incremental/recomp/PreviousCompilationData
Event: 12.659 loading class org/gradle/api/internal/tasks/compile/incremental/recomp/PreviousCompilationData done


Dynamic libraries:
0x00007ff733d10000 - 0x00007ff733d1a000 	C:\Program Files\Android\Android Studio\jbr\bin\java.exe
0x00007ffd43ab0000 - 0x00007ffd43ca8000 	C:\Windows\SYSTEM32\ntdll.dll
0x00007ffd424c0000 - 0x00007ffd4257f000 	C:\Windows\System32\KERNEL32.DLL
0x00007ffd41250000 - 0x00007ffd41546000 	C:\Windows\System32\KERNELBASE.dll
0x00007ffd41770000 - 0x00007ffd41870000 	C:\Windows\System32\ucrtbase.dll
0x00007ffd0da00000 - 0x00007ffd0da1b000 	C:\Program Files\Android\Android Studio\jbr\bin\VCRUNTIME140.dll
0x00007ffd0e2b0000 - 0x00007ffd0e2c7000 	C:\Program Files\Android\Android Studio\jbr\bin\jli.dll
0x00007ffd41cd0000 - 0x00007ffd41e6d000 	C:\Windows\System32\USER32.dll
0x00007ffd272e0000 - 0x00007ffd2757a000 	C:\Windows\WinSxS\amd64_microsoft.windows.common-controls_6595b64144ccf1df_6.0.19041.1110_none_60b5254171f9507e\COMCTL32.dll
0x00007ffd41190000 - 0x00007ffd411b2000 	C:\Windows\System32\win32u.dll
0x00007ffd41b50000 - 0x00007ffd41bee000 	C:\Windows\System32\msvcrt.dll
0x00007ffd41b20000 - 0x00007ffd41b4c000 	C:\Windows\System32\GDI32.dll
0x00007ffd419f0000 - 0x00007ffd41b05000 	C:\Windows\System32\gdi32full.dll
0x00007ffd41950000 - 0x00007ffd419ed000 	C:\Windows\System32\msvcp_win.dll
0x00007ffd43a40000 - 0x00007ffd43a70000 	C:\Windows\System32\IMM32.DLL
0x00007ffd0dbc0000 - 0x00007ffd0dbcc000 	C:\Program Files\Android\Android Studio\jbr\bin\vcruntime140_1.dll
0x00007ffcff470000 - 0x00007ffcff4fd000 	C:\Program Files\Android\Android Studio\jbr\bin\msvcp140.dll
0x00007ffcdc6b0000 - 0x00007ffcdd26c000 	C:\Program Files\Android\Android Studio\jbr\bin\server\jvm.dll
0x00007ffd42410000 - 0x00007ffd424bf000 	C:\Windows\System32\ADVAPI32.dll
0x00007ffd427f0000 - 0x00007ffd4288c000 	C:\Windows\System32\sechost.dll
0x00007ffd42c10000 - 0x00007ffd42d36000 	C:\Windows\System32\RPCRT4.dll
0x00007ffd41b10000 - 0x00007ffd41b18000 	C:\Windows\System32\PSAPI.DLL
0x00007ffd150f0000 - 0x00007ffd150f9000 	C:\Windows\SYSTEM32\WSOCK32.dll
0x00007ffd439d0000 - 0x00007ffd43a3b000 	C:\Windows\System32\WS2_32.dll
0x00007ffd1d6f0000 - 0x00007ffd1d717000 	C:\Windows\SYSTEM32\WINMM.dll
0x00007ffd37520000 - 0x00007ffd3752a000 	C:\Windows\SYSTEM32\VERSION.dll
0x00007ffd3f040000 - 0x00007ffd3f052000 	C:\Windows\SYSTEM32\kernel.appcore.dll
0x00007ffd14ec0000 - 0x00007ffd14ed0000 	C:\Program Files\Android\Android Studio\jbr\bin\verify.dll
0x00007ffd38e10000 - 0x00007ffd38ff4000 	C:\Windows\SYSTEM32\DBGHELP.DLL
0x00007ffd28750000 - 0x00007ffd28784000 	C:\Windows\SYSTEM32\dbgcore.DLL
0x00007ffd411c0000 - 0x00007ffd41242000 	C:\Windows\System32\bcryptPrimitives.dll
0x00007ffcdc680000 - 0x00007ffcdc6a8000 	C:\Program Files\Android\Android Studio\jbr\bin\java.dll
0x00007ffd14a90000 - 0x00007ffd14a9a000 	C:\Program Files\Android\Android Studio\jbr\bin\jimage.dll
0x00007ffcdc660000 - 0x00007ffcdc678000 	C:\Program Files\Android\Android Studio\jbr\bin\zip.dll
0x00007ffd42ec0000 - 0x00007ffd43604000 	C:\Windows\System32\SHELL32.dll
0x00007ffd3f240000 - 0x00007ffd3f9d4000 	C:\Windows\SYSTEM32\windows.storage.dll
0x00007ffd43610000 - 0x00007ffd43964000 	C:\Windows\System32\combase.dll
0x00007ffd40bd0000 - 0x00007ffd40bfe000 	C:\Windows\SYSTEM32\Wldp.dll
0x00007ffd42730000 - 0x00007ffd427dd000 	C:\Windows\System32\SHCORE.dll
0x00007ffd42bb0000 - 0x00007ffd42c05000 	C:\Windows\System32\shlwapi.dll
0x00007ffd410c0000 - 0x00007ffd410e5000 	C:\Windows\SYSTEM32\profapi.dll
0x00007ffcdc640000 - 0x00007ffcdc659000 	C:\Program Files\Android\Android Studio\jbr\bin\net.dll
0x00007ffd2ef30000 - 0x00007ffd2f03a000 	C:\Windows\SYSTEM32\WINHTTP.dll
0x00007ffd408c0000 - 0x00007ffd4092a000 	C:\Windows\system32\mswsock.dll
0x00007ffcdc620000 - 0x00007ffcdc633000 	C:\Program Files\Android\Android Studio\jbr\bin\nio.dll
0x00007ffd34fc0000 - 0x00007ffd34fe7000 	C:\Users\MAQS\.gradle\native\e1d6ef7f7dcc3fd88c89a11ec53ec762bb8ba0a96d01ffa2cd45eb1d1d8dd5c5\windows-amd64\native-platform.dll
0x00007ffd0ccc0000 - 0x00007ffd0ce04000 	C:\Users\MAQS\.gradle\native\0d407fdbe67a94daf76414ababcb853783967236a71b16ec16e742cd7a986fd3\windows-amd64\native-platform-file-events.dll
0x00007ffd145a0000 - 0x00007ffd145aa000 	C:\Program Files\Android\Android Studio\jbr\bin\management.dll
0x00007ffce8e10000 - 0x00007ffce8e1b000 	C:\Program Files\Android\Android Studio\jbr\bin\management_ext.dll
0x00007ffd40ab0000 - 0x00007ffd40ac8000 	C:\Windows\SYSTEM32\CRYPTSP.dll
0x00007ffd401e0000 - 0x00007ffd40214000 	C:\Windows\system32\rsaenh.dll
0x00007ffd41920000 - 0x00007ffd41947000 	C:\Windows\System32\bcrypt.dll
0x00007ffd41040000 - 0x00007ffd4106e000 	C:\Windows\SYSTEM32\USERENV.dll
0x00007ffd40ad0000 - 0x00007ffd40adc000 	C:\Windows\SYSTEM32\CRYPTBASE.dll
0x00007ffd405b0000 - 0x00007ffd405ec000 	C:\Windows\SYSTEM32\IPHLPAPI.DLL
0x00007ffd42eb0000 - 0x00007ffd42eb8000 	C:\Windows\System32\NSI.dll
0x00007ffd33080000 - 0x00007ffd33097000 	C:\Windows\SYSTEM32\dhcpcsvc6.DLL
0x00007ffd34020000 - 0x00007ffd3403d000 	C:\Windows\SYSTEM32\dhcpcsvc.DLL
0x00007ffd405f0000 - 0x00007ffd406ba000 	C:\Windows\SYSTEM32\DNSAPI.dll

dbghelp: loaded successfully - version: 4.0.5 - missing functions: none
symbol engine: initialized successfully - sym options: 0x614 - pdb path: .;C:\Program Files\Android\Android Studio\jbr\bin;C:\Windows\SYSTEM32;C:\Windows\WinSxS\amd64_microsoft.windows.common-controls_6595b64144ccf1df_6.0.19041.1110_none_60b5254171f9507e;C:\Program Files\Android\Android Studio\jbr\bin\server;C:\Users\MAQS\.gradle\native\e1d6ef7f7dcc3fd88c89a11ec53ec762bb8ba0a96d01ffa2cd45eb1d1d8dd5c5\windows-amd64;C:\Users\MAQS\.gradle\native\0d407fdbe67a94daf76414ababcb853783967236a71b16ec16e742cd7a986fd3\windows-amd64

VM Arguments:
jvm_args: --add-opens=java.base/java.util=ALL-UNNAMED --add-opens=java.base/java.lang=ALL-UNNAMED --add-opens=java.base/java.lang.invoke=ALL-UNNAMED --add-opens=java.base/java.util=ALL-UNNAMED --add-opens=java.prefs/java.util.prefs=ALL-UNNAMED --add-opens=java.prefs/java.util.prefs=ALL-UNNAMED --add-opens=java.base/java.nio.charset=ALL-UNNAMED --add-opens=java.base/java.net=ALL-UNNAMED --add-opens=java.base/java.util.concurrent.atomic=ALL-UNNAMED -Xmx2048m -Dfile.encoding=UTF-8 -Duser.country=US -Duser.language=en -Duser.variant 
java_command: org.gradle.launcher.daemon.bootstrap.GradleDaemon 7.5
java_class_path (initial): C:\Users\MAQS\.gradle\wrapper\dists\gradle-7.5-bin\f1w0cc9nuo0eivz97x2xlu9sv\gradle-7.5\lib\gradle-launcher-7.5.jar
Launcher Type: SUN_STANDARD

[Global flags]
     intx CICompilerCount                          = 4                                         {product} {ergonomic}
     uint ConcGCThreads                            = 2                                         {product} {ergonomic}
     uint G1ConcRefinementThreads                  = 8                                         {product} {ergonomic}
   size_t G1HeapRegionSize                         = 1048576                                   {product} {ergonomic}
    uintx GCDrainStackTargetSize                   = 64                                        {product} {ergonomic}
   size_t InitialHeapSize                          = 268435456                                 {product} {ergonomic}
   size_t MarkStackSize                            = 4194304                                   {product} {ergonomic}
   size_t MaxHeapSize                              = 2147483648                                {product} {command line}
   size_t MaxNewSize                               = 1287651328                                {product} {ergonomic}
   size_t MinHeapDeltaBytes                        = 1048576                                   {product} {ergonomic}
    uintx NonNMethodCodeHeapSize                   = 5836300                                {pd product} {ergonomic}
    uintx NonProfiledCodeHeapSize                  = 122910970                              {pd product} {ergonomic}
    uintx ProfiledCodeHeapSize                     = 122910970                              {pd product} {ergonomic}
    uintx ReservedCodeCacheSize                    = 251658240                              {pd product} {ergonomic}
     bool SegmentedCodeCache                       = true                                      {product} {ergonomic}
     bool UseCompressedClassPointers               = true                                 {lp64_product} {ergonomic}
     bool UseCompressedOops                        = true                                 {lp64_product} {ergonomic}
     bool UseG1GC                                  = true                                      {product} {ergonomic}
     bool UseLargePagesIndividualAllocation        = false                                  {pd product} {ergonomic}

Logging:
Log output configuration:
 #0: stdout all=warning uptime,level,tags
 #1: stderr all=off uptime,level,tags

Environment Variables:
PATH=E:\jdk-20.0.1;C:\Windows;C:\Windows\System32\Wbem;C:\Windows\System32\WindowsPowerShell\v1.0\;C:\Windows\System32\OpenSSH\;C:\Program Files\Git\cmd;C:\Users\MAQS\AppData\Local\Microsoft\WindowsApps;
USERNAME=MAQS
OS=Windows_NT
PROCESSOR_IDENTIFIER=Intel64 Family 6 Model 158 Stepping 9, GenuineIntel



---------------  S Y S T E M  ---------------

OS: Windows 10 , 64 bit Build 19041 (10.0.19041.3155)
OS uptime: 8 days 0:15 hours

CPU:total 8 (initial active 8) (4 cores per cpu, 2 threads per core) family 6 model 158 stepping 9 microcode 0xb4, cmov, cx8, fxsr, mmx, sse, sse2, sse3, ssse3, sse4.1, sse4.2, popcnt, avx, avx2, aes, clmul, erms, rtm, 3dnowpref, lzcnt, ht, tsc, tscinvbit, bmi1, bmi2, adx, fma

Memory: 4k page, system-wide physical 16263M (2978M free)
TotalPageFile size 18311M (AvailPageFile size 5M)
current process WorkingSet (physical memory assigned to process): 474M, peak: 476M
current process commit charge ("private bytes"): 535M, peak: 538M

vm_info: OpenJDK 64-Bit Server VM (11.0.15+0-b2043.56-9505619) for windows-amd64 JRE (11.0.15+0-b2043.56-9505619), built on Jan 19 2023 02:48:00 by "builduser" with unknown MS VC++:1929

END.
