#
# There is insufficient memory for the Java Runtime Environment to continue.
# Native memory allocation (malloc) failed to allocate 682016 bytes for Chunk::new
# Possible reasons:
#   The system is out of physical RAM or swap space
#   The process is running with CompressedOops enabled, and the Java Heap may be blocking the growth of the native heap
# Possible solutions:
#   Reduce memory load on the system
#   Increase physical memory or swap space
#   Check if swap backing store is full
#   Decrease Java heap size (-Xmx/-Xms)
#   Decrease number of Java threads
#   Decrease Java thread stack sizes (-Xss)
#   Set larger code cache with -XX:ReservedCodeCacheSize=
#   JVM is running with Unscaled Compressed Oops mode in which the Java heap is
#     placed in the first 4GB address space. The Java Heap base address is the
#     maximum limit for the native heap growth. Please use -XX:HeapBaseMinAddress
#     to set the Java Heap base and to place the Java Heap above 4GB virtual address.
# This output file may be truncated or incomplete.
#
#  Out of Memory Error (src/hotspot/share/memory/arena.cpp:197), pid=9936, tid=19056
#
# JRE version: OpenJDK Runtime Environment (11.0.15) (build 11.0.15+0-b2043.56-9505619)
# Java VM: OpenJDK 64-Bit Server VM (11.0.15+0-b2043.56-9505619, mixed mode, tiered, compressed oops, g1 gc, windows-amd64)
# No core dump will be written. Minidumps are not enabled by default on client versions of Windows
#

---------------  S U M M A R Y ------------

Command Line: --add-opens=java.base/java.util=ALL-UNNAMED --add-opens=java.base/java.lang=ALL-UNNAMED --add-opens=java.base/java.lang.invoke=ALL-UNNAMED --add-opens=java.base/java.util=ALL-UNNAMED --add-opens=java.prefs/java.util.prefs=ALL-UNNAMED --add-opens=java.prefs/java.util.prefs=ALL-UNNAMED --add-opens=java.base/java.nio.charset=ALL-UNNAMED --add-opens=java.base/java.net=ALL-UNNAMED --add-opens=java.base/java.util.concurrent.atomic=ALL-UNNAMED -Xmx2048m -Dfile.encoding=UTF-8 -Duser.country=US -Duser.language=en -Duser.variant org.gradle.launcher.daemon.bootstrap.GradleDaemon 7.5

Host: Intel(R) Core(TM) i7-7820HQ CPU @ 2.90GHz, 8 cores, 15G,  Windows 10 , 64 bit Build 19041 (10.0.19041.3155)
Time: Thu Aug 10 18:24:06 2023 Pakistan Standard Time elapsed time: 4.914810 seconds (0d 0h 0m 4s)

---------------  T H R E A D  ---------------

Current thread (0x000002e379d8e800):  JavaThread "C2 CompilerThread0" daemon [_thread_in_native, id=19056, stack(0x000000f9eb500000,0x000000f9eb600000)]


Current CompileTask:
C2:   4914 2803       4       org.objectweb.asm.Frame::execute (2318 bytes)

Stack: [0x000000f9eb500000,0x000000f9eb600000]
Native frames: (J=compiled Java code, j=interpreted, Vv=VM code, C=native code)
V  [jvm.dll+0x64135a]
V  [jvm.dll+0x7d39f9]
V  [jvm.dll+0x7d51b9]
V  [jvm.dll+0x7d58a3]
V  [jvm.dll+0x2691c5]
V  [jvm.dll+0xc1a5c]
V  [jvm.dll+0xc200c]
V  [jvm.dll+0x2da2c2]
V  [jvm.dll+0x54cad9]
V  [jvm.dll+0x220c9d]
V  [jvm.dll+0x222d45]
V  [jvm.dll+0x220384]
V  [jvm.dll+0x19e851]
V  [jvm.dll+0x230479]
V  [jvm.dll+0x22e5ef]
V  [jvm.dll+0x794de1]
V  [jvm.dll+0x78dc24]
V  [jvm.dll+0x6400f6]
C  [ucrtbase.dll+0x21bb2]
C  [KERNEL32.DLL+0x17614]
C  [ntdll.dll+0x526b1]


---------------  P R O C E S S  ---------------

Threads class SMR info:
_java_thread_list=0x000002e37d9b60a0, length=32, elements={
0x000002e35f011000, 0x000002e3794ed800, 0x000002e379d26800, 0x000002e379d7d800,
0x000002e379d7f000, 0x000002e379d81000, 0x000002e379d8e800, 0x000002e379d93000,
0x000002e379da0800, 0x000002e379f1b000, 0x000002e37c714800, 0x000002e37a070000,
0x000002e37c5a6000, 0x000002e37c6a7800, 0x000002e37c6bc800, 0x000002e37c559800,
0x000002e37be83800, 0x000002e37bfc8000, 0x000002e37c333800, 0x000002e37c9e5800,
0x000002e37bd4d000, 0x000002e37c4b6000, 0x000002e37c4b2800, 0x000002e37c4b5000,
0x000002e37c4b4000, 0x000002e37c4b6800, 0x000002e37c4b2000, 0x000002e37c4b1000,
0x000002e37c4b7800, 0x000002e37c4b3800, 0x000002e37dc0c000, 0x000002e37dc09800
}

Java Threads: ( => current thread )
  0x000002e35f011000 JavaThread "main" [_thread_blocked, id=16664, stack(0x000000f9ea900000,0x000000f9eaa00000)]
  0x000002e3794ed800 JavaThread "Reference Handler" daemon [_thread_blocked, id=21480, stack(0x000000f9eb000000,0x000000f9eb100000)]
  0x000002e379d26800 JavaThread "Finalizer" daemon [_thread_blocked, id=5972, stack(0x000000f9eb100000,0x000000f9eb200000)]
  0x000002e379d7d800 JavaThread "Signal Dispatcher" daemon [_thread_blocked, id=12232, stack(0x000000f9eb200000,0x000000f9eb300000)]
  0x000002e379d7f000 JavaThread "Attach Listener" daemon [_thread_blocked, id=14324, stack(0x000000f9eb300000,0x000000f9eb400000)]
  0x000002e379d81000 JavaThread "Service Thread" daemon [_thread_blocked, id=9252, stack(0x000000f9eb400000,0x000000f9eb500000)]
=>0x000002e379d8e800 JavaThread "C2 CompilerThread0" daemon [_thread_in_native, id=19056, stack(0x000000f9eb500000,0x000000f9eb600000)]
  0x000002e379d93000 JavaThread "C1 CompilerThread0" daemon [_thread_blocked, id=6372, stack(0x000000f9eb600000,0x000000f9eb700000)]
  0x000002e379da0800 JavaThread "Sweeper thread" daemon [_thread_blocked, id=14764, stack(0x000000f9eb700000,0x000000f9eb800000)]
  0x000002e379f1b000 JavaThread "Common-Cleaner" daemon [_thread_blocked, id=16472, stack(0x000000f9eb800000,0x000000f9eb900000)]
  0x000002e37c714800 JavaThread "Daemon health stats" [_thread_blocked, id=20444, stack(0x000000f9ec100000,0x000000f9ec200000)]
  0x000002e37a070000 JavaThread "Incoming local TCP Connector on port 56341" [_thread_in_native, id=1532, stack(0x000000f9eba00000,0x000000f9ebb00000)]
  0x000002e37c5a6000 JavaThread "Daemon periodic checks" [_thread_blocked, id=15992, stack(0x000000f9ebb00000,0x000000f9ebc00000)]
  0x000002e37c6a7800 JavaThread "Daemon" [_thread_blocked, id=20792, stack(0x000000f9ec200000,0x000000f9ec300000)]
  0x000002e37c6bc800 JavaThread "Handler for socket connection from /127.0.0.1:56341 to /127.0.0.1:56342" [_thread_in_native, id=7672, stack(0x000000f9ec300000,0x000000f9ec400000)]
  0x000002e37c559800 JavaThread "Cancel handler" [_thread_blocked, id=13608, stack(0x000000f9ec400000,0x000000f9ec500000)]
  0x000002e37be83800 JavaThread "Daemon worker" [_thread_in_vm, id=12248, stack(0x000000f9ec500000,0x000000f9ec600000)]
  0x000002e37bfc8000 JavaThread "Asynchronous log dispatcher for DefaultDaemonConnection: socket connection from /127.0.0.1:56341 to /127.0.0.1:56342" [_thread_blocked, id=8384, stack(0x000000f9ec600000,0x000000f9ec700000)]
  0x000002e37c333800 JavaThread "Stdin handler" [_thread_blocked, id=21460, stack(0x000000f9ec700000,0x000000f9ec800000)]
  0x000002e37c9e5800 JavaThread "Daemon client event forwarder" [_thread_blocked, id=14256, stack(0x000000f9ec800000,0x000000f9ec900000)]
  0x000002e37bd4d000 JavaThread "C2 CompilerThread1" daemon [_thread_in_native, id=10140, stack(0x000000f9ec900000,0x000000f9eca00000)]
  0x000002e37c4b6000 JavaThread "Cache worker for journal cache (C:\Users\MAQS\.gradle\caches\journal-1)" [_thread_blocked, id=14344, stack(0x000000f9eca00000,0x000000f9ecb00000)]
  0x000002e37c4b2800 JavaThread "File lock request listener" [_thread_in_native, id=8008, stack(0x000000f9ecb00000,0x000000f9ecc00000)]
  0x000002e37c4b5000 JavaThread "Cache worker for file hash cache (C:\Users\MAQS\.gradle\caches\7.5\fileHashes)" [_thread_blocked, id=12044, stack(0x000000f9ecf00000,0x000000f9ed000000)]
  0x000002e37c4b4000 JavaThread "Cache worker for file hash cache (E:\Upwork Project\pocket-wallpaper-2023\PocketWallpaperAndroid\.gradle\7.5\fileHashes)" [_thread_blocked, id=17176, stack(0x000000f9ed000000,0x000000f9ed100000)]
  0x000002e37c4b6800 JavaThread "Cache worker for file content cache (C:\Users\MAQS\.gradle\caches\7.5\fileContent)" [_thread_blocked, id=17260, stack(0x000000f9ed200000,0x000000f9ed300000)]
  0x000002e37c4b2000 JavaThread "Cache worker for checksums cache (E:\Upwork Project\pocket-wallpaper-2023\PocketWallpaperAndroid\.gradle\7.5\checksums)" [_thread_blocked, id=19484, stack(0x000000f9ed300000,0x000000f9ed400000)]
  0x000002e37c4b1000 JavaThread "File watcher server" daemon [_thread_in_native, id=18152, stack(0x000000f9ed400000,0x000000f9ed500000)]
  0x000002e37c4b7800 JavaThread "File watcher consumer" daemon [_thread_blocked, id=16348, stack(0x000000f9ed500000,0x000000f9ed600000)]
  0x000002e37c4b3800 JavaThread "Cache worker for cache directory md-rule (C:\Users\MAQS\.gradle\caches\7.5\md-rule)" [_thread_blocked, id=17676, stack(0x000000f9ed600000,0x000000f9ed700000)]
  0x000002e37dc0c000 JavaThread "Cache worker for cache directory md-supplier (C:\Users\MAQS\.gradle\caches\7.5\md-supplier)" [_thread_blocked, id=3136, stack(0x000000f9ed700000,0x000000f9ed800000)]
  0x000002e37dc09800 JavaThread "Cache worker for execution history cache (C:\Users\MAQS\.gradle\caches\7.5\executionHistory)" [_thread_blocked, id=12576, stack(0x000000f9ed800000,0x000000f9ed900000)]

Other Threads:
  0x000002e3794ea800 VMThread "VM Thread" [stack: 0x000000f9eaf00000,0x000000f9eb000000] [id=20752]
  0x000002e379f3a000 WatcherThread [stack: 0x000000f9eb900000,0x000000f9eba00000] [id=18448]
  0x000002e35f02b800 GCTaskThread "GC Thread#0" [stack: 0x000000f9eaa00000,0x000000f9eab00000] [id=17904]
  0x000002e37ab18000 GCTaskThread "GC Thread#1" [stack: 0x000000f9ebc00000,0x000000f9ebd00000] [id=5616]
  0x000002e37b066000 GCTaskThread "GC Thread#2" [stack: 0x000000f9ebd00000,0x000000f9ebe00000] [id=20372]
  0x000002e37aecf000 GCTaskThread "GC Thread#3" [stack: 0x000000f9ebe00000,0x000000f9ebf00000] [id=20756]
  0x000002e37af85800 GCTaskThread "GC Thread#4" [stack: 0x000000f9ebf00000,0x000000f9ec000000] [id=2580]
  0x000002e37ae63000 GCTaskThread "GC Thread#5" [stack: 0x000000f9ec000000,0x000000f9ec100000] [id=13748]
  0x000002e37c222800 GCTaskThread "GC Thread#6" [stack: 0x000000f9ecc00000,0x000000f9ecd00000] [id=17384]
  0x000002e37c3fc800 GCTaskThread "GC Thread#7" [stack: 0x000000f9ecd00000,0x000000f9ece00000] [id=9040]
  0x000002e35f05c800 ConcurrentGCThread "G1 Main Marker" [stack: 0x000000f9eab00000,0x000000f9eac00000] [id=20000]
  0x000002e35f05f000 ConcurrentGCThread "G1 Conc#0" [stack: 0x000000f9eac00000,0x000000f9ead00000] [id=19912]
  0x000002e37a711800 ConcurrentGCThread "G1 Conc#1" [stack: 0x000000f9ece00000,0x000000f9ecf00000] [id=21264]
  0x000002e35f0ee000 ConcurrentGCThread "G1 Refine#0" [stack: 0x000000f9ead00000,0x000000f9eae00000] [id=13388]
  0x000002e37936c800 ConcurrentGCThread "G1 Young RemSet Sampling" [stack: 0x000000f9eae00000,0x000000f9eaf00000] [id=19624]

Threads with active compile tasks:
C2 CompilerThread0     4943 2803       4       org.objectweb.asm.Frame::execute (2318 bytes)
C2 CompilerThread1     4943 2807       4       java.lang.ClassLoader::postDefineClass (39 bytes)

VM state:not at safepoint (normal execution)

VM Mutex/Monitor currently owned by a thread: None

Heap address: 0x0000000080000000, size: 2048 MB, Compressed Oops mode: 32-bit
Narrow klass base: 0x0000000000000000, Narrow klass shift: 3
Compressed class space size: 1073741824 Address: 0x0000000100000000

Heap:
 garbage-first heap   total 262144K, used 44897K [0x0000000080000000, 0x0000000100000000)
  region size 1024K, 29 young (29696K), 5 survivors (5120K)
 Metaspace       used 37429K, capacity 38246K, committed 38448K, reserved 1083392K
  class space    used 4909K, capacity 5179K, committed 5248K, reserved 1048576K
Heap Regions: E=young(eden), S=young(survivor), O=old, HS=humongous(starts), HC=humongous(continues), CS=collection set, F=free, A=archive, TAMS=top-at-mark-start (previous, next)
|   0|0x0000000080000000, 0x0000000080100000, 0x0000000080100000|100%| O|  |TAMS 0x0000000080100000, 0x0000000080000000| Untracked 
|   1|0x0000000080100000, 0x0000000080200000, 0x0000000080200000|100%| O|  |TAMS 0x0000000080200000, 0x0000000080100000| Untracked 
|   2|0x0000000080200000, 0x0000000080300000, 0x0000000080300000|100%| O|  |TAMS 0x0000000080300000, 0x0000000080200000| Untracked 
|   3|0x0000000080300000, 0x0000000080400000, 0x0000000080400000|100%|HS|  |TAMS 0x0000000080400000, 0x0000000080300000| Complete 
|   4|0x0000000080400000, 0x0000000080500000, 0x0000000080500000|100%|HC|  |TAMS 0x0000000080500000, 0x0000000080400000| Complete 
|   5|0x0000000080500000, 0x0000000080600000, 0x0000000080600000|100%|HC|  |TAMS 0x0000000080600000, 0x0000000080500000| Complete 
|   6|0x0000000080600000, 0x0000000080700000, 0x0000000080700000|100%| O|  |TAMS 0x0000000080700000, 0x0000000080600000| Untracked 
|   7|0x0000000080700000, 0x0000000080800000, 0x0000000080800000|100%| O|  |TAMS 0x0000000080800000, 0x0000000080700000| Untracked 
|   8|0x0000000080800000, 0x0000000080900000, 0x0000000080900000|100%| O|  |TAMS 0x0000000080900000, 0x0000000080800000| Untracked 
|   9|0x0000000080900000, 0x0000000080a00000, 0x0000000080a00000|100%| O|  |TAMS 0x0000000080a00000, 0x0000000080900000| Untracked 
|  10|0x0000000080a00000, 0x0000000080b00000, 0x0000000080b00000|100%| O|  |TAMS 0x0000000080b00000, 0x0000000080a00000| Untracked 
|  11|0x0000000080b00000, 0x0000000080c00000, 0x0000000080c00000|100%| O|  |TAMS 0x0000000080c00000, 0x0000000080b00000| Untracked 
|  12|0x0000000080c00000, 0x0000000080d00000, 0x0000000080d00000|100%| O|  |TAMS 0x0000000080d00000, 0x0000000080c00000| Untracked 
|  13|0x0000000080d00000, 0x0000000080e00000, 0x0000000080e00000|100%| O|  |TAMS 0x0000000080e00000, 0x0000000080d00000| Untracked 
|  14|0x0000000080e00000, 0x0000000080f00000, 0x0000000080f00000|100%| O|  |TAMS 0x0000000080f00000, 0x0000000080e00000| Untracked 
|  15|0x0000000080f00000, 0x0000000081000000, 0x0000000081000000|100%| O|  |TAMS 0x0000000081000000, 0x0000000080f00000| Untracked 
|  16|0x0000000081000000, 0x0000000081076000, 0x0000000081100000| 46%| O|  |TAMS 0x0000000081076000, 0x0000000081000000| Untracked 
|  17|0x0000000081100000, 0x0000000081100000, 0x0000000081200000|  0%| F|  |TAMS 0x0000000081100000, 0x0000000081100000| Untracked 
|  18|0x0000000081200000, 0x0000000081200000, 0x0000000081300000|  0%| F|  |TAMS 0x0000000081200000, 0x0000000081200000| Untracked 
|  19|0x0000000081300000, 0x0000000081300000, 0x0000000081400000|  0%| F|  |TAMS 0x0000000081300000, 0x0000000081300000| Untracked 
|  20|0x0000000081400000, 0x0000000081400000, 0x0000000081500000|  0%| F|  |TAMS 0x0000000081400000, 0x0000000081400000| Untracked 
|  21|0x0000000081500000, 0x0000000081500000, 0x0000000081600000|  0%| F|  |TAMS 0x0000000081500000, 0x0000000081500000| Untracked 
|  22|0x0000000081600000, 0x0000000081600000, 0x0000000081700000|  0%| F|  |TAMS 0x0000000081600000, 0x0000000081600000| Untracked 
|  23|0x0000000081700000, 0x0000000081700000, 0x0000000081800000|  0%| F|  |TAMS 0x0000000081700000, 0x0000000081700000| Untracked 
|  24|0x0000000081800000, 0x0000000081800000, 0x0000000081900000|  0%| F|  |TAMS 0x0000000081800000, 0x0000000081800000| Untracked 
|  25|0x0000000081900000, 0x0000000081900000, 0x0000000081a00000|  0%| F|  |TAMS 0x0000000081900000, 0x0000000081900000| Untracked 
|  26|0x0000000081a00000, 0x0000000081a00000, 0x0000000081b00000|  0%| F|  |TAMS 0x0000000081a00000, 0x0000000081a00000| Untracked 
|  27|0x0000000081b00000, 0x0000000081b00000, 0x0000000081c00000|  0%| F|  |TAMS 0x0000000081b00000, 0x0000000081b00000| Untracked 
|  28|0x0000000081c00000, 0x0000000081c00000, 0x0000000081d00000|  0%| F|  |TAMS 0x0000000081c00000, 0x0000000081c00000| Untracked 
|  29|0x0000000081d00000, 0x0000000081d00000, 0x0000000081e00000|  0%| F|  |TAMS 0x0000000081d00000, 0x0000000081d00000| Untracked 
|  30|0x0000000081e00000, 0x0000000081e00000, 0x0000000081f00000|  0%| F|  |TAMS 0x0000000081e00000, 0x0000000081e00000| Untracked 
|  31|0x0000000081f00000, 0x0000000081f00000, 0x0000000082000000|  0%| F|  |TAMS 0x0000000081f00000, 0x0000000081f00000| Untracked 
|  32|0x0000000082000000, 0x0000000082000000, 0x0000000082100000|  0%| F|  |TAMS 0x0000000082000000, 0x0000000082000000| Untracked 
|  33|0x0000000082100000, 0x0000000082100000, 0x0000000082200000|  0%| F|  |TAMS 0x0000000082100000, 0x0000000082100000| Untracked 
|  34|0x0000000082200000, 0x0000000082200000, 0x0000000082300000|  0%| F|  |TAMS 0x0000000082200000, 0x0000000082200000| Untracked 
|  35|0x0000000082300000, 0x0000000082300000, 0x0000000082400000|  0%| F|  |TAMS 0x0000000082300000, 0x0000000082300000| Untracked 
|  36|0x0000000082400000, 0x0000000082400000, 0x0000000082500000|  0%| F|  |TAMS 0x0000000082400000, 0x0000000082400000| Untracked 
|  37|0x0000000082500000, 0x0000000082500000, 0x0000000082600000|  0%| F|  |TAMS 0x0000000082500000, 0x0000000082500000| Untracked 
|  38|0x0000000082600000, 0x0000000082600000, 0x0000000082700000|  0%| F|  |TAMS 0x0000000082600000, 0x0000000082600000| Untracked 
|  39|0x0000000082700000, 0x0000000082700000, 0x0000000082800000|  0%| F|  |TAMS 0x0000000082700000, 0x0000000082700000| Untracked 
|  40|0x0000000082800000, 0x0000000082800000, 0x0000000082900000|  0%| F|  |TAMS 0x0000000082800000, 0x0000000082800000| Untracked 
|  41|0x0000000082900000, 0x0000000082900000, 0x0000000082a00000|  0%| F|  |TAMS 0x0000000082900000, 0x0000000082900000| Untracked 
|  42|0x0000000082a00000, 0x0000000082a00000, 0x0000000082b00000|  0%| F|  |TAMS 0x0000000082a00000, 0x0000000082a00000| Untracked 
|  43|0x0000000082b00000, 0x0000000082b00000, 0x0000000082c00000|  0%| F|  |TAMS 0x0000000082b00000, 0x0000000082b00000| Untracked 
|  44|0x0000000082c00000, 0x0000000082c00000, 0x0000000082d00000|  0%| F|  |TAMS 0x0000000082c00000, 0x0000000082c00000| Untracked 
|  45|0x0000000082d00000, 0x0000000082d00000, 0x0000000082e00000|  0%| F|  |TAMS 0x0000000082d00000, 0x0000000082d00000| Untracked 
|  46|0x0000000082e00000, 0x0000000082e00000, 0x0000000082f00000|  0%| F|  |TAMS 0x0000000082e00000, 0x0000000082e00000| Untracked 
|  47|0x0000000082f00000, 0x0000000082f00000, 0x0000000083000000|  0%| F|  |TAMS 0x0000000082f00000, 0x0000000082f00000| Untracked 
|  48|0x0000000083000000, 0x0000000083000000, 0x0000000083100000|  0%| F|  |TAMS 0x0000000083000000, 0x0000000083000000| Untracked 
|  49|0x0000000083100000, 0x0000000083100000, 0x0000000083200000|  0%| F|  |TAMS 0x0000000083100000, 0x0000000083100000| Untracked 
|  50|0x0000000083200000, 0x0000000083200000, 0x0000000083300000|  0%| F|  |TAMS 0x0000000083200000, 0x0000000083200000| Untracked 
|  51|0x0000000083300000, 0x0000000083300000, 0x0000000083400000|  0%| F|  |TAMS 0x0000000083300000, 0x0000000083300000| Untracked 
|  52|0x0000000083400000, 0x0000000083400000, 0x0000000083500000|  0%| F|  |TAMS 0x0000000083400000, 0x0000000083400000| Untracked 
|  53|0x0000000083500000, 0x0000000083500000, 0x0000000083600000|  0%| F|  |TAMS 0x0000000083500000, 0x0000000083500000| Untracked 
|  54|0x0000000083600000, 0x0000000083600000, 0x0000000083700000|  0%| F|  |TAMS 0x0000000083600000, 0x0000000083600000| Untracked 
|  55|0x0000000083700000, 0x0000000083700000, 0x0000000083800000|  0%| F|  |TAMS 0x0000000083700000, 0x0000000083700000| Untracked 
|  56|0x0000000083800000, 0x0000000083800000, 0x0000000083900000|  0%| F|  |TAMS 0x0000000083800000, 0x0000000083800000| Untracked 
|  57|0x0000000083900000, 0x0000000083900000, 0x0000000083a00000|  0%| F|  |TAMS 0x0000000083900000, 0x0000000083900000| Untracked 
|  58|0x0000000083a00000, 0x0000000083a00000, 0x0000000083b00000|  0%| F|  |TAMS 0x0000000083a00000, 0x0000000083a00000| Untracked 
|  59|0x0000000083b00000, 0x0000000083b00000, 0x0000000083c00000|  0%| F|  |TAMS 0x0000000083b00000, 0x0000000083b00000| Untracked 
|  60|0x0000000083c00000, 0x0000000083c00000, 0x0000000083d00000|  0%| F|  |TAMS 0x0000000083c00000, 0x0000000083c00000| Untracked 
|  61|0x0000000083d00000, 0x0000000083d00000, 0x0000000083e00000|  0%| F|  |TAMS 0x0000000083d00000, 0x0000000083d00000| Untracked 
|  62|0x0000000083e00000, 0x0000000083e00000, 0x0000000083f00000|  0%| F|  |TAMS 0x0000000083e00000, 0x0000000083e00000| Untracked 
|  63|0x0000000083f00000, 0x0000000083f00000, 0x0000000084000000|  0%| F|  |TAMS 0x0000000083f00000, 0x0000000083f00000| Untracked 
|  64|0x0000000084000000, 0x0000000084000000, 0x0000000084100000|  0%| F|  |TAMS 0x0000000084000000, 0x0000000084000000| Untracked 
|  65|0x0000000084100000, 0x0000000084100000, 0x0000000084200000|  0%| F|  |TAMS 0x0000000084100000, 0x0000000084100000| Untracked 
|  66|0x0000000084200000, 0x0000000084200000, 0x0000000084300000|  0%| F|  |TAMS 0x0000000084200000, 0x0000000084200000| Untracked 
|  67|0x0000000084300000, 0x0000000084300000, 0x0000000084400000|  0%| F|  |TAMS 0x0000000084300000, 0x0000000084300000| Untracked 
|  68|0x0000000084400000, 0x0000000084400000, 0x0000000084500000|  0%| F|  |TAMS 0x0000000084400000, 0x0000000084400000| Untracked 
|  69|0x0000000084500000, 0x0000000084500000, 0x0000000084600000|  0%| F|  |TAMS 0x0000000084500000, 0x0000000084500000| Untracked 
|  70|0x0000000084600000, 0x0000000084600000, 0x0000000084700000|  0%| F|  |TAMS 0x0000000084600000, 0x0000000084600000| Untracked 
|  71|0x0000000084700000, 0x0000000084700000, 0x0000000084800000|  0%| F|  |TAMS 0x0000000084700000, 0x0000000084700000| Untracked 
|  72|0x0000000084800000, 0x0000000084800000, 0x0000000084900000|  0%| F|  |TAMS 0x0000000084800000, 0x0000000084800000| Untracked 
|  73|0x0000000084900000, 0x0000000084900000, 0x0000000084a00000|  0%| F|  |TAMS 0x0000000084900000, 0x0000000084900000| Untracked 
|  74|0x0000000084a00000, 0x0000000084a00000, 0x0000000084b00000|  0%| F|  |TAMS 0x0000000084a00000, 0x0000000084a00000| Untracked 
|  75|0x0000000084b00000, 0x0000000084b00000, 0x0000000084c00000|  0%| F|  |TAMS 0x0000000084b00000, 0x0000000084b00000| Untracked 
|  76|0x0000000084c00000, 0x0000000084c00000, 0x0000000084d00000|  0%| F|  |TAMS 0x0000000084c00000, 0x0000000084c00000| Untracked 
|  77|0x0000000084d00000, 0x0000000084d00000, 0x0000000084e00000|  0%| F|  |TAMS 0x0000000084d00000, 0x0000000084d00000| Untracked 
|  78|0x0000000084e00000, 0x0000000084e00000, 0x0000000084f00000|  0%| F|  |TAMS 0x0000000084e00000, 0x0000000084e00000| Untracked 
|  79|0x0000000084f00000, 0x0000000084f00000, 0x0000000085000000|  0%| F|  |TAMS 0x0000000084f00000, 0x0000000084f00000| Untracked 
|  80|0x0000000085000000, 0x0000000085000000, 0x0000000085100000|  0%| F|  |TAMS 0x0000000085000000, 0x0000000085000000| Untracked 
|  81|0x0000000085100000, 0x0000000085100000, 0x0000000085200000|  0%| F|  |TAMS 0x0000000085100000, 0x0000000085100000| Untracked 
|  82|0x0000000085200000, 0x0000000085200000, 0x0000000085300000|  0%| F|  |TAMS 0x0000000085200000, 0x0000000085200000| Untracked 
|  83|0x0000000085300000, 0x0000000085300000, 0x0000000085400000|  0%| F|  |TAMS 0x0000000085300000, 0x0000000085300000| Untracked 
|  84|0x0000000085400000, 0x0000000085400000, 0x0000000085500000|  0%| F|  |TAMS 0x0000000085400000, 0x0000000085400000| Untracked 
|  85|0x0000000085500000, 0x0000000085500000, 0x0000000085600000|  0%| F|  |TAMS 0x0000000085500000, 0x0000000085500000| Untracked 
|  86|0x0000000085600000, 0x0000000085600000, 0x0000000085700000|  0%| F|  |TAMS 0x0000000085600000, 0x0000000085600000| Untracked 
|  87|0x0000000085700000, 0x0000000085700000, 0x0000000085800000|  0%| F|  |TAMS 0x0000000085700000, 0x0000000085700000| Untracked 
|  88|0x0000000085800000, 0x0000000085800000, 0x0000000085900000|  0%| F|  |TAMS 0x0000000085800000, 0x0000000085800000| Untracked 
|  89|0x0000000085900000, 0x0000000085900000, 0x0000000085a00000|  0%| F|  |TAMS 0x0000000085900000, 0x0000000085900000| Untracked 
|  90|0x0000000085a00000, 0x0000000085a00000, 0x0000000085b00000|  0%| F|  |TAMS 0x0000000085a00000, 0x0000000085a00000| Untracked 
|  91|0x0000000085b00000, 0x0000000085b00000, 0x0000000085c00000|  0%| F|  |TAMS 0x0000000085b00000, 0x0000000085b00000| Untracked 
|  92|0x0000000085c00000, 0x0000000085c00000, 0x0000000085d00000|  0%| F|  |TAMS 0x0000000085c00000, 0x0000000085c00000| Untracked 
|  93|0x0000000085d00000, 0x0000000085d00000, 0x0000000085e00000|  0%| F|  |TAMS 0x0000000085d00000, 0x0000000085d00000| Untracked 
|  94|0x0000000085e00000, 0x0000000085e00000, 0x0000000085f00000|  0%| F|  |TAMS 0x0000000085e00000, 0x0000000085e00000| Untracked 
|  95|0x0000000085f00000, 0x0000000085f00000, 0x0000000086000000|  0%| F|  |TAMS 0x0000000085f00000, 0x0000000085f00000| Untracked 
|  96|0x0000000086000000, 0x0000000086000000, 0x0000000086100000|  0%| F|  |TAMS 0x0000000086000000, 0x0000000086000000| Untracked 
|  97|0x0000000086100000, 0x0000000086100000, 0x0000000086200000|  0%| F|  |TAMS 0x0000000086100000, 0x0000000086100000| Untracked 
|  98|0x0000000086200000, 0x0000000086200000, 0x0000000086300000|  0%| F|  |TAMS 0x0000000086200000, 0x0000000086200000| Untracked 
|  99|0x0000000086300000, 0x0000000086300000, 0x0000000086400000|  0%| F|  |TAMS 0x0000000086300000, 0x0000000086300000| Untracked 
| 100|0x0000000086400000, 0x0000000086400000, 0x0000000086500000|  0%| F|  |TAMS 0x0000000086400000, 0x0000000086400000| Untracked 
| 101|0x0000000086500000, 0x0000000086500000, 0x0000000086600000|  0%| F|  |TAMS 0x0000000086500000, 0x0000000086500000| Untracked 
| 102|0x0000000086600000, 0x0000000086600000, 0x0000000086700000|  0%| F|  |TAMS 0x0000000086600000, 0x0000000086600000| Untracked 
| 103|0x0000000086700000, 0x0000000086700000, 0x0000000086800000|  0%| F|  |TAMS 0x0000000086700000, 0x0000000086700000| Untracked 
| 104|0x0000000086800000, 0x0000000086800000, 0x0000000086900000|  0%| F|  |TAMS 0x0000000086800000, 0x0000000086800000| Untracked 
| 105|0x0000000086900000, 0x0000000086900000, 0x0000000086a00000|  0%| F|  |TAMS 0x0000000086900000, 0x0000000086900000| Untracked 
| 106|0x0000000086a00000, 0x0000000086a00000, 0x0000000086b00000|  0%| F|  |TAMS 0x0000000086a00000, 0x0000000086a00000| Untracked 
| 107|0x0000000086b00000, 0x0000000086b00000, 0x0000000086c00000|  0%| F|  |TAMS 0x0000000086b00000, 0x0000000086b00000| Untracked 
| 108|0x0000000086c00000, 0x0000000086c00000, 0x0000000086d00000|  0%| F|  |TAMS 0x0000000086c00000, 0x0000000086c00000| Untracked 
| 109|0x0000000086d00000, 0x0000000086d00000, 0x0000000086e00000|  0%| F|  |TAMS 0x0000000086d00000, 0x0000000086d00000| Untracked 
| 110|0x0000000086e00000, 0x0000000086e00000, 0x0000000086f00000|  0%| F|  |TAMS 0x0000000086e00000, 0x0000000086e00000| Untracked 
| 111|0x0000000086f00000, 0x0000000086f00000, 0x0000000087000000|  0%| F|  |TAMS 0x0000000086f00000, 0x0000000086f00000| Untracked 
| 112|0x0000000087000000, 0x0000000087000000, 0x0000000087100000|  0%| F|  |TAMS 0x0000000087000000, 0x0000000087000000| Untracked 
| 113|0x0000000087100000, 0x0000000087100000, 0x0000000087200000|  0%| F|  |TAMS 0x0000000087100000, 0x0000000087100000| Untracked 
| 114|0x0000000087200000, 0x0000000087200000, 0x0000000087300000|  0%| F|  |TAMS 0x0000000087200000, 0x0000000087200000| Untracked 
| 115|0x0000000087300000, 0x0000000087300000, 0x0000000087400000|  0%| F|  |TAMS 0x0000000087300000, 0x0000000087300000| Untracked 
| 116|0x0000000087400000, 0x0000000087400000, 0x0000000087500000|  0%| F|  |TAMS 0x0000000087400000, 0x0000000087400000| Untracked 
| 117|0x0000000087500000, 0x0000000087500000, 0x0000000087600000|  0%| F|  |TAMS 0x0000000087500000, 0x0000000087500000| Untracked 
| 118|0x0000000087600000, 0x0000000087600000, 0x0000000087700000|  0%| F|  |TAMS 0x0000000087600000, 0x0000000087600000| Untracked 
| 119|0x0000000087700000, 0x0000000087700000, 0x0000000087800000|  0%| F|  |TAMS 0x0000000087700000, 0x0000000087700000| Untracked 
| 120|0x0000000087800000, 0x0000000087800000, 0x0000000087900000|  0%| F|  |TAMS 0x0000000087800000, 0x0000000087800000| Untracked 
| 121|0x0000000087900000, 0x0000000087900000, 0x0000000087a00000|  0%| F|  |TAMS 0x0000000087900000, 0x0000000087900000| Untracked 
| 122|0x0000000087a00000, 0x0000000087a00000, 0x0000000087b00000|  0%| F|  |TAMS 0x0000000087a00000, 0x0000000087a00000| Untracked 
| 123|0x0000000087b00000, 0x0000000087b00000, 0x0000000087c00000|  0%| F|  |TAMS 0x0000000087b00000, 0x0000000087b00000| Untracked 
| 124|0x0000000087c00000, 0x0000000087c00000, 0x0000000087d00000|  0%| F|  |TAMS 0x0000000087c00000, 0x0000000087c00000| Untracked 
| 125|0x0000000087d00000, 0x0000000087d00000, 0x0000000087e00000|  0%| F|  |TAMS 0x0000000087d00000, 0x0000000087d00000| Untracked 
| 126|0x0000000087e00000, 0x0000000087e00000, 0x0000000087f00000|  0%| F|  |TAMS 0x0000000087e00000, 0x0000000087e00000| Untracked 
| 127|0x0000000087f00000, 0x0000000087f00000, 0x0000000088000000|  0%| F|  |TAMS 0x0000000087f00000, 0x0000000087f00000| Untracked 
| 128|0x0000000088000000, 0x0000000088000000, 0x0000000088100000|  0%| F|  |TAMS 0x0000000088000000, 0x0000000088000000| Untracked 
| 129|0x0000000088100000, 0x0000000088100000, 0x0000000088200000|  0%| F|  |TAMS 0x0000000088100000, 0x0000000088100000| Untracked 
| 130|0x0000000088200000, 0x0000000088200000, 0x0000000088300000|  0%| F|  |TAMS 0x0000000088200000, 0x0000000088200000| Untracked 
| 131|0x0000000088300000, 0x0000000088300000, 0x0000000088400000|  0%| F|  |TAMS 0x0000000088300000, 0x0000000088300000| Untracked 
| 132|0x0000000088400000, 0x0000000088400000, 0x0000000088500000|  0%| F|  |TAMS 0x0000000088400000, 0x0000000088400000| Untracked 
| 133|0x0000000088500000, 0x0000000088500000, 0x0000000088600000|  0%| F|  |TAMS 0x0000000088500000, 0x0000000088500000| Untracked 
| 134|0x0000000088600000, 0x0000000088600000, 0x0000000088700000|  0%| F|  |TAMS 0x0000000088600000, 0x0000000088600000| Untracked 
| 135|0x0000000088700000, 0x0000000088700000, 0x0000000088800000|  0%| F|  |TAMS 0x0000000088700000, 0x0000000088700000| Untracked 
| 136|0x0000000088800000, 0x0000000088800000, 0x0000000088900000|  0%| F|  |TAMS 0x0000000088800000, 0x0000000088800000| Untracked 
| 137|0x0000000088900000, 0x0000000088900000, 0x0000000088a00000|  0%| F|  |TAMS 0x0000000088900000, 0x0000000088900000| Untracked 
| 138|0x0000000088a00000, 0x0000000088a00000, 0x0000000088b00000|  0%| F|  |TAMS 0x0000000088a00000, 0x0000000088a00000| Untracked 
| 139|0x0000000088b00000, 0x0000000088b00000, 0x0000000088c00000|  0%| F|  |TAMS 0x0000000088b00000, 0x0000000088b00000| Untracked 
| 140|0x0000000088c00000, 0x0000000088c00000, 0x0000000088d00000|  0%| F|  |TAMS 0x0000000088c00000, 0x0000000088c00000| Untracked 
| 141|0x0000000088d00000, 0x0000000088d00000, 0x0000000088e00000|  0%| F|  |TAMS 0x0000000088d00000, 0x0000000088d00000| Untracked 
| 142|0x0000000088e00000, 0x0000000088e00000, 0x0000000088f00000|  0%| F|  |TAMS 0x0000000088e00000, 0x0000000088e00000| Untracked 
| 143|0x0000000088f00000, 0x0000000088f00000, 0x0000000089000000|  0%| F|  |TAMS 0x0000000088f00000, 0x0000000088f00000| Untracked 
| 144|0x0000000089000000, 0x0000000089000000, 0x0000000089100000|  0%| F|  |TAMS 0x0000000089000000, 0x0000000089000000| Untracked 
| 145|0x0000000089100000, 0x0000000089100000, 0x0000000089200000|  0%| F|  |TAMS 0x0000000089100000, 0x0000000089100000| Untracked 
| 146|0x0000000089200000, 0x0000000089200000, 0x0000000089300000|  0%| F|  |TAMS 0x0000000089200000, 0x0000000089200000| Untracked 
| 147|0x0000000089300000, 0x0000000089300000, 0x0000000089400000|  0%| F|  |TAMS 0x0000000089300000, 0x0000000089300000| Untracked 
| 148|0x0000000089400000, 0x0000000089400000, 0x0000000089500000|  0%| F|  |TAMS 0x0000000089400000, 0x0000000089400000| Untracked 
| 149|0x0000000089500000, 0x0000000089500000, 0x0000000089600000|  0%| F|  |TAMS 0x0000000089500000, 0x0000000089500000| Untracked 
| 150|0x0000000089600000, 0x0000000089600000, 0x0000000089700000|  0%| F|  |TAMS 0x0000000089600000, 0x0000000089600000| Untracked 
| 151|0x0000000089700000, 0x0000000089700000, 0x0000000089800000|  0%| F|  |TAMS 0x0000000089700000, 0x0000000089700000| Untracked 
| 152|0x0000000089800000, 0x0000000089800000, 0x0000000089900000|  0%| F|  |TAMS 0x0000000089800000, 0x0000000089800000| Untracked 
| 153|0x0000000089900000, 0x0000000089900000, 0x0000000089a00000|  0%| F|  |TAMS 0x0000000089900000, 0x0000000089900000| Untracked 
| 154|0x0000000089a00000, 0x0000000089a00000, 0x0000000089b00000|  0%| F|  |TAMS 0x0000000089a00000, 0x0000000089a00000| Untracked 
| 155|0x0000000089b00000, 0x0000000089b00000, 0x0000000089c00000|  0%| F|  |TAMS 0x0000000089b00000, 0x0000000089b00000| Untracked 
| 156|0x0000000089c00000, 0x0000000089c00000, 0x0000000089d00000|  0%| F|  |TAMS 0x0000000089c00000, 0x0000000089c00000| Untracked 
| 157|0x0000000089d00000, 0x0000000089d00000, 0x0000000089e00000|  0%| F|  |TAMS 0x0000000089d00000, 0x0000000089d00000| Untracked 
| 158|0x0000000089e00000, 0x0000000089e00000, 0x0000000089f00000|  0%| F|  |TAMS 0x0000000089e00000, 0x0000000089e00000| Untracked 
| 159|0x0000000089f00000, 0x0000000089f00000, 0x000000008a000000|  0%| F|  |TAMS 0x0000000089f00000, 0x0000000089f00000| Untracked 
| 160|0x000000008a000000, 0x000000008a000000, 0x000000008a100000|  0%| F|  |TAMS 0x000000008a000000, 0x000000008a000000| Untracked 
| 161|0x000000008a100000, 0x000000008a100000, 0x000000008a200000|  0%| F|  |TAMS 0x000000008a100000, 0x000000008a100000| Untracked 
| 162|0x000000008a200000, 0x000000008a200000, 0x000000008a300000|  0%| F|  |TAMS 0x000000008a200000, 0x000000008a200000| Untracked 
| 163|0x000000008a300000, 0x000000008a300000, 0x000000008a400000|  0%| F|  |TAMS 0x000000008a300000, 0x000000008a300000| Untracked 
| 164|0x000000008a400000, 0x000000008a400000, 0x000000008a500000|  0%| F|  |TAMS 0x000000008a400000, 0x000000008a400000| Untracked 
| 165|0x000000008a500000, 0x000000008a500000, 0x000000008a600000|  0%| F|  |TAMS 0x000000008a500000, 0x000000008a500000| Untracked 
| 166|0x000000008a600000, 0x000000008a600000, 0x000000008a700000|  0%| F|  |TAMS 0x000000008a600000, 0x000000008a600000| Untracked 
| 167|0x000000008a700000, 0x000000008a700000, 0x000000008a800000|  0%| F|  |TAMS 0x000000008a700000, 0x000000008a700000| Untracked 
| 168|0x000000008a800000, 0x000000008a800000, 0x000000008a900000|  0%| F|  |TAMS 0x000000008a800000, 0x000000008a800000| Untracked 
| 169|0x000000008a900000, 0x000000008a900000, 0x000000008aa00000|  0%| F|  |TAMS 0x000000008a900000, 0x000000008a900000| Untracked 
| 170|0x000000008aa00000, 0x000000008aa00000, 0x000000008ab00000|  0%| F|  |TAMS 0x000000008aa00000, 0x000000008aa00000| Untracked 
| 171|0x000000008ab00000, 0x000000008ab00000, 0x000000008ac00000|  0%| F|  |TAMS 0x000000008ab00000, 0x000000008ab00000| Untracked 
| 172|0x000000008ac00000, 0x000000008ac00000, 0x000000008ad00000|  0%| F|  |TAMS 0x000000008ac00000, 0x000000008ac00000| Untracked 
| 173|0x000000008ad00000, 0x000000008ad00000, 0x000000008ae00000|  0%| F|  |TAMS 0x000000008ad00000, 0x000000008ad00000| Untracked 
| 174|0x000000008ae00000, 0x000000008ae00000, 0x000000008af00000|  0%| F|  |TAMS 0x000000008ae00000, 0x000000008ae00000| Untracked 
| 175|0x000000008af00000, 0x000000008af00000, 0x000000008b000000|  0%| F|  |TAMS 0x000000008af00000, 0x000000008af00000| Untracked 
| 176|0x000000008b000000, 0x000000008b000000, 0x000000008b100000|  0%| F|  |TAMS 0x000000008b000000, 0x000000008b000000| Untracked 
| 177|0x000000008b100000, 0x000000008b100000, 0x000000008b200000|  0%| F|  |TAMS 0x000000008b100000, 0x000000008b100000| Untracked 
| 178|0x000000008b200000, 0x000000008b200000, 0x000000008b300000|  0%| F|  |TAMS 0x000000008b200000, 0x000000008b200000| Untracked 
| 179|0x000000008b300000, 0x000000008b300000, 0x000000008b400000|  0%| F|  |TAMS 0x000000008b300000, 0x000000008b300000| Untracked 
| 180|0x000000008b400000, 0x000000008b400000, 0x000000008b500000|  0%| F|  |TAMS 0x000000008b400000, 0x000000008b400000| Untracked 
| 181|0x000000008b500000, 0x000000008b500000, 0x000000008b600000|  0%| F|  |TAMS 0x000000008b500000, 0x000000008b500000| Untracked 
| 182|0x000000008b600000, 0x000000008b600000, 0x000000008b700000|  0%| F|  |TAMS 0x000000008b600000, 0x000000008b600000| Untracked 
| 183|0x000000008b700000, 0x000000008b700000, 0x000000008b800000|  0%| F|  |TAMS 0x000000008b700000, 0x000000008b700000| Untracked 
| 184|0x000000008b800000, 0x000000008b800000, 0x000000008b900000|  0%| F|  |TAMS 0x000000008b800000, 0x000000008b800000| Untracked 
| 185|0x000000008b900000, 0x000000008b900000, 0x000000008ba00000|  0%| F|  |TAMS 0x000000008b900000, 0x000000008b900000| Untracked 
| 186|0x000000008ba00000, 0x000000008ba00000, 0x000000008bb00000|  0%| F|  |TAMS 0x000000008ba00000, 0x000000008ba00000| Untracked 
| 187|0x000000008bb00000, 0x000000008bb00000, 0x000000008bc00000|  0%| F|  |TAMS 0x000000008bb00000, 0x000000008bb00000| Untracked 
| 188|0x000000008bc00000, 0x000000008bc00000, 0x000000008bd00000|  0%| F|  |TAMS 0x000000008bc00000, 0x000000008bc00000| Untracked 
| 189|0x000000008bd00000, 0x000000008bd00000, 0x000000008be00000|  0%| F|  |TAMS 0x000000008bd00000, 0x000000008bd00000| Untracked 
| 190|0x000000008be00000, 0x000000008be00000, 0x000000008bf00000|  0%| F|  |TAMS 0x000000008be00000, 0x000000008be00000| Untracked 
| 191|0x000000008bf00000, 0x000000008bf00000, 0x000000008c000000|  0%| F|  |TAMS 0x000000008bf00000, 0x000000008bf00000| Untracked 
| 192|0x000000008c000000, 0x000000008c000000, 0x000000008c100000|  0%| F|  |TAMS 0x000000008c000000, 0x000000008c000000| Untracked 
| 193|0x000000008c100000, 0x000000008c100000, 0x000000008c200000|  0%| F|  |TAMS 0x000000008c100000, 0x000000008c100000| Untracked 
| 194|0x000000008c200000, 0x000000008c200000, 0x000000008c300000|  0%| F|  |TAMS 0x000000008c200000, 0x000000008c200000| Untracked 
| 195|0x000000008c300000, 0x000000008c300000, 0x000000008c400000|  0%| F|  |TAMS 0x000000008c300000, 0x000000008c300000| Untracked 
| 196|0x000000008c400000, 0x000000008c400000, 0x000000008c500000|  0%| F|  |TAMS 0x000000008c400000, 0x000000008c400000| Untracked 
| 197|0x000000008c500000, 0x000000008c500000, 0x000000008c600000|  0%| F|  |TAMS 0x000000008c500000, 0x000000008c500000| Untracked 
| 198|0x000000008c600000, 0x000000008c600000, 0x000000008c700000|  0%| F|  |TAMS 0x000000008c600000, 0x000000008c600000| Untracked 
| 199|0x000000008c700000, 0x000000008c700000, 0x000000008c800000|  0%| F|  |TAMS 0x000000008c700000, 0x000000008c700000| Untracked 
| 200|0x000000008c800000, 0x000000008c800000, 0x000000008c900000|  0%| F|  |TAMS 0x000000008c800000, 0x000000008c800000| Untracked 
| 201|0x000000008c900000, 0x000000008c900000, 0x000000008ca00000|  0%| F|  |TAMS 0x000000008c900000, 0x000000008c900000| Untracked 
| 202|0x000000008ca00000, 0x000000008ca00000, 0x000000008cb00000|  0%| F|  |TAMS 0x000000008ca00000, 0x000000008ca00000| Untracked 
| 203|0x000000008cb00000, 0x000000008cb00000, 0x000000008cc00000|  0%| F|  |TAMS 0x000000008cb00000, 0x000000008cb00000| Untracked 
| 204|0x000000008cc00000, 0x000000008cc00000, 0x000000008cd00000|  0%| F|  |TAMS 0x000000008cc00000, 0x000000008cc00000| Untracked 
| 205|0x000000008cd00000, 0x000000008cd00000, 0x000000008ce00000|  0%| F|  |TAMS 0x000000008cd00000, 0x000000008cd00000| Untracked 
| 206|0x000000008ce00000, 0x000000008ce00000, 0x000000008cf00000|  0%| F|  |TAMS 0x000000008ce00000, 0x000000008ce00000| Untracked 
| 207|0x000000008cf00000, 0x000000008cf00000, 0x000000008d000000|  0%| F|  |TAMS 0x000000008cf00000, 0x000000008cf00000| Untracked 
| 208|0x000000008d000000, 0x000000008d000000, 0x000000008d100000|  0%| F|  |TAMS 0x000000008d000000, 0x000000008d000000| Untracked 
| 209|0x000000008d100000, 0x000000008d100000, 0x000000008d200000|  0%| F|  |TAMS 0x000000008d100000, 0x000000008d100000| Untracked 
| 210|0x000000008d200000, 0x000000008d200000, 0x000000008d300000|  0%| F|  |TAMS 0x000000008d200000, 0x000000008d200000| Untracked 
| 211|0x000000008d300000, 0x000000008d300000, 0x000000008d400000|  0%| F|  |TAMS 0x000000008d300000, 0x000000008d300000| Untracked 
| 212|0x000000008d400000, 0x000000008d400000, 0x000000008d500000|  0%| F|  |TAMS 0x000000008d400000, 0x000000008d400000| Untracked 
| 213|0x000000008d500000, 0x000000008d500000, 0x000000008d600000|  0%| F|  |TAMS 0x000000008d500000, 0x000000008d500000| Untracked 
| 214|0x000000008d600000, 0x000000008d600000, 0x000000008d700000|  0%| F|  |TAMS 0x000000008d600000, 0x000000008d600000| Untracked 
| 215|0x000000008d700000, 0x000000008d700000, 0x000000008d800000|  0%| F|  |TAMS 0x000000008d700000, 0x000000008d700000| Untracked 
| 216|0x000000008d800000, 0x000000008d800000, 0x000000008d900000|  0%| F|  |TAMS 0x000000008d800000, 0x000000008d800000| Untracked 
| 217|0x000000008d900000, 0x000000008d900000, 0x000000008da00000|  0%| F|  |TAMS 0x000000008d900000, 0x000000008d900000| Untracked 
| 218|0x000000008da00000, 0x000000008da00000, 0x000000008db00000|  0%| F|  |TAMS 0x000000008da00000, 0x000000008da00000| Untracked 
| 219|0x000000008db00000, 0x000000008db00000, 0x000000008dc00000|  0%| F|  |TAMS 0x000000008db00000, 0x000000008db00000| Untracked 
| 220|0x000000008dc00000, 0x000000008dc00000, 0x000000008dd00000|  0%| F|  |TAMS 0x000000008dc00000, 0x000000008dc00000| Untracked 
| 221|0x000000008dd00000, 0x000000008dd00000, 0x000000008de00000|  0%| F|  |TAMS 0x000000008dd00000, 0x000000008dd00000| Untracked 
| 222|0x000000008de00000, 0x000000008de00000, 0x000000008df00000|  0%| F|  |TAMS 0x000000008de00000, 0x000000008de00000| Untracked 
| 223|0x000000008df00000, 0x000000008df00000, 0x000000008e000000|  0%| F|  |TAMS 0x000000008df00000, 0x000000008df00000| Untracked 
| 224|0x000000008e000000, 0x000000008e000000, 0x000000008e100000|  0%| F|  |TAMS 0x000000008e000000, 0x000000008e000000| Untracked 
| 225|0x000000008e100000, 0x000000008e100000, 0x000000008e200000|  0%| F|  |TAMS 0x000000008e100000, 0x000000008e100000| Untracked 
| 226|0x000000008e200000, 0x000000008e300000, 0x000000008e300000|100%| E|  |TAMS 0x000000008e200000, 0x000000008e200000| Complete 
| 227|0x000000008e300000, 0x000000008e400000, 0x000000008e400000|100%| E|CS|TAMS 0x000000008e300000, 0x000000008e300000| Complete 
| 228|0x000000008e400000, 0x000000008e500000, 0x000000008e500000|100%| E|CS|TAMS 0x000000008e400000, 0x000000008e400000| Complete 
| 229|0x000000008e500000, 0x000000008e600000, 0x000000008e600000|100%| E|CS|TAMS 0x000000008e500000, 0x000000008e500000| Complete 
| 230|0x000000008e600000, 0x000000008e700000, 0x000000008e700000|100%| E|CS|TAMS 0x000000008e600000, 0x000000008e600000| Complete 
| 231|0x000000008e700000, 0x000000008e800000, 0x000000008e800000|100%| E|CS|TAMS 0x000000008e700000, 0x000000008e700000| Complete 
| 232|0x000000008e800000, 0x000000008e900000, 0x000000008e900000|100%| E|CS|TAMS 0x000000008e800000, 0x000000008e800000| Complete 
| 233|0x000000008e900000, 0x000000008ea00000, 0x000000008ea00000|100%| E|CS|TAMS 0x000000008e900000, 0x000000008e900000| Complete 
| 234|0x000000008ea00000, 0x000000008eb00000, 0x000000008eb00000|100%| E|CS|TAMS 0x000000008ea00000, 0x000000008ea00000| Complete 
| 235|0x000000008eb00000, 0x000000008ec00000, 0x000000008ec00000|100%| E|CS|TAMS 0x000000008eb00000, 0x000000008eb00000| Complete 
| 236|0x000000008ec00000, 0x000000008ed00000, 0x000000008ed00000|100%| E|CS|TAMS 0x000000008ec00000, 0x000000008ec00000| Complete 
| 237|0x000000008ed00000, 0x000000008ee00000, 0x000000008ee00000|100%| E|CS|TAMS 0x000000008ed00000, 0x000000008ed00000| Complete 
| 238|0x000000008ee00000, 0x000000008ef00000, 0x000000008ef00000|100%| E|CS|TAMS 0x000000008ee00000, 0x000000008ee00000| Complete 
| 239|0x000000008ef00000, 0x000000008f000000, 0x000000008f000000|100%| E|CS|TAMS 0x000000008ef00000, 0x000000008ef00000| Complete 
| 240|0x000000008f000000, 0x000000008f100000, 0x000000008f100000|100%| E|CS|TAMS 0x000000008f000000, 0x000000008f000000| Complete 
| 241|0x000000008f100000, 0x000000008f200000, 0x000000008f200000|100%| E|CS|TAMS 0x000000008f100000, 0x000000008f100000| Complete 
| 242|0x000000008f200000, 0x000000008f300000, 0x000000008f300000|100%| E|CS|TAMS 0x000000008f200000, 0x000000008f200000| Complete 
| 243|0x000000008f300000, 0x000000008f400000, 0x000000008f400000|100%| E|CS|TAMS 0x000000008f300000, 0x000000008f300000| Complete 
| 244|0x000000008f400000, 0x000000008f462490, 0x000000008f500000| 38%| S|CS|TAMS 0x000000008f400000, 0x000000008f400000| Complete 
| 245|0x000000008f500000, 0x000000008f600000, 0x000000008f600000|100%| S|CS|TAMS 0x000000008f500000, 0x000000008f500000| Complete 
| 246|0x000000008f600000, 0x000000008f700000, 0x000000008f700000|100%| S|CS|TAMS 0x000000008f600000, 0x000000008f600000| Complete 
| 247|0x000000008f700000, 0x000000008f800000, 0x000000008f800000|100%| S|CS|TAMS 0x000000008f700000, 0x000000008f700000| Complete 
| 248|0x000000008f800000, 0x000000008f900000, 0x000000008f900000|100%| S|CS|TAMS 0x000000008f800000, 0x000000008f800000| Complete 
| 249|0x000000008f900000, 0x000000008fa00000, 0x000000008fa00000|100%| E|CS|TAMS 0x000000008f900000, 0x000000008f900000| Complete 
| 250|0x000000008fa00000, 0x000000008fb00000, 0x000000008fb00000|100%| E|CS|TAMS 0x000000008fa00000, 0x000000008fa00000| Complete 
| 251|0x000000008fb00000, 0x000000008fc00000, 0x000000008fc00000|100%| E|CS|TAMS 0x000000008fb00000, 0x000000008fb00000| Complete 
| 252|0x000000008fc00000, 0x000000008fd00000, 0x000000008fd00000|100%| E|CS|TAMS 0x000000008fc00000, 0x000000008fc00000| Complete 
| 253|0x000000008fd00000, 0x000000008fe00000, 0x000000008fe00000|100%| E|CS|TAMS 0x000000008fd00000, 0x000000008fd00000| Complete 
| 254|0x000000008fe00000, 0x000000008ff00000, 0x000000008ff00000|100%| E|CS|TAMS 0x000000008fe00000, 0x000000008fe00000| Complete 
| 255|0x000000008ff00000, 0x0000000090000000, 0x0000000090000000|100%| E|CS|TAMS 0x000000008ff00000, 0x000000008ff00000| Complete 

Card table byte_map: [0x000002e372270000,0x000002e372670000] _byte_map_base: 0x000002e371e70000

Marking Bits (Prev, Next): (CMBitMap*) 0x000002e35f053d18, (CMBitMap*) 0x000002e35f053d50
 Prev Bits: [0x000002e372a70000, 0x000002e374a70000)
 Next Bits: [0x000002e374a70000, 0x000002e376a70000)

Polling page: 0x000002e35cf70000

Metaspace:

Usage:
  Non-class:     32.29 MB capacity,    31.81 MB ( 99%) used,   409.11 KB (  1%) free+waste,    79.75 KB ( <1%) overhead. 
      Class:      5.09 MB capacity,     4.81 MB ( 95%) used,   244.63 KB (  5%) free+waste,    38.88 KB ( <1%) overhead. 
       Both:     37.38 MB capacity,    36.63 MB ( 98%) used,   653.74 KB (  2%) free+waste,   118.62 KB ( <1%) overhead. 

Virtual space:
  Non-class space:       34.00 MB reserved,      32.42 MB ( 95%) committed 
      Class space:        1.00 GB reserved,       5.12 MB ( <1%) committed 
             Both:        1.03 GB reserved,      37.55 MB (  4%) committed 

Chunk freelists:
   Non-Class:  5.00 KB
       Class:  5.00 KB
        Both:  10.00 KB

MaxMetaspaceSize: 17179869184.00 GB
CompressedClassSpaceSize: 1.00 GB
Initial GC threshold: 20.80 MB
Current GC threshold: 58.88 MB
CDS: off

CodeHeap 'non-profiled nmethods': size=120000Kb used=1596Kb max_used=1596Kb free=118403Kb
 bounds [0x000002e36a610000, 0x000002e36a880000, 0x000002e371b40000]
CodeHeap 'profiled nmethods': size=120000Kb used=5876Kb max_used=5876Kb free=114123Kb
 bounds [0x000002e3630e0000, 0x000002e3636a0000, 0x000002e36a610000]
CodeHeap 'non-nmethods': size=5760Kb used=1250Kb max_used=1329Kb free=4509Kb
 bounds [0x000002e362b40000, 0x000002e362db0000, 0x000002e3630e0000]
 total_blobs=3340 nmethods=2807 adapters=445
 compilation: enabled
              stopped_count=0, restarted_count=0
 full_count=0

Compilation events (20 events):
Event: 4.880 Thread 0x000002e379d93000 nmethod 2797 0x000002e36369a090 code [0x000002e36369a280, 0x000002e36369a748]
Event: 4.880 Thread 0x000002e379d93000 2799       3       org.gradle.internal.instantiation.generator.AbstractClassGenerator::access$2200 (5 bytes)
Event: 4.880 Thread 0x000002e379d93000 nmethod 2799 0x000002e36369a910 code [0x000002e36369aac0, 0x000002e36369abc8]
Event: 4.880 Thread 0x000002e379d93000 2804       1       com.google.common.collect.LinkedHashMultimap$ValueSet::access$000 (5 bytes)
Event: 4.880 Thread 0x000002e379d93000 nmethod 2804 0x000002e36a79c710 code [0x000002e36a79c8c0, 0x000002e36a79c958]
Event: 4.880 Thread 0x000002e379d93000 2789       3       org.gradle.internal.instantiation.generator.AbstractClassGenerator$PropertyMetadata::<init> (6 bytes)
Event: 4.880 Thread 0x000002e379d93000 nmethod 2789 0x000002e36369ac90 code [0x000002e36369ae40, 0x000002e36369af68]
Event: 4.880 Thread 0x000002e379d93000 2790       3       org.gradle.internal.instantiation.generator.AbstractClassGenerator$PropertyMetadata::<init> (65 bytes)
Event: 4.881 Thread 0x000002e379d93000 nmethod 2790 0x000002e36369b010 code [0x000002e36369b2c0, 0x000002e36369c178]
Event: 4.881 Thread 0x000002e379d93000 2800       1       com.google.common.collect.LinkedHashMultimap$ValueEntry::setSuccessorInValueSet (6 bytes)
Event: 4.881 Thread 0x000002e379d93000 nmethod 2800 0x000002e36a79ca10 code [0x000002e36a79cbc0, 0x000002e36a79ccb8]
Event: 4.881 Thread 0x000002e379d93000 2802       1       org.gradle.internal.instantiation.generator.AsmBackedClassGenerator$ClassBuilderImpl::access$3100 (5 bytes)
Event: 4.881 Thread 0x000002e379d93000 nmethod 2802 0x000002e36a79cd10 code [0x000002e36a79cec0, 0x000002e36a79cf58]
Event: 4.881 Thread 0x000002e379d93000 2805       3       java.lang.Integer::highestOneBit (10 bytes)
Event: 4.881 Thread 0x000002e379d93000 nmethod 2805 0x000002e36369c510 code [0x000002e36369c6c0, 0x000002e36369c7e8]
Event: 4.890 Thread 0x000002e379d93000 2806       3       java.util.concurrent.ConcurrentHashMap::resizeStamp (8 bytes)
Event: 4.890 Thread 0x000002e379d93000 nmethod 2806 0x000002e36369c890 code [0x000002e36369ca40, 0x000002e36369cb48]
Event: 4.898 Thread 0x000002e37bd4d000 2807       4       java.lang.ClassLoader::postDefineClass (39 bytes)
Event: 4.912 Thread 0x000002e379d93000 2809       3       java.util.concurrent.locks.LockSupport::setBlocker (12 bytes)
Event: 4.913 Thread 0x000002e379d93000 nmethod 2809 0x000002e36369cc10 code [0x000002e36369cdc0, 0x000002e36369cef8]

GC Heap History (10 events):
Event: 0.864 GC heap before
{Heap before GC invocations=0 (full 0):
 garbage-first heap   total 262144K, used 29696K [0x0000000080000000, 0x0000000100000000)
  region size 1024K, 24 young (24576K), 0 survivors (0K)
 Metaspace       used 9776K, capacity 9956K, committed 10112K, reserved 1058816K
  class space    used 997K, capacity 1069K, committed 1152K, reserved 1048576K
}
Event: 0.873 GC heap after
{Heap after GC invocations=1 (full 0):
 garbage-first heap   total 262144K, used 9393K [0x0000000080000000, 0x0000000100000000)
  region size 1024K, 3 young (3072K), 3 survivors (3072K)
 Metaspace       used 9776K, capacity 9956K, committed 10112K, reserved 1058816K
  class space    used 997K, capacity 1069K, committed 1152K, reserved 1048576K
}
Event: 2.911 GC heap before
{Heap before GC invocations=1 (full 0):
 garbage-first heap   total 262144K, used 108721K [0x0000000080000000, 0x0000000100000000)
  region size 1024K, 100 young (102400K), 3 survivors (3072K)
 Metaspace       used 20860K, capacity 21213K, committed 21296K, reserved 1069056K
  class space    used 2522K, capacity 2651K, committed 2688K, reserved 1048576K
}
Event: 2.919 GC heap after
{Heap after GC invocations=2 (full 0):
 garbage-first heap   total 262144K, used 17236K [0x0000000080000000, 0x0000000100000000)
  region size 1024K, 11 young (11264K), 11 survivors (11264K)
 Metaspace       used 20860K, capacity 21213K, committed 21296K, reserved 1069056K
  class space    used 2522K, capacity 2651K, committed 2688K, reserved 1048576K
}
Event: 3.439 GC heap before
{Heap before GC invocations=3 (full 0):
 garbage-first heap   total 262144K, used 66388K [0x0000000080000000, 0x0000000100000000)
  region size 1024K, 60 young (61440K), 11 survivors (11264K)
 Metaspace       used 25914K, capacity 26525K, committed 26800K, reserved 1073152K
  class space    used 3332K, capacity 3537K, committed 3584K, reserved 1048576K
}
Event: 3.447 GC heap after
{Heap after GC invocations=4 (full 0):
 garbage-first heap   total 262144K, used 19027K [0x0000000080000000, 0x0000000100000000)
  region size 1024K, 3 young (3072K), 3 survivors (3072K)
 Metaspace       used 25914K, capacity 26525K, committed 26800K, reserved 1073152K
  class space    used 3332K, capacity 3537K, committed 3584K, reserved 1048576K
}
Event: 4.436 GC heap before
{Heap before GC invocations=4 (full 0):
 garbage-first heap   total 262144K, used 123475K [0x0000000080000000, 0x0000000100000000)
  region size 1024K, 104 young (106496K), 3 survivors (3072K)
 Metaspace       used 34407K, capacity 35205K, committed 35504K, reserved 1079296K
  class space    used 4459K, capacity 4766K, committed 4864K, reserved 1048576K
}
Event: 4.439 GC heap after
{Heap after GC invocations=5 (full 0):
 garbage-first heap   total 262144K, used 21155K [0x0000000080000000, 0x0000000100000000)
  region size 1024K, 5 young (5120K), 5 survivors (5120K)
 Metaspace       used 34407K, capacity 35205K, committed 35504K, reserved 1079296K
  class space    used 4459K, capacity 4766K, committed 4864K, reserved 1048576K
}
Event: 4.539 GC heap before
{Heap before GC invocations=5 (full 0):
 garbage-first heap   total 262144K, used 27299K [0x0000000080000000, 0x0000000100000000)
  region size 1024K, 12 young (12288K), 5 survivors (5120K)
 Metaspace       used 35013K, capacity 35764K, committed 35920K, reserved 1081344K
  class space    used 4547K, capacity 4867K, committed 4992K, reserved 1048576K
}
Event: 4.546 GC heap after
{Heap after GC invocations=6 (full 0):
 garbage-first heap   total 262144K, used 21345K [0x0000000080000000, 0x0000000100000000)
  region size 1024K, 5 young (5120K), 5 survivors (5120K)
 Metaspace       used 35013K, capacity 35764K, committed 35920K, reserved 1081344K
  class space    used 4547K, capacity 4867K, committed 4992K, reserved 1048576K
}

Deoptimization events (20 events):
Event: 4.372 Thread 0x000002e37be83800 Uncommon trap: trap_request=0xffffff4d fr.pc=0x000002e36a77a8e4 relative=0x00000000000001a4
Event: 4.372 Thread 0x000002e37be83800 Uncommon trap: reason=unstable_if action=reinterpret pc=0x000002e36a77a8e4 method=java.util.regex.Pattern$BmpCharProperty.match(Ljava/util/regex/Matcher;ILjava/lang/CharSequence;)Z @ 39 c2
Event: 4.372 Thread 0x000002e37be83800 DEOPT PACKING pc=0x000002e36a77a8e4 sp=0x000000f9ec5f9580
Event: 4.372 Thread 0x000002e37be83800 DEOPT UNPACKING pc=0x000002e362b8a1af sp=0x000000f9ec5f9530 mode 2
Event: 4.629 Thread 0x000002e37be83800 Uncommon trap: trap_request=0xffffff4d fr.pc=0x000002e36a6f69b0 relative=0x0000000000000230
Event: 4.629 Thread 0x000002e37be83800 Uncommon trap: reason=unstable_if action=reinterpret pc=0x000002e36a6f69b0 method=java.util.HashMap.putVal(ILjava/lang/Object;Ljava/lang/Object;ZZ)Ljava/lang/Object; @ 162 c2
Event: 4.629 Thread 0x000002e37be83800 DEOPT PACKING pc=0x000002e36a6f69b0 sp=0x000000f9ec5fa730
Event: 4.629 Thread 0x000002e37be83800 DEOPT UNPACKING pc=0x000002e362b8a1af sp=0x000000f9ec5fa640 mode 2
Event: 4.728 Thread 0x000002e37be83800 Uncommon trap: trap_request=0xffffff4d fr.pc=0x000002e36a7918e0 relative=0x0000000000001bc0
Event: 4.728 Thread 0x000002e37be83800 Uncommon trap: reason=unstable_if action=reinterpret pc=0x000002e36a7918e0 method=java.util.concurrent.ConcurrentHashMap.computeIfAbsent(Ljava/lang/Object;Ljava/util/function/Function;)Ljava/lang/Object; @ 312 c2
Event: 4.728 Thread 0x000002e37be83800 DEOPT PACKING pc=0x000002e36a7918e0 sp=0x000000f9ec5f96e0
Event: 4.728 Thread 0x000002e37be83800 DEOPT UNPACKING pc=0x000002e362b8a1af sp=0x000000f9ec5f9668 mode 2
Event: 4.737 Thread 0x000002e37be83800 Uncommon trap: trap_request=0xffffff4d fr.pc=0x000002e36a78f634 relative=0x0000000000000114
Event: 4.737 Thread 0x000002e37be83800 Uncommon trap: reason=unstable_if action=reinterpret pc=0x000002e36a78f634 method=java.util.Arrays.hashCode([Ljava/lang/Object;)I @ 34 c2
Event: 4.737 Thread 0x000002e37be83800 DEOPT PACKING pc=0x000002e36a78f634 sp=0x000000f9ec5fabb0
Event: 4.737 Thread 0x000002e37be83800 DEOPT UNPACKING pc=0x000002e362b8a1af sp=0x000000f9ec5fab28 mode 2
Event: 4.755 Thread 0x000002e37be83800 Uncommon trap: trap_request=0xffffff5c fr.pc=0x000002e36a6abc7c relative=0x000000000000113c
Event: 4.755 Thread 0x000002e37be83800 Uncommon trap: reason=speculate_null_assert action=make_not_entrant pc=0x000002e36a6abc7c method=jdk.internal.loader.URLClassPath$JarLoader.getResource(Ljava/lang/String;ZLjava/util/Set;)Ljdk/internal/loader/Resource; @ 17 c2
Event: 4.755 Thread 0x000002e37be83800 DEOPT PACKING pc=0x000002e36a6abc7c sp=0x000000f9ec5f4780
Event: 4.755 Thread 0x000002e37be83800 DEOPT UNPACKING pc=0x000002e362b8a1af sp=0x000000f9ec5f4728 mode 2

Classes redefined (0 events):
No events

Internal exceptions (20 events):
Event: 3.298 Thread 0x000002e37be83800 Exception <a 'java/lang/NoSuchMethodError'{0x000000008dc87bb0}: 'java.lang.Object java.lang.invoke.DirectMethodHandle$Holder.invokeVirtual(java.lang.Object, java.lang.Object, java.lang.Object, java.lang.Object, java.lang.Object, java.lang.Object, java.lang.Object, java.lang.Object, java.lang.Object, java.lang.Object, java.lang.Object, java.lang.Object, java.lang.Object, java.lang.Object, java.lang.Object, java.lang.Object, java.lang.Object, java.lang.Object, java.lang.Object, java.lang.Object, java.lang.Ob
Event: 3.329 Thread 0x000002e37be83800 Exception <a 'java/lang/NoSuchMethodError'{0x000000008d73af60}: 'java.lang.Object java.lang.invoke.Invokers$Holder.linkToTargetMethod(java.lang.Object, java.lang.Object, java.lang.Object, java.lang.Object, java.lang.Object, java.lang.Object, java.lang.Object, java.lang.Object)'> (0x000000008d73af60) thrown at [src/hotspot/share/interpreter/linkResolver.cpp, line 773]
Event: 3.333 Thread 0x000002e37be83800 Exception <a 'java/lang/NoSuchMethodError'{0x000000008d76ea10}: 'java.lang.Object java.lang.invoke.DirectMethodHandle$Holder.invokeVirtual(java.lang.Object, java.lang.Object, java.lang.Object)'> (0x000000008d76ea10) thrown at [src/hotspot/share/interpreter/linkResolver.cpp, line 773]
Event: 3.349 Thread 0x000002e37be83800 Exception <a 'java/lang/NoSuchMethodError'{0x000000008d65dfc0}: 'void java.lang.invoke.DirectMethodHandle$Holder.invokeStatic(java.lang.Object, java.lang.Object, java.lang.Object, java.lang.Object)'> (0x000000008d65dfc0) thrown at [src/hotspot/share/interpreter/linkResolver.cpp, line 773]
Event: 3.352 Thread 0x000002e37be83800 Exception <a 'java/lang/IncompatibleClassChangeError'{0x000000008d68caa0}: Found class java.lang.Object, but interface was expected> (0x000000008d68caa0) thrown at [src/hotspot/share/interpreter/linkResolver.cpp, line 839]
Event: 3.407 Thread 0x000002e37be83800 Exception <a 'java/lang/NoSuchMethodError'{0x000000008d01cd20}: 'int java.lang.invoke.DirectMethodHandle$Holder.invokeStaticInit(java.lang.Object, java.lang.Object, java.lang.Object)'> (0x000000008d01cd20) thrown at [src/hotspot/share/interpreter/linkResolver.cpp, line 773]
Event: 3.489 Thread 0x000002e37be83800 Exception <a 'java/lang/NoSuchMethodError'{0x000000008fc45350}: 'void java.lang.invoke.DirectMethodHandle$Holder.invokeStaticInit(java.lang.Object, java.lang.Object)'> (0x000000008fc45350) thrown at [src/hotspot/share/interpreter/linkResolver.cpp, line 773]
Event: 3.754 Thread 0x000002e37be83800 Exception <a 'java/lang/NoSuchMethodError'{0x000000008eb0f138}: 'java.lang.Object java.lang.invoke.DirectMethodHandle$Holder.invokeSpecialIFC(java.lang.Object, java.lang.Object, java.lang.Object, java.lang.Object)'> (0x000000008eb0f138) thrown at [src/hotspot/share/interpreter/linkResolver.cpp, line 773]
Event: 3.764 Thread 0x000002e37be83800 Exception <a 'java/lang/NoSuchMethodError'{0x000000008ebc3860}: 'java.lang.Object java.lang.invoke.DirectMethodHandle$Holder.invokeSpecial(java.lang.Object, java.lang.Object, java.lang.Object, java.lang.Object, java.lang.Object, java.lang.Object, java.lang.Object, java.lang.Object, java.lang.Object, java.lang.Object, java.lang.Object, java.lang.Object)'> (0x000000008ebc3860) thrown at [src/hotspot/share/interpreter/linkResolver.cpp, line 773]
Event: 3.765 Thread 0x000002e37be83800 Exception <a 'java/lang/NoSuchMethodError'{0x000000008ebc86e0}: 'java.lang.Object java.lang.invoke.Invokers$Holder.linkToTargetMethod(java.lang.Object, java.lang.Object, java.lang.Object, java.lang.Object, java.lang.Object, java.lang.Object, java.lang.Object, java.lang.Object, java.lang.Object, java.lang.Object, java.lang.Object)'> (0x000000008ebc86e0) thrown at [src/hotspot/share/interpreter/linkResolver.cpp, line 773]
Event: 4.000 Thread 0x000002e37c4b6000 Exception <a 'java/lang/NoSuchMethodError'{0x000000008c48a9b8}: 'void java.lang.invoke.DirectMethodHandle$Holder.invokeSpecial(java.lang.Object, java.lang.Object)'> (0x000000008c48a9b8) thrown at [src/hotspot/share/interpreter/linkResolver.cpp, line 773]
Event: 4.020 Thread 0x000002e37be83800 Exception <a 'java/lang/NoSuchMethodError'{0x000000008c264698}: 'int java.lang.invoke.DirectMethodHandle$Holder.invokeVirtual(java.lang.Object, java.lang.Object, java.lang.Object)'> (0x000000008c264698) thrown at [src/hotspot/share/interpreter/linkResolver.cpp, line 773]
Event: 4.190 Thread 0x000002e37be83800 Exception <a 'java/lang/NoSuchMethodError'{0x000000008b1ea768}: 'int java.lang.invoke.DirectMethodHandle$Holder.invokeVirtual(java.lang.Object, java.lang.Object)'> (0x000000008b1ea768) thrown at [src/hotspot/share/interpreter/linkResolver.cpp, line 773]
Event: 4.337 Thread 0x000002e37be83800 Implicit null exception at 0x000002e36a6fc275 to 0x000002e36a6fc43c
Event: 4.337 Thread 0x000002e37be83800 Implicit null exception at 0x000002e36a6ca8af to 0x000002e36a6ca91d
Event: 4.373 Thread 0x000002e37be83800 Exception <a 'java/lang/NoSuchMethodError'{0x0000000089e2fb88}: 'java.lang.Object java.lang.invoke.DirectMethodHandle$Holder.invokeSpecial(java.lang.Object, java.lang.Object, java.lang.Object, java.lang.Object, java.lang.Object, java.lang.Object, java.lang.Object, java.lang.Object, java.lang.Object, java.lang.Object, java.lang.Object, java.lang.Object, java.lang.Object)'> (0x0000000089e2fb88) thrown at [src/hotspot/share/interpreter/linkResolver.cpp, line 773]
Event: 4.377 Thread 0x000002e37be83800 Exception <a 'java/lang/NoSuchMethodError'{0x0000000089ed32d8}: 'java.lang.Object java.lang.invoke.DirectMethodHandle$Holder.invokeSpecial(java.lang.Object, java.lang.Object, java.lang.Object, java.lang.Object, java.lang.Object, java.lang.Object, java.lang.Object, java.lang.Object, java.lang.Object, java.lang.Object, java.lang.Object, java.lang.Object, java.lang.Object, java.lang.Object)'> (0x0000000089ed32d8) thrown at [src/hotspot/share/interpreter/linkResolver.cpp, line 773]
Event: 4.378 Thread 0x000002e37be83800 Exception <a 'java/lang/NoSuchMethodError'{0x0000000089ee4bf8}: 'java.lang.Object java.lang.invoke.Invokers$Holder.linkToTargetMethod(java.lang.Object, java.lang.Object, java.lang.Object, java.lang.Object, java.lang.Object, java.lang.Object, java.lang.Object, java.lang.Object, java.lang.Object, java.lang.Object, java.lang.Object, java.lang.Object)'> (0x0000000089ee4bf8) thrown at [src/hotspot/share/interpreter/linkResolver.cpp, line 773]
Event: 4.384 Thread 0x000002e37be83800 Exception <a 'java/lang/NoSuchMethodError'{0x0000000089d6bd50}: 'java.lang.Object java.lang.invoke.DirectMethodHandle$Holder.invokeStaticInit(java.lang.Object, java.lang.Object, java.lang.Object, java.lang.Object)'> (0x0000000089d6bd50) thrown at [src/hotspot/share/interpreter/linkResolver.cpp, line 773]
Event: 4.737 Thread 0x000002e37be83800 Implicit null exception at 0x000002e36a78f56f to 0x000002e36a78f618

Events (20 events):
Event: 4.908 loading class org/codehaus/groovy/ast/NodeMetaDataHandler
Event: 4.908 loading class org/codehaus/groovy/ast/NodeMetaDataHandler done
Event: 4.909 loading class org/codehaus/groovy/reflection/CachedClass
Event: 4.909 loading class org/codehaus/groovy/reflection/CachedClass done
Event: 4.910 loading class org/codehaus/groovy/runtime/metaclass/MetaMethodIndex$Header
Event: 4.910 loading class org/codehaus/groovy/runtime/metaclass/MetaMethodIndex$Header done
Event: 4.910 loading class org/codehaus/groovy/reflection/CachedConstructor
Event: 4.910 loading class org/codehaus/groovy/reflection/CachedConstructor done
Event: 4.910 loading class org/codehaus/groovy/util/FastArray
Event: 4.910 loading class org/codehaus/groovy/util/FastArray done
Event: 4.911 loading class org/codehaus/groovy/runtime/metaclass/MetaMethodIndex$Entry
Event: 4.911 loading class org/codehaus/groovy/runtime/metaclass/MetaMethodIndex$Entry done
Event: 4.911 loading class groovyjarjarasm/asm/ClassVisitor
Event: 4.911 loading class groovyjarjarasm/asm/ClassVisitor done
Event: 4.911 loading class java/beans/PropertyDescriptor
Event: 4.912 loading class java/beans/PropertyDescriptor done
Event: 4.913 loading class org/codehaus/groovy/reflection/ClassInfo
Event: 4.913 loading class org/codehaus/groovy/reflection/ClassInfo done
Event: 4.913 loading class org/codehaus/groovy/util/Finalizable
Event: 4.913 loading class org/codehaus/groovy/util/Finalizable done


Dynamic libraries:
0x00007ff733d10000 - 0x00007ff733d1a000 	C:\Program Files\Android\Android Studio\jbr\bin\java.exe
0x00007ffd43ab0000 - 0x00007ffd43ca8000 	C:\Windows\SYSTEM32\ntdll.dll
0x00007ffd424c0000 - 0x00007ffd4257f000 	C:\Windows\System32\KERNEL32.DLL
0x00007ffd41250000 - 0x00007ffd41546000 	C:\Windows\System32\KERNELBASE.dll
0x00007ffd41770000 - 0x00007ffd41870000 	C:\Windows\System32\ucrtbase.dll
0x00007ffd0da00000 - 0x00007ffd0da1b000 	C:\Program Files\Android\Android Studio\jbr\bin\VCRUNTIME140.dll
0x00007ffd0e2b0000 - 0x00007ffd0e2c7000 	C:\Program Files\Android\Android Studio\jbr\bin\jli.dll
0x00007ffd41cd0000 - 0x00007ffd41e6d000 	C:\Windows\System32\USER32.dll
0x00007ffd272e0000 - 0x00007ffd2757a000 	C:\Windows\WinSxS\amd64_microsoft.windows.common-controls_6595b64144ccf1df_6.0.19041.1110_none_60b5254171f9507e\COMCTL32.dll
0x00007ffd41190000 - 0x00007ffd411b2000 	C:\Windows\System32\win32u.dll
0x00007ffd41b20000 - 0x00007ffd41b4c000 	C:\Windows\System32\GDI32.dll
0x00007ffd41b50000 - 0x00007ffd41bee000 	C:\Windows\System32\msvcrt.dll
0x00007ffd419f0000 - 0x00007ffd41b05000 	C:\Windows\System32\gdi32full.dll
0x00007ffd41950000 - 0x00007ffd419ed000 	C:\Windows\System32\msvcp_win.dll
0x00007ffd43a40000 - 0x00007ffd43a70000 	C:\Windows\System32\IMM32.DLL
0x00007ffd0dbc0000 - 0x00007ffd0dbcc000 	C:\Program Files\Android\Android Studio\jbr\bin\vcruntime140_1.dll
0x00007ffcff470000 - 0x00007ffcff4fd000 	C:\Program Files\Android\Android Studio\jbr\bin\msvcp140.dll
0x00007ffcdc6b0000 - 0x00007ffcdd26c000 	C:\Program Files\Android\Android Studio\jbr\bin\server\jvm.dll
0x00007ffd42410000 - 0x00007ffd424bf000 	C:\Windows\System32\ADVAPI32.dll
0x00007ffd427f0000 - 0x00007ffd4288c000 	C:\Windows\System32\sechost.dll
0x00007ffd42c10000 - 0x00007ffd42d36000 	C:\Windows\System32\RPCRT4.dll
0x00007ffd41b10000 - 0x00007ffd41b18000 	C:\Windows\System32\PSAPI.DLL
0x00007ffd150f0000 - 0x00007ffd150f9000 	C:\Windows\SYSTEM32\WSOCK32.dll
0x00007ffd1d6f0000 - 0x00007ffd1d717000 	C:\Windows\SYSTEM32\WINMM.dll
0x00007ffd439d0000 - 0x00007ffd43a3b000 	C:\Windows\System32\WS2_32.dll
0x00007ffd37520000 - 0x00007ffd3752a000 	C:\Windows\SYSTEM32\VERSION.dll
0x00007ffd3f040000 - 0x00007ffd3f052000 	C:\Windows\SYSTEM32\kernel.appcore.dll
0x00007ffd14ec0000 - 0x00007ffd14ed0000 	C:\Program Files\Android\Android Studio\jbr\bin\verify.dll
0x00007ffd38e10000 - 0x00007ffd38ff4000 	C:\Windows\SYSTEM32\DBGHELP.DLL
0x00007ffd28750000 - 0x00007ffd28784000 	C:\Windows\SYSTEM32\dbgcore.DLL
0x00007ffd411c0000 - 0x00007ffd41242000 	C:\Windows\System32\bcryptPrimitives.dll
0x00007ffcdc680000 - 0x00007ffcdc6a8000 	C:\Program Files\Android\Android Studio\jbr\bin\java.dll
0x00007ffd14a90000 - 0x00007ffd14a9a000 	C:\Program Files\Android\Android Studio\jbr\bin\jimage.dll
0x00007ffcdc660000 - 0x00007ffcdc678000 	C:\Program Files\Android\Android Studio\jbr\bin\zip.dll
0x00007ffd42ec0000 - 0x00007ffd43604000 	C:\Windows\System32\SHELL32.dll
0x00007ffd3f240000 - 0x00007ffd3f9d4000 	C:\Windows\SYSTEM32\windows.storage.dll
0x00007ffd43610000 - 0x00007ffd43964000 	C:\Windows\System32\combase.dll
0x00007ffd40bd0000 - 0x00007ffd40bfe000 	C:\Windows\SYSTEM32\Wldp.dll
0x00007ffd42730000 - 0x00007ffd427dd000 	C:\Windows\System32\SHCORE.dll
0x00007ffd42bb0000 - 0x00007ffd42c05000 	C:\Windows\System32\shlwapi.dll
0x00007ffd410c0000 - 0x00007ffd410e5000 	C:\Windows\SYSTEM32\profapi.dll
0x00007ffcdc640000 - 0x00007ffcdc659000 	C:\Program Files\Android\Android Studio\jbr\bin\net.dll
0x00007ffd2ef30000 - 0x00007ffd2f03a000 	C:\Windows\SYSTEM32\WINHTTP.dll
0x00007ffd408c0000 - 0x00007ffd4092a000 	C:\Windows\system32\mswsock.dll
0x00007ffcdc620000 - 0x00007ffcdc633000 	C:\Program Files\Android\Android Studio\jbr\bin\nio.dll
0x00007ffd34fc0000 - 0x00007ffd34fe7000 	C:\Users\MAQS\.gradle\native\e1d6ef7f7dcc3fd88c89a11ec53ec762bb8ba0a96d01ffa2cd45eb1d1d8dd5c5\windows-amd64\native-platform.dll
0x00007ffd0ccc0000 - 0x00007ffd0ce04000 	C:\Users\MAQS\.gradle\native\0d407fdbe67a94daf76414ababcb853783967236a71b16ec16e742cd7a986fd3\windows-amd64\native-platform-file-events.dll
0x00007ffd145a0000 - 0x00007ffd145aa000 	C:\Program Files\Android\Android Studio\jbr\bin\management.dll
0x00007ffce8e10000 - 0x00007ffce8e1b000 	C:\Program Files\Android\Android Studio\jbr\bin\management_ext.dll
0x00007ffd40ab0000 - 0x00007ffd40ac8000 	C:\Windows\SYSTEM32\CRYPTSP.dll
0x00007ffd401e0000 - 0x00007ffd40214000 	C:\Windows\system32\rsaenh.dll
0x00007ffd41920000 - 0x00007ffd41947000 	C:\Windows\System32\bcrypt.dll
0x00007ffd41040000 - 0x00007ffd4106e000 	C:\Windows\SYSTEM32\USERENV.dll
0x00007ffd40ad0000 - 0x00007ffd40adc000 	C:\Windows\SYSTEM32\CRYPTBASE.dll
0x00007ffd405b0000 - 0x00007ffd405ec000 	C:\Windows\SYSTEM32\IPHLPAPI.DLL
0x00007ffd42eb0000 - 0x00007ffd42eb8000 	C:\Windows\System32\NSI.dll
0x00007ffd33080000 - 0x00007ffd33097000 	C:\Windows\SYSTEM32\dhcpcsvc6.DLL
0x00007ffd34020000 - 0x00007ffd3403d000 	C:\Windows\SYSTEM32\dhcpcsvc.DLL
0x00007ffd405f0000 - 0x00007ffd406ba000 	C:\Windows\SYSTEM32\DNSAPI.dll

dbghelp: loaded successfully - version: 4.0.5 - missing functions: none
symbol engine: initialized successfully - sym options: 0x614 - pdb path: .;C:\Program Files\Android\Android Studio\jbr\bin;C:\Windows\SYSTEM32;C:\Windows\WinSxS\amd64_microsoft.windows.common-controls_6595b64144ccf1df_6.0.19041.1110_none_60b5254171f9507e;C:\Program Files\Android\Android Studio\jbr\bin\server;C:\Users\MAQS\.gradle\native\e1d6ef7f7dcc3fd88c89a11ec53ec762bb8ba0a96d01ffa2cd45eb1d1d8dd5c5\windows-amd64;C:\Users\MAQS\.gradle\native\0d407fdbe67a94daf76414ababcb853783967236a71b16ec16e742cd7a986fd3\windows-amd64

VM Arguments:
jvm_args: --add-opens=java.base/java.util=ALL-UNNAMED --add-opens=java.base/java.lang=ALL-UNNAMED --add-opens=java.base/java.lang.invoke=ALL-UNNAMED --add-opens=java.base/java.util=ALL-UNNAMED --add-opens=java.prefs/java.util.prefs=ALL-UNNAMED --add-opens=java.prefs/java.util.prefs=ALL-UNNAMED --add-opens=java.base/java.nio.charset=ALL-UNNAMED --add-opens=java.base/java.net=ALL-UNNAMED --add-opens=java.base/java.util.concurrent.atomic=ALL-UNNAMED -Xmx2048m -Dfile.encoding=UTF-8 -Duser.country=US -Duser.language=en -Duser.variant 
java_command: org.gradle.launcher.daemon.bootstrap.GradleDaemon 7.5
java_class_path (initial): C:\Users\MAQS\.gradle\wrapper\dists\gradle-7.5-bin\f1w0cc9nuo0eivz97x2xlu9sv\gradle-7.5\lib\gradle-launcher-7.5.jar
Launcher Type: SUN_STANDARD

[Global flags]
     intx CICompilerCount                          = 4                                         {product} {ergonomic}
     uint ConcGCThreads                            = 2                                         {product} {ergonomic}
     uint G1ConcRefinementThreads                  = 8                                         {product} {ergonomic}
   size_t G1HeapRegionSize                         = 1048576                                   {product} {ergonomic}
    uintx GCDrainStackTargetSize                   = 64                                        {product} {ergonomic}
   size_t InitialHeapSize                          = 268435456                                 {product} {ergonomic}
   size_t MarkStackSize                            = 4194304                                   {product} {ergonomic}
   size_t MaxHeapSize                              = 2147483648                                {product} {command line}
   size_t MaxNewSize                               = 1287651328                                {product} {ergonomic}
   size_t MinHeapDeltaBytes                        = 1048576                                   {product} {ergonomic}
    uintx NonNMethodCodeHeapSize                   = 5836300                                {pd product} {ergonomic}
    uintx NonProfiledCodeHeapSize                  = 122910970                              {pd product} {ergonomic}
    uintx ProfiledCodeHeapSize                     = 122910970                              {pd product} {ergonomic}
    uintx ReservedCodeCacheSize                    = 251658240                              {pd product} {ergonomic}
     bool SegmentedCodeCache                       = true                                      {product} {ergonomic}
     bool UseCompressedClassPointers               = true                                 {lp64_product} {ergonomic}
     bool UseCompressedOops                        = true                                 {lp64_product} {ergonomic}
     bool UseG1GC                                  = true                                      {product} {ergonomic}
     bool UseLargePagesIndividualAllocation        = false                                  {pd product} {ergonomic}

Logging:
Log output configuration:
 #0: stdout all=warning uptime,level,tags
 #1: stderr all=off uptime,level,tags

Environment Variables:
PATH=E:\jdk-20.0.1;C:\Windows;C:\Windows\System32\Wbem;C:\Windows\System32\WindowsPowerShell\v1.0\;C:\Windows\System32\OpenSSH\;C:\Program Files\Git\cmd;C:\Users\MAQS\AppData\Local\Microsoft\WindowsApps;
USERNAME=MAQS
OS=Windows_NT
PROCESSOR_IDENTIFIER=Intel64 Family 6 Model 158 Stepping 9, GenuineIntel



---------------  S Y S T E M  ---------------

OS: Windows 10 , 64 bit Build 19041 (10.0.19041.3155)
OS uptime: 8 days 0:16 hours

CPU:total 8 (initial active 8) (4 cores per cpu, 2 threads per core) family 6 model 158 stepping 9 microcode 0xb4, cmov, cx8, fxsr, mmx, sse, sse2, sse3, ssse3, sse4.1, sse4.2, popcnt, avx, avx2, aes, clmul, erms, rtm, 3dnowpref, lzcnt, ht, tsc, tscinvbit, bmi1, bmi2, adx, fma

Memory: 4k page, system-wide physical 16263M (2973M free)
TotalPageFile size 18311M (AvailPageFile size 3M)
current process WorkingSet (physical memory assigned to process): 291M, peak: 291M
current process commit charge ("private bytes"): 457M, peak: 457M

vm_info: OpenJDK 64-Bit Server VM (11.0.15+0-b2043.56-9505619) for windows-amd64 JRE (11.0.15+0-b2043.56-9505619), built on Jan 19 2023 02:48:00 by "builduser" with unknown MS VC++:1929

END.
